[0.013s] Invoking command in '/home/tkdals/robot_ws/build/dynamixel_sdk': CMAKE_PREFIX_PATH=${CMAKE_PREFIX_PATH}:/home/tkdals/robot_ws/install/tutorial_interfaces:/opt/ros/humble /usr/bin/cmake /home/tkdals/robot_ws/src/dynamixel_sdk -DCMAKE_INSTALL_PREFIX=/home/tkdals/robot_ws/install/dynamixel_sdk
[0.073s] -- The C compiler identification is GNU 11.4.0
[0.149s] -- The CXX compiler identification is GNU 11.4.0
[0.154s] -- Detecting C compiler ABI info
[0.215s] -- Detecting C compiler ABI info - done
[0.220s] -- Check for working C compiler: /usr/bin/cc - skipped
[0.220s] -- Detecting C compile features
[0.221s] -- Detecting C compile features - done
[0.223s] -- Detecting CXX compiler ABI info
[0.284s] -- Detecting CXX compiler ABI info - done
[0.290s] -- Check for working CXX compiler: /usr/bin/c++ - skipped
[0.290s] -- Detecting CXX compile features
[0.291s] -- Detecting CXX compile features - done
[0.292s] -- Found ament_cmake: 1.3.10 (/opt/ros/humble/share/ament_cmake/cmake)
[0.400s] -- Found Python3: /usr/bin/python3 (found version "3.10.12") found components: Interpreter 
[0.505s] -- Configuring done
[0.508s] -- Generating done
[0.509s] -- Build files have been written to: /home/tkdals/robot_ws/build/dynamixel_sdk
[0.512s] Invoked command in '/home/tkdals/robot_ws/build/dynamixel_sdk' returned '0': CMAKE_PREFIX_PATH=${CMAKE_PREFIX_PATH}:/home/tkdals/robot_ws/install/tutorial_interfaces:/opt/ros/humble /usr/bin/cmake /home/tkdals/robot_ws/src/dynamixel_sdk -DCMAKE_INSTALL_PREFIX=/home/tkdals/robot_ws/install/dynamixel_sdk
[0.513s] Invoking command in '/home/tkdals/robot_ws/build/dynamixel_sdk': CMAKE_PREFIX_PATH=${CMAKE_PREFIX_PATH}:/home/tkdals/robot_ws/install/tutorial_interfaces:/opt/ros/humble /usr/bin/cmake --build /home/tkdals/robot_ws/build/dynamixel_sdk -- -j20 -l20
[0.548s] [35m[1mConsolidate compiler generated dependencies of target dynamixel_sdk[0m
[0.559s] [100%] Built target dynamixel_sdk
[0.570s] Invoked command in '/home/tkdals/robot_ws/build/dynamixel_sdk' returned '0': CMAKE_PREFIX_PATH=${CMAKE_PREFIX_PATH}:/home/tkdals/robot_ws/install/tutorial_interfaces:/opt/ros/humble /usr/bin/cmake --build /home/tkdals/robot_ws/build/dynamixel_sdk -- -j20 -l20
[0.617s] Invoking command in '/home/tkdals/robot_ws/build/dynamixel_sdk': CMAKE_PREFIX_PATH=${CMAKE_PREFIX_PATH}:/home/tkdals/robot_ws/install/tutorial_interfaces:/opt/ros/humble /usr/bin/cmake --install /home/tkdals/robot_ws/build/dynamixel_sdk
[0.625s] -- Install configuration: ""
[0.625s] -- Installing: /home/tkdals/robot_ws/install/dynamixel_sdk/include/
[0.625s] -- Installing: /home/tkdals/robot_ws/install/dynamixel_sdk/include//dynamixel_sdk
[0.625s] -- Installing: /home/tkdals/robot_ws/install/dynamixel_sdk/include//dynamixel_sdk/group_sync_read.h
[0.625s] -- Installing: /home/tkdals/robot_ws/install/dynamixel_sdk/include//dynamixel_sdk/port_handler_linux.h
[0.625s] -- Installing: /home/tkdals/robot_ws/install/dynamixel_sdk/include//dynamixel_sdk/protocol1_packet_handler.h
[0.625s] -- Installing: /home/tkdals/robot_ws/install/dynamixel_sdk/include//dynamixel_sdk/packet_handler.h
[0.625s] -- Installing: /home/tkdals/robot_ws/install/dynamixel_sdk/include//dynamixel_sdk/group_bulk_read.h
[0.625s] -- Installing: /home/tkdals/robot_ws/install/dynamixel_sdk/include//dynamixel_sdk/port_handler_mac.h
[0.625s] -- Installing: /home/tkdals/robot_ws/install/dynamixel_sdk/include//dynamixel_sdk/group_sync_write.h
[0.625s] -- Installing: /home/tkdals/robot_ws/install/dynamixel_sdk/include//dynamixel_sdk/protocol2_packet_handler.h
[0.625s] -- Installing: /home/tkdals/robot_ws/install/dynamixel_sdk/include//dynamixel_sdk/port_handler_arduino.h
[0.625s] -- Installing: /home/tkdals/robot_ws/install/dynamixel_sdk/include//dynamixel_sdk/port_handler.h
[0.625s] -- Installing: /home/tkdals/robot_ws/install/dynamixel_sdk/include//dynamixel_sdk/port_handler_windows.h
[0.625s] -- Installing: /home/tkdals/robot_ws/install/dynamixel_sdk/include//dynamixel_sdk/group_bulk_write.h
[0.625s] -- Installing: /home/tkdals/robot_ws/install/dynamixel_sdk/include//dynamixel_sdk/dynamixel_sdk.h
[0.625s] -- Installing: /home/tkdals/robot_ws/install/dynamixel_sdk/lib/libdynamixel_sdk.so
[0.626s] -- Installing: /home/tkdals/robot_ws/install/dynamixel_sdk/share/dynamixel_sdk/environment/library_path.sh
[0.626s] -- Installing: /home/tkdals/robot_ws/install/dynamixel_sdk/share/dynamixel_sdk/environment/library_path.dsv
[0.626s] -- Installing: /home/tkdals/robot_ws/install/dynamixel_sdk/share/ament_index/resource_index/package_run_dependencies/dynamixel_sdk
[0.626s] -- Installing: /home/tkdals/robot_ws/install/dynamixel_sdk/share/ament_index/resource_index/parent_prefix_path/dynamixel_sdk
[0.626s] -- Installing: /home/tkdals/robot_ws/install/dynamixel_sdk/share/dynamixel_sdk/environment/ament_prefix_path.sh
[0.626s] -- Installing: /home/tkdals/robot_ws/install/dynamixel_sdk/share/dynamixel_sdk/environment/ament_prefix_path.dsv
[0.626s] -- Installing: /home/tkdals/robot_ws/install/dynamixel_sdk/share/dynamixel_sdk/environment/path.sh
[0.626s] -- Installing: /home/tkdals/robot_ws/install/dynamixel_sdk/share/dynamixel_sdk/environment/path.dsv
[0.626s] -- Installing: /home/tkdals/robot_ws/install/dynamixel_sdk/share/dynamixel_sdk/local_setup.bash
[0.626s] -- Installing: /home/tkdals/robot_ws/install/dynamixel_sdk/share/dynamixel_sdk/local_setup.sh
[0.626s] -- Installing: /home/tkdals/robot_ws/install/dynamixel_sdk/share/dynamixel_sdk/local_setup.zsh
[0.626s] -- Installing: /home/tkdals/robot_ws/install/dynamixel_sdk/share/dynamixel_sdk/local_setup.dsv
[0.626s] -- Installing: /home/tkdals/robot_ws/install/dynamixel_sdk/share/dynamixel_sdk/package.dsv
[0.626s] -- Installing: /home/tkdals/robot_ws/install/dynamixel_sdk/share/ament_index/resource_index/packages/dynamixel_sdk
[0.627s] -- Installing: /home/tkdals/robot_ws/install/dynamixel_sdk/share/dynamixel_sdk/cmake/ament_cmake_export_include_directories-extras.cmake
[0.627s] -- Installing: /home/tkdals/robot_ws/install/dynamixel_sdk/share/dynamixel_sdk/cmake/ament_cmake_export_libraries-extras.cmake
[0.627s] -- Installing: /home/tkdals/robot_ws/install/dynamixel_sdk/share/dynamixel_sdk/cmake/dynamixel_sdkConfig.cmake
[0.627s] -- Installing: /home/tkdals/robot_ws/install/dynamixel_sdk/share/dynamixel_sdk/cmake/dynamixel_sdkConfig-version.cmake
[0.627s] -- Installing: /home/tkdals/robot_ws/install/dynamixel_sdk/share/dynamixel_sdk/package.xml
[0.628s] Invoked command in '/home/tkdals/robot_ws/build/dynamixel_sdk' returned '0': CMAKE_PREFIX_PATH=${CMAKE_PREFIX_PATH}:/home/tkdals/robot_ws/install/tutorial_interfaces:/opt/ros/humble /usr/bin/cmake --install /home/tkdals/robot_ws/build/dynamixel_sdk
