[0.010s] Invoking command in '/home/tkdals/robot_ws/build/homework1_pkg': CMAKE_PREFIX_PATH=${CMAKE_PREFIX_PATH}:/home/tkdals/robot_ws/install/tutorial_interfaces:/opt/ros/humble /usr/bin/cmake /home/tkdals/robot_ws/src/homework1_pkg -DCMAKE_INSTALL_PREFIX=/home/tkdals/robot_ws/install/homework1_pkg
[0.057s] -- The C compiler identification is GNU 11.4.0
[0.100s] -- The CXX compiler identification is GNU 11.4.0
[0.106s] -- Detecting C compiler ABI info
[0.166s] -- Detecting C compiler ABI info - done
[0.170s] -- Check for working C compiler: /usr/bin/cc - skipped
[0.171s] -- Detecting C compile features
[0.171s] -- Detecting C compile features - done
[0.173s] -- Detecting CXX compiler ABI info
[0.244s] -- Detecting CXX compiler ABI info - done
[0.252s] -- Check for working CXX compiler: /usr/bin/c++ - skipped
[0.252s] -- Detecting CXX compile features
[0.252s] -- Detecting CXX compile features - done
[0.253s] -- Found ament_cmake: 1.3.10 (/opt/ros/humble/share/ament_cmake/cmake)
[0.358s] -- Found Python3: /usr/bin/python3 (found version "3.10.12") found components: Interpreter 
[0.417s] -- Found rclcpp: 16.0.10 (/opt/ros/humble/share/rclcpp/cmake)
[0.445s] -- Found rosidl_generator_c: 3.1.5 (/opt/ros/humble/share/rosidl_generator_c/cmake)
[0.448s] -- Found rosidl_adapter: 3.1.5 (/opt/ros/humble/share/rosidl_adapter/cmake)
[0.453s] -- Found rosidl_generator_cpp: 3.1.5 (/opt/ros/humble/share/rosidl_generator_cpp/cmake)
[0.460s] -- Using all available rosidl_typesupport_c: rosidl_typesupport_fastrtps_c;rosidl_typesupport_introspection_c
[0.470s] -- Using all available rosidl_typesupport_cpp: rosidl_typesupport_fastrtps_cpp;rosidl_typesupport_introspection_cpp
[0.496s] -- Found rmw_implementation_cmake: 6.1.2 (/opt/ros/humble/share/rmw_implementation_cmake/cmake)
[0.498s] -- Found rmw_fastrtps_cpp: 6.2.7 (/opt/ros/humble/share/rmw_fastrtps_cpp/cmake)
[0.563s] -- Found OpenSSL: /usr/lib/x86_64-linux-gnu/libcrypto.so (found version "3.0.2")  
[0.584s] -- Found FastRTPS: /opt/ros/humble/include  
[0.613s] -- Using RMW implementation 'rmw_fastrtps_cpp' as default
[0.618s] -- Looking for pthread.h
[0.675s] -- Looking for pthread.h - found
[0.676s] -- Performing Test CMAKE_HAVE_LIBC_PTHREAD
[0.746s] -- Performing Test CMAKE_HAVE_LIBC_PTHREAD - Success
[0.748s] -- Found Threads: TRUE  
[0.840s] -- Configuring done
[0.850s] -- Generating done
[0.851s] -- Build files have been written to: /home/tkdals/robot_ws/build/homework1_pkg
