[0.013s] Invoking command in '/home/tkdals/robot_ws/build/homework3_pkg': CMAKE_PREFIX_PATH=${CMAKE_PREFIX_PATH}:/opt/ros/humble /usr/bin/cmake /home/tkdals/robot_ws/src/homework3_pkg -DCMAKE_INSTALL_PREFIX=/home/tkdals/robot_ws/install/homework3_pkg
[0.022s] -- Found ament_cmake: 1.3.10 (/opt/ros/humble/share/ament_cmake/cmake)
[0.116s] -- Found rclcpp: 16.0.10 (/opt/ros/humble/share/rclcpp/cmake)
[0.134s] -- Found rosidl_generator_c: 3.1.5 (/opt/ros/humble/share/rosidl_generator_c/cmake)
[0.135s] -- Found rosidl_adapter: 3.1.5 (/opt/ros/humble/share/rosidl_adapter/cmake)
[0.139s] -- Found rosidl_generator_cpp: 3.1.5 (/opt/ros/humble/share/rosidl_generator_cpp/cmake)
[0.145s] -- Using all available rosidl_typesupport_c: rosidl_typesupport_fastrtps_c;rosidl_typesupport_introspection_c
[0.153s] -- Using all available rosidl_typesupport_cpp: rosidl_typesupport_fastrtps_cpp;rosidl_typesupport_introspection_cpp
[0.174s] -- Found rmw_implementation_cmake: 6.1.2 (/opt/ros/humble/share/rmw_implementation_cmake/cmake)
[0.175s] -- Found rmw_fastrtps_cpp: 6.2.7 (/opt/ros/humble/share/rmw_fastrtps_cpp/cmake)
[0.247s] -- Using RMW implementation 'rmw_fastrtps_cpp' as default
[0.282s] -- Configuring incomplete, errors occurred!
[0.282s] See also "/home/tkdals/robot_ws/build/homework3_pkg/CMakeFiles/CMakeOutput.log".
[0.283s] [31mCMake Error at CMakeLists.txt:11 (find_package):
[0.283s]   By not providing "Finddynamixel_sdk.cmake" in CMAKE_MODULE_PATH this
[0.283s]   project has asked CMake to find a package configuration file provided by
[0.283s]   "dynamixel_sdk", but CMake did not find one.
[0.283s] 
[0.283s]   Could not find a package configuration file provided by "dynamixel_sdk"
[0.283s]   with any of the following names:
[0.283s] 
[0.283s]     dynamixel_sdkConfig.cmake
[0.283s]     dynamixel_sdk-config.cmake
[0.284s] 
[0.284s]   Add the installation prefix of "dynamixel_sdk" to CMAKE_PREFIX_PATH or set
[0.284s]   "dynamixel_sdk_DIR" to a directory containing one of the above files.  If
[0.284s]   "dynamixel_sdk" provides a separate development package or SDK, be sure it
[0.284s]   has been installed.
[0.284s] 
[0.284s] [0m
