[0.009s] Invoking command in '/home/tkdals/robot_ws/build/ex_client_server_pkg': CMAKE_PREFIX_PATH=${CMAKE_PREFIX_PATH}:/opt/ros/humble /usr/bin/cmake --build /home/tkdals/robot_ws/build/ex_client_server_pkg -- -j20 -l20
[0.068s] [ 50%] Built target client
[0.073s] [100%] Built target server
[0.092s] Invoked command in '/home/tkdals/robot_ws/build/ex_client_server_pkg' returned '0': CMAKE_PREFIX_PATH=${CMAKE_PREFIX_PATH}:/opt/ros/humble /usr/bin/cmake --build /home/tkdals/robot_ws/build/ex_client_server_pkg -- -j20 -l20
[0.128s] Invoking command in '/home/tkdals/robot_ws/build/ex_client_server_pkg': CMAKE_PREFIX_PATH=${CMAKE_PREFIX_PATH}:/opt/ros/humble /usr/bin/cmake --install /home/tkdals/robot_ws/build/ex_client_server_pkg
[0.135s] -- Install configuration: ""
[0.135s] -- Up-to-date: /home/tkdals/robot_ws/install/ex_client_server_pkg/lib/ex_client_server_pkg/server
[0.136s] -- Up-to-date: /home/tkdals/robot_ws/install/ex_client_server_pkg/lib/ex_client_server_pkg/client
[0.136s] -- Up-to-date: /home/tkdals/robot_ws/install/ex_client_server_pkg/share/ament_index/resource_index/package_run_dependencies/ex_client_server_pkg
[0.136s] -- Up-to-date: /home/tkdals/robot_ws/install/ex_client_server_pkg/share/ament_index/resource_index/parent_prefix_path/ex_client_server_pkg
[0.136s] -- Up-to-date: /home/tkdals/robot_ws/install/ex_client_server_pkg/share/ex_client_server_pkg/environment/ament_prefix_path.sh
[0.136s] -- Up-to-date: /home/tkdals/robot_ws/install/ex_client_server_pkg/share/ex_client_server_pkg/environment/ament_prefix_path.dsv
[0.136s] -- Up-to-date: /home/tkdals/robot_ws/install/ex_client_server_pkg/share/ex_client_server_pkg/environment/path.sh
[0.136s] -- Up-to-date: /home/tkdals/robot_ws/install/ex_client_server_pkg/share/ex_client_server_pkg/environment/path.dsv
[0.136s] -- Up-to-date: /home/tkdals/robot_ws/install/ex_client_server_pkg/share/ex_client_server_pkg/local_setup.bash
[0.136s] -- Up-to-date: /home/tkdals/robot_ws/install/ex_client_server_pkg/share/ex_client_server_pkg/local_setup.sh
[0.136s] -- Up-to-date: /home/tkdals/robot_ws/install/ex_client_server_pkg/share/ex_client_server_pkg/local_setup.zsh
[0.136s] -- Up-to-date: /home/tkdals/robot_ws/install/ex_client_server_pkg/share/ex_client_server_pkg/local_setup.dsv
[0.136s] -- Installing: /home/tkdals/robot_ws/install/ex_client_server_pkg/share/ex_client_server_pkg/package.dsv
[0.136s] -- Up-to-date: /home/tkdals/robot_ws/install/ex_client_server_pkg/share/ament_index/resource_index/packages/ex_client_server_pkg
[0.137s] -- Up-to-date: /home/tkdals/robot_ws/install/ex_client_server_pkg/share/ex_client_server_pkg/cmake/ex_client_server_pkgConfig.cmake
[0.137s] -- Up-to-date: /home/tkdals/robot_ws/install/ex_client_server_pkg/share/ex_client_server_pkg/cmake/ex_client_server_pkgConfig-version.cmake
[0.137s] -- Up-to-date: /home/tkdals/robot_ws/install/ex_client_server_pkg/share/ex_client_server_pkg/package.xml
[0.138s] Invoked command in '/home/tkdals/robot_ws/build/ex_client_server_pkg' returned '0': CMAKE_PREFIX_PATH=${CMAKE_PREFIX_PATH}:/opt/ros/humble /usr/bin/cmake --install /home/tkdals/robot_ws/build/ex_client_server_pkg
