-- The C compiler identification is GNU 11.4.0
-- The CXX compiler identification is GNU 11.4.0
-- Detecting C compiler ABI info
-- Detecting C compiler ABI info - done
-- Check for working C compiler: /usr/bin/cc - skipped
-- Detecting C compile features
-- Detecting C compile features - done
-- Detecting CXX compiler ABI info
-- Detecting CXX compiler ABI info - done
-- Check for working CXX compiler: /usr/bin/c++ - skipped
-- Detecting CXX compile features
-- Detecting CXX compile features - done
-- Found ament_cmake: 1.3.10 (/opt/ros/humble/share/ament_cmake/cmake)
-- Found Python3: /usr/bin/python3 (found version "3.10.12") found components: Interpreter 
-- Found rclcpp: 16.0.10 (/opt/ros/humble/share/rclcpp/cmake)
-- Found rosidl_generator_c: 3.1.5 (/opt/ros/humble/share/rosidl_generator_c/cmake)
-- Found rosidl_adapter: 3.1.5 (/opt/ros/humble/share/rosidl_adapter/cmake)
-- Found rosidl_generator_cpp: 3.1.5 (/opt/ros/humble/share/rosidl_generator_cpp/cmake)
-- Using all available rosidl_typesupport_c: rosidl_typesupport_fastrtps_c;rosidl_typesupport_introspection_c
-- Using all available rosidl_typesupport_cpp: rosidl_typesupport_fastrtps_cpp;rosidl_typesupport_introspection_cpp
-- Found rmw_implementation_cmake: 6.1.2 (/opt/ros/humble/share/rmw_implementation_cmake/cmake)
-- Found rmw_fastrtps_cpp: 6.2.7 (/opt/ros/humble/share/rmw_fastrtps_cpp/cmake)
-- Found OpenSSL: /usr/lib/x86_64-linux-gnu/libcrypto.so (found version "3.0.2")  
-- Found FastRTPS: /opt/ros/humble/include  
-- Using RMW implementation 'rmw_fastrtps_cpp' as default
-- Looking for pthread.h
-- Looking for pthread.h - found
-- Performing Test CMAKE_HAVE_LIBC_PTHREAD
-- Performing Test CMAKE_HAVE_LIBC_PTHREAD - Success
-- Found Threads: TRUE  
-- Found tutorial_interfaces: 0.0.0 (/home/tkdals/robot_ws/install/tutorial_interfaces/share/tutorial_interfaces/cmake)
-- Configuring done
-- Generating done
-- Build files have been written to: /home/tkdals/robot_ws/build/homework2_2_pkg
[35m[1mConsolidate compiler generated dependencies of target client[0m
[35m[1mConsolidate compiler generated dependencies of target server[0m
[35m[1mConsolidate compiler generated dependencies of target final_server[0m
[ 33%] Built target server
[ 66%] Built target client
[100%] Built target final_server
-- Install configuration: ""
-- Up-to-date: /home/tkdals/robot_ws/install/homework2_2_pkg/lib/homework2_2_pkg/server
-- Up-to-date: /home/tkdals/robot_ws/install/homework2_2_pkg/lib/homework2_2_pkg/client
-- Up-to-date: /home/tkdals/robot_ws/install/homework2_2_pkg/lib/homework2_2_pkg/final_server
-- Up-to-date: /home/tkdals/robot_ws/install/homework2_2_pkg/share/ament_index/resource_index/package_run_dependencies/homework2_2_pkg
-- Up-to-date: /home/tkdals/robot_ws/install/homework2_2_pkg/share/ament_index/resource_index/parent_prefix_path/homework2_2_pkg
-- Up-to-date: /home/tkdals/robot_ws/install/homework2_2_pkg/share/homework2_2_pkg/environment/ament_prefix_path.sh
-- Installing: /home/tkdals/robot_ws/install/homework2_2_pkg/share/homework2_2_pkg/environment/ament_prefix_path.dsv
-- Up-to-date: /home/tkdals/robot_ws/install/homework2_2_pkg/share/homework2_2_pkg/environment/path.sh
-- Installing: /home/tkdals/robot_ws/install/homework2_2_pkg/share/homework2_2_pkg/environment/path.dsv
-- Up-to-date: /home/tkdals/robot_ws/install/homework2_2_pkg/share/homework2_2_pkg/local_setup.bash
-- Up-to-date: /home/tkdals/robot_ws/install/homework2_2_pkg/share/homework2_2_pkg/local_setup.sh
-- Up-to-date: /home/tkdals/robot_ws/install/homework2_2_pkg/share/homework2_2_pkg/local_setup.zsh
-- Installing: /home/tkdals/robot_ws/install/homework2_2_pkg/share/homework2_2_pkg/local_setup.dsv
-- Installing: /home/tkdals/robot_ws/install/homework2_2_pkg/share/homework2_2_pkg/package.dsv
-- Up-to-date: /home/tkdals/robot_ws/install/homework2_2_pkg/share/ament_index/resource_index/packages/homework2_2_pkg
-- Up-to-date: /home/tkdals/robot_ws/install/homework2_2_pkg/share/homework2_2_pkg/cmake/homework2_2_pkgConfig.cmake
-- Up-to-date: /home/tkdals/robot_ws/install/homework2_2_pkg/share/homework2_2_pkg/cmake/homework2_2_pkgConfig-version.cmake
-- Up-to-date: /home/tkdals/robot_ws/install/homework2_2_pkg/share/homework2_2_pkg/package.xml
