[0.007s] Invoking command in '/home/tkdals/robot_ws/build/homework3_pkg': CMAKE_PREFIX_PATH=/opt/ros/humble:/home/tkdals/robot_ws/install/dynamixel_sdk:/home/tkdals/robot_ws/install/homework2_2_pkg:/home/tkdals/robot_ws/install/tutorial_interfaces:/home/tkdals/robot_ws/install/homework3_pkg:/home/tkdals/robot_ws/install/homework1_pkg:/home/tkdals/robot_ws/install/ex_client_server_pkg LD_LIBRARY_PATH=/home/tkdals/robot_ws/install/dynamixel_sdk/lib:/home/tkdals/robot_ws/install/tutorial_interfaces/lib:/opt/ros/humble/opt/rviz_ogre_vendor/lib:/opt/ros/humble/lib/x86_64-linux-gnu:/opt/ros/humble/lib /usr/bin/cmake --build /home/tkdals/robot_ws/build/homework3_pkg -- -j20 -l20
[0.024s] -- Found ament_cmake: 1.3.10 (/opt/ros/humble/share/ament_cmake/cmake)
[0.112s] -- Found rclcpp: 16.0.10 (/opt/ros/humble/share/rclcpp/cmake)
[0.129s] -- Found rosidl_generator_c: 3.1.5 (/opt/ros/humble/share/rosidl_generator_c/cmake)
[0.131s] -- Found rosidl_adapter: 3.1.5 (/opt/ros/humble/share/rosidl_adapter/cmake)
[0.134s] -- Found rosidl_generator_cpp: 3.1.5 (/opt/ros/humble/share/rosidl_generator_cpp/cmake)
[0.141s] -- Using all available rosidl_typesupport_c: rosidl_typesupport_fastrtps_c;rosidl_typesupport_introspection_c
[0.148s] -- Using all available rosidl_typesupport_cpp: rosidl_typesupport_fastrtps_cpp;rosidl_typesupport_introspection_cpp
[0.169s] -- Found rmw_implementation_cmake: 6.1.2 (/opt/ros/humble/share/rmw_implementation_cmake/cmake)
[0.169s] -- Found rmw_fastrtps_cpp: 6.2.7 (/opt/ros/humble/share/rmw_fastrtps_cpp/cmake)
[0.236s] -- Using RMW implementation 'rmw_fastrtps_cpp' as default
[0.266s] -- Found dynamixel_sdk: 3.7.60 (/home/tkdals/robot_ws/install/dynamixel_sdk/share/dynamixel_sdk/cmake)
[0.267s] -- Found ament_lint_auto: 0.12.11 (/opt/ros/humble/share/ament_lint_auto/cmake)
[0.321s] -- Added test 'cppcheck' to perform static code analysis on C / C++ code
[0.321s] -- Configured cppcheck include dirs: /home/tkdals/robot_ws/src/homework3_pkg/include
[0.321s] -- Configured cppcheck exclude dirs and/or files: 
[0.321s] -- Added test 'flake8' to check Python code syntax and style conventions
[0.323s] -- Added test 'lint_cmake' to check CMake code style
[0.323s] -- Added test 'pep257' to check Python code against some of the docstring style conventions in PEP 257
[0.327s] -- Added test 'uncrustify' to check C / C++ code style
[0.327s] -- Configured uncrustify additional arguments: 
[0.328s] -- Added test 'xmllint' to check XML markup files
[0.329s] -- Configuring done
[0.334s] -- Generating done
[0.335s] -- Build files have been written to: /home/tkdals/robot_ws/build/homework3_pkg
[0.361s] [35m[1mConsolidate compiler generated dependencies of target sorce[0m
[0.361s] [35m[1mConsolidate compiler generated dependencies of target dynamixel[0m
[0.369s] [ 50%] Built target sorce
[0.372s] [100%] Built target dynamixel
[0.381s] Invoked command in '/home/tkdals/robot_ws/build/homework3_pkg' returned '0': CMAKE_PREFIX_PATH=/opt/ros/humble:/home/tkdals/robot_ws/install/dynamixel_sdk:/home/tkdals/robot_ws/install/homework2_2_pkg:/home/tkdals/robot_ws/install/tutorial_interfaces:/home/tkdals/robot_ws/install/homework3_pkg:/home/tkdals/robot_ws/install/homework1_pkg:/home/tkdals/robot_ws/install/ex_client_server_pkg LD_LIBRARY_PATH=/home/tkdals/robot_ws/install/dynamixel_sdk/lib:/home/tkdals/robot_ws/install/tutorial_interfaces/lib:/opt/ros/humble/opt/rviz_ogre_vendor/lib:/opt/ros/humble/lib/x86_64-linux-gnu:/opt/ros/humble/lib /usr/bin/cmake --build /home/tkdals/robot_ws/build/homework3_pkg -- -j20 -l20
[0.414s] Invoking command in '/home/tkdals/robot_ws/build/homework3_pkg': CMAKE_PREFIX_PATH=/opt/ros/humble:/home/tkdals/robot_ws/install/dynamixel_sdk:/home/tkdals/robot_ws/install/homework2_2_pkg:/home/tkdals/robot_ws/install/tutorial_interfaces:/home/tkdals/robot_ws/install/homework3_pkg:/home/tkdals/robot_ws/install/homework1_pkg:/home/tkdals/robot_ws/install/ex_client_server_pkg LD_LIBRARY_PATH=/home/tkdals/robot_ws/install/dynamixel_sdk/lib:/home/tkdals/robot_ws/install/tutorial_interfaces/lib:/opt/ros/humble/opt/rviz_ogre_vendor/lib:/opt/ros/humble/lib/x86_64-linux-gnu:/opt/ros/humble/lib /usr/bin/cmake --install /home/tkdals/robot_ws/build/homework3_pkg
[0.420s] -- Install configuration: ""
[0.420s] -- Up-to-date: /home/tkdals/robot_ws/install/homework3_pkg/lib/homework3_pkg/dynamixel
[0.420s] -- Installing: /home/tkdals/robot_ws/install/homework3_pkg/lib/homework3_pkg/libsorce.a
[0.420s] -- Up-to-date: /home/tkdals/robot_ws/install/homework3_pkg/share/ament_index/resource_index/package_run_dependencies/homework3_pkg
[0.420s] -- Up-to-date: /home/tkdals/robot_ws/install/homework3_pkg/share/ament_index/resource_index/parent_prefix_path/homework3_pkg
[0.420s] -- Up-to-date: /home/tkdals/robot_ws/install/homework3_pkg/share/homework3_pkg/environment/ament_prefix_path.sh
[0.420s] -- Installing: /home/tkdals/robot_ws/install/homework3_pkg/share/homework3_pkg/environment/ament_prefix_path.dsv
[0.420s] -- Up-to-date: /home/tkdals/robot_ws/install/homework3_pkg/share/homework3_pkg/environment/path.sh
[0.420s] -- Installing: /home/tkdals/robot_ws/install/homework3_pkg/share/homework3_pkg/environment/path.dsv
[0.420s] -- Up-to-date: /home/tkdals/robot_ws/install/homework3_pkg/share/homework3_pkg/local_setup.bash
[0.420s] -- Up-to-date: /home/tkdals/robot_ws/install/homework3_pkg/share/homework3_pkg/local_setup.sh
[0.421s] -- Up-to-date: /home/tkdals/robot_ws/install/homework3_pkg/share/homework3_pkg/local_setup.zsh
[0.421s] -- Installing: /home/tkdals/robot_ws/install/homework3_pkg/share/homework3_pkg/local_setup.dsv
[0.421s] -- Installing: /home/tkdals/robot_ws/install/homework3_pkg/share/homework3_pkg/package.dsv
[0.421s] -- Up-to-date: /home/tkdals/robot_ws/install/homework3_pkg/share/ament_index/resource_index/packages/homework3_pkg
[0.421s] -- Up-to-date: /home/tkdals/robot_ws/install/homework3_pkg/share/homework3_pkg/cmake/homework3_pkgConfig.cmake
[0.421s] -- Up-to-date: /home/tkdals/robot_ws/install/homework3_pkg/share/homework3_pkg/cmake/homework3_pkgConfig-version.cmake
[0.421s] -- Up-to-date: /home/tkdals/robot_ws/install/homework3_pkg/share/homework3_pkg/package.xml
[0.423s] Invoked command in '/home/tkdals/robot_ws/build/homework3_pkg' returned '0': CMAKE_PREFIX_PATH=/opt/ros/humble:/home/tkdals/robot_ws/install/dynamixel_sdk:/home/tkdals/robot_ws/install/homework2_2_pkg:/home/tkdals/robot_ws/install/tutorial_interfaces:/home/tkdals/robot_ws/install/homework3_pkg:/home/tkdals/robot_ws/install/homework1_pkg:/home/tkdals/robot_ws/install/ex_client_server_pkg LD_LIBRARY_PATH=/home/tkdals/robot_ws/install/dynamixel_sdk/lib:/home/tkdals/robot_ws/install/tutorial_interfaces/lib:/opt/ros/humble/opt/rviz_ogre_vendor/lib:/opt/ros/humble/lib/x86_64-linux-gnu:/opt/ros/humble/lib /usr/bin/cmake --install /home/tkdals/robot_ws/build/homework3_pkg
