[0.007s] Invoking command in '/home/tkdals/robot_ws/build/homework3_pkg': CMAKE_PREFIX_PATH=/opt/ros/humble:/home/tkdals/robot_ws/install/dynamixel_sdk:/home/tkdals/robot_ws/install/homework2_2_pkg:/home/tkdals/robot_ws/install/tutorial_interfaces:/home/tkdals/robot_ws/install/homework3_pkg:/home/tkdals/robot_ws/install/homework1_pkg:/home/tkdals/robot_ws/install/ex_client_server_pkg LD_LIBRARY_PATH=/home/tkdals/robot_ws/install/dynamixel_sdk/lib:/home/tkdals/robot_ws/install/tutorial_interfaces/lib:/opt/ros/humble/opt/rviz_ogre_vendor/lib:/opt/ros/humble/lib/x86_64-linux-gnu:/opt/ros/humble/lib /usr/bin/cmake --build /home/tkdals/robot_ws/build/homework3_pkg -- -j20 -l20
[0.036s] [35m[1mConsolidate compiler generated dependencies of target dynamixel[0m
[0.047s] [100%] Built target dynamixel
[0.055s] Invoked command in '/home/tkdals/robot_ws/build/homework3_pkg' returned '0': CMAKE_PREFIX_PATH=/opt/ros/humble:/home/tkdals/robot_ws/install/dynamixel_sdk:/home/tkdals/robot_ws/install/homework2_2_pkg:/home/tkdals/robot_ws/install/tutorial_interfaces:/home/tkdals/robot_ws/install/homework3_pkg:/home/tkdals/robot_ws/install/homework1_pkg:/home/tkdals/robot_ws/install/ex_client_server_pkg LD_LIBRARY_PATH=/home/tkdals/robot_ws/install/dynamixel_sdk/lib:/home/tkdals/robot_ws/install/tutorial_interfaces/lib:/opt/ros/humble/opt/rviz_ogre_vendor/lib:/opt/ros/humble/lib/x86_64-linux-gnu:/opt/ros/humble/lib /usr/bin/cmake --build /home/tkdals/robot_ws/build/homework3_pkg -- -j20 -l20
[0.076s] Invoking command in '/home/tkdals/robot_ws/build/homework3_pkg': CMAKE_PREFIX_PATH=/opt/ros/humble:/home/tkdals/robot_ws/install/dynamixel_sdk:/home/tkdals/robot_ws/install/homework2_2_pkg:/home/tkdals/robot_ws/install/tutorial_interfaces:/home/tkdals/robot_ws/install/homework3_pkg:/home/tkdals/robot_ws/install/homework1_pkg:/home/tkdals/robot_ws/install/ex_client_server_pkg LD_LIBRARY_PATH=/home/tkdals/robot_ws/install/dynamixel_sdk/lib:/home/tkdals/robot_ws/install/tutorial_interfaces/lib:/opt/ros/humble/opt/rviz_ogre_vendor/lib:/opt/ros/humble/lib/x86_64-linux-gnu:/opt/ros/humble/lib /usr/bin/cmake --install /home/tkdals/robot_ws/build/homework3_pkg
[0.086s] -- Install configuration: ""
[0.086s] -- Up-to-date: /home/tkdals/robot_ws/install/homework3_pkg/lib/homework3_pkg/dynamixel
[0.086s] -- Up-to-date: /home/tkdals/robot_ws/install/homework3_pkg/share/ament_index/resource_index/package_run_dependencies/homework3_pkg
[0.086s] -- Up-to-date: /home/tkdals/robot_ws/install/homework3_pkg/share/ament_index/resource_index/parent_prefix_path/homework3_pkg
[0.086s] -- Up-to-date: /home/tkdals/robot_ws/install/homework3_pkg/share/homework3_pkg/environment/ament_prefix_path.sh
[0.086s] -- Up-to-date: /home/tkdals/robot_ws/install/homework3_pkg/share/homework3_pkg/environment/ament_prefix_path.dsv
[0.087s] -- Up-to-date: /home/tkdals/robot_ws/install/homework3_pkg/share/homework3_pkg/environment/path.sh
[0.087s] -- Up-to-date: /home/tkdals/robot_ws/install/homework3_pkg/share/homework3_pkg/environment/path.dsv
[0.087s] -- Up-to-date: /home/tkdals/robot_ws/install/homework3_pkg/share/homework3_pkg/local_setup.bash
[0.087s] -- Up-to-date: /home/tkdals/robot_ws/install/homework3_pkg/share/homework3_pkg/local_setup.sh
[0.087s] -- Up-to-date: /home/tkdals/robot_ws/install/homework3_pkg/share/homework3_pkg/local_setup.zsh
[0.087s] -- Up-to-date: /home/tkdals/robot_ws/install/homework3_pkg/share/homework3_pkg/local_setup.dsv
[0.087s] -- Installing: /home/tkdals/robot_ws/install/homework3_pkg/share/homework3_pkg/package.dsv
[0.087s] -- Up-to-date: /home/tkdals/robot_ws/install/homework3_pkg/share/ament_index/resource_index/packages/homework3_pkg
[0.087s] -- Up-to-date: /home/tkdals/robot_ws/install/homework3_pkg/share/homework3_pkg/cmake/homework3_pkgConfig.cmake
[0.087s] -- Up-to-date: /home/tkdals/robot_ws/install/homework3_pkg/share/homework3_pkg/cmake/homework3_pkgConfig-version.cmake
[0.088s] -- Up-to-date: /home/tkdals/robot_ws/install/homework3_pkg/share/homework3_pkg/package.xml
[0.088s] Invoked command in '/home/tkdals/robot_ws/build/homework3_pkg' returned '0': CMAKE_PREFIX_PATH=/opt/ros/humble:/home/tkdals/robot_ws/install/dynamixel_sdk:/home/tkdals/robot_ws/install/homework2_2_pkg:/home/tkdals/robot_ws/install/tutorial_interfaces:/home/tkdals/robot_ws/install/homework3_pkg:/home/tkdals/robot_ws/install/homework1_pkg:/home/tkdals/robot_ws/install/ex_client_server_pkg LD_LIBRARY_PATH=/home/tkdals/robot_ws/install/dynamixel_sdk/lib:/home/tkdals/robot_ws/install/tutorial_interfaces/lib:/opt/ros/humble/opt/rviz_ogre_vendor/lib:/opt/ros/humble/lib/x86_64-linux-gnu:/opt/ros/humble/lib /usr/bin/cmake --install /home/tkdals/robot_ws/build/homework3_pkg
