[0.011s] Invoking command in '/home/tkdals/robot_ws/build/tutorial_interfaces': CMAKE_PREFIX_PATH=${CMAKE_PREFIX_PATH}:/opt/ros/humble /usr/bin/cmake /home/tkdals/robot_ws/src/tutorial_interfaces -DCMAKE_INSTALL_PREFIX=/home/tkdals/robot_ws/install/tutorial_interfaces
[0.054s] -- The C compiler identification is GNU 11.4.0
[0.098s] -- The CXX compiler identification is GNU 11.4.0
[0.103s] -- Detecting C compiler ABI info
[0.167s] -- Detecting C compiler ABI info - done
[0.176s] -- Check for working C compiler: /usr/bin/cc - skipped
[0.176s] -- Detecting C compile features
[0.176s] -- Detecting C compile features - done
[0.178s] -- Detecting CXX compiler ABI info
[0.252s] -- Detecting CXX compiler ABI info - done
[0.257s] -- Check for working CXX compiler: /usr/bin/c++ - skipped
[0.257s] -- Detecting CXX compile features
[0.257s] -- Detecting CXX compile features - done
[0.258s] -- Found ament_cmake: 1.3.10 (/opt/ros/humble/share/ament_cmake/cmake)
[0.374s] -- Found Python3: /usr/bin/python3 (found version "3.10.12") found components: Interpreter 
[0.428s] -- Found geometry_msgs: 4.2.4 (/opt/ros/humble/share/geometry_msgs/cmake)
[0.448s] -- Found rosidl_generator_c: 3.1.5 (/opt/ros/humble/share/rosidl_generator_c/cmake)
[0.450s] -- Found rosidl_adapter: 3.1.5 (/opt/ros/humble/share/rosidl_adapter/cmake)
[0.455s] -- Found rosidl_generator_cpp: 3.1.5 (/opt/ros/humble/share/rosidl_generator_cpp/cmake)
[0.462s] -- Using all available rosidl_typesupport_c: rosidl_typesupport_fastrtps_c;rosidl_typesupport_introspection_c
[0.471s] -- Using all available rosidl_typesupport_cpp: rosidl_typesupport_fastrtps_cpp;rosidl_typesupport_introspection_cpp
[0.495s] -- Found rosidl_default_generators: 1.2.0 (/opt/ros/humble/share/rosidl_default_generators/cmake)
[0.702s] -- Found ament_cmake_ros: 0.10.0 (/opt/ros/humble/share/ament_cmake_ros/cmake)
[1.020s] -- Using all available rosidl_typesupport_c: rosidl_typesupport_fastrtps_c;rosidl_typesupport_introspection_c
[1.162s] -- Using all available rosidl_typesupport_cpp: rosidl_typesupport_fastrtps_cpp;rosidl_typesupport_introspection_cpp
[1.183s] -- Found PythonInterp: /usr/bin/python3 (found suitable version "3.10.12", minimum required is "3.6") 
[1.185s] -- Found python_cmake_module: 0.10.0 (/opt/ros/humble/share/python_cmake_module/cmake)
[1.210s] -- Found PythonLibs: /usr/lib/x86_64-linux-gnu/libpython3.10.so (found suitable version "3.10.12", minimum required is "3.5") 
[1.210s] -- Using PYTHON_EXECUTABLE: /usr/bin/python3
[1.211s] -- Using PYTHON_INCLUDE_DIRS: /usr/include/python3.10
[1.211s] -- Using PYTHON_LIBRARIES: /usr/lib/x86_64-linux-gnu/libpython3.10.so
[1.230s] -- Found PythonExtra: .so  
[1.276s] -- Found ament_lint_auto: 0.12.11 (/opt/ros/humble/share/ament_lint_auto/cmake)
[1.285s] -- Added test 'lint_cmake' to check CMake code style
[1.285s] -- Added test 'xmllint' to check XML markup files
[1.287s] -- Configuring done
[1.308s] -- Generating done
[1.309s] -- Build files have been written to: /home/tkdals/robot_ws/build/tutorial_interfaces
[1.318s] Invoked command in '/home/tkdals/robot_ws/build/tutorial_interfaces' returned '0': CMAKE_PREFIX_PATH=${CMAKE_PREFIX_PATH}:/opt/ros/humble /usr/bin/cmake /home/tkdals/robot_ws/src/tutorial_interfaces -DCMAKE_INSTALL_PREFIX=/home/tkdals/robot_ws/install/tutorial_interfaces
[1.319s] Invoking command in '/home/tkdals/robot_ws/build/tutorial_interfaces': CMAKE_PREFIX_PATH=${CMAKE_PREFIX_PATH}:/opt/ros/humble /usr/bin/cmake --build /home/tkdals/robot_ws/build/tutorial_interfaces -- -j20 -l20
[1.362s] [  2%] [34m[1mGenerating C code for ROS interfaces[0m
[1.374s] [  5%] [34m[1mGenerating C++ code for ROS interfaces[0m
[1.379s] [  5%] Built target ament_cmake_python_copy_tutorial_interfaces
[1.553s] running egg_info
[1.554s] creating tutorial_interfaces.egg-info
[1.554s] writing tutorial_interfaces.egg-info/PKG-INFO
[1.554s] writing dependency_links to tutorial_interfaces.egg-info/dependency_links.txt
[1.554s] writing top-level names to tutorial_interfaces.egg-info/top_level.txt
[1.555s] writing manifest file 'tutorial_interfaces.egg-info/SOURCES.txt'
[1.556s] reading manifest file 'tutorial_interfaces.egg-info/SOURCES.txt'
[1.556s] writing manifest file 'tutorial_interfaces.egg-info/SOURCES.txt'
[1.582s] [  5%] Built target ament_cmake_python_build_tutorial_interfaces_egg
[1.590s] [  5%] Built target tutorial_interfaces__cpp
[1.600s] [  7%] [34m[1mGenerating C++ introspection for ROS interfaces[0m
[1.602s] [ 12%] [34m[1mGenerating C++ type support for eProsima Fast-RTPS[0m
[1.602s] [ 12%] [34m[1mGenerating C++ type support dispatch for ROS interfaces[0m
[1.777s] [ 15%] [32mBuilding C object CMakeFiles/tutorial_interfaces__rosidl_generator_c.dir/rosidl_generator_c/tutorial_interfaces/srv/detail/plus__functions.c.o[0m
[1.777s] [ 17%] [32mBuilding C object CMakeFiles/tutorial_interfaces__rosidl_generator_c.dir/rosidl_generator_c/tutorial_interfaces/srv/detail/plus2__functions.c.o[0m
[1.786s] [ 20%] [32mBuilding CXX object CMakeFiles/tutorial_interfaces__rosidl_typesupport_cpp.dir/rosidl_typesupport_cpp/tutorial_interfaces/srv/plus2__type_support.cpp.o[0m
[1.790s] [ 23%] [32mBuilding CXX object CMakeFiles/tutorial_interfaces__rosidl_typesupport_cpp.dir/rosidl_typesupport_cpp/tutorial_interfaces/srv/plus__type_support.cpp.o[0m
[1.822s] [ 25%] [32m[1mLinking C shared library libtutorial_interfaces__rosidl_generator_c.so[0m
[1.832s] [ 28%] [32mBuilding CXX object CMakeFiles/tutorial_interfaces__rosidl_typesupport_introspection_cpp.dir/rosidl_typesupport_introspection_cpp/tutorial_interfaces/srv/detail/plus__type_support.cpp.o[0m
[1.832s] [ 30%] [32mBuilding CXX object CMakeFiles/tutorial_interfaces__rosidl_typesupport_introspection_cpp.dir/rosidl_typesupport_introspection_cpp/tutorial_interfaces/srv/detail/plus2__type_support.cpp.o[0m
[1.864s] [ 30%] Built target tutorial_interfaces__rosidl_generator_c
[1.874s] [ 33%] [34m[1mGenerating C type support for eProsima Fast-RTPS[0m
[1.876s] [ 38%] [34m[1mGenerating C type support dispatch for ROS interfaces[0m
[1.876s] [ 38%] [34m[1mGenerating C introspection for ROS interfaces[0m
[2.004s] [ 41%] [32mBuilding CXX object CMakeFiles/tutorial_interfaces__rosidl_typesupport_fastrtps_cpp.dir/rosidl_typesupport_fastrtps_cpp/tutorial_interfaces/srv/detail/dds_fastrtps/plus__type_support.cpp.o[0m
[2.008s] [ 43%] [32mBuilding CXX object CMakeFiles/tutorial_interfaces__rosidl_typesupport_fastrtps_cpp.dir/rosidl_typesupport_fastrtps_cpp/tutorial_interfaces/srv/detail/dds_fastrtps/plus2__type_support.cpp.o[0m
[2.082s] [ 46%] [32m[1mLinking CXX shared library libtutorial_interfaces__rosidl_typesupport_cpp.so[0m
[2.098s] [ 48%] [32mBuilding CXX object CMakeFiles/tutorial_interfaces__rosidl_typesupport_fastrtps_c.dir/rosidl_typesupport_fastrtps_c/tutorial_interfaces/srv/detail/plus__type_support_c.cpp.o[0m
[2.101s] [ 51%] [32mBuilding CXX object CMakeFiles/tutorial_interfaces__rosidl_typesupport_fastrtps_c.dir/rosidl_typesupport_fastrtps_c/tutorial_interfaces/srv/detail/plus2__type_support_c.cpp.o[0m
[2.132s] [ 51%] Built target tutorial_interfaces__rosidl_typesupport_cpp
[2.218s] [ 53%] [32mBuilding CXX object CMakeFiles/tutorial_interfaces__rosidl_typesupport_c.dir/rosidl_typesupport_c/tutorial_interfaces/srv/plus2__type_support.cpp.o[0m
[2.222s] [ 56%] [32mBuilding CXX object CMakeFiles/tutorial_interfaces__rosidl_typesupport_c.dir/rosidl_typesupport_c/tutorial_interfaces/srv/plus__type_support.cpp.o[0m
[2.223s] [ 58%] [32m[1mLinking CXX shared library libtutorial_interfaces__rosidl_typesupport_introspection_cpp.so[0m
[2.261s] [ 61%] [32m[1mLinking CXX shared library libtutorial_interfaces__rosidl_typesupport_c.so[0m
[2.267s] [ 61%] Built target tutorial_interfaces__rosidl_typesupport_introspection_cpp
[2.281s] [ 66%] [32mBuilding C object CMakeFiles/tutorial_interfaces__rosidl_typesupport_introspection_c.dir/rosidl_typesupport_introspection_c/tutorial_interfaces/srv/detail/plus__type_support.c.o[0m
[2.282s] [ 66%] [32mBuilding C object CMakeFiles/tutorial_interfaces__rosidl_typesupport_introspection_c.dir/rosidl_typesupport_introspection_c/tutorial_interfaces/srv/detail/plus2__type_support.c.o[0m
[2.296s] [ 66%] Built target tutorial_interfaces__rosidl_typesupport_c
[2.326s] [ 69%] [32m[1mLinking C shared library libtutorial_interfaces__rosidl_typesupport_introspection_c.so[0m
[2.360s] [ 69%] Built target tutorial_interfaces__rosidl_typesupport_introspection_c
[2.423s] [ 71%] [32m[1mLinking CXX shared library libtutorial_interfaces__rosidl_typesupport_fastrtps_cpp.so[0m
[2.470s] [ 74%] [32m[1mLinking CXX shared library libtutorial_interfaces__rosidl_typesupport_fastrtps_c.so[0m
[2.496s] [ 74%] Built target tutorial_interfaces__rosidl_typesupport_fastrtps_cpp
[2.541s] [ 74%] Built target tutorial_interfaces__rosidl_typesupport_fastrtps_c
[2.565s] [ 74%] Built target tutorial_interfaces
[2.589s] [ 76%] [34m[1mGenerating Python code for ROS interfaces[0m
[2.889s] [ 76%] Built target tutorial_interfaces__py
[2.912s] [ 79%] [32mBuilding C object CMakeFiles/tutorial_interfaces__rosidl_generator_py.dir/rosidl_generator_py/tutorial_interfaces/srv/_plus2_s.c.o[0m
[2.913s] [ 82%] [32mBuilding C object CMakeFiles/tutorial_interfaces__rosidl_generator_py.dir/rosidl_generator_py/tutorial_interfaces/srv/_plus_s.c.o[0m
[3.015s] [ 84%] [32m[1mLinking C shared library rosidl_generator_py/tutorial_interfaces/libtutorial_interfaces__rosidl_generator_py.so[0m
[3.063s] [ 84%] Built target tutorial_interfaces__rosidl_generator_py
[3.086s] [ 87%] [32mBuilding C object CMakeFiles/tutorial_interfaces__rosidl_typesupport_c__pyext.dir/rosidl_generator_py/tutorial_interfaces/_tutorial_interfaces_s.ep.rosidl_typesupport_c.c.o[0m
[3.088s] [ 92%] [32mBuilding C object CMakeFiles/tutorial_interfaces__rosidl_typesupport_fastrtps_c__pyext.dir/rosidl_generator_py/tutorial_interfaces/_tutorial_interfaces_s.ep.rosidl_typesupport_fastrtps_c.c.o[0m
[3.088s] [ 92%] [32mBuilding C object CMakeFiles/tutorial_interfaces__rosidl_typesupport_introspection_c__pyext.dir/rosidl_generator_py/tutorial_interfaces/_tutorial_interfaces_s.ep.rosidl_typesupport_introspection_c.c.o[0m
[3.170s] [ 94%] [32m[1mLinking C shared library rosidl_generator_py/tutorial_interfaces/tutorial_interfaces_s__rosidl_typesupport_introspection_c.cpython-310-x86_64-linux-gnu.so[0m
[3.200s] [ 97%] [32m[1mLinking C shared library rosidl_generator_py/tutorial_interfaces/tutorial_interfaces_s__rosidl_typesupport_fastrtps_c.cpython-310-x86_64-linux-gnu.so[0m
[3.215s] [100%] [32m[1mLinking C shared library rosidl_generator_py/tutorial_interfaces/tutorial_interfaces_s__rosidl_typesupport_c.cpython-310-x86_64-linux-gnu.so[0m
[3.219s] [100%] Built target tutorial_interfaces__rosidl_typesupport_introspection_c__pyext
[3.247s] [100%] Built target tutorial_interfaces__rosidl_typesupport_fastrtps_c__pyext
[3.249s] [100%] Built target tutorial_interfaces__rosidl_typesupport_c__pyext
[3.261s] Invoked command in '/home/tkdals/robot_ws/build/tutorial_interfaces' returned '0': CMAKE_PREFIX_PATH=${CMAKE_PREFIX_PATH}:/opt/ros/humble /usr/bin/cmake --build /home/tkdals/robot_ws/build/tutorial_interfaces -- -j20 -l20
[3.345s] Invoking command in '/home/tkdals/robot_ws/build/tutorial_interfaces': CMAKE_PREFIX_PATH=${CMAKE_PREFIX_PATH}:/opt/ros/humble /usr/bin/cmake --install /home/tkdals/robot_ws/build/tutorial_interfaces
[3.354s] -- Install configuration: ""
[3.354s] -- Installing: /home/tkdals/robot_ws/install/tutorial_interfaces/share/ament_index/resource_index/rosidl_interfaces/tutorial_interfaces
[3.354s] -- Installing: /home/tkdals/robot_ws/install/tutorial_interfaces/include/tutorial_interfaces/tutorial_interfaces
[3.354s] -- Installing: /home/tkdals/robot_ws/install/tutorial_interfaces/include/tutorial_interfaces/tutorial_interfaces/msg
[3.355s] -- Installing: /home/tkdals/robot_ws/install/tutorial_interfaces/include/tutorial_interfaces/tutorial_interfaces/msg/rosidl_generator_c__visibility_control.h
[3.355s] -- Installing: /home/tkdals/robot_ws/install/tutorial_interfaces/include/tutorial_interfaces/tutorial_interfaces/srv
[3.355s] -- Installing: /home/tkdals/robot_ws/install/tutorial_interfaces/include/tutorial_interfaces/tutorial_interfaces/srv/detail
[3.355s] -- Installing: /home/tkdals/robot_ws/install/tutorial_interfaces/include/tutorial_interfaces/tutorial_interfaces/srv/detail/plus2__type_support.h
[3.355s] -- Installing: /home/tkdals/robot_ws/install/tutorial_interfaces/include/tutorial_interfaces/tutorial_interfaces/srv/detail/plus2__struct.h
[3.355s] -- Installing: /home/tkdals/robot_ws/install/tutorial_interfaces/include/tutorial_interfaces/tutorial_interfaces/srv/detail/plus__functions.h
[3.355s] -- Installing: /home/tkdals/robot_ws/install/tutorial_interfaces/include/tutorial_interfaces/tutorial_interfaces/srv/detail/plus__struct.h
[3.355s] -- Installing: /home/tkdals/robot_ws/install/tutorial_interfaces/include/tutorial_interfaces/tutorial_interfaces/srv/detail/plus2__functions.h
[3.356s] -- Installing: /home/tkdals/robot_ws/install/tutorial_interfaces/include/tutorial_interfaces/tutorial_interfaces/srv/detail/plus2__functions.c
[3.356s] -- Installing: /home/tkdals/robot_ws/install/tutorial_interfaces/include/tutorial_interfaces/tutorial_interfaces/srv/detail/plus__functions.c
[3.356s] -- Installing: /home/tkdals/robot_ws/install/tutorial_interfaces/include/tutorial_interfaces/tutorial_interfaces/srv/detail/plus__type_support.h
[3.356s] -- Installing: /home/tkdals/robot_ws/install/tutorial_interfaces/include/tutorial_interfaces/tutorial_interfaces/srv/plus2.h
[3.356s] -- Installing: /home/tkdals/robot_ws/install/tutorial_interfaces/include/tutorial_interfaces/tutorial_interfaces/srv/plus.h
[3.356s] -- Installing: /home/tkdals/robot_ws/install/tutorial_interfaces/share/tutorial_interfaces/environment/library_path.sh
[3.356s] -- Installing: /home/tkdals/robot_ws/install/tutorial_interfaces/share/tutorial_interfaces/environment/library_path.dsv
[3.356s] -- Installing: /home/tkdals/robot_ws/install/tutorial_interfaces/lib/libtutorial_interfaces__rosidl_generator_c.so
[3.357s] -- Set runtime path of "/home/tkdals/robot_ws/install/tutorial_interfaces/lib/libtutorial_interfaces__rosidl_generator_c.so" to ""
[3.357s] -- Up-to-date: /home/tkdals/robot_ws/install/tutorial_interfaces/include/tutorial_interfaces/tutorial_interfaces
[3.357s] -- Up-to-date: /home/tkdals/robot_ws/install/tutorial_interfaces/include/tutorial_interfaces/tutorial_interfaces/msg
[3.357s] -- Installing: /home/tkdals/robot_ws/install/tutorial_interfaces/include/tutorial_interfaces/tutorial_interfaces/msg/rosidl_typesupport_fastrtps_c__visibility_control.h
[3.357s] -- Up-to-date: /home/tkdals/robot_ws/install/tutorial_interfaces/include/tutorial_interfaces/tutorial_interfaces/srv
[3.357s] -- Up-to-date: /home/tkdals/robot_ws/install/tutorial_interfaces/include/tutorial_interfaces/tutorial_interfaces/srv/detail
[3.357s] -- Installing: /home/tkdals/robot_ws/install/tutorial_interfaces/include/tutorial_interfaces/tutorial_interfaces/srv/detail/plus2__rosidl_typesupport_fastrtps_c.h
[3.357s] -- Installing: /home/tkdals/robot_ws/install/tutorial_interfaces/include/tutorial_interfaces/tutorial_interfaces/srv/detail/plus__rosidl_typesupport_fastrtps_c.h
[3.357s] -- Installing: /home/tkdals/robot_ws/install/tutorial_interfaces/lib/libtutorial_interfaces__rosidl_typesupport_fastrtps_c.so
[3.358s] -- Set runtime path of "/home/tkdals/robot_ws/install/tutorial_interfaces/lib/libtutorial_interfaces__rosidl_typesupport_fastrtps_c.so" to ""
[3.358s] -- Up-to-date: /home/tkdals/robot_ws/install/tutorial_interfaces/include/tutorial_interfaces/tutorial_interfaces
[3.358s] -- Up-to-date: /home/tkdals/robot_ws/install/tutorial_interfaces/include/tutorial_interfaces/tutorial_interfaces/srv
[3.358s] -- Up-to-date: /home/tkdals/robot_ws/install/tutorial_interfaces/include/tutorial_interfaces/tutorial_interfaces/srv/detail
[3.358s] -- Installing: /home/tkdals/robot_ws/install/tutorial_interfaces/include/tutorial_interfaces/tutorial_interfaces/srv/detail/plus2__builder.hpp
[3.358s] -- Installing: /home/tkdals/robot_ws/install/tutorial_interfaces/include/tutorial_interfaces/tutorial_interfaces/srv/detail/plus2__traits.hpp
[3.358s] -- Installing: /home/tkdals/robot_ws/install/tutorial_interfaces/include/tutorial_interfaces/tutorial_interfaces/srv/detail/plus2__struct.hpp
[3.358s] -- Installing: /home/tkdals/robot_ws/install/tutorial_interfaces/include/tutorial_interfaces/tutorial_interfaces/srv/detail/plus__traits.hpp
[3.358s] -- Installing: /home/tkdals/robot_ws/install/tutorial_interfaces/include/tutorial_interfaces/tutorial_interfaces/srv/detail/plus__builder.hpp
[3.358s] -- Installing: /home/tkdals/robot_ws/install/tutorial_interfaces/include/tutorial_interfaces/tutorial_interfaces/srv/detail/plus__struct.hpp
[3.359s] -- Installing: /home/tkdals/robot_ws/install/tutorial_interfaces/include/tutorial_interfaces/tutorial_interfaces/srv/plus.hpp
[3.359s] -- Installing: /home/tkdals/robot_ws/install/tutorial_interfaces/include/tutorial_interfaces/tutorial_interfaces/srv/plus2.hpp
[3.359s] -- Up-to-date: /home/tkdals/robot_ws/install/tutorial_interfaces/include/tutorial_interfaces/tutorial_interfaces
[3.359s] -- Up-to-date: /home/tkdals/robot_ws/install/tutorial_interfaces/include/tutorial_interfaces/tutorial_interfaces/msg
[3.359s] -- Installing: /home/tkdals/robot_ws/install/tutorial_interfaces/include/tutorial_interfaces/tutorial_interfaces/msg/rosidl_typesupport_fastrtps_cpp__visibility_control.h
[3.359s] -- Up-to-date: /home/tkdals/robot_ws/install/tutorial_interfaces/include/tutorial_interfaces/tutorial_interfaces/srv
[3.359s] -- Up-to-date: /home/tkdals/robot_ws/install/tutorial_interfaces/include/tutorial_interfaces/tutorial_interfaces/srv/detail
[3.359s] -- Installing: /home/tkdals/robot_ws/install/tutorial_interfaces/include/tutorial_interfaces/tutorial_interfaces/srv/detail/plus2__rosidl_typesupport_fastrtps_cpp.hpp
[3.359s] -- Installing: /home/tkdals/robot_ws/install/tutorial_interfaces/include/tutorial_interfaces/tutorial_interfaces/srv/detail/plus__rosidl_typesupport_fastrtps_cpp.hpp
[3.359s] -- Installing: /home/tkdals/robot_ws/install/tutorial_interfaces/include/tutorial_interfaces/tutorial_interfaces/srv/detail/dds_fastrtps
[3.360s] -- Installing: /home/tkdals/robot_ws/install/tutorial_interfaces/lib/libtutorial_interfaces__rosidl_typesupport_fastrtps_cpp.so
[3.360s] -- Set runtime path of "/home/tkdals/robot_ws/install/tutorial_interfaces/lib/libtutorial_interfaces__rosidl_typesupport_fastrtps_cpp.so" to ""
[3.360s] -- Up-to-date: /home/tkdals/robot_ws/install/tutorial_interfaces/include/tutorial_interfaces/tutorial_interfaces
[3.360s] -- Up-to-date: /home/tkdals/robot_ws/install/tutorial_interfaces/include/tutorial_interfaces/tutorial_interfaces/msg
[3.360s] -- Installing: /home/tkdals/robot_ws/install/tutorial_interfaces/include/tutorial_interfaces/tutorial_interfaces/msg/rosidl_typesupport_introspection_c__visibility_control.h
[3.360s] -- Up-to-date: /home/tkdals/robot_ws/install/tutorial_interfaces/include/tutorial_interfaces/tutorial_interfaces/srv
[3.360s] -- Up-to-date: /home/tkdals/robot_ws/install/tutorial_interfaces/include/tutorial_interfaces/tutorial_interfaces/srv/detail
[3.360s] -- Installing: /home/tkdals/robot_ws/install/tutorial_interfaces/include/tutorial_interfaces/tutorial_interfaces/srv/detail/plus__rosidl_typesupport_introspection_c.h
[3.360s] -- Installing: /home/tkdals/robot_ws/install/tutorial_interfaces/include/tutorial_interfaces/tutorial_interfaces/srv/detail/plus2__rosidl_typesupport_introspection_c.h
[3.360s] -- Installing: /home/tkdals/robot_ws/install/tutorial_interfaces/include/tutorial_interfaces/tutorial_interfaces/srv/detail/plus__type_support.c
[3.361s] -- Installing: /home/tkdals/robot_ws/install/tutorial_interfaces/include/tutorial_interfaces/tutorial_interfaces/srv/detail/plus2__type_support.c
[3.361s] -- Installing: /home/tkdals/robot_ws/install/tutorial_interfaces/lib/libtutorial_interfaces__rosidl_typesupport_introspection_c.so
[3.361s] -- Set runtime path of "/home/tkdals/robot_ws/install/tutorial_interfaces/lib/libtutorial_interfaces__rosidl_typesupport_introspection_c.so" to ""
[3.361s] -- Installing: /home/tkdals/robot_ws/install/tutorial_interfaces/lib/libtutorial_interfaces__rosidl_typesupport_c.so
[3.362s] -- Set runtime path of "/home/tkdals/robot_ws/install/tutorial_interfaces/lib/libtutorial_interfaces__rosidl_typesupport_c.so" to ""
[3.362s] -- Up-to-date: /home/tkdals/robot_ws/install/tutorial_interfaces/include/tutorial_interfaces/tutorial_interfaces
[3.362s] -- Up-to-date: /home/tkdals/robot_ws/install/tutorial_interfaces/include/tutorial_interfaces/tutorial_interfaces/srv
[3.362s] -- Up-to-date: /home/tkdals/robot_ws/install/tutorial_interfaces/include/tutorial_interfaces/tutorial_interfaces/srv/detail
[3.362s] -- Installing: /home/tkdals/robot_ws/install/tutorial_interfaces/include/tutorial_interfaces/tutorial_interfaces/srv/detail/plus2__rosidl_typesupport_introspection_cpp.hpp
[3.362s] -- Installing: /home/tkdals/robot_ws/install/tutorial_interfaces/include/tutorial_interfaces/tutorial_interfaces/srv/detail/plus__rosidl_typesupport_introspection_cpp.hpp
[3.362s] -- Installing: /home/tkdals/robot_ws/install/tutorial_interfaces/include/tutorial_interfaces/tutorial_interfaces/srv/detail/plus2__type_support.cpp
[3.362s] -- Installing: /home/tkdals/robot_ws/install/tutorial_interfaces/include/tutorial_interfaces/tutorial_interfaces/srv/detail/plus__type_support.cpp
[3.362s] -- Installing: /home/tkdals/robot_ws/install/tutorial_interfaces/lib/libtutorial_interfaces__rosidl_typesupport_introspection_cpp.so
[3.363s] -- Set runtime path of "/home/tkdals/robot_ws/install/tutorial_interfaces/lib/libtutorial_interfaces__rosidl_typesupport_introspection_cpp.so" to ""
[3.363s] -- Installing: /home/tkdals/robot_ws/install/tutorial_interfaces/lib/libtutorial_interfaces__rosidl_typesupport_cpp.so
[3.363s] -- Set runtime path of "/home/tkdals/robot_ws/install/tutorial_interfaces/lib/libtutorial_interfaces__rosidl_typesupport_cpp.so" to ""
[3.363s] -- Installing: /home/tkdals/robot_ws/install/tutorial_interfaces/share/tutorial_interfaces/environment/pythonpath.sh
[3.363s] -- Installing: /home/tkdals/robot_ws/install/tutorial_interfaces/share/tutorial_interfaces/environment/pythonpath.dsv
[3.363s] -- Installing: /home/tkdals/robot_ws/install/tutorial_interfaces/local/lib/python3.10/dist-packages/tutorial_interfaces-0.0.0-py3.10.egg-info
[3.364s] -- Installing: /home/tkdals/robot_ws/install/tutorial_interfaces/local/lib/python3.10/dist-packages/tutorial_interfaces-0.0.0-py3.10.egg-info/PKG-INFO
[3.364s] -- Installing: /home/tkdals/robot_ws/install/tutorial_interfaces/local/lib/python3.10/dist-packages/tutorial_interfaces-0.0.0-py3.10.egg-info/dependency_links.txt
[3.364s] -- Installing: /home/tkdals/robot_ws/install/tutorial_interfaces/local/lib/python3.10/dist-packages/tutorial_interfaces-0.0.0-py3.10.egg-info/top_level.txt
[3.364s] -- Installing: /home/tkdals/robot_ws/install/tutorial_interfaces/local/lib/python3.10/dist-packages/tutorial_interfaces-0.0.0-py3.10.egg-info/SOURCES.txt
[3.364s] -- Installing: /home/tkdals/robot_ws/install/tutorial_interfaces/local/lib/python3.10/dist-packages/tutorial_interfaces
[3.364s] -- Installing: /home/tkdals/robot_ws/install/tutorial_interfaces/local/lib/python3.10/dist-packages/tutorial_interfaces/tutorial_interfaces_s__rosidl_typesupport_introspection_c.cpython-310-x86_64-linux-gnu.so
[3.364s] -- Installing: /home/tkdals/robot_ws/install/tutorial_interfaces/local/lib/python3.10/dist-packages/tutorial_interfaces/libtutorial_interfaces__rosidl_generator_py.so
[3.364s] -- Installing: /home/tkdals/robot_ws/install/tutorial_interfaces/local/lib/python3.10/dist-packages/tutorial_interfaces/tutorial_interfaces_s__rosidl_typesupport_fastrtps_c.cpython-310-x86_64-linux-gnu.so
[3.365s] -- Installing: /home/tkdals/robot_ws/install/tutorial_interfaces/local/lib/python3.10/dist-packages/tutorial_interfaces/_tutorial_interfaces_s.ep.rosidl_typesupport_fastrtps_c.c
[3.365s] -- Installing: /home/tkdals/robot_ws/install/tutorial_interfaces/local/lib/python3.10/dist-packages/tutorial_interfaces/__init__.py
[3.365s] -- Installing: /home/tkdals/robot_ws/install/tutorial_interfaces/local/lib/python3.10/dist-packages/tutorial_interfaces/_tutorial_interfaces_s.ep.rosidl_typesupport_introspection_c.c
[3.365s] -- Installing: /home/tkdals/robot_ws/install/tutorial_interfaces/local/lib/python3.10/dist-packages/tutorial_interfaces/_tutorial_interfaces_s.ep.rosidl_typesupport_c.c
[3.365s] -- Installing: /home/tkdals/robot_ws/install/tutorial_interfaces/local/lib/python3.10/dist-packages/tutorial_interfaces/tutorial_interfaces_s__rosidl_typesupport_c.cpython-310-x86_64-linux-gnu.so
[3.365s] -- Installing: /home/tkdals/robot_ws/install/tutorial_interfaces/local/lib/python3.10/dist-packages/tutorial_interfaces/srv
[3.365s] -- Installing: /home/tkdals/robot_ws/install/tutorial_interfaces/local/lib/python3.10/dist-packages/tutorial_interfaces/srv/_plus2.py
[3.365s] -- Installing: /home/tkdals/robot_ws/install/tutorial_interfaces/local/lib/python3.10/dist-packages/tutorial_interfaces/srv/_plus.py
[3.365s] -- Installing: /home/tkdals/robot_ws/install/tutorial_interfaces/local/lib/python3.10/dist-packages/tutorial_interfaces/srv/_plus2_s.c
[3.366s] -- Installing: /home/tkdals/robot_ws/install/tutorial_interfaces/local/lib/python3.10/dist-packages/tutorial_interfaces/srv/__init__.py
[3.366s] -- Installing: /home/tkdals/robot_ws/install/tutorial_interfaces/local/lib/python3.10/dist-packages/tutorial_interfaces/srv/_plus_s.c
[3.400s] Listing '/home/tkdals/robot_ws/install/tutorial_interfaces/local/lib/python3.10/dist-packages/tutorial_interfaces'...
[3.400s] Compiling '/home/tkdals/robot_ws/install/tutorial_interfaces/local/lib/python3.10/dist-packages/tutorial_interfaces/__init__.py'...
[3.400s] Listing '/home/tkdals/robot_ws/install/tutorial_interfaces/local/lib/python3.10/dist-packages/tutorial_interfaces/srv'...
[3.400s] Compiling '/home/tkdals/robot_ws/install/tutorial_interfaces/local/lib/python3.10/dist-packages/tutorial_interfaces/srv/__init__.py'...
[3.400s] Compiling '/home/tkdals/robot_ws/install/tutorial_interfaces/local/lib/python3.10/dist-packages/tutorial_interfaces/srv/_plus.py'...
[3.400s] Compiling '/home/tkdals/robot_ws/install/tutorial_interfaces/local/lib/python3.10/dist-packages/tutorial_interfaces/srv/_plus2.py'...
[3.403s] -- Installing: /home/tkdals/robot_ws/install/tutorial_interfaces/local/lib/python3.10/dist-packages/tutorial_interfaces/tutorial_interfaces_s__rosidl_typesupport_fastrtps_c.cpython-310-x86_64-linux-gnu.so
[3.403s] -- Set runtime path of "/home/tkdals/robot_ws/install/tutorial_interfaces/local/lib/python3.10/dist-packages/tutorial_interfaces/tutorial_interfaces_s__rosidl_typesupport_fastrtps_c.cpython-310-x86_64-linux-gnu.so" to ""
[3.403s] -- Installing: /home/tkdals/robot_ws/install/tutorial_interfaces/local/lib/python3.10/dist-packages/tutorial_interfaces/tutorial_interfaces_s__rosidl_typesupport_introspection_c.cpython-310-x86_64-linux-gnu.so
[3.404s] -- Set runtime path of "/home/tkdals/robot_ws/install/tutorial_interfaces/local/lib/python3.10/dist-packages/tutorial_interfaces/tutorial_interfaces_s__rosidl_typesupport_introspection_c.cpython-310-x86_64-linux-gnu.so" to ""
[3.404s] -- Installing: /home/tkdals/robot_ws/install/tutorial_interfaces/local/lib/python3.10/dist-packages/tutorial_interfaces/tutorial_interfaces_s__rosidl_typesupport_c.cpython-310-x86_64-linux-gnu.so
[3.404s] -- Set runtime path of "/home/tkdals/robot_ws/install/tutorial_interfaces/local/lib/python3.10/dist-packages/tutorial_interfaces/tutorial_interfaces_s__rosidl_typesupport_c.cpython-310-x86_64-linux-gnu.so" to ""
[3.405s] -- Installing: /home/tkdals/robot_ws/install/tutorial_interfaces/lib/libtutorial_interfaces__rosidl_generator_py.so
[3.405s] -- Set runtime path of "/home/tkdals/robot_ws/install/tutorial_interfaces/lib/libtutorial_interfaces__rosidl_generator_py.so" to ""
[3.405s] -- Installing: /home/tkdals/robot_ws/install/tutorial_interfaces/share/tutorial_interfaces/srv/Plus.idl
[3.405s] -- Installing: /home/tkdals/robot_ws/install/tutorial_interfaces/share/tutorial_interfaces/srv/Plus2.idl
[3.405s] -- Installing: /home/tkdals/robot_ws/install/tutorial_interfaces/share/tutorial_interfaces/srv/Plus.srv
[3.406s] -- Installing: /home/tkdals/robot_ws/install/tutorial_interfaces/share/tutorial_interfaces/srv/Plus_Request.msg
[3.406s] -- Installing: /home/tkdals/robot_ws/install/tutorial_interfaces/share/tutorial_interfaces/srv/Plus_Response.msg
[3.406s] -- Installing: /home/tkdals/robot_ws/install/tutorial_interfaces/share/tutorial_interfaces/srv/Plus2.srv
[3.406s] -- Installing: /home/tkdals/robot_ws/install/tutorial_interfaces/share/tutorial_interfaces/srv/Plus2_Request.msg
[3.406s] -- Installing: /home/tkdals/robot_ws/install/tutorial_interfaces/share/tutorial_interfaces/srv/Plus2_Response.msg
[3.406s] -- Installing: /home/tkdals/robot_ws/install/tutorial_interfaces/share/ament_index/resource_index/package_run_dependencies/tutorial_interfaces
[3.406s] -- Installing: /home/tkdals/robot_ws/install/tutorial_interfaces/share/ament_index/resource_index/parent_prefix_path/tutorial_interfaces
[3.406s] -- Installing: /home/tkdals/robot_ws/install/tutorial_interfaces/share/tutorial_interfaces/environment/ament_prefix_path.sh
[3.406s] -- Installing: /home/tkdals/robot_ws/install/tutorial_interfaces/share/tutorial_interfaces/environment/ament_prefix_path.dsv
[3.407s] -- Installing: /home/tkdals/robot_ws/install/tutorial_interfaces/share/tutorial_interfaces/environment/path.sh
[3.407s] -- Installing: /home/tkdals/robot_ws/install/tutorial_interfaces/share/tutorial_interfaces/environment/path.dsv
[3.407s] -- Installing: /home/tkdals/robot_ws/install/tutorial_interfaces/share/tutorial_interfaces/local_setup.bash
[3.407s] -- Installing: /home/tkdals/robot_ws/install/tutorial_interfaces/share/tutorial_interfaces/local_setup.sh
[3.407s] -- Installing: /home/tkdals/robot_ws/install/tutorial_interfaces/share/tutorial_interfaces/local_setup.zsh
[3.407s] -- Installing: /home/tkdals/robot_ws/install/tutorial_interfaces/share/tutorial_interfaces/local_setup.dsv
[3.407s] -- Installing: /home/tkdals/robot_ws/install/tutorial_interfaces/share/tutorial_interfaces/package.dsv
[3.408s] -- Installing: /home/tkdals/robot_ws/install/tutorial_interfaces/share/ament_index/resource_index/packages/tutorial_interfaces
[3.408s] -- Installing: /home/tkdals/robot_ws/install/tutorial_interfaces/share/tutorial_interfaces/cmake/export_tutorial_interfaces__rosidl_generator_cExport.cmake
[3.408s] -- Installing: /home/tkdals/robot_ws/install/tutorial_interfaces/share/tutorial_interfaces/cmake/export_tutorial_interfaces__rosidl_generator_cExport-noconfig.cmake
[3.408s] -- Installing: /home/tkdals/robot_ws/install/tutorial_interfaces/share/tutorial_interfaces/cmake/export_tutorial_interfaces__rosidl_typesupport_fastrtps_cExport.cmake
[3.408s] -- Installing: /home/tkdals/robot_ws/install/tutorial_interfaces/share/tutorial_interfaces/cmake/export_tutorial_interfaces__rosidl_typesupport_fastrtps_cExport-noconfig.cmake
[3.408s] -- Installing: /home/tkdals/robot_ws/install/tutorial_interfaces/share/tutorial_interfaces/cmake/export_tutorial_interfaces__rosidl_generator_cppExport.cmake
[3.409s] -- Installing: /home/tkdals/robot_ws/install/tutorial_interfaces/share/tutorial_interfaces/cmake/export_tutorial_interfaces__rosidl_typesupport_fastrtps_cppExport.cmake
[3.409s] -- Installing: /home/tkdals/robot_ws/install/tutorial_interfaces/share/tutorial_interfaces/cmake/export_tutorial_interfaces__rosidl_typesupport_fastrtps_cppExport-noconfig.cmake
[3.409s] -- Installing: /home/tkdals/robot_ws/install/tutorial_interfaces/share/tutorial_interfaces/cmake/tutorial_interfaces__rosidl_typesupport_introspection_cExport.cmake
[3.409s] -- Installing: /home/tkdals/robot_ws/install/tutorial_interfaces/share/tutorial_interfaces/cmake/tutorial_interfaces__rosidl_typesupport_introspection_cExport-noconfig.cmake
[3.409s] -- Installing: /home/tkdals/robot_ws/install/tutorial_interfaces/share/tutorial_interfaces/cmake/tutorial_interfaces__rosidl_typesupport_cExport.cmake
[3.409s] -- Installing: /home/tkdals/robot_ws/install/tutorial_interfaces/share/tutorial_interfaces/cmake/tutorial_interfaces__rosidl_typesupport_cExport-noconfig.cmake
[3.409s] -- Installing: /home/tkdals/robot_ws/install/tutorial_interfaces/share/tutorial_interfaces/cmake/tutorial_interfaces__rosidl_typesupport_introspection_cppExport.cmake
[3.410s] -- Installing: /home/tkdals/robot_ws/install/tutorial_interfaces/share/tutorial_interfaces/cmake/tutorial_interfaces__rosidl_typesupport_introspection_cppExport-noconfig.cmake
[3.410s] -- Installing: /home/tkdals/robot_ws/install/tutorial_interfaces/share/tutorial_interfaces/cmake/tutorial_interfaces__rosidl_typesupport_cppExport.cmake
[3.410s] -- Installing: /home/tkdals/robot_ws/install/tutorial_interfaces/share/tutorial_interfaces/cmake/tutorial_interfaces__rosidl_typesupport_cppExport-noconfig.cmake
[3.410s] -- Installing: /home/tkdals/robot_ws/install/tutorial_interfaces/share/tutorial_interfaces/cmake/export_tutorial_interfaces__rosidl_generator_pyExport.cmake
[3.410s] -- Installing: /home/tkdals/robot_ws/install/tutorial_interfaces/share/tutorial_interfaces/cmake/export_tutorial_interfaces__rosidl_generator_pyExport-noconfig.cmake
[3.410s] -- Installing: /home/tkdals/robot_ws/install/tutorial_interfaces/share/tutorial_interfaces/cmake/rosidl_cmake-extras.cmake
[3.410s] -- Installing: /home/tkdals/robot_ws/install/tutorial_interfaces/share/tutorial_interfaces/cmake/ament_cmake_export_dependencies-extras.cmake
[3.410s] -- Installing: /home/tkdals/robot_ws/install/tutorial_interfaces/share/tutorial_interfaces/cmake/ament_cmake_export_include_directories-extras.cmake
[3.411s] -- Installing: /home/tkdals/robot_ws/install/tutorial_interfaces/share/tutorial_interfaces/cmake/ament_cmake_export_libraries-extras.cmake
[3.411s] -- Installing: /home/tkdals/robot_ws/install/tutorial_interfaces/share/tutorial_interfaces/cmake/ament_cmake_export_targets-extras.cmake
[3.411s] -- Installing: /home/tkdals/robot_ws/install/tutorial_interfaces/share/tutorial_interfaces/cmake/rosidl_cmake_export_typesupport_targets-extras.cmake
[3.411s] -- Installing: /home/tkdals/robot_ws/install/tutorial_interfaces/share/tutorial_interfaces/cmake/rosidl_cmake_export_typesupport_libraries-extras.cmake
[3.411s] -- Installing: /home/tkdals/robot_ws/install/tutorial_interfaces/share/tutorial_interfaces/cmake/tutorial_interfacesConfig.cmake
[3.411s] -- Installing: /home/tkdals/robot_ws/install/tutorial_interfaces/share/tutorial_interfaces/cmake/tutorial_interfacesConfig-version.cmake
[3.411s] -- Installing: /home/tkdals/robot_ws/install/tutorial_interfaces/share/tutorial_interfaces/package.xml
[3.413s] Invoked command in '/home/tkdals/robot_ws/build/tutorial_interfaces' returned '0': CMAKE_PREFIX_PATH=${CMAKE_PREFIX_PATH}:/opt/ros/humble /usr/bin/cmake --install /home/tkdals/robot_ws/build/tutorial_interfaces
