[35m[1mConsolidate compiler generated dependencies of target talker[0m
[ 33%] Built target listener
[ 66%] Built target listener2
[ 83%] [32mBuilding CXX object CMakeFiles/talker.dir/src/homework1_pub.cpp.o[0m
[100%] [32m[1mLinking CXX executable talker[0m
[100%] Built target talker
-- Install configuration: ""
-- Installing: /home/tkdals/robot_ws/install/homework1_pkg/lib/homework1_pkg/talker
-- Set runtime path of "/home/tkdals/robot_ws/install/homework1_pkg/lib/homework1_pkg/talker" to ""
-- Up-to-date: /home/tkdals/robot_ws/install/homework1_pkg/lib/homework1_pkg/listener
-- Up-to-date: /home/tkdals/robot_ws/install/homework1_pkg/lib/homework1_pkg/listener2
-- Up-to-date: /home/tkdals/robot_ws/install/homework1_pkg/share/ament_index/resource_index/package_run_dependencies/homework1_pkg
-- Up-to-date: /home/tkdals/robot_ws/install/homework1_pkg/share/ament_index/resource_index/parent_prefix_path/homework1_pkg
-- Up-to-date: /home/tkdals/robot_ws/install/homework1_pkg/share/homework1_pkg/environment/ament_prefix_path.sh
-- Up-to-date: /home/tkdals/robot_ws/install/homework1_pkg/share/homework1_pkg/environment/ament_prefix_path.dsv
-- Up-to-date: /home/tkdals/robot_ws/install/homework1_pkg/share/homework1_pkg/environment/path.sh
-- Up-to-date: /home/tkdals/robot_ws/install/homework1_pkg/share/homework1_pkg/environment/path.dsv
-- Up-to-date: /home/tkdals/robot_ws/install/homework1_pkg/share/homework1_pkg/local_setup.bash
-- Up-to-date: /home/tkdals/robot_ws/install/homework1_pkg/share/homework1_pkg/local_setup.sh
-- Up-to-date: /home/tkdals/robot_ws/install/homework1_pkg/share/homework1_pkg/local_setup.zsh
-- Up-to-date: /home/tkdals/robot_ws/install/homework1_pkg/share/homework1_pkg/local_setup.dsv
-- Installing: /home/tkdals/robot_ws/install/homework1_pkg/share/homework1_pkg/package.dsv
-- Up-to-date: /home/tkdals/robot_ws/install/homework1_pkg/share/ament_index/resource_index/packages/homework1_pkg
-- Up-to-date: /home/tkdals/robot_ws/install/homework1_pkg/share/homework1_pkg/cmake/homework1_pkgConfig.cmake
-- Up-to-date: /home/tkdals/robot_ws/install/homework1_pkg/share/homework1_pkg/cmake/homework1_pkgConfig-version.cmake
-- Up-to-date: /home/tkdals/robot_ws/install/homework1_pkg/share/homework1_pkg/package.xml
