[0.012s] Invoking command in '/home/tkdals/robot_ws/build/homework1_pkg': CMAKE_PREFIX_PATH=/home/tkdals/robot_ws/install/homework2_2_pkg:/home/tkdals/robot_ws/install/tutorial_interfaces:/home/tkdals/robot_ws/install/homework3_pkg:/home/tkdals/robot_ws/install/homework1_pkg:/home/tkdals/robot_ws/install/ex_client_server_pkg:/opt/ros/humble:/home/tkdals/robot_ws/install/dynamixel_sdk /usr/bin/cmake --build /home/tkdals/robot_ws/build/homework1_pkg -- -j20 -l20
[0.057s] [35m[1mConsolidate compiler generated dependencies of target talker[0m
[0.072s] [ 33%] Built target listener
[0.073s] [ 66%] Built target listener2
[0.092s] [ 83%] [32mBuilding CXX object CMakeFiles/talker.dir/src/homework1_pub.cpp.o[0m
[2.707s] [100%] [32m[1mLinking CXX executable talker[0m
[2.836s] [100%] Built target talker
[2.846s] Invoked command in '/home/tkdals/robot_ws/build/homework1_pkg' returned '0': CMAKE_PREFIX_PATH=/home/tkdals/robot_ws/install/homework2_2_pkg:/home/tkdals/robot_ws/install/tutorial_interfaces:/home/tkdals/robot_ws/install/homework3_pkg:/home/tkdals/robot_ws/install/homework1_pkg:/home/tkdals/robot_ws/install/ex_client_server_pkg:/opt/ros/humble:/home/tkdals/robot_ws/install/dynamixel_sdk /usr/bin/cmake --build /home/tkdals/robot_ws/build/homework1_pkg -- -j20 -l20
[2.884s] Invoking command in '/home/tkdals/robot_ws/build/homework1_pkg': CMAKE_PREFIX_PATH=/home/tkdals/robot_ws/install/homework2_2_pkg:/home/tkdals/robot_ws/install/tutorial_interfaces:/home/tkdals/robot_ws/install/homework3_pkg:/home/tkdals/robot_ws/install/homework1_pkg:/home/tkdals/robot_ws/install/ex_client_server_pkg:/opt/ros/humble:/home/tkdals/robot_ws/install/dynamixel_sdk /usr/bin/cmake --install /home/tkdals/robot_ws/build/homework1_pkg
[2.888s] -- Install configuration: ""
[2.889s] -- Installing: /home/tkdals/robot_ws/install/homework1_pkg/lib/homework1_pkg/talker
[2.889s] -- Set runtime path of "/home/tkdals/robot_ws/install/homework1_pkg/lib/homework1_pkg/talker" to ""
[2.889s] -- Up-to-date: /home/tkdals/robot_ws/install/homework1_pkg/lib/homework1_pkg/listener
[2.889s] -- Up-to-date: /home/tkdals/robot_ws/install/homework1_pkg/lib/homework1_pkg/listener2
[2.889s] -- Up-to-date: /home/tkdals/robot_ws/install/homework1_pkg/share/ament_index/resource_index/package_run_dependencies/homework1_pkg
[2.889s] -- Up-to-date: /home/tkdals/robot_ws/install/homework1_pkg/share/ament_index/resource_index/parent_prefix_path/homework1_pkg
[2.890s] -- Up-to-date: /home/tkdals/robot_ws/install/homework1_pkg/share/homework1_pkg/environment/ament_prefix_path.sh
[2.890s] -- Up-to-date: /home/tkdals/robot_ws/install/homework1_pkg/share/homework1_pkg/environment/ament_prefix_path.dsv
[2.890s] -- Up-to-date: /home/tkdals/robot_ws/install/homework1_pkg/share/homework1_pkg/environment/path.sh
[2.890s] -- Up-to-date: /home/tkdals/robot_ws/install/homework1_pkg/share/homework1_pkg/environment/path.dsv
[2.890s] -- Up-to-date: /home/tkdals/robot_ws/install/homework1_pkg/share/homework1_pkg/local_setup.bash
[2.890s] -- Up-to-date: /home/tkdals/robot_ws/install/homework1_pkg/share/homework1_pkg/local_setup.sh
[2.890s] -- Up-to-date: /home/tkdals/robot_ws/install/homework1_pkg/share/homework1_pkg/local_setup.zsh
[2.890s] -- Up-to-date: /home/tkdals/robot_ws/install/homework1_pkg/share/homework1_pkg/local_setup.dsv
[2.890s] -- Installing: /home/tkdals/robot_ws/install/homework1_pkg/share/homework1_pkg/package.dsv
[2.890s] -- Up-to-date: /home/tkdals/robot_ws/install/homework1_pkg/share/ament_index/resource_index/packages/homework1_pkg
[2.890s] -- Up-to-date: /home/tkdals/robot_ws/install/homework1_pkg/share/homework1_pkg/cmake/homework1_pkgConfig.cmake
[2.890s] -- Up-to-date: /home/tkdals/robot_ws/install/homework1_pkg/share/homework1_pkg/cmake/homework1_pkgConfig-version.cmake
[2.890s] -- Up-to-date: /home/tkdals/robot_ws/install/homework1_pkg/share/homework1_pkg/package.xml
[2.891s] Invoked command in '/home/tkdals/robot_ws/build/homework1_pkg' returned '0': CMAKE_PREFIX_PATH=/home/tkdals/robot_ws/install/homework2_2_pkg:/home/tkdals/robot_ws/install/tutorial_interfaces:/home/tkdals/robot_ws/install/homework3_pkg:/home/tkdals/robot_ws/install/homework1_pkg:/home/tkdals/robot_ws/install/ex_client_server_pkg:/opt/ros/humble:/home/tkdals/robot_ws/install/dynamixel_sdk /usr/bin/cmake --install /home/tkdals/robot_ws/build/homework1_pkg
