[0.012s] Invoking command in '/home/tkdals/robot_ws/build/tutorial_interfaces': CMAKE_PREFIX_PATH=${CMAKE_PREFIX_PATH}:/opt/ros/humble /usr/bin/cmake --build /home/tkdals/robot_ws/build/tutorial_interfaces -- -j20 -l20
[0.059s] [ 10%] Built target tutorial_interfaces__rosidl_generator_c
[0.060s] [ 12%] Built target tutorial_interfaces__cpp
[0.068s] [ 12%] Built target ament_cmake_python_copy_tutorial_interfaces
[0.080s] [ 23%] Built target tutorial_interfaces__rosidl_typesupport_fastrtps_c
[0.081s] [ 33%] Built target tutorial_interfaces__rosidl_typesupport_introspection_c
[0.085s] [ 43%] Built target tutorial_interfaces__rosidl_typesupport_c
[0.087s] [ 53%] Built target tutorial_interfaces__rosidl_typesupport_introspection_cpp
[0.088s] [ 64%] Built target tutorial_interfaces__rosidl_typesupport_cpp
[0.088s] [ 74%] Built target tutorial_interfaces__rosidl_typesupport_fastrtps_cpp
[0.104s] [ 74%] Built target tutorial_interfaces
[0.126s] [ 76%] Built target tutorial_interfaces__py
[0.140s] [ 84%] Built target tutorial_interfaces__rosidl_generator_py
[0.154s] [ 89%] Built target tutorial_interfaces__rosidl_typesupport_fastrtps_c__pyext
[0.156s] [ 94%] Built target tutorial_interfaces__rosidl_typesupport_introspection_c__pyext
[0.158s] [100%] Built target tutorial_interfaces__rosidl_typesupport_c__pyext
[0.215s] running egg_info
[0.216s] writing tutorial_interfaces.egg-info/PKG-INFO
[0.216s] writing dependency_links to tutorial_interfaces.egg-info/dependency_links.txt
[0.216s] writing top-level names to tutorial_interfaces.egg-info/top_level.txt
[0.218s] reading manifest file 'tutorial_interfaces.egg-info/SOURCES.txt'
[0.218s] writing manifest file 'tutorial_interfaces.egg-info/SOURCES.txt'
[0.238s] [100%] Built target ament_cmake_python_build_tutorial_interfaces_egg
