[0.012s] Invoking command in '/home/tkdals/robot_ws/build/homework1_pkg': CMAKE_PREFIX_PATH=/home/tkdals/robot_ws/install/homework2_2_pkg:/home/tkdals/robot_ws/install/tutorial_interfaces:/home/tkdals/robot_ws/install/homework3_pkg:/home/tkdals/robot_ws/install/homework1_pkg:/home/tkdals/robot_ws/install/ex_client_server_pkg:/opt/ros/humble:/home/tkdals/robot_ws/install/dynamixel_sdk /usr/bin/cmake --build /home/tkdals/robot_ws/build/homework1_pkg -- -j20 -l20
[0.052s] [ 33%] Built target listener
[0.055s] [ 66%] Built target talker
[0.059s] [100%] Built target listener2
[0.067s] Invoked command in '/home/tkdals/robot_ws/build/homework1_pkg' returned '0': CMAKE_PREFIX_PATH=/home/tkdals/robot_ws/install/homework2_2_pkg:/home/tkdals/robot_ws/install/tutorial_interfaces:/home/tkdals/robot_ws/install/homework3_pkg:/home/tkdals/robot_ws/install/homework1_pkg:/home/tkdals/robot_ws/install/ex_client_server_pkg:/opt/ros/humble:/home/tkdals/robot_ws/install/dynamixel_sdk /usr/bin/cmake --build /home/tkdals/robot_ws/build/homework1_pkg -- -j20 -l20
[0.102s] Invoking command in '/home/tkdals/robot_ws/build/homework1_pkg': CMAKE_PREFIX_PATH=/home/tkdals/robot_ws/install/homework2_2_pkg:/home/tkdals/robot_ws/install/tutorial_interfaces:/home/tkdals/robot_ws/install/homework3_pkg:/home/tkdals/robot_ws/install/homework1_pkg:/home/tkdals/robot_ws/install/ex_client_server_pkg:/opt/ros/humble:/home/tkdals/robot_ws/install/dynamixel_sdk /usr/bin/cmake --install /home/tkdals/robot_ws/build/homework1_pkg
[0.108s] -- Install configuration: ""
[0.108s] -- Up-to-date: /home/tkdals/robot_ws/install/homework1_pkg/lib/homework1_pkg/talker
[0.108s] -- Up-to-date: /home/tkdals/robot_ws/install/homework1_pkg/lib/homework1_pkg/listener
[0.109s] -- Up-to-date: /home/tkdals/robot_ws/install/homework1_pkg/lib/homework1_pkg/listener2
[0.109s] -- Up-to-date: /home/tkdals/robot_ws/install/homework1_pkg/share/ament_index/resource_index/package_run_dependencies/homework1_pkg
[0.109s] -- Up-to-date: /home/tkdals/robot_ws/install/homework1_pkg/share/ament_index/resource_index/parent_prefix_path/homework1_pkg
[0.109s] -- Up-to-date: /home/tkdals/robot_ws/install/homework1_pkg/share/homework1_pkg/environment/ament_prefix_path.sh
[0.109s] -- Up-to-date: /home/tkdals/robot_ws/install/homework1_pkg/share/homework1_pkg/environment/ament_prefix_path.dsv
[0.109s] -- Up-to-date: /home/tkdals/robot_ws/install/homework1_pkg/share/homework1_pkg/environment/path.sh
[0.109s] -- Up-to-date: /home/tkdals/robot_ws/install/homework1_pkg/share/homework1_pkg/environment/path.dsv
[0.109s] -- Up-to-date: /home/tkdals/robot_ws/install/homework1_pkg/share/homework1_pkg/local_setup.bash
[0.109s] -- Up-to-date: /home/tkdals/robot_ws/install/homework1_pkg/share/homework1_pkg/local_setup.sh
[0.110s] -- Up-to-date: /home/tkdals/robot_ws/install/homework1_pkg/share/homework1_pkg/local_setup.zsh
[0.110s] -- Up-to-date: /home/tkdals/robot_ws/install/homework1_pkg/share/homework1_pkg/local_setup.dsv
[0.110s] -- Installing: /home/tkdals/robot_ws/install/homework1_pkg/share/homework1_pkg/package.dsv
[0.110s] -- Up-to-date: /home/tkdals/robot_ws/install/homework1_pkg/share/ament_index/resource_index/packages/homework1_pkg
[0.110s] -- Up-to-date: /home/tkdals/robot_ws/install/homework1_pkg/share/homework1_pkg/cmake/homework1_pkgConfig.cmake
[0.110s] -- Up-to-date: /home/tkdals/robot_ws/install/homework1_pkg/share/homework1_pkg/cmake/homework1_pkgConfig-version.cmake
[0.110s] -- Up-to-date: /home/tkdals/robot_ws/install/homework1_pkg/share/homework1_pkg/package.xml
[0.112s] Invoked command in '/home/tkdals/robot_ws/build/homework1_pkg' returned '0': CMAKE_PREFIX_PATH=/home/tkdals/robot_ws/install/homework2_2_pkg:/home/tkdals/robot_ws/install/tutorial_interfaces:/home/tkdals/robot_ws/install/homework3_pkg:/home/tkdals/robot_ws/install/homework1_pkg:/home/tkdals/robot_ws/install/ex_client_server_pkg:/opt/ros/humble:/home/tkdals/robot_ws/install/dynamixel_sdk /usr/bin/cmake --install /home/tkdals/robot_ws/build/homework1_pkg
