[0.012s] Invoking command in '/home/tkdals/robot_ws/build/tutorial_interfaces': CMAKE_PREFIX_PATH=/home/tkdals/robot_ws/install/homework2_2_pkg:/home/tkdals/robot_ws/install/tutorial_interfaces:/home/tkdals/robot_ws/install/homework3_pkg:/home/tkdals/robot_ws/install/homework1_pkg:/home/tkdals/robot_ws/install/ex_client_server_pkg:/opt/ros/humble:/home/tkdals/robot_ws/install/dynamixel_sdk /usr/bin/cmake --build /home/tkdals/robot_ws/build/tutorial_interfaces -- -j20 -l20
[0.062s] [  0%] Built target ament_cmake_python_copy_tutorial_interfaces
[0.063s] [ 10%] Built target tutorial_interfaces__rosidl_generator_c
[0.064s] [ 12%] Built target tutorial_interfaces__cpp
[0.084s] [ 23%] Built target tutorial_interfaces__rosidl_typesupport_introspection_c
[0.086s] [ 33%] Built target tutorial_interfaces__rosidl_typesupport_introspection_cpp
[0.086s] [ 43%] Built target tutorial_interfaces__rosidl_typesupport_fastrtps_cpp
[0.086s] [ 53%] Built target tutorial_interfaces__rosidl_typesupport_fastrtps_c
[0.090s] [ 64%] Built target tutorial_interfaces__rosidl_typesupport_c
[0.093s] [ 74%] Built target tutorial_interfaces__rosidl_typesupport_cpp
[0.113s] [ 74%] Built target tutorial_interfaces
[0.126s] [ 76%] Built target tutorial_interfaces__py
[0.145s] [ 84%] Built target tutorial_interfaces__rosidl_generator_py
[0.159s] [ 89%] Built target tutorial_interfaces__rosidl_typesupport_introspection_c__pyext
[0.164s] [ 94%] Built target tutorial_interfaces__rosidl_typesupport_fastrtps_c__pyext
[0.167s] [100%] Built target tutorial_interfaces__rosidl_typesupport_c__pyext
[0.215s] running egg_info
[0.216s] writing tutorial_interfaces.egg-info/PKG-INFO
[0.216s] writing dependency_links to tutorial_interfaces.egg-info/dependency_links.txt
[0.216s] writing top-level names to tutorial_interfaces.egg-info/top_level.txt
[0.218s] reading manifest file 'tutorial_interfaces.egg-info/SOURCES.txt'
[0.218s] writing manifest file 'tutorial_interfaces.egg-info/SOURCES.txt'
[0.237s] [100%] Built target ament_cmake_python_build_tutorial_interfaces_egg
[0.248s] Invoked command in '/home/tkdals/robot_ws/build/tutorial_interfaces' returned '0': CMAKE_PREFIX_PATH=/home/tkdals/robot_ws/install/homework2_2_pkg:/home/tkdals/robot_ws/install/tutorial_interfaces:/home/tkdals/robot_ws/install/homework3_pkg:/home/tkdals/robot_ws/install/homework1_pkg:/home/tkdals/robot_ws/install/ex_client_server_pkg:/opt/ros/humble:/home/tkdals/robot_ws/install/dynamixel_sdk /usr/bin/cmake --build /home/tkdals/robot_ws/build/tutorial_interfaces -- -j20 -l20
[0.320s] Invoking command in '/home/tkdals/robot_ws/build/tutorial_interfaces': CMAKE_PREFIX_PATH=/home/tkdals/robot_ws/install/homework2_2_pkg:/home/tkdals/robot_ws/install/tutorial_interfaces:/home/tkdals/robot_ws/install/homework3_pkg:/home/tkdals/robot_ws/install/homework1_pkg:/home/tkdals/robot_ws/install/ex_client_server_pkg:/opt/ros/humble:/home/tkdals/robot_ws/install/dynamixel_sdk /usr/bin/cmake --install /home/tkdals/robot_ws/build/tutorial_interfaces
[0.328s] -- Install configuration: ""
[0.329s] -- Up-to-date: /home/tkdals/robot_ws/install/tutorial_interfaces/share/ament_index/resource_index/rosidl_interfaces/tutorial_interfaces
[0.329s] -- Up-to-date: /home/tkdals/robot_ws/install/tutorial_interfaces/include/tutorial_interfaces/tutorial_interfaces
[0.329s] -- Up-to-date: /home/tkdals/robot_ws/install/tutorial_interfaces/include/tutorial_interfaces/tutorial_interfaces/msg
[0.329s] -- Up-to-date: /home/tkdals/robot_ws/install/tutorial_interfaces/include/tutorial_interfaces/tutorial_interfaces/msg/rosidl_generator_c__visibility_control.h
[0.329s] -- Up-to-date: /home/tkdals/robot_ws/install/tutorial_interfaces/include/tutorial_interfaces/tutorial_interfaces/srv
[0.329s] -- Up-to-date: /home/tkdals/robot_ws/install/tutorial_interfaces/include/tutorial_interfaces/tutorial_interfaces/srv/detail
[0.329s] -- Up-to-date: /home/tkdals/robot_ws/install/tutorial_interfaces/include/tutorial_interfaces/tutorial_interfaces/srv/detail/plus2__type_support.h
[0.329s] -- Up-to-date: /home/tkdals/robot_ws/install/tutorial_interfaces/include/tutorial_interfaces/tutorial_interfaces/srv/detail/plus2__struct.h
[0.329s] -- Up-to-date: /home/tkdals/robot_ws/install/tutorial_interfaces/include/tutorial_interfaces/tutorial_interfaces/srv/detail/plus__functions.h
[0.330s] -- Up-to-date: /home/tkdals/robot_ws/install/tutorial_interfaces/include/tutorial_interfaces/tutorial_interfaces/srv/detail/plus__struct.h
[0.330s] -- Up-to-date: /home/tkdals/robot_ws/install/tutorial_interfaces/include/tutorial_interfaces/tutorial_interfaces/srv/detail/plus2__functions.h
[0.330s] -- Up-to-date: /home/tkdals/robot_ws/install/tutorial_interfaces/include/tutorial_interfaces/tutorial_interfaces/srv/detail/plus2__functions.c
[0.330s] -- Up-to-date: /home/tkdals/robot_ws/install/tutorial_interfaces/include/tutorial_interfaces/tutorial_interfaces/srv/detail/plus__functions.c
[0.330s] -- Up-to-date: /home/tkdals/robot_ws/install/tutorial_interfaces/include/tutorial_interfaces/tutorial_interfaces/srv/detail/plus__type_support.h
[0.330s] -- Up-to-date: /home/tkdals/robot_ws/install/tutorial_interfaces/include/tutorial_interfaces/tutorial_interfaces/srv/plus2.h
[0.330s] -- Up-to-date: /home/tkdals/robot_ws/install/tutorial_interfaces/include/tutorial_interfaces/tutorial_interfaces/srv/plus.h
[0.330s] -- Up-to-date: /home/tkdals/robot_ws/install/tutorial_interfaces/share/tutorial_interfaces/environment/library_path.sh
[0.330s] -- Up-to-date: /home/tkdals/robot_ws/install/tutorial_interfaces/share/tutorial_interfaces/environment/library_path.dsv
[0.330s] -- Up-to-date: /home/tkdals/robot_ws/install/tutorial_interfaces/lib/libtutorial_interfaces__rosidl_generator_c.so
[0.331s] -- Up-to-date: /home/tkdals/robot_ws/install/tutorial_interfaces/include/tutorial_interfaces/tutorial_interfaces
[0.331s] -- Up-to-date: /home/tkdals/robot_ws/install/tutorial_interfaces/include/tutorial_interfaces/tutorial_interfaces/msg
[0.331s] -- Up-to-date: /home/tkdals/robot_ws/install/tutorial_interfaces/include/tutorial_interfaces/tutorial_interfaces/msg/rosidl_typesupport_fastrtps_c__visibility_control.h
[0.331s] -- Up-to-date: /home/tkdals/robot_ws/install/tutorial_interfaces/include/tutorial_interfaces/tutorial_interfaces/srv
[0.331s] -- Up-to-date: /home/tkdals/robot_ws/install/tutorial_interfaces/include/tutorial_interfaces/tutorial_interfaces/srv/detail
[0.331s] -- Up-to-date: /home/tkdals/robot_ws/install/tutorial_interfaces/include/tutorial_interfaces/tutorial_interfaces/srv/detail/plus2__rosidl_typesupport_fastrtps_c.h
[0.331s] -- Up-to-date: /home/tkdals/robot_ws/install/tutorial_interfaces/include/tutorial_interfaces/tutorial_interfaces/srv/detail/plus__rosidl_typesupport_fastrtps_c.h
[0.331s] -- Up-to-date: /home/tkdals/robot_ws/install/tutorial_interfaces/lib/libtutorial_interfaces__rosidl_typesupport_fastrtps_c.so
[0.331s] -- Up-to-date: /home/tkdals/robot_ws/install/tutorial_interfaces/include/tutorial_interfaces/tutorial_interfaces
[0.331s] -- Up-to-date: /home/tkdals/robot_ws/install/tutorial_interfaces/include/tutorial_interfaces/tutorial_interfaces/srv
[0.331s] -- Up-to-date: /home/tkdals/robot_ws/install/tutorial_interfaces/include/tutorial_interfaces/tutorial_interfaces/srv/detail
[0.332s] -- Up-to-date: /home/tkdals/robot_ws/install/tutorial_interfaces/include/tutorial_interfaces/tutorial_interfaces/srv/detail/plus2__builder.hpp
[0.332s] -- Up-to-date: /home/tkdals/robot_ws/install/tutorial_interfaces/include/tutorial_interfaces/tutorial_interfaces/srv/detail/plus2__traits.hpp
[0.332s] -- Up-to-date: /home/tkdals/robot_ws/install/tutorial_interfaces/include/tutorial_interfaces/tutorial_interfaces/srv/detail/plus2__struct.hpp
[0.332s] -- Up-to-date: /home/tkdals/robot_ws/install/tutorial_interfaces/include/tutorial_interfaces/tutorial_interfaces/srv/detail/plus__traits.hpp
[0.332s] -- Up-to-date: /home/tkdals/robot_ws/install/tutorial_interfaces/include/tutorial_interfaces/tutorial_interfaces/srv/detail/plus__builder.hpp
[0.332s] -- Up-to-date: /home/tkdals/robot_ws/install/tutorial_interfaces/include/tutorial_interfaces/tutorial_interfaces/srv/detail/plus__struct.hpp
[0.332s] -- Up-to-date: /home/tkdals/robot_ws/install/tutorial_interfaces/include/tutorial_interfaces/tutorial_interfaces/srv/plus.hpp
[0.332s] -- Up-to-date: /home/tkdals/robot_ws/install/tutorial_interfaces/include/tutorial_interfaces/tutorial_interfaces/srv/plus2.hpp
[0.332s] -- Up-to-date: /home/tkdals/robot_ws/install/tutorial_interfaces/include/tutorial_interfaces/tutorial_interfaces
[0.332s] -- Up-to-date: /home/tkdals/robot_ws/install/tutorial_interfaces/include/tutorial_interfaces/tutorial_interfaces/msg
[0.332s] -- Up-to-date: /home/tkdals/robot_ws/install/tutorial_interfaces/include/tutorial_interfaces/tutorial_interfaces/msg/rosidl_typesupport_fastrtps_cpp__visibility_control.h
[0.332s] -- Up-to-date: /home/tkdals/robot_ws/install/tutorial_interfaces/include/tutorial_interfaces/tutorial_interfaces/srv
[0.332s] -- Up-to-date: /home/tkdals/robot_ws/install/tutorial_interfaces/include/tutorial_interfaces/tutorial_interfaces/srv/detail
[0.332s] -- Up-to-date: /home/tkdals/robot_ws/install/tutorial_interfaces/include/tutorial_interfaces/tutorial_interfaces/srv/detail/plus2__rosidl_typesupport_fastrtps_cpp.hpp
[0.332s] -- Up-to-date: /home/tkdals/robot_ws/install/tutorial_interfaces/include/tutorial_interfaces/tutorial_interfaces/srv/detail/plus__rosidl_typesupport_fastrtps_cpp.hpp
[0.332s] -- Up-to-date: /home/tkdals/robot_ws/install/tutorial_interfaces/include/tutorial_interfaces/tutorial_interfaces/srv/detail/dds_fastrtps
[0.332s] -- Up-to-date: /home/tkdals/robot_ws/install/tutorial_interfaces/lib/libtutorial_interfaces__rosidl_typesupport_fastrtps_cpp.so
[0.332s] -- Up-to-date: /home/tkdals/robot_ws/install/tutorial_interfaces/include/tutorial_interfaces/tutorial_interfaces
[0.332s] -- Up-to-date: /home/tkdals/robot_ws/install/tutorial_interfaces/include/tutorial_interfaces/tutorial_interfaces/msg
[0.332s] -- Up-to-date: /home/tkdals/robot_ws/install/tutorial_interfaces/include/tutorial_interfaces/tutorial_interfaces/msg/rosidl_typesupport_introspection_c__visibility_control.h
[0.332s] -- Up-to-date: /home/tkdals/robot_ws/install/tutorial_interfaces/include/tutorial_interfaces/tutorial_interfaces/srv
[0.332s] -- Up-to-date: /home/tkdals/robot_ws/install/tutorial_interfaces/include/tutorial_interfaces/tutorial_interfaces/srv/detail
[0.332s] -- Up-to-date: /home/tkdals/robot_ws/install/tutorial_interfaces/include/tutorial_interfaces/tutorial_interfaces/srv/detail/plus__rosidl_typesupport_introspection_c.h
[0.332s] -- Up-to-date: /home/tkdals/robot_ws/install/tutorial_interfaces/include/tutorial_interfaces/tutorial_interfaces/srv/detail/plus2__rosidl_typesupport_introspection_c.h
[0.332s] -- Up-to-date: /home/tkdals/robot_ws/install/tutorial_interfaces/include/tutorial_interfaces/tutorial_interfaces/srv/detail/plus__type_support.c
[0.332s] -- Up-to-date: /home/tkdals/robot_ws/install/tutorial_interfaces/include/tutorial_interfaces/tutorial_interfaces/srv/detail/plus2__type_support.c
[0.332s] -- Up-to-date: /home/tkdals/robot_ws/install/tutorial_interfaces/lib/libtutorial_interfaces__rosidl_typesupport_introspection_c.so
[0.332s] -- Up-to-date: /home/tkdals/robot_ws/install/tutorial_interfaces/lib/libtutorial_interfaces__rosidl_typesupport_c.so
[0.332s] -- Up-to-date: /home/tkdals/robot_ws/install/tutorial_interfaces/include/tutorial_interfaces/tutorial_interfaces
[0.332s] -- Up-to-date: /home/tkdals/robot_ws/install/tutorial_interfaces/include/tutorial_interfaces/tutorial_interfaces/srv
[0.332s] -- Up-to-date: /home/tkdals/robot_ws/install/tutorial_interfaces/include/tutorial_interfaces/tutorial_interfaces/srv/detail
[0.332s] -- Up-to-date: /home/tkdals/robot_ws/install/tutorial_interfaces/include/tutorial_interfaces/tutorial_interfaces/srv/detail/plus2__rosidl_typesupport_introspection_cpp.hpp
[0.332s] -- Up-to-date: /home/tkdals/robot_ws/install/tutorial_interfaces/include/tutorial_interfaces/tutorial_interfaces/srv/detail/plus__rosidl_typesupport_introspection_cpp.hpp
[0.332s] -- Up-to-date: /home/tkdals/robot_ws/install/tutorial_interfaces/include/tutorial_interfaces/tutorial_interfaces/srv/detail/plus2__type_support.cpp
[0.333s] -- Up-to-date: /home/tkdals/robot_ws/install/tutorial_interfaces/include/tutorial_interfaces/tutorial_interfaces/srv/detail/plus__type_support.cpp
[0.333s] -- Up-to-date: /home/tkdals/robot_ws/install/tutorial_interfaces/lib/libtutorial_interfaces__rosidl_typesupport_introspection_cpp.so
[0.333s] -- Up-to-date: /home/tkdals/robot_ws/install/tutorial_interfaces/lib/libtutorial_interfaces__rosidl_typesupport_cpp.so
[0.333s] -- Up-to-date: /home/tkdals/robot_ws/install/tutorial_interfaces/share/tutorial_interfaces/environment/pythonpath.sh
[0.333s] -- Up-to-date: /home/tkdals/robot_ws/install/tutorial_interfaces/share/tutorial_interfaces/environment/pythonpath.dsv
[0.333s] -- Up-to-date: /home/tkdals/robot_ws/install/tutorial_interfaces/local/lib/python3.10/dist-packages/tutorial_interfaces-0.0.0-py3.10.egg-info
[0.333s] -- Installing: /home/tkdals/robot_ws/install/tutorial_interfaces/local/lib/python3.10/dist-packages/tutorial_interfaces-0.0.0-py3.10.egg-info/PKG-INFO
[0.333s] -- Installing: /home/tkdals/robot_ws/install/tutorial_interfaces/local/lib/python3.10/dist-packages/tutorial_interfaces-0.0.0-py3.10.egg-info/dependency_links.txt
[0.333s] -- Installing: /home/tkdals/robot_ws/install/tutorial_interfaces/local/lib/python3.10/dist-packages/tutorial_interfaces-0.0.0-py3.10.egg-info/top_level.txt
[0.333s] -- Installing: /home/tkdals/robot_ws/install/tutorial_interfaces/local/lib/python3.10/dist-packages/tutorial_interfaces-0.0.0-py3.10.egg-info/SOURCES.txt
[0.333s] -- Up-to-date: /home/tkdals/robot_ws/install/tutorial_interfaces/local/lib/python3.10/dist-packages/tutorial_interfaces
[0.333s] -- Up-to-date: /home/tkdals/robot_ws/install/tutorial_interfaces/local/lib/python3.10/dist-packages/tutorial_interfaces/tutorial_interfaces_s__rosidl_typesupport_introspection_c.cpython-310-x86_64-linux-gnu.so
[0.333s] -- Up-to-date: /home/tkdals/robot_ws/install/tutorial_interfaces/local/lib/python3.10/dist-packages/tutorial_interfaces/libtutorial_interfaces__rosidl_generator_py.so
[0.333s] -- Up-to-date: /home/tkdals/robot_ws/install/tutorial_interfaces/local/lib/python3.10/dist-packages/tutorial_interfaces/tutorial_interfaces_s__rosidl_typesupport_fastrtps_c.cpython-310-x86_64-linux-gnu.so
[0.333s] -- Up-to-date: /home/tkdals/robot_ws/install/tutorial_interfaces/local/lib/python3.10/dist-packages/tutorial_interfaces/_tutorial_interfaces_s.ep.rosidl_typesupport_fastrtps_c.c
[0.333s] -- Up-to-date: /home/tkdals/robot_ws/install/tutorial_interfaces/local/lib/python3.10/dist-packages/tutorial_interfaces/__init__.py
[0.333s] -- Up-to-date: /home/tkdals/robot_ws/install/tutorial_interfaces/local/lib/python3.10/dist-packages/tutorial_interfaces/_tutorial_interfaces_s.ep.rosidl_typesupport_introspection_c.c
[0.333s] -- Up-to-date: /home/tkdals/robot_ws/install/tutorial_interfaces/local/lib/python3.10/dist-packages/tutorial_interfaces/_tutorial_interfaces_s.ep.rosidl_typesupport_c.c
[0.333s] -- Up-to-date: /home/tkdals/robot_ws/install/tutorial_interfaces/local/lib/python3.10/dist-packages/tutorial_interfaces/tutorial_interfaces_s__rosidl_typesupport_c.cpython-310-x86_64-linux-gnu.so
[0.333s] -- Up-to-date: /home/tkdals/robot_ws/install/tutorial_interfaces/local/lib/python3.10/dist-packages/tutorial_interfaces/srv
[0.333s] -- Up-to-date: /home/tkdals/robot_ws/install/tutorial_interfaces/local/lib/python3.10/dist-packages/tutorial_interfaces/srv/_plus2.py
[0.333s] -- Up-to-date: /home/tkdals/robot_ws/install/tutorial_interfaces/local/lib/python3.10/dist-packages/tutorial_interfaces/srv/_plus.py
[0.333s] -- Up-to-date: /home/tkdals/robot_ws/install/tutorial_interfaces/local/lib/python3.10/dist-packages/tutorial_interfaces/srv/_plus2_s.c
[0.333s] -- Up-to-date: /home/tkdals/robot_ws/install/tutorial_interfaces/local/lib/python3.10/dist-packages/tutorial_interfaces/srv/__init__.py
[0.333s] -- Up-to-date: /home/tkdals/robot_ws/install/tutorial_interfaces/local/lib/python3.10/dist-packages/tutorial_interfaces/srv/_plus_s.c
[0.354s] Listing '/home/tkdals/robot_ws/install/tutorial_interfaces/local/lib/python3.10/dist-packages/tutorial_interfaces'...
[0.354s] Listing '/home/tkdals/robot_ws/install/tutorial_interfaces/local/lib/python3.10/dist-packages/tutorial_interfaces/srv'...
[0.357s] -- Up-to-date: /home/tkdals/robot_ws/install/tutorial_interfaces/local/lib/python3.10/dist-packages/tutorial_interfaces/tutorial_interfaces_s__rosidl_typesupport_fastrtps_c.cpython-310-x86_64-linux-gnu.so
[0.357s] -- Up-to-date: /home/tkdals/robot_ws/install/tutorial_interfaces/local/lib/python3.10/dist-packages/tutorial_interfaces/tutorial_interfaces_s__rosidl_typesupport_introspection_c.cpython-310-x86_64-linux-gnu.so
[0.357s] -- Up-to-date: /home/tkdals/robot_ws/install/tutorial_interfaces/local/lib/python3.10/dist-packages/tutorial_interfaces/tutorial_interfaces_s__rosidl_typesupport_c.cpython-310-x86_64-linux-gnu.so
[0.357s] -- Up-to-date: /home/tkdals/robot_ws/install/tutorial_interfaces/lib/libtutorial_interfaces__rosidl_generator_py.so
[0.357s] -- Up-to-date: /home/tkdals/robot_ws/install/tutorial_interfaces/share/tutorial_interfaces/srv/Plus.idl
[0.357s] -- Up-to-date: /home/tkdals/robot_ws/install/tutorial_interfaces/share/tutorial_interfaces/srv/Plus2.idl
[0.357s] -- Up-to-date: /home/tkdals/robot_ws/install/tutorial_interfaces/share/tutorial_interfaces/srv/Plus.srv
[0.357s] -- Up-to-date: /home/tkdals/robot_ws/install/tutorial_interfaces/share/tutorial_interfaces/srv/Plus_Request.msg
[0.358s] -- Up-to-date: /home/tkdals/robot_ws/install/tutorial_interfaces/share/tutorial_interfaces/srv/Plus_Response.msg
[0.358s] -- Up-to-date: /home/tkdals/robot_ws/install/tutorial_interfaces/share/tutorial_interfaces/srv/Plus2.srv
[0.358s] -- Up-to-date: /home/tkdals/robot_ws/install/tutorial_interfaces/share/tutorial_interfaces/srv/Plus2_Request.msg
[0.358s] -- Up-to-date: /home/tkdals/robot_ws/install/tutorial_interfaces/share/tutorial_interfaces/srv/Plus2_Response.msg
[0.358s] -- Up-to-date: /home/tkdals/robot_ws/install/tutorial_interfaces/share/ament_index/resource_index/package_run_dependencies/tutorial_interfaces
[0.358s] -- Up-to-date: /home/tkdals/robot_ws/install/tutorial_interfaces/share/ament_index/resource_index/parent_prefix_path/tutorial_interfaces
[0.358s] -- Up-to-date: /home/tkdals/robot_ws/install/tutorial_interfaces/share/tutorial_interfaces/environment/ament_prefix_path.sh
[0.358s] -- Up-to-date: /home/tkdals/robot_ws/install/tutorial_interfaces/share/tutorial_interfaces/environment/ament_prefix_path.dsv
[0.358s] -- Up-to-date: /home/tkdals/robot_ws/install/tutorial_interfaces/share/tutorial_interfaces/environment/path.sh
[0.358s] -- Up-to-date: /home/tkdals/robot_ws/install/tutorial_interfaces/share/tutorial_interfaces/environment/path.dsv
[0.358s] -- Up-to-date: /home/tkdals/robot_ws/install/tutorial_interfaces/share/tutorial_interfaces/local_setup.bash
[0.358s] -- Up-to-date: /home/tkdals/robot_ws/install/tutorial_interfaces/share/tutorial_interfaces/local_setup.sh
[0.358s] -- Up-to-date: /home/tkdals/robot_ws/install/tutorial_interfaces/share/tutorial_interfaces/local_setup.zsh
[0.358s] -- Up-to-date: /home/tkdals/robot_ws/install/tutorial_interfaces/share/tutorial_interfaces/local_setup.dsv
[0.358s] -- Installing: /home/tkdals/robot_ws/install/tutorial_interfaces/share/tutorial_interfaces/package.dsv
[0.358s] -- Up-to-date: /home/tkdals/robot_ws/install/tutorial_interfaces/share/ament_index/resource_index/packages/tutorial_interfaces
[0.358s] -- Up-to-date: /home/tkdals/robot_ws/install/tutorial_interfaces/share/tutorial_interfaces/cmake/export_tutorial_interfaces__rosidl_generator_cExport.cmake
[0.358s] -- Up-to-date: /home/tkdals/robot_ws/install/tutorial_interfaces/share/tutorial_interfaces/cmake/export_tutorial_interfaces__rosidl_generator_cExport-noconfig.cmake
[0.358s] -- Up-to-date: /home/tkdals/robot_ws/install/tutorial_interfaces/share/tutorial_interfaces/cmake/export_tutorial_interfaces__rosidl_typesupport_fastrtps_cExport.cmake
[0.358s] -- Up-to-date: /home/tkdals/robot_ws/install/tutorial_interfaces/share/tutorial_interfaces/cmake/export_tutorial_interfaces__rosidl_typesupport_fastrtps_cExport-noconfig.cmake
[0.358s] -- Up-to-date: /home/tkdals/robot_ws/install/tutorial_interfaces/share/tutorial_interfaces/cmake/export_tutorial_interfaces__rosidl_generator_cppExport.cmake
[0.358s] -- Up-to-date: /home/tkdals/robot_ws/install/tutorial_interfaces/share/tutorial_interfaces/cmake/export_tutorial_interfaces__rosidl_typesupport_fastrtps_cppExport.cmake
[0.358s] -- Up-to-date: /home/tkdals/robot_ws/install/tutorial_interfaces/share/tutorial_interfaces/cmake/export_tutorial_interfaces__rosidl_typesupport_fastrtps_cppExport-noconfig.cmake
[0.358s] -- Up-to-date: /home/tkdals/robot_ws/install/tutorial_interfaces/share/tutorial_interfaces/cmake/tutorial_interfaces__rosidl_typesupport_introspection_cExport.cmake
[0.358s] -- Up-to-date: /home/tkdals/robot_ws/install/tutorial_interfaces/share/tutorial_interfaces/cmake/tutorial_interfaces__rosidl_typesupport_introspection_cExport-noconfig.cmake
[0.358s] -- Up-to-date: /home/tkdals/robot_ws/install/tutorial_interfaces/share/tutorial_interfaces/cmake/tutorial_interfaces__rosidl_typesupport_cExport.cmake
[0.359s] -- Up-to-date: /home/tkdals/robot_ws/install/tutorial_interfaces/share/tutorial_interfaces/cmake/tutorial_interfaces__rosidl_typesupport_cExport-noconfig.cmake
[0.359s] -- Up-to-date: /home/tkdals/robot_ws/install/tutorial_interfaces/share/tutorial_interfaces/cmake/tutorial_interfaces__rosidl_typesupport_introspection_cppExport.cmake
[0.359s] -- Up-to-date: /home/tkdals/robot_ws/install/tutorial_interfaces/share/tutorial_interfaces/cmake/tutorial_interfaces__rosidl_typesupport_introspection_cppExport-noconfig.cmake
[0.359s] -- Up-to-date: /home/tkdals/robot_ws/install/tutorial_interfaces/share/tutorial_interfaces/cmake/tutorial_interfaces__rosidl_typesupport_cppExport.cmake
[0.359s] -- Up-to-date: /home/tkdals/robot_ws/install/tutorial_interfaces/share/tutorial_interfaces/cmake/tutorial_interfaces__rosidl_typesupport_cppExport-noconfig.cmake
[0.359s] -- Up-to-date: /home/tkdals/robot_ws/install/tutorial_interfaces/share/tutorial_interfaces/cmake/export_tutorial_interfaces__rosidl_generator_pyExport.cmake
[0.359s] -- Up-to-date: /home/tkdals/robot_ws/install/tutorial_interfaces/share/tutorial_interfaces/cmake/export_tutorial_interfaces__rosidl_generator_pyExport-noconfig.cmake
[0.359s] -- Up-to-date: /home/tkdals/robot_ws/install/tutorial_interfaces/share/tutorial_interfaces/cmake/rosidl_cmake-extras.cmake
[0.359s] -- Up-to-date: /home/tkdals/robot_ws/install/tutorial_interfaces/share/tutorial_interfaces/cmake/ament_cmake_export_dependencies-extras.cmake
[0.359s] -- Up-to-date: /home/tkdals/robot_ws/install/tutorial_interfaces/share/tutorial_interfaces/cmake/ament_cmake_export_include_directories-extras.cmake
[0.359s] -- Up-to-date: /home/tkdals/robot_ws/install/tutorial_interfaces/share/tutorial_interfaces/cmake/ament_cmake_export_libraries-extras.cmake
[0.359s] -- Up-to-date: /home/tkdals/robot_ws/install/tutorial_interfaces/share/tutorial_interfaces/cmake/ament_cmake_export_targets-extras.cmake
[0.359s] -- Up-to-date: /home/tkdals/robot_ws/install/tutorial_interfaces/share/tutorial_interfaces/cmake/rosidl_cmake_export_typesupport_targets-extras.cmake
[0.359s] -- Up-to-date: /home/tkdals/robot_ws/install/tutorial_interfaces/share/tutorial_interfaces/cmake/rosidl_cmake_export_typesupport_libraries-extras.cmake
[0.359s] -- Up-to-date: /home/tkdals/robot_ws/install/tutorial_interfaces/share/tutorial_interfaces/cmake/tutorial_interfacesConfig.cmake
[0.359s] -- Up-to-date: /home/tkdals/robot_ws/install/tutorial_interfaces/share/tutorial_interfaces/cmake/tutorial_interfacesConfig-version.cmake
[0.359s] -- Up-to-date: /home/tkdals/robot_ws/install/tutorial_interfaces/share/tutorial_interfaces/package.xml
[0.360s] Invoked command in '/home/tkdals/robot_ws/build/tutorial_interfaces' returned '0': CMAKE_PREFIX_PATH=/home/tkdals/robot_ws/install/homework2_2_pkg:/home/tkdals/robot_ws/install/tutorial_interfaces:/home/tkdals/robot_ws/install/homework3_pkg:/home/tkdals/robot_ws/install/homework1_pkg:/home/tkdals/robot_ws/install/ex_client_server_pkg:/opt/ros/humble:/home/tkdals/robot_ws/install/dynamixel_sdk /usr/bin/cmake --install /home/tkdals/robot_ws/build/tutorial_interfaces
