[35m[1mConsolidate compiler generated dependencies of target sorce[0m
[35m[1mConsolidate compiler generated dependencies of target dynamixel[0m
[ 25%] [32mBuilding CXX object CMakeFiles/sorce.dir/src/Motor.cpp.o[0m
[ 50%] [32mBuilding CXX object CMakeFiles/dynamixel.dir/src/homework3_pkg_trydynamixel.cpp.o[0m
[ 75%] [32m[1mLinking CXX static library libsorce.a[0m
[100%] [32m[1mLinking CXX executable dynamixel[0m
[100%] Built target sorce
[100%] Built target dynamixel
-- Install configuration: ""
-- Installing: /home/tkdals/robot_ws/install/homework3_pkg/lib/homework3_pkg/dynamixel
-- Set runtime path of "/home/tkdals/robot_ws/install/homework3_pkg/lib/homework3_pkg/dynamixel" to ""
-- Installing: /home/tkdals/robot_ws/install/homework3_pkg/lib/homework3_pkg/libsorce.a
-- Up-to-date: /home/tkdals/robot_ws/install/homework3_pkg/share/ament_index/resource_index/package_run_dependencies/homework3_pkg
-- Up-to-date: /home/tkdals/robot_ws/install/homework3_pkg/share/ament_index/resource_index/parent_prefix_path/homework3_pkg
-- Up-to-date: /home/tkdals/robot_ws/install/homework3_pkg/share/homework3_pkg/environment/ament_prefix_path.sh
-- Up-to-date: /home/tkdals/robot_ws/install/homework3_pkg/share/homework3_pkg/environment/ament_prefix_path.dsv
-- Up-to-date: /home/tkdals/robot_ws/install/homework3_pkg/share/homework3_pkg/environment/path.sh
-- Up-to-date: /home/tkdals/robot_ws/install/homework3_pkg/share/homework3_pkg/environment/path.dsv
-- Up-to-date: /home/tkdals/robot_ws/install/homework3_pkg/share/homework3_pkg/local_setup.bash
-- Up-to-date: /home/tkdals/robot_ws/install/homework3_pkg/share/homework3_pkg/local_setup.sh
-- Up-to-date: /home/tkdals/robot_ws/install/homework3_pkg/share/homework3_pkg/local_setup.zsh
-- Up-to-date: /home/tkdals/robot_ws/install/homework3_pkg/share/homework3_pkg/local_setup.dsv
-- Installing: /home/tkdals/robot_ws/install/homework3_pkg/share/homework3_pkg/package.dsv
-- Up-to-date: /home/tkdals/robot_ws/install/homework3_pkg/share/ament_index/resource_index/packages/homework3_pkg
-- Up-to-date: /home/tkdals/robot_ws/install/homework3_pkg/share/homework3_pkg/cmake/homework3_pkgConfig.cmake
-- Up-to-date: /home/tkdals/robot_ws/install/homework3_pkg/share/homework3_pkg/cmake/homework3_pkgConfig-version.cmake
-- Up-to-date: /home/tkdals/robot_ws/install/homework3_pkg/share/homework3_pkg/package.xml
