[0.015s] Invoking command in '/home/tkdals/robot_ws/build/tutorial_interfaces': CMAKE_PREFIX_PATH=${CMAKE_PREFIX_PATH}:/opt/ros/humble /usr/bin/cmake --build /home/tkdals/robot_ws/build/tutorial_interfaces -- -j20 -l20
[0.045s] [35m[1mConsolidate compiler generated dependencies of target tutorial_interfaces__rosidl_generator_c[0m
[0.056s] [  2%] Built target tutorial_interfaces__cpp
[0.060s] [ 12%] Built target tutorial_interfaces__rosidl_generator_c
[0.073s] [35m[1mConsolidate compiler generated dependencies of target tutorial_interfaces__rosidl_typesupport_introspection_cpp[0m
[0.075s] [ 12%] Built target ament_cmake_python_copy_tutorial_interfaces
[0.075s] [35m[1mConsolidate compiler generated dependencies of target tutorial_interfaces__rosidl_typesupport_introspection_c[0m
[0.077s] [35m[1mConsolidate compiler generated dependencies of target tutorial_interfaces__rosidl_typesupport_fastrtps_c[0m
[0.078s] [35m[1mConsolidate compiler generated dependencies of target tutorial_interfaces__rosidl_typesupport_cpp[0m
[0.078s] [35m[1mConsolidate compiler generated dependencies of target tutorial_interfaces__rosidl_typesupport_fastrtps_cpp[0m
[0.083s] [35m[1mConsolidate compiler generated dependencies of target tutorial_interfaces__rosidl_typesupport_c[0m
[0.090s] [ 30%] Built target tutorial_interfaces__rosidl_typesupport_introspection_cpp
[0.090s] [ 33%] Built target tutorial_interfaces__rosidl_typesupport_introspection_c
[0.093s] [ 43%] Built target tutorial_interfaces__rosidl_typesupport_cpp
[0.096s] [ 53%] Built target tutorial_interfaces__rosidl_typesupport_fastrtps_cpp
[0.096s] [ 64%] Built target tutorial_interfaces__rosidl_typesupport_c
[0.100s] [ 74%] Built target tutorial_interfaces__rosidl_typesupport_fastrtps_c
[0.115s] [ 74%] Built target tutorial_interfaces
[0.130s] [ 76%] Built target tutorial_interfaces__py
[0.140s] [35m[1mConsolidate compiler generated dependencies of target tutorial_interfaces__rosidl_generator_py[0m
[0.151s] [ 84%] Built target tutorial_interfaces__rosidl_generator_py
[0.158s] [35m[1mConsolidate compiler generated dependencies of target tutorial_interfaces__rosidl_typesupport_fastrtps_c__pyext[0m
[0.159s] [35m[1mConsolidate compiler generated dependencies of target tutorial_interfaces__rosidl_typesupport_c__pyext[0m
[0.161s] [35m[1mConsolidate compiler generated dependencies of target tutorial_interfaces__rosidl_typesupport_introspection_c__pyext[0m
[0.168s] [ 89%] Built target tutorial_interfaces__rosidl_typesupport_fastrtps_c__pyext
[0.169s] [ 94%] Built target tutorial_interfaces__rosidl_typesupport_c__pyext
[0.174s] [100%] Built target tutorial_interfaces__rosidl_typesupport_introspection_c__pyext
[0.226s] running egg_info
[0.227s] writing tutorial_interfaces.egg-info/PKG-INFO
[0.227s] writing dependency_links to tutorial_interfaces.egg-info/dependency_links.txt
[0.227s] writing top-level names to tutorial_interfaces.egg-info/top_level.txt
[0.229s] reading manifest file 'tutorial_interfaces.egg-info/SOURCES.txt'
[0.229s] writing manifest file 'tutorial_interfaces.egg-info/SOURCES.txt'
[0.249s] [100%] Built target ament_cmake_python_build_tutorial_interfaces_egg
