[0.013s] Invoking command in '/home/tkdals/robot_ws/build/tutorial_interfaces': CMAKE_PREFIX_PATH=${CMAKE_PREFIX_PATH}:/opt/ros/humble /usr/bin/cmake --build /home/tkdals/robot_ws/build/tutorial_interfaces -- -j20 -l20
[0.051s] [  2%] Built target tutorial_interfaces__cpp
[0.052s] [ 12%] Built target tutorial_interfaces__rosidl_generator_c
[0.073s] [ 23%] Built target tutorial_interfaces__rosidl_typesupport_cpp
[0.076s] [ 33%] Built target tutorial_interfaces__rosidl_typesupport_introspection_cpp
[0.076s] [ 33%] Built target ament_cmake_python_copy_tutorial_interfaces
[0.076s] [ 43%] Built target tutorial_interfaces__rosidl_typesupport_fastrtps_c
[0.079s] [ 53%] Built target tutorial_interfaces__rosidl_typesupport_c
[0.083s] [ 64%] Built target tutorial_interfaces__rosidl_typesupport_introspection_c
[0.083s] [ 74%] Built target tutorial_interfaces__rosidl_typesupport_fastrtps_cpp
[0.096s] [ 74%] Built target tutorial_interfaces
[0.115s] [ 76%] Built target tutorial_interfaces__py
[0.135s] [ 84%] Built target tutorial_interfaces__rosidl_generator_py
[0.153s] [ 89%] Built target tutorial_interfaces__rosidl_typesupport_introspection_c__pyext
[0.153s] [ 94%] Built target tutorial_interfaces__rosidl_typesupport_c__pyext
[0.155s] [100%] Built target tutorial_interfaces__rosidl_typesupport_fastrtps_c__pyext
[0.232s] running egg_info
[0.233s] writing tutorial_interfaces.egg-info/PKG-INFO
[0.233s] writing dependency_links to tutorial_interfaces.egg-info/dependency_links.txt
[0.233s] writing top-level names to tutorial_interfaces.egg-info/top_level.txt
[0.235s] reading manifest file 'tutorial_interfaces.egg-info/SOURCES.txt'
[0.235s] writing manifest file 'tutorial_interfaces.egg-info/SOURCES.txt'
[0.252s] [100%] Built target ament_cmake_python_build_tutorial_interfaces_egg
[0.261s] Invoked command in '/home/tkdals/robot_ws/build/tutorial_interfaces' returned '0': CMAKE_PREFIX_PATH=${CMAKE_PREFIX_PATH}:/opt/ros/humble /usr/bin/cmake --build /home/tkdals/robot_ws/build/tutorial_interfaces -- -j20 -l20
