[0.010s] Invoking command in '/home/tkdals/robot_ws/build/homework3_pkg': CMAKE_PREFIX_PATH=${CMAKE_PREFIX_PATH}:/opt/ros/humble /usr/bin/cmake --build /home/tkdals/robot_ws/build/homework3_pkg -- -j20 -l20
[0.033s] -- Found ament_cmake: 1.3.10 (/opt/ros/humble/share/ament_cmake/cmake)
[0.164s] -- Found rclcpp: 16.0.10 (/opt/ros/humble/share/rclcpp/cmake)
[0.183s] -- Found rosidl_generator_c: 3.1.5 (/opt/ros/humble/share/rosidl_generator_c/cmake)
[0.185s] -- Found rosidl_adapter: 3.1.5 (/opt/ros/humble/share/rosidl_adapter/cmake)
[0.188s] -- Found rosidl_generator_cpp: 3.1.5 (/opt/ros/humble/share/rosidl_generator_cpp/cmake)
[0.194s] -- Using all available rosidl_typesupport_c: rosidl_typesupport_fastrtps_c;rosidl_typesupport_introspection_c
[0.202s] -- Using all available rosidl_typesupport_cpp: rosidl_typesupport_fastrtps_cpp;rosidl_typesupport_introspection_cpp
[0.223s] -- Found rmw_implementation_cmake: 6.1.2 (/opt/ros/humble/share/rmw_implementation_cmake/cmake)
[0.224s] -- Found rmw_fastrtps_cpp: 6.2.7 (/opt/ros/humble/share/rmw_fastrtps_cpp/cmake)
[0.294s] -- Using RMW implementation 'rmw_fastrtps_cpp' as default
[0.330s] [31mCMake Error at CMakeLists.txt:11 (find_package):
[0.330s]   By not providing "Finddynamixel_sdk.cmake" in CMAKE_MODULE_PATH this
[0.330s]   project has asked CMake to find a package configuration file provided by
[0.330s]   "dynamixel_sdk", but CMake did not find one.
[0.330s] 
[0.331s]   Could not find a package configuration file provided by "dynamixel_sdk"
[0.331s]   with any of the following names:
[0.331s] 
[0.331s]     dynamixel_sdkConfig.cmake
[0.331s]     dynamixel_sdk-config.cmake
[0.331s] 
[0.331s]   Add the installation prefix of "dynamixel_sdk" to CMAKE_PREFIX_PATH or set
[0.331s]   "dynamixel_sdk_DIR" to a directory containing one of the above files.  If
[0.331s]   "dynamixel_sdk" provides a separate development package or SDK, be sure it
[0.332s]   has been installed.
[0.332s] 
[0.332s] [0m
[0.332s] -- Configuring incomplete, errors occurred!
[0.332s] See also "/home/tkdals/robot_ws/build/homework3_pkg/CMakeFiles/CMakeOutput.log".
[0.334s] gmake: *** [Makefile:267: cmake_check_build_system] Error 1
[0.336s] Invoked command in '/home/tkdals/robot_ws/build/homework3_pkg' returned '2': CMAKE_PREFIX_PATH=${CMAKE_PREFIX_PATH}:/opt/ros/humble /usr/bin/cmake --build /home/tkdals/robot_ws/build/homework3_pkg -- -j20 -l20
