[0.014s] Invoking command in '/home/tkdals/robot_ws/build/tutorial_interfaces': CMAKE_PREFIX_PATH=${CMAKE_PREFIX_PATH}:/opt/ros/humble /usr/bin/cmake --build /home/tkdals/robot_ws/build/tutorial_interfaces -- -j20 -l20
[0.064s] [ 10%] Built target tutorial_interfaces__rosidl_generator_c
[0.069s] [ 12%] Built target tutorial_interfaces__cpp
[0.092s] [ 12%] Built target ament_cmake_python_copy_tutorial_interfaces
[0.097s] [ 23%] Built target tutorial_interfaces__rosidl_typesupport_c
[0.097s] [ 33%] Built target tutorial_interfaces__rosidl_typesupport_introspection_c
[0.099s] [ 43%] Built target tutorial_interfaces__rosidl_typesupport_cpp
[0.099s] [ 53%] Built target tutorial_interfaces__rosidl_typesupport_fastrtps_c
[0.104s] [ 64%] Built target tutorial_interfaces__rosidl_typesupport_fastrtps_cpp
[0.104s] [ 74%] Built target tutorial_interfaces__rosidl_typesupport_introspection_cpp
[0.124s] [ 74%] Built target tutorial_interfaces
[0.141s] [ 76%] Built target tutorial_interfaces__py
[0.158s] [ 84%] Built target tutorial_interfaces__rosidl_generator_py
[0.174s] [ 89%] Built target tutorial_interfaces__rosidl_typesupport_fastrtps_c__pyext
[0.177s] [ 94%] Built target tutorial_interfaces__rosidl_typesupport_c__pyext
[0.178s] [100%] Built target tutorial_interfaces__rosidl_typesupport_introspection_c__pyext
[0.241s] running egg_info
[0.241s] writing tutorial_interfaces.egg-info/PKG-INFO
[0.241s] writing dependency_links to tutorial_interfaces.egg-info/dependency_links.txt
[0.242s] writing top-level names to tutorial_interfaces.egg-info/top_level.txt
[0.243s] reading manifest file 'tutorial_interfaces.egg-info/SOURCES.txt'
[0.244s] writing manifest file 'tutorial_interfaces.egg-info/SOURCES.txt'
[0.261s] [100%] Built target ament_cmake_python_build_tutorial_interfaces_egg
[0.268s] Invoked command in '/home/tkdals/robot_ws/build/tutorial_interfaces' returned '0': CMAKE_PREFIX_PATH=${CMAKE_PREFIX_PATH}:/opt/ros/humble /usr/bin/cmake --build /home/tkdals/robot_ws/build/tutorial_interfaces -- -j20 -l20
