[0.015s] Invoking command in '/home/tkdals/robot_ws/build/tutorial_interfaces': CMAKE_PREFIX_PATH=${CMAKE_PREFIX_PATH}:/opt/ros/humble /usr/bin/cmake --build /home/tkdals/robot_ws/build/tutorial_interfaces -- -j20 -l20
[0.055s] [ 10%] Built target tutorial_interfaces__rosidl_generator_c
[0.061s] [ 12%] Built target tutorial_interfaces__cpp
[0.067s] [ 12%] Built target ament_cmake_python_copy_tutorial_interfaces
[0.082s] [ 23%] Built target tutorial_interfaces__rosidl_typesupport_c
[0.085s] [ 33%] Built target tutorial_interfaces__rosidl_typesupport_fastrtps_c
[0.085s] [ 43%] Built target tutorial_interfaces__rosidl_typesupport_introspection_cpp
[0.085s] [ 53%] Built target tutorial_interfaces__rosidl_typesupport_introspection_c
[0.088s] [ 64%] Built target tutorial_interfaces__rosidl_typesupport_fastrtps_cpp
[0.091s] [ 74%] Built target tutorial_interfaces__rosidl_typesupport_cpp
[0.106s] [ 74%] Built target tutorial_interfaces
[0.123s] [ 76%] Built target tutorial_interfaces__py
[0.142s] [ 84%] Built target tutorial_interfaces__rosidl_generator_py
[0.161s] [ 89%] Built target tutorial_interfaces__rosidl_typesupport_fastrtps_c__pyext
[0.162s] [ 94%] Built target tutorial_interfaces__rosidl_typesupport_c__pyext
[0.163s] [100%] Built target tutorial_interfaces__rosidl_typesupport_introspection_c__pyext
[0.216s] running egg_info
[0.217s] writing tutorial_interfaces.egg-info/PKG-INFO
[0.217s] writing dependency_links to tutorial_interfaces.egg-info/dependency_links.txt
[0.217s] writing top-level names to tutorial_interfaces.egg-info/top_level.txt
[0.219s] reading manifest file 'tutorial_interfaces.egg-info/SOURCES.txt'
[0.219s] writing manifest file 'tutorial_interfaces.egg-info/SOURCES.txt'
[0.238s] [100%] Built target ament_cmake_python_build_tutorial_interfaces_egg
