[100%] Built target server
[100%] Built target client
-- Install configuration: ""
-- Up-to-date: /home/tkdals/robot_ws/install/ex_client_server_pkg/lib/ex_client_server_pkg/server
-- Up-to-date: /home/tkdals/robot_ws/install/ex_client_server_pkg/lib/ex_client_server_pkg/client
-- Up-to-date: /home/tkdals/robot_ws/install/ex_client_server_pkg/share/ament_index/resource_index/package_run_dependencies/ex_client_server_pkg
-- Up-to-date: /home/tkdals/robot_ws/install/ex_client_server_pkg/share/ament_index/resource_index/parent_prefix_path/ex_client_server_pkg
-- Up-to-date: /home/tkdals/robot_ws/install/ex_client_server_pkg/share/ex_client_server_pkg/environment/ament_prefix_path.sh
-- Up-to-date: /home/tkdals/robot_ws/install/ex_client_server_pkg/share/ex_client_server_pkg/environment/ament_prefix_path.dsv
-- Up-to-date: /home/tkdals/robot_ws/install/ex_client_server_pkg/share/ex_client_server_pkg/environment/path.sh
-- Up-to-date: /home/tkdals/robot_ws/install/ex_client_server_pkg/share/ex_client_server_pkg/environment/path.dsv
-- Up-to-date: /home/tkdals/robot_ws/install/ex_client_server_pkg/share/ex_client_server_pkg/local_setup.bash
-- Up-to-date: /home/tkdals/robot_ws/install/ex_client_server_pkg/share/ex_client_server_pkg/local_setup.sh
-- Up-to-date: /home/tkdals/robot_ws/install/ex_client_server_pkg/share/ex_client_server_pkg/local_setup.zsh
-- Up-to-date: /home/tkdals/robot_ws/install/ex_client_server_pkg/share/ex_client_server_pkg/local_setup.dsv
-- Installing: /home/tkdals/robot_ws/install/ex_client_server_pkg/share/ex_client_server_pkg/package.dsv
-- Up-to-date: /home/tkdals/robot_ws/install/ex_client_server_pkg/share/ament_index/resource_index/packages/ex_client_server_pkg
-- Up-to-date: /home/tkdals/robot_ws/install/ex_client_server_pkg/share/ex_client_server_pkg/cmake/ex_client_server_pkgConfig.cmake
-- Up-to-date: /home/tkdals/robot_ws/install/ex_client_server_pkg/share/ex_client_server_pkg/cmake/ex_client_server_pkgConfig-version.cmake
-- Up-to-date: /home/tkdals/robot_ws/install/ex_client_server_pkg/share/ex_client_server_pkg/package.xml
