-- The C compiler identification is GNU 11.4.0
-- The CXX compiler identification is GNU 11.4.0
-- Detecting C compiler ABI info
-- Detecting C compiler ABI info - done
-- Check for working C compiler: /usr/bin/cc - skipped
-- Detecting C compile features
-- Detecting C compile features - done
-- Detecting CXX compiler ABI info
-- Detecting CXX compiler ABI info - done
-- Check for working CXX compiler: /usr/bin/c++ - skipped
-- Detecting CXX compile features
-- Detecting CXX compile features - done
-- Found ament_cmake: 1.3.10 (/opt/ros/humble/share/ament_cmake/cmake)
-- Found Python3: /usr/bin/python3 (found version "3.10.12") found components: Interpreter 
-- Found rclcpp: 16.0.10 (/opt/ros/humble/share/rclcpp/cmake)
-- Found rosidl_generator_c: 3.1.5 (/opt/ros/humble/share/rosidl_generator_c/cmake)
-- Found rosidl_adapter: 3.1.5 (/opt/ros/humble/share/rosidl_adapter/cmake)
-- Found rosidl_generator_cpp: 3.1.5 (/opt/ros/humble/share/rosidl_generator_cpp/cmake)
-- Using all available rosidl_typesupport_c: rosidl_typesupport_fastrtps_c;rosidl_typesupport_introspection_c
-- Using all available rosidl_typesupport_cpp: rosidl_typesupport_fastrtps_cpp;rosidl_typesupport_introspection_cpp
-- Found rmw_implementation_cmake: 6.1.2 (/opt/ros/humble/share/rmw_implementation_cmake/cmake)
-- Found rmw_fastrtps_cpp: 6.2.7 (/opt/ros/humble/share/rmw_fastrtps_cpp/cmake)
-- Found OpenSSL: /usr/lib/x86_64-linux-gnu/libcrypto.so (found version "3.0.2")  
-- Found FastRTPS: /opt/ros/humble/include  
-- Using RMW implementation 'rmw_fastrtps_cpp' as default
-- Looking for pthread.h
-- Looking for pthread.h - found
-- Performing Test CMAKE_HAVE_LIBC_PTHREAD
-- Performing Test CMAKE_HAVE_LIBC_PTHREAD - Success
-- Found Threads: TRUE  
-- Configuring done
-- Generating done
-- Build files have been written to: /home/tkdals/robot_ws/build/homework1_pkg
[ 16%] [32mBuilding CXX object CMakeFiles/listener.dir/src/homework1_sub1.cpp.o[0m
[ 33%] [32mBuilding CXX object CMakeFiles/talker.dir/src/homework1_pub.cpp.o[0m
[ 50%] [32mBuilding CXX object CMakeFiles/listener2.dir/src/homework1_sub2.cpp.o[0m
[ 66%] [32m[1mLinking CXX executable talker[0m
[ 66%] Built target talker
[ 83%] [32m[1mLinking CXX executable listener[0m
[ 83%] Built target listener
[100%] [32m[1mLinking CXX executable listener2[0m
[100%] Built target listener2
-- Install configuration: ""
-- Installing: /home/tkdals/robot_ws/install/homework1_pkg/lib/homework1_pkg/talker
-- Set runtime path of "/home/tkdals/robot_ws/install/homework1_pkg/lib/homework1_pkg/talker" to ""
-- Installing: /home/tkdals/robot_ws/install/homework1_pkg/lib/homework1_pkg/listener
-- Set runtime path of "/home/tkdals/robot_ws/install/homework1_pkg/lib/homework1_pkg/listener" to ""
-- Installing: /home/tkdals/robot_ws/install/homework1_pkg/lib/homework1_pkg/listener2
-- Set runtime path of "/home/tkdals/robot_ws/install/homework1_pkg/lib/homework1_pkg/listener2" to ""
-- Installing: /home/tkdals/robot_ws/install/homework1_pkg/share/ament_index/resource_index/package_run_dependencies/homework1_pkg
-- Installing: /home/tkdals/robot_ws/install/homework1_pkg/share/ament_index/resource_index/parent_prefix_path/homework1_pkg
-- Installing: /home/tkdals/robot_ws/install/homework1_pkg/share/homework1_pkg/environment/ament_prefix_path.sh
-- Installing: /home/tkdals/robot_ws/install/homework1_pkg/share/homework1_pkg/environment/ament_prefix_path.dsv
-- Installing: /home/tkdals/robot_ws/install/homework1_pkg/share/homework1_pkg/environment/path.sh
-- Installing: /home/tkdals/robot_ws/install/homework1_pkg/share/homework1_pkg/environment/path.dsv
-- Installing: /home/tkdals/robot_ws/install/homework1_pkg/share/homework1_pkg/local_setup.bash
-- Installing: /home/tkdals/robot_ws/install/homework1_pkg/share/homework1_pkg/local_setup.sh
-- Installing: /home/tkdals/robot_ws/install/homework1_pkg/share/homework1_pkg/local_setup.zsh
-- Installing: /home/tkdals/robot_ws/install/homework1_pkg/share/homework1_pkg/local_setup.dsv
-- Installing: /home/tkdals/robot_ws/install/homework1_pkg/share/homework1_pkg/package.dsv
-- Installing: /home/tkdals/robot_ws/install/homework1_pkg/share/ament_index/resource_index/packages/homework1_pkg
-- Installing: /home/tkdals/robot_ws/install/homework1_pkg/share/homework1_pkg/cmake/homework1_pkgConfig.cmake
-- Installing: /home/tkdals/robot_ws/install/homework1_pkg/share/homework1_pkg/cmake/homework1_pkgConfig-version.cmake
-- Installing: /home/tkdals/robot_ws/install/homework1_pkg/share/homework1_pkg/package.xml
