[0.009s] Invoking command in '/home/tkdals/robot_ws/build/homework1_pkg': CMAKE_PREFIX_PATH=${CMAKE_PREFIX_PATH}:/opt/ros/humble /usr/bin/cmake /home/tkdals/robot_ws/src/homework1_pkg -DCMAKE_INSTALL_PREFIX=/home/tkdals/robot_ws/install/homework1_pkg
[0.046s] -- The C compiler identification is GNU 11.4.0
[0.090s] -- The CXX compiler identification is GNU 11.4.0
[0.095s] -- Detecting C compiler ABI info
[0.159s] -- Detecting C compiler ABI info - done
[0.164s] -- Check for working C compiler: /usr/bin/cc - skipped
[0.164s] -- Detecting C compile features
[0.164s] -- Detecting C compile features - done
[0.166s] -- Detecting CXX compiler ABI info
[0.244s] -- Detecting CXX compiler ABI info - done
[0.249s] -- Check for working CXX compiler: /usr/bin/c++ - skipped
[0.249s] -- Detecting CXX compile features
[0.250s] -- Detecting CXX compile features - done
[0.251s] -- Found ament_cmake: 1.3.10 (/opt/ros/humble/share/ament_cmake/cmake)
[0.358s] -- Found Python3: /usr/bin/python3 (found version "3.10.12") found components: Interpreter 
[0.410s] -- Found rclcpp: 16.0.10 (/opt/ros/humble/share/rclcpp/cmake)
[0.433s] -- Found rosidl_generator_c: 3.1.5 (/opt/ros/humble/share/rosidl_generator_c/cmake)
[0.436s] -- Found rosidl_adapter: 3.1.5 (/opt/ros/humble/share/rosidl_adapter/cmake)
[0.440s] -- Found rosidl_generator_cpp: 3.1.5 (/opt/ros/humble/share/rosidl_generator_cpp/cmake)
[0.447s] -- Using all available rosidl_typesupport_c: rosidl_typesupport_fastrtps_c;rosidl_typesupport_introspection_c
[0.456s] -- Using all available rosidl_typesupport_cpp: rosidl_typesupport_fastrtps_cpp;rosidl_typesupport_introspection_cpp
[0.481s] -- Found rmw_implementation_cmake: 6.1.2 (/opt/ros/humble/share/rmw_implementation_cmake/cmake)
[0.483s] -- Found rmw_fastrtps_cpp: 6.2.7 (/opt/ros/humble/share/rmw_fastrtps_cpp/cmake)
[0.548s] -- Found OpenSSL: /usr/lib/x86_64-linux-gnu/libcrypto.so (found version "3.0.2")  
[0.564s] -- Found FastRTPS: /opt/ros/humble/include  
[0.592s] -- Using RMW implementation 'rmw_fastrtps_cpp' as default
[0.598s] -- Looking for pthread.h
[0.659s] -- Looking for pthread.h - found
[0.659s] -- Performing Test CMAKE_HAVE_LIBC_PTHREAD
[0.726s] -- Performing Test CMAKE_HAVE_LIBC_PTHREAD - Success
[0.727s] -- Found Threads: TRUE  
[0.802s] -- Configuring done
[0.810s] -- Generating done
[0.811s] -- Build files have been written to: /home/tkdals/robot_ws/build/homework1_pkg
[0.816s] Invoked command in '/home/tkdals/robot_ws/build/homework1_pkg' returned '0': CMAKE_PREFIX_PATH=${CMAKE_PREFIX_PATH}:/opt/ros/humble /usr/bin/cmake /home/tkdals/robot_ws/src/homework1_pkg -DCMAKE_INSTALL_PREFIX=/home/tkdals/robot_ws/install/homework1_pkg
[0.818s] Invoking command in '/home/tkdals/robot_ws/build/homework1_pkg': CMAKE_PREFIX_PATH=${CMAKE_PREFIX_PATH}:/opt/ros/humble /usr/bin/cmake --build /home/tkdals/robot_ws/build/homework1_pkg -- -j20 -l20
[0.858s] [ 16%] [32mBuilding CXX object CMakeFiles/listener.dir/src/homework1_sub1.cpp.o[0m
[0.860s] [ 33%] [32mBuilding CXX object CMakeFiles/talker.dir/src/homework1_pub.cpp.o[0m
[0.861s] [ 50%] [32mBuilding CXX object CMakeFiles/listener2.dir/src/homework1_sub2.cpp.o[0m
[3.991s] [ 66%] [32m[1mLinking CXX executable talker[0m
[4.123s] [ 66%] Built target talker
[4.214s] [ 83%] [32m[1mLinking CXX executable listener[0m
[4.337s] [ 83%] Built target listener
[6.505s] [100%] [32m[1mLinking CXX executable listener2[0m
[6.743s] [100%] Built target listener2
[6.754s] Invoked command in '/home/tkdals/robot_ws/build/homework1_pkg' returned '0': CMAKE_PREFIX_PATH=${CMAKE_PREFIX_PATH}:/opt/ros/humble /usr/bin/cmake --build /home/tkdals/robot_ws/build/homework1_pkg -- -j20 -l20
[6.784s] Invoking command in '/home/tkdals/robot_ws/build/homework1_pkg': CMAKE_PREFIX_PATH=${CMAKE_PREFIX_PATH}:/opt/ros/humble /usr/bin/cmake --install /home/tkdals/robot_ws/build/homework1_pkg
[6.792s] -- Install configuration: ""
[6.792s] -- Installing: /home/tkdals/robot_ws/install/homework1_pkg/lib/homework1_pkg/talker
[6.793s] -- Set runtime path of "/home/tkdals/robot_ws/install/homework1_pkg/lib/homework1_pkg/talker" to ""
[6.793s] -- Installing: /home/tkdals/robot_ws/install/homework1_pkg/lib/homework1_pkg/listener
[6.794s] -- Set runtime path of "/home/tkdals/robot_ws/install/homework1_pkg/lib/homework1_pkg/listener" to ""
[6.794s] -- Installing: /home/tkdals/robot_ws/install/homework1_pkg/lib/homework1_pkg/listener2
[6.795s] -- Set runtime path of "/home/tkdals/robot_ws/install/homework1_pkg/lib/homework1_pkg/listener2" to ""
[6.795s] -- Installing: /home/tkdals/robot_ws/install/homework1_pkg/share/ament_index/resource_index/package_run_dependencies/homework1_pkg
[6.796s] -- Installing: /home/tkdals/robot_ws/install/homework1_pkg/share/ament_index/resource_index/parent_prefix_path/homework1_pkg
[6.796s] -- Installing: /home/tkdals/robot_ws/install/homework1_pkg/share/homework1_pkg/environment/ament_prefix_path.sh
[6.796s] -- Installing: /home/tkdals/robot_ws/install/homework1_pkg/share/homework1_pkg/environment/ament_prefix_path.dsv
[6.796s] -- Installing: /home/tkdals/robot_ws/install/homework1_pkg/share/homework1_pkg/environment/path.sh
[6.796s] -- Installing: /home/tkdals/robot_ws/install/homework1_pkg/share/homework1_pkg/environment/path.dsv
[6.796s] -- Installing: /home/tkdals/robot_ws/install/homework1_pkg/share/homework1_pkg/local_setup.bash
[6.796s] -- Installing: /home/tkdals/robot_ws/install/homework1_pkg/share/homework1_pkg/local_setup.sh
[6.796s] -- Installing: /home/tkdals/robot_ws/install/homework1_pkg/share/homework1_pkg/local_setup.zsh
[6.796s] -- Installing: /home/tkdals/robot_ws/install/homework1_pkg/share/homework1_pkg/local_setup.dsv
[6.796s] -- Installing: /home/tkdals/robot_ws/install/homework1_pkg/share/homework1_pkg/package.dsv
[6.796s] -- Installing: /home/tkdals/robot_ws/install/homework1_pkg/share/ament_index/resource_index/packages/homework1_pkg
[6.796s] -- Installing: /home/tkdals/robot_ws/install/homework1_pkg/share/homework1_pkg/cmake/homework1_pkgConfig.cmake
[6.796s] -- Installing: /home/tkdals/robot_ws/install/homework1_pkg/share/homework1_pkg/cmake/homework1_pkgConfig-version.cmake
[6.796s] -- Installing: /home/tkdals/robot_ws/install/homework1_pkg/share/homework1_pkg/package.xml
[6.797s] Invoked command in '/home/tkdals/robot_ws/build/homework1_pkg' returned '0': CMAKE_PREFIX_PATH=${CMAKE_PREFIX_PATH}:/opt/ros/humble /usr/bin/cmake --install /home/tkdals/robot_ws/build/homework1_pkg
