-- Found ament_cmake: 1.3.10 (/opt/ros/humble/share/ament_cmake/cmake)
-- Found rclcpp: 16.0.10 (/opt/ros/humble/share/rclcpp/cmake)
-- Found rosidl_generator_c: 3.1.5 (/opt/ros/humble/share/rosidl_generator_c/cmake)
-- Found rosidl_adapter: 3.1.5 (/opt/ros/humble/share/rosidl_adapter/cmake)
-- Found rosidl_generator_cpp: 3.1.5 (/opt/ros/humble/share/rosidl_generator_cpp/cmake)
-- Using all available rosidl_typesupport_c: rosidl_typesupport_fastrtps_c;rosidl_typesupport_introspection_c
-- Using all available rosidl_typesupport_cpp: rosidl_typesupport_fastrtps_cpp;rosidl_typesupport_introspection_cpp
-- Found rmw_implementation_cmake: 6.1.2 (/opt/ros/humble/share/rmw_implementation_cmake/cmake)
-- Found rmw_fastrtps_cpp: 6.2.7 (/opt/ros/humble/share/rmw_fastrtps_cpp/cmake)
-- Using RMW implementation 'rmw_fastrtps_cpp' as default
-- Found dynamixel_sdk: 3.7.60 (/home/tkdals/robot_ws/install/dynamixel_sdk/share/dynamixel_sdk/cmake)
-- Found ament_lint_auto: 0.12.11 (/opt/ros/humble/share/ament_lint_auto/cmake)
-- Added test 'cppcheck' to perform static code analysis on C / C++ code
-- Configured cppcheck include dirs: /home/tkdals/robot_ws/src/homework3_pkg/include
-- Configured cppcheck exclude dirs and/or files: 
-- Added test 'flake8' to check Python code syntax and style conventions
-- Added test 'lint_cmake' to check CMake code style
-- Added test 'pep257' to check Python code against some of the docstring style conventions in PEP 257
-- Added test 'uncrustify' to check C / C++ code style
-- Configured uncrustify additional arguments: 
-- Added test 'xmllint' to check XML markup files
-- Configuring done
-- Generating done
-- Build files have been written to: /home/tkdals/robot_ws/build/homework3_pkg
[35m[1mConsolidate compiler generated dependencies of target dynamixel[0m
[ 25%] [32mBuilding CXX object CMakeFiles/motor.dir/src/Motor.cpp.o[0m
[ 50%] [32mBuilding CXX object CMakeFiles/dynamixel.dir/src/homework3_pkg_trydynamixel.cpp.o[0m
[ 75%] [32m[1mLinking CXX static library libmotor.a[0m
[100%] [32m[1mLinking CXX executable dynamixel[0m
[100%] Built target motor
[100%] Built target dynamixel
-- Install configuration: ""
-- Installing: /home/tkdals/robot_ws/install/homework3_pkg/lib/homework3_pkg/dynamixel
-- Set runtime path of "/home/tkdals/robot_ws/install/homework3_pkg/lib/homework3_pkg/dynamixel" to ""
-- Installing: /home/tkdals/robot_ws/install/homework3_pkg/lib/homework3_pkg/libmotor.a
-- Up-to-date: /home/tkdals/robot_ws/install/homework3_pkg/share/ament_index/resource_index/package_run_dependencies/homework3_pkg
-- Up-to-date: /home/tkdals/robot_ws/install/homework3_pkg/share/ament_index/resource_index/parent_prefix_path/homework3_pkg
-- Up-to-date: /home/tkdals/robot_ws/install/homework3_pkg/share/homework3_pkg/environment/ament_prefix_path.sh
-- Installing: /home/tkdals/robot_ws/install/homework3_pkg/share/homework3_pkg/environment/ament_prefix_path.dsv
-- Up-to-date: /home/tkdals/robot_ws/install/homework3_pkg/share/homework3_pkg/environment/path.sh
-- Installing: /home/tkdals/robot_ws/install/homework3_pkg/share/homework3_pkg/environment/path.dsv
-- Up-to-date: /home/tkdals/robot_ws/install/homework3_pkg/share/homework3_pkg/local_setup.bash
-- Up-to-date: /home/tkdals/robot_ws/install/homework3_pkg/share/homework3_pkg/local_setup.sh
-- Up-to-date: /home/tkdals/robot_ws/install/homework3_pkg/share/homework3_pkg/local_setup.zsh
-- Installing: /home/tkdals/robot_ws/install/homework3_pkg/share/homework3_pkg/local_setup.dsv
-- Installing: /home/tkdals/robot_ws/install/homework3_pkg/share/homework3_pkg/package.dsv
-- Up-to-date: /home/tkdals/robot_ws/install/homework3_pkg/share/ament_index/resource_index/packages/homework3_pkg
-- Up-to-date: /home/tkdals/robot_ws/install/homework3_pkg/share/homework3_pkg/cmake/homework3_pkgConfig.cmake
-- Up-to-date: /home/tkdals/robot_ws/install/homework3_pkg/share/homework3_pkg/cmake/homework3_pkgConfig-version.cmake
-- Up-to-date: /home/tkdals/robot_ws/install/homework3_pkg/share/homework3_pkg/package.xml
