[0.026s] Invoking command in '/home/tkdals/robot_ws/build/dynamixel_sdk': /usr/bin/cmake /home/tkdals/robot_ws/src/dynamixel_sdk -DCATKIN_INSTALL_INTO_PREFIX_ROOT=0 -DCMAKE_INSTALL_PREFIX=/home/tkdals/robot_ws/install/dynamixel_sdk
[0.034s] [0mCMake Deprecation Warning at CMakeLists.txt:4 (cmake_minimum_required):
[0.034s]   Compatibility with CMake < 2.8.12 will be removed from a future version of
[0.034s]   CMake.
[0.034s] 
[0.034s]   Update the VERSION argument <min> value or use a ...<max> suffix to tell
[0.034s]   CMake that the project does not need compatibility with older versions.
[0.034s] 
[0.034s] [0m
[0.073s] -- The C compiler identification is GNU 11.4.0
[0.124s] -- The CXX compiler identification is GNU 11.4.0
[0.129s] -- Detecting C compiler ABI info
[0.182s] -- Detecting C compiler ABI info - done
[0.188s] -- Check for working C compiler: /usr/bin/cc - skipped
[0.188s] -- Detecting C compile features
[0.188s] -- Detecting C compile features - done
[0.191s] -- Detecting CXX compiler ABI info
[0.255s] -- Detecting CXX compiler ABI info - done
[0.261s] -- Check for working CXX compiler: /usr/bin/c++ - skipped
[0.261s] -- Detecting CXX compile features
[0.262s] -- Detecting CXX compile features - done
[0.268s] [31mCMake Error at CMakeLists.txt:13 (find_package):
[0.268s]   By not providing "Findcatkin.cmake" in CMAKE_MODULE_PATH this project has
[0.268s]   asked CMake to find a package configuration file provided by "catkin", but
[0.268s]   CMake did not find one.
[0.268s] 
[0.268s]   Could not find a package configuration file provided by "catkin" with any
[0.268s]   of the following names:
[0.268s] 
[0.268s]     catkinConfig.cmake
[0.269s]     catkin-config.cmake
[0.269s] 
[0.269s]   Add the installation prefix of "catkin" to CMAKE_PREFIX_PATH or set
[0.269s]   "catkin_DIR" to a directory containing one of the above files.  If "catkin"
[0.269s]   provides a separate development package or SDK, be sure it has been
[0.269s]   installed.
[0.269s] 
[0.269s] [0m
[0.269s] -- Configuring incomplete, errors occurred!
[0.269s] See also "/home/tkdals/robot_ws/build/dynamixel_sdk/CMakeFiles/CMakeOutput.log".
[0.271s] Invoked command in '/home/tkdals/robot_ws/build/dynamixel_sdk' returned '1': /usr/bin/cmake /home/tkdals/robot_ws/src/dynamixel_sdk -DCATKIN_INSTALL_INTO_PREFIX_ROOT=0 -DCMAKE_INSTALL_PREFIX=/home/tkdals/robot_ws/install/dynamixel_sdk
