[0.014s] Invoking command in '/home/tkdals/robot_ws/build/homework3_pkg': CMAKE_PREFIX_PATH=${CMAKE_PREFIX_PATH}:/opt/ros/humble /usr/bin/cmake /home/tkdals/robot_ws/src/homework3_pkg -DCMAKE_INSTALL_PREFIX=/home/tkdals/robot_ws/install/homework3_pkg
[0.062s] -- The C compiler identification is GNU 11.4.0
[0.112s] -- The CXX compiler identification is GNU 11.4.0
[0.117s] -- Detecting C compiler ABI info
[0.175s] -- Detecting C compiler ABI info - done
[0.179s] -- Check for working C compiler: /usr/bin/cc - skipped
[0.179s] -- Detecting C compile features
[0.180s] -- Detecting C compile features - done
[0.182s] -- Detecting CXX compiler ABI info
[0.251s] -- Detecting CXX compiler ABI info - done
[0.257s] -- Check for working CXX compiler: /usr/bin/c++ - skipped
[0.257s] -- Detecting CXX compile features
[0.257s] -- Detecting CXX compile features - done
[0.265s] -- Found ament_cmake: 1.3.10 (/opt/ros/humble/share/ament_cmake/cmake)
[0.383s] -- Found Python3: /usr/bin/python3 (found version "3.10.12") found components: Interpreter 
[0.466s] -- Found ament_lint_auto: 0.12.11 (/opt/ros/humble/share/ament_lint_auto/cmake)
[0.534s] [31mCMake Error at /opt/ros/humble/share/ament_cmake_target_dependencies/cmake/ament_target_dependencies.cmake:42 (message):
[0.535s]   ament_target_dependencies() the first argument must be a valid target name
[0.535s] Call Stack (most recent call first):
[0.535s]   CMakeLists.txt:28 (ament_target_dependencies)
[0.535s] 
[0.535s] [0m
[0.535s] -- Configuring incomplete, errors occurred!
[0.535s] See also "/home/tkdals/robot_ws/build/homework3_pkg/CMakeFiles/CMakeOutput.log".
[0.539s] Invoked command in '/home/tkdals/robot_ws/build/homework3_pkg' returned '1': CMAKE_PREFIX_PATH=${CMAKE_PREFIX_PATH}:/opt/ros/humble /usr/bin/cmake /home/tkdals/robot_ws/src/homework3_pkg -DCMAKE_INSTALL_PREFIX=/home/tkdals/robot_ws/install/homework3_pkg
