[0.008s] Invoking command in '/home/tkdals/robot_ws/study1_pkg/build/cpp_pubsub': CMAKE_PREFIX_PATH=${CMAKE_PREFIX_PATH}:/opt/ros/humble /usr/bin/cmake /home/tkdals/robot_ws/study1_pkg -DCMAKE_INSTALL_PREFIX=/home/tkdals/robot_ws/study1_pkg/install/cpp_pubsub
[0.020s] -- Found ament_cmake: 1.3.10 (/opt/ros/humble/share/ament_cmake/cmake)
[0.109s] -- Found rclcpp: 16.0.10 (/opt/ros/humble/share/rclcpp/cmake)
[0.126s] -- Found rosidl_generator_c: 3.1.5 (/opt/ros/humble/share/rosidl_generator_c/cmake)
[0.127s] -- Found rosidl_adapter: 3.1.5 (/opt/ros/humble/share/rosidl_adapter/cmake)
[0.131s] -- Found rosidl_generator_cpp: 3.1.5 (/opt/ros/humble/share/rosidl_generator_cpp/cmake)
[0.137s] -- Using all available rosidl_typesupport_c: rosidl_typesupport_fastrtps_c;rosidl_typesupport_introspection_c
[0.144s] -- Using all available rosidl_typesupport_cpp: rosidl_typesupport_fastrtps_cpp;rosidl_typesupport_introspection_cpp
[0.164s] -- Found rmw_implementation_cmake: 6.1.2 (/opt/ros/humble/share/rmw_implementation_cmake/cmake)
[0.165s] -- Found rmw_fastrtps_cpp: 6.2.7 (/opt/ros/humble/share/rmw_fastrtps_cpp/cmake)
[0.228s] -- Using RMW implementation 'rmw_fastrtps_cpp' as default
[0.306s] -- Configuring done
[0.307s] [31mCMake Error at CMakeLists.txt:17 (add_executable):
[0.307s]   Cannot find source file:
[0.307s] 
[0.307s]     src/pub1.cpp
[0.307s] 
[0.307s]   Tried extensions .c .C .c++ .cc .cpp .cxx .cu .mpp .m .M .mm .ixx .cppm .h
[0.307s]   .hh .h++ .hm .hpp .hxx .in .txx .f .F .for .f77 .f90 .f95 .f03 .hip .ispc
[0.307s] 
[0.307s] [0m
[0.307s] [31mCMake Error at CMakeLists.txt:20 (add_executable):
[0.307s]   Cannot find source file:
[0.307s] 
[0.307s]     src/sub.cpp
[0.307s] 
[0.307s]   Tried extensions .c .C .c++ .cc .cpp .cxx .cu .mpp .m .M .mm .ixx .cppm .h
[0.307s]   .hh .h++ .hm .hpp .hxx .in .txx .f .F .for .f77 .f90 .f95 .f03 .hip .ispc
[0.307s] 
[0.308s] [0m
[0.308s] [31mCMake Error at CMakeLists.txt:17 (add_executable):
[0.308s]   No SOURCES given to target: talker
[0.308s] 
[0.308s] [0m
[0.308s] [31mCMake Error at CMakeLists.txt:20 (add_executable):
[0.308s]   No SOURCES given to target: listener
[0.308s] 
[0.308s] [0m
[0.308s] [0mCMake Generate step failed.  Build files cannot be regenerated correctly.[0m
[0.311s] Invoked command in '/home/tkdals/robot_ws/study1_pkg/build/cpp_pubsub' returned '1': CMAKE_PREFIX_PATH=${CMAKE_PREFIX_PATH}:/opt/ros/humble /usr/bin/cmake /home/tkdals/robot_ws/study1_pkg -DCMAKE_INSTALL_PREFIX=/home/tkdals/robot_ws/study1_pkg/install/cpp_pubsub
