[0.012s] Invoking command in '/home/tkdals/robot_ws/build/tutorial_interfaces': CMAKE_PREFIX_PATH=/home/tkdals/robot_ws/install/homework2_2_pkg:/home/tkdals/robot_ws/install/tutorial_interfaces:/home/tkdals/robot_ws/install/homework3_pkg:/home/tkdals/robot_ws/install/homework1_pkg:/home/tkdals/robot_ws/install/ex_client_server_pkg:/opt/ros/humble:/home/tkdals/robot_ws/install/dynamixel_sdk /usr/bin/cmake --build /home/tkdals/robot_ws/build/tutorial_interfaces -- -j20 -l20
[0.056s] [  2%] Built target tutorial_interfaces__cpp
[0.066s] [  7%] Built target ament_cmake_python_copy_tutorial_interfaces
[0.066s] [ 12%] Built target tutorial_interfaces__rosidl_generator_c
[0.079s] [ 23%] Built target tutorial_interfaces__rosidl_typesupport_cpp
[0.085s] [ 33%] Built target tutorial_interfaces__rosidl_typesupport_introspection_cpp
[0.091s] [ 43%] Built target tutorial_interfaces__rosidl_typesupport_introspection_c
[0.092s] [ 64%] Built target tutorial_interfaces__rosidl_typesupport_fastrtps_cpp
[0.094s] [ 64%] Built target tutorial_interfaces__rosidl_typesupport_fastrtps_c
[0.095s] [ 74%] Built target tutorial_interfaces__rosidl_typesupport_c
[0.112s] [ 74%] Built target tutorial_interfaces
[0.128s] [ 76%] Built target tutorial_interfaces__py
[0.145s] [ 84%] Built target tutorial_interfaces__rosidl_generator_py
[0.160s] [ 89%] Built target tutorial_interfaces__rosidl_typesupport_fastrtps_c__pyext
[0.162s] [ 94%] Built target tutorial_interfaces__rosidl_typesupport_c__pyext
[0.162s] [100%] Built target tutorial_interfaces__rosidl_typesupport_introspection_c__pyext
[0.226s] running egg_info
[0.227s] writing tutorial_interfaces.egg-info/PKG-INFO
[0.227s] writing dependency_links to tutorial_interfaces.egg-info/dependency_links.txt
[0.227s] writing top-level names to tutorial_interfaces.egg-info/top_level.txt
[0.229s] reading manifest file 'tutorial_interfaces.egg-info/SOURCES.txt'
[0.229s] writing manifest file 'tutorial_interfaces.egg-info/SOURCES.txt'
[0.249s] [100%] Built target ament_cmake_python_build_tutorial_interfaces_egg
[0.258s] Invoked command in '/home/tkdals/robot_ws/build/tutorial_interfaces' returned '0': CMAKE_PREFIX_PATH=/home/tkdals/robot_ws/install/homework2_2_pkg:/home/tkdals/robot_ws/install/tutorial_interfaces:/home/tkdals/robot_ws/install/homework3_pkg:/home/tkdals/robot_ws/install/homework1_pkg:/home/tkdals/robot_ws/install/ex_client_server_pkg:/opt/ros/humble:/home/tkdals/robot_ws/install/dynamixel_sdk /usr/bin/cmake --build /home/tkdals/robot_ws/build/tutorial_interfaces -- -j20 -l20
