[ 80%] Built target motor
[100%] Built target dynamixel
-- Install configuration: ""
-- Up-to-date: /home/tkdals/robot_ws/install/homework3_pkg/lib/homework3_pkg/dynamixel
-- Up-to-date: /home/tkdals/robot_ws/install/homework3_pkg/lib/homework3_pkg/libmotor.a
-- Up-to-date: /home/tkdals/robot_ws/install/homework3_pkg/share/ament_index/resource_index/package_run_dependencies/homework3_pkg
-- Up-to-date: /home/tkdals/robot_ws/install/homework3_pkg/share/ament_index/resource_index/parent_prefix_path/homework3_pkg
-- Up-to-date: /home/tkdals/robot_ws/install/homework3_pkg/share/homework3_pkg/environment/ament_prefix_path.sh
-- Up-to-date: /home/tkdals/robot_ws/install/homework3_pkg/share/homework3_pkg/environment/ament_prefix_path.dsv
-- Up-to-date: /home/tkdals/robot_ws/install/homework3_pkg/share/homework3_pkg/environment/path.sh
-- Up-to-date: /home/tkdals/robot_ws/install/homework3_pkg/share/homework3_pkg/environment/path.dsv
-- Up-to-date: /home/tkdals/robot_ws/install/homework3_pkg/share/homework3_pkg/local_setup.bash
-- Up-to-date: /home/tkdals/robot_ws/install/homework3_pkg/share/homework3_pkg/local_setup.sh
-- Up-to-date: /home/tkdals/robot_ws/install/homework3_pkg/share/homework3_pkg/local_setup.zsh
-- Up-to-date: /home/tkdals/robot_ws/install/homework3_pkg/share/homework3_pkg/local_setup.dsv
-- Installing: /home/tkdals/robot_ws/install/homework3_pkg/share/homework3_pkg/package.dsv
-- Up-to-date: /home/tkdals/robot_ws/install/homework3_pkg/share/ament_index/resource_index/packages/homework3_pkg
-- Up-to-date: /home/tkdals/robot_ws/install/homework3_pkg/share/homework3_pkg/cmake/homework3_pkgConfig.cmake
-- Up-to-date: /home/tkdals/robot_ws/install/homework3_pkg/share/homework3_pkg/cmake/homework3_pkgConfig-version.cmake
-- Up-to-date: /home/tkdals/robot_ws/install/homework3_pkg/share/homework3_pkg/package.xml
