[0.008s] Invoking command in '/home/tkdals/robot_ws/build/homework2_2_pkg': CMAKE_PREFIX_PATH=/home/tkdals/robot_ws/install/tutorial_interfaces:/home/tkdals/robot_ws/install/homework2_2_pkg:/home/tkdals/robot_ws/install/homework1_pkg:/home/tkdals/robot_ws/install/ex_client_server_pkg:/opt/ros/humble /usr/bin/cmake --build /home/tkdals/robot_ws/build/homework2_2_pkg -- -j20 -l20
[0.044s] [35m[1mConsolidate compiler generated dependencies of target server[0m
[0.045s] [35m[1mConsolidate compiler generated dependencies of target client[0m
[0.046s] [35m[1mConsolidate compiler generated dependencies of target final_server[0m
[0.057s] [ 33%] Built target server
[0.058s] [ 66%] Built target client
[0.061s] [100%] Built target final_server
[0.069s] Invoked command in '/home/tkdals/robot_ws/build/homework2_2_pkg' returned '0': CMAKE_PREFIX_PATH=/home/tkdals/robot_ws/install/tutorial_interfaces:/home/tkdals/robot_ws/install/homework2_2_pkg:/home/tkdals/robot_ws/install/homework1_pkg:/home/tkdals/robot_ws/install/ex_client_server_pkg:/opt/ros/humble /usr/bin/cmake --build /home/tkdals/robot_ws/build/homework2_2_pkg -- -j20 -l20
[0.100s] Invoking command in '/home/tkdals/robot_ws/build/homework2_2_pkg': CMAKE_PREFIX_PATH=/home/tkdals/robot_ws/install/tutorial_interfaces:/home/tkdals/robot_ws/install/homework2_2_pkg:/home/tkdals/robot_ws/install/homework1_pkg:/home/tkdals/robot_ws/install/ex_client_server_pkg:/opt/ros/humble /usr/bin/cmake --install /home/tkdals/robot_ws/build/homework2_2_pkg
[0.105s] -- Install configuration: ""
[0.106s] -- Up-to-date: /home/tkdals/robot_ws/install/homework2_2_pkg/lib/homework2_2_pkg/server
[0.106s] -- Up-to-date: /home/tkdals/robot_ws/install/homework2_2_pkg/lib/homework2_2_pkg/client
[0.107s] -- Up-to-date: /home/tkdals/robot_ws/install/homework2_2_pkg/lib/homework2_2_pkg/final_server
[0.107s] -- Up-to-date: /home/tkdals/robot_ws/install/homework2_2_pkg/share/ament_index/resource_index/package_run_dependencies/homework2_2_pkg
[0.107s] -- Up-to-date: /home/tkdals/robot_ws/install/homework2_2_pkg/share/ament_index/resource_index/parent_prefix_path/homework2_2_pkg
[0.107s] -- Up-to-date: /home/tkdals/robot_ws/install/homework2_2_pkg/share/homework2_2_pkg/environment/ament_prefix_path.sh
[0.107s] -- Up-to-date: /home/tkdals/robot_ws/install/homework2_2_pkg/share/homework2_2_pkg/environment/ament_prefix_path.dsv
[0.107s] -- Up-to-date: /home/tkdals/robot_ws/install/homework2_2_pkg/share/homework2_2_pkg/environment/path.sh
[0.107s] -- Up-to-date: /home/tkdals/robot_ws/install/homework2_2_pkg/share/homework2_2_pkg/environment/path.dsv
[0.108s] -- Up-to-date: /home/tkdals/robot_ws/install/homework2_2_pkg/share/homework2_2_pkg/local_setup.bash
[0.108s] -- Up-to-date: /home/tkdals/robot_ws/install/homework2_2_pkg/share/homework2_2_pkg/local_setup.sh
[0.108s] -- Up-to-date: /home/tkdals/robot_ws/install/homework2_2_pkg/share/homework2_2_pkg/local_setup.zsh
[0.108s] -- Up-to-date: /home/tkdals/robot_ws/install/homework2_2_pkg/share/homework2_2_pkg/local_setup.dsv
[0.108s] -- Installing: /home/tkdals/robot_ws/install/homework2_2_pkg/share/homework2_2_pkg/package.dsv
[0.108s] -- Up-to-date: /home/tkdals/robot_ws/install/homework2_2_pkg/share/ament_index/resource_index/packages/homework2_2_pkg
[0.108s] -- Up-to-date: /home/tkdals/robot_ws/install/homework2_2_pkg/share/homework2_2_pkg/cmake/homework2_2_pkgConfig.cmake
[0.108s] -- Up-to-date: /home/tkdals/robot_ws/install/homework2_2_pkg/share/homework2_2_pkg/cmake/homework2_2_pkgConfig-version.cmake
[0.108s] -- Up-to-date: /home/tkdals/robot_ws/install/homework2_2_pkg/share/homework2_2_pkg/package.xml
[0.111s] Invoked command in '/home/tkdals/robot_ws/build/homework2_2_pkg' returned '0': CMAKE_PREFIX_PATH=/home/tkdals/robot_ws/install/tutorial_interfaces:/home/tkdals/robot_ws/install/homework2_2_pkg:/home/tkdals/robot_ws/install/homework1_pkg:/home/tkdals/robot_ws/install/ex_client_server_pkg:/opt/ros/humble /usr/bin/cmake --install /home/tkdals/robot_ws/build/homework2_2_pkg
