[0.013s] Invoking command in '/home/tkdals/robot_ws/build/tutorial_interfaces': CMAKE_PREFIX_PATH=${CMAKE_PREFIX_PATH}:/opt/ros/humble /usr/bin/cmake --build /home/tkdals/robot_ws/build/tutorial_interfaces -- -j20 -l20
[0.056s] [  2%] Built target tutorial_interfaces__cpp
[0.060s] [ 12%] Built target tutorial_interfaces__rosidl_generator_c
[0.064s] [ 12%] Built target ament_cmake_python_copy_tutorial_interfaces
[0.073s] [ 23%] Built target tutorial_interfaces__rosidl_typesupport_introspection_cpp
[0.076s] [ 33%] Built target tutorial_interfaces__rosidl_typesupport_cpp
[0.077s] [ 43%] Built target tutorial_interfaces__rosidl_typesupport_c
[0.077s] [ 53%] Built target tutorial_interfaces__rosidl_typesupport_fastrtps_cpp
[0.078s] [ 64%] Built target tutorial_interfaces__rosidl_typesupport_fastrtps_c
[0.079s] [ 74%] Built target tutorial_interfaces__rosidl_typesupport_introspection_c
[0.095s] [ 74%] Built target tutorial_interfaces
[0.114s] [ 76%] Built target tutorial_interfaces__py
[0.134s] [ 84%] Built target tutorial_interfaces__rosidl_generator_py
[0.149s] [ 89%] Built target tutorial_interfaces__rosidl_typesupport_fastrtps_c__pyext
[0.150s] [ 94%] Built target tutorial_interfaces__rosidl_typesupport_introspection_c__pyext
[0.155s] [100%] Built target tutorial_interfaces__rosidl_typesupport_c__pyext
[0.213s] running egg_info
[0.214s] writing tutorial_interfaces.egg-info/PKG-INFO
[0.214s] writing dependency_links to tutorial_interfaces.egg-info/dependency_links.txt
[0.214s] writing top-level names to tutorial_interfaces.egg-info/top_level.txt
[0.216s] reading manifest file 'tutorial_interfaces.egg-info/SOURCES.txt'
[0.216s] writing manifest file 'tutorial_interfaces.egg-info/SOURCES.txt'
[0.236s] [100%] Built target ament_cmake_python_build_tutorial_interfaces_egg
