[35m[1mConsolidate compiler generated dependencies of target client[0m
[ 33%] Built target final_server
[ 66%] Built target server
[ 83%] [32mBuilding CXX object CMakeFiles/client.dir/src/homework2_2_pkg_client.cpp.o[0m
[01m[K/home/tkdals/robot_ws/src/homework2_2_pkg/src/homework2_2_pkg_client.cpp:6:1:[m[K [01;31m[Kerror: [m[Kno declaration matches ‘[01m[KClientNode::ClientNode(const string&)[m[K’
    6 | [01;31m[KClientNode[m[K::ClientNode(const std::string &node_name)
      | [01;31m[K^~~~~~~~~~[m[K
In file included from [01m[K/home/tkdals/robot_ws/src/homework2_2_pkg/src/homework2_2_pkg_client.cpp:2[m[K:
[01m[K/home/tkdals/robot_ws/src/homework2_2_pkg/include/homework2_2_pkg/homework2_2_pkg_client.hpp:9:7:[m[K [01;36m[Knote: [m[Kcandidates are: ‘[01m[KClientNode::ClientNode(ClientNode&&)[m[K’
    9 | class [01;36m[KClientNode[m[K : public rclcpp::Node
      |       [01;36m[K^~~~~~~~~~[m[K
[01m[K/home/tkdals/robot_ws/src/homework2_2_pkg/include/homework2_2_pkg/homework2_2_pkg_client.hpp:9:7:[m[K [01;36m[Knote: [m[K                ‘[01m[KClientNode::ClientNode(const ClientNode&)[m[K’
[01m[K/home/tkdals/robot_ws/src/homework2_2_pkg/include/homework2_2_pkg/homework2_2_pkg_client.hpp:12:5:[m[K [01;36m[Knote: [m[K                ‘[01m[KClientNode::ClientNode()[m[K’
   12 |     [01;36m[KClientNode[m[K();
      |     [01;36m[K^~~~~~~~~~[m[K
[01m[K/home/tkdals/robot_ws/src/homework2_2_pkg/include/homework2_2_pkg/homework2_2_pkg_client.hpp:9:7:[m[K [01;36m[Knote: [m[K‘[01m[Kclass ClientNode[m[K’ defined here
    9 | class [01;36m[KClientNode[m[K : public rclcpp::Node
      |       [01;36m[K^~~~~~~~~~[m[K
[01m[K/home/tkdals/robot_ws/src/homework2_2_pkg/src/homework2_2_pkg_client.cpp:23:6:[m[K [01;31m[Kerror: [m[Kno declaration matches ‘[01m[Kvoid ClientNode::send_request(int64_t)[m[K’
   23 | void [01;31m[KClientNode[m[K::send_request(int64_t input)
      |      [01;31m[K^~~~~~~~~~[m[K
[01m[K/home/tkdals/robot_ws/src/homework2_2_pkg/src/homework2_2_pkg_client.cpp:23:6:[m[K [01;36m[Knote: [m[Kno functions named ‘[01m[Kvoid ClientNode::send_request(int64_t)[m[K’
In file included from [01m[K/home/tkdals/robot_ws/src/homework2_2_pkg/src/homework2_2_pkg_client.cpp:2[m[K:
[01m[K/home/tkdals/robot_ws/src/homework2_2_pkg/include/homework2_2_pkg/homework2_2_pkg_client.hpp:9:7:[m[K [01;36m[Knote: [m[K‘[01m[Kclass ClientNode[m[K’ defined here
    9 | class [01;36m[KClientNode[m[K : public rclcpp::Node
      |       [01;36m[K^~~~~~~~~~[m[K
[01m[K/home/tkdals/robot_ws/src/homework2_2_pkg/src/homework2_2_pkg_client.cpp:[m[K In function ‘[01m[Kint main(int, char**)[m[K’:
[01m[K/home/tkdals/robot_ws/src/homework2_2_pkg/src/homework2_2_pkg_client.cpp:57:11:[m[K [01;31m[Kerror: [m[K‘[01m[Kusing element_type = class ClientNode[m[K’ {aka ‘[01m[Kclass ClientNode[m[K’} has no member named ‘[01m[Ksend_request[m[K’
   57 |     node->[01;31m[Ksend_request[m[K(input_value);
      |           [01;31m[K^~~~~~~~~~~~[m[K
In file included from [01m[K/usr/include/x86_64-linux-gnu/c++/11/bits/c++allocator.h:33[m[K,
                 from [01m[K/usr/include/c++/11/bits/allocator.h:46[m[K,
                 from [01m[K/usr/include/c++/11/memory:64[m[K,
                 from [01m[K/opt/ros/humble/include/rclcpp/rclcpp/rclcpp.hpp:153[m[K,
                 from [01m[K/home/tkdals/robot_ws/src/homework2_2_pkg/src/homework2_2_pkg_client.cpp:1[m[K:
/usr/include/c++/11/ext/new_allocator.h: In instantiation of ‘[01m[Kvoid __gnu_cxx::new_allocator<_Tp>::construct(_Up*, _Args&& ...) [with _Up = ClientNode; _Args = {const char (&)[14]}; _Tp = ClientNode][m[K’:
[01m[K/usr/include/c++/11/bits/alloc_traits.h:516:17:[m[K   required from ‘[01m[Kstatic void std::allocator_traits<std::allocator<_Tp1> >::construct(std::allocator_traits<std::allocator<_Tp1> >::allocator_type&, _Up*, _Args&& ...) [with _Up = ClientNode; _Args = {const char (&)[14]}; _Tp = ClientNode; std::allocator_traits<std::allocator<_Tp1> >::allocator_type = std::allocator<ClientNode>][m[K’
[01m[K/usr/include/c++/11/bits/shared_ptr_base.h:519:39:[m[K   required from ‘[01m[Kstd::_Sp_counted_ptr_inplace<_Tp, _Alloc, _Lp>::_Sp_counted_ptr_inplace(_Alloc, _Args&& ...) [with _Args = {const char (&)[14]}; _Tp = ClientNode; _Alloc = std::allocator<ClientNode>; __gnu_cxx::_Lock_policy _Lp = __gnu_cxx::_S_atomic][m[K’
[01m[K/usr/include/c++/11/bits/shared_ptr_base.h:650:16:[m[K   required from ‘[01m[Kstd::__shared_count<_Lp>::__shared_count(_Tp*&, std::_Sp_alloc_shared_tag<_Alloc>, _Args&& ...) [with _Tp = ClientNode; _Alloc = std::allocator<ClientNode>; _Args = {const char (&)[14]}; __gnu_cxx::_Lock_policy _Lp = __gnu_cxx::_S_atomic][m[K’
[01m[K/usr/include/c++/11/bits/shared_ptr_base.h:1342:14:[m[K   required from ‘[01m[Kstd::__shared_ptr<_Tp, _Lp>::__shared_ptr(std::_Sp_alloc_shared_tag<_Tp>, _Args&& ...) [with _Alloc = std::allocator<ClientNode>; _Args = {const char (&)[14]}; _Tp = ClientNode; __gnu_cxx::_Lock_policy _Lp = __gnu_cxx::_S_atomic][m[K’
[01m[K/usr/include/c++/11/bits/shared_ptr.h:409:59:[m[K   required from ‘[01m[Kstd::shared_ptr<_Tp>::shared_ptr(std::_Sp_alloc_shared_tag<_Tp>, _Args&& ...) [with _Alloc = std::allocator<ClientNode>; _Args = {const char (&)[14]}; _Tp = ClientNode][m[K’
[01m[K/usr/include/c++/11/bits/shared_ptr.h:862:14:[m[K   required from ‘[01m[Kstd::shared_ptr<_Tp> std::allocate_shared(const _Alloc&, _Args&& ...) [with _Tp = ClientNode; _Alloc = std::allocator<ClientNode>; _Args = {const char (&)[14]}][m[K’
[01m[K/usr/include/c++/11/bits/shared_ptr.h:878:39:[m[K   required from ‘[01m[Kstd::shared_ptr<_Tp> std::make_shared(_Args&& ...) [with _Tp = ClientNode; _Args = {const char (&)[14]}][m[K’
[01m[K/home/tkdals/robot_ws/src/homework2_2_pkg/src/homework2_2_pkg_client.cpp:55:45:[m[K   required from here
[01m[K/usr/include/c++/11/ext/new_allocator.h:162:11:[m[K [01;31m[Kerror: [m[Kno matching function for call to ‘[01m[KClientNode::ClientNode(const char [14])[m[K’
  162 |         { [01;31m[K::new((void *)__p) _Up(std::forward<_Args>(__args)...)[m[K; }
      |           [01;31m[K^~~~~~~~~~~~~~~~~~~~~~~~~~~~~~~~~~~~~~~~~~~~~~~~~~~~~~[m[K
In file included from [01m[K/home/tkdals/robot_ws/src/homework2_2_pkg/src/homework2_2_pkg_client.cpp:2[m[K:
[01m[K/home/tkdals/robot_ws/src/homework2_2_pkg/include/homework2_2_pkg/homework2_2_pkg_client.hpp:12:5:[m[K [01;36m[Knote: [m[Kcandidate: ‘[01m[KClientNode::ClientNode()[m[K’
   12 |     [01;36m[KClientNode[m[K();
      |     [01;36m[K^~~~~~~~~~[m[K
[01m[K/home/tkdals/robot_ws/src/homework2_2_pkg/include/homework2_2_pkg/homework2_2_pkg_client.hpp:12:5:[m[K [01;36m[Knote: [m[K  candidate expects 0 arguments, 1 provided
gmake[2]: *** [CMakeFiles/client.dir/build.make:76: CMakeFiles/client.dir/src/homework2_2_pkg_client.cpp.o] Error 1
gmake[1]: *** [CMakeFiles/Makefile2:167: CMakeFiles/client.dir/all] Error 2
gmake: *** [Makefile:146: all] Error 2
