[0.007s] Invoking command in '/home/tkdals/robot_ws/study1_pkg/build/study1_pkg': CMAKE_PREFIX_PATH=${CMAKE_PREFIX_PATH}:/opt/ros/humble /usr/bin/cmake /home/tkdals/robot_ws/study1_pkg -DCMAKE_INSTALL_PREFIX=/home/tkdals/robot_ws/study1_pkg/install/study1_pkg
[0.016s] -- Found ament_cmake: 1.3.10 (/opt/ros/humble/share/ament_cmake/cmake)
[0.113s] -- Found rclcpp: 16.0.10 (/opt/ros/humble/share/rclcpp/cmake)
[0.131s] -- Found rosidl_generator_c: 3.1.5 (/opt/ros/humble/share/rosidl_generator_c/cmake)
[0.132s] -- Found rosidl_adapter: 3.1.5 (/opt/ros/humble/share/rosidl_adapter/cmake)
[0.136s] -- Found rosidl_generator_cpp: 3.1.5 (/opt/ros/humble/share/rosidl_generator_cpp/cmake)
[0.142s] -- Using all available rosidl_typesupport_c: rosidl_typesupport_fastrtps_c;rosidl_typesupport_introspection_c
[0.149s] -- Using all available rosidl_typesupport_cpp: rosidl_typesupport_fastrtps_cpp;rosidl_typesupport_introspection_cpp
[0.170s] -- Found rmw_implementation_cmake: 6.1.2 (/opt/ros/humble/share/rmw_implementation_cmake/cmake)
[0.170s] -- Found rmw_fastrtps_cpp: 6.2.7 (/opt/ros/humble/share/rmw_fastrtps_cpp/cmake)
[0.245s] -- Using RMW implementation 'rmw_fastrtps_cpp' as default
[0.319s] -- Configuring done
[0.321s] [31mCMake Error at CMakeLists.txt:20 (add_executable):
[0.321s]   Cannot find source file:
[0.321s] 
[0.321s]     src/sub.cpp
[0.321s] 
[0.321s]   Tried extensions .c .C .c++ .cc .cpp .cxx .cu .mpp .m .M .mm .ixx .cppm .h
[0.321s]   .hh .h++ .hm .hpp .hxx .in .txx .f .F .for .f77 .f90 .f95 .f03 .hip .ispc
[0.321s] 
[0.321s] [0m
[0.321s] [31mCMake Error at CMakeLists.txt:20 (add_executable):
[0.321s]   No SOURCES given to target: listener
[0.321s] 
[0.321s] [0m
[0.321s] [0mCMake Generate step failed.  Build files cannot be regenerated correctly.[0m
[0.325s] Invoked command in '/home/tkdals/robot_ws/study1_pkg/build/study1_pkg' returned '1': CMAKE_PREFIX_PATH=${CMAKE_PREFIX_PATH}:/opt/ros/humble /usr/bin/cmake /home/tkdals/robot_ws/study1_pkg -DCMAKE_INSTALL_PREFIX=/home/tkdals/robot_ws/study1_pkg/install/study1_pkg
