[0.064s] DEBUG:colcon:Command line arguments: ['/usr/bin/colcon', 'build']
[0.064s] DEBUG:colcon:Parsed command line arguments: Namespace(log_base=None, log_level=None, verb_name='build', build_base='build', install_base='install', merge_install=False, symlink_install=False, test_result_base=None, continue_on_error=False, executor='parallel', parallel_workers=20, event_handlers=None, ignore_user_meta=False, metas=['./colcon.meta'], base_paths=['.'], packages_ignore=None, packages_ignore_regex=None, paths=None, packages_up_to=None, packages_up_to_regex=None, packages_above=None, packages_above_and_dependencies=None, packages_above_depth=None, packages_select_by_dep=None, packages_skip_by_dep=None, packages_skip_up_to=None, packages_select_build_failed=False, packages_skip_build_finished=False, packages_select_test_failures=False, packages_skip_test_passed=False, packages_select=None, packages_skip=None, packages_select_regex=None, packages_skip_regex=None, packages_start=None, packages_end=None, allow_overriding=[], cmake_args=None, cmake_target=None, cmake_target_skip_unavailable=False, cmake_clean_cache=False, cmake_clean_first=False, cmake_force_configure=False, ament_cmake_args=None, catkin_cmake_args=None, catkin_skip_building_tests=False, mixin_files=None, mixin=None, verb_parser=<colcon_mixin.mixin.mixin_argument.MixinArgumentDecorator object at 0x7f51388363b0>, verb_extension=<colcon_core.verb.build.BuildVerb object at 0x7f5138835de0>, main=<bound method BuildVerb.main of <colcon_core.verb.build.BuildVerb object at 0x7f5138835de0>>, mixin_verb=('build',))
[0.152s] Level 1:colcon.colcon_core.package_discovery:discover_packages(colcon_meta) check parameters
[0.152s] Level 1:colcon.colcon_core.package_discovery:discover_packages(recursive) check parameters
[0.152s] Level 1:colcon.colcon_core.package_discovery:discover_packages(ignore) check parameters
[0.152s] Level 1:colcon.colcon_core.package_discovery:discover_packages(path) check parameters
[0.152s] Level 1:colcon.colcon_core.package_discovery:discover_packages(colcon_meta) discover
[0.152s] Level 1:colcon.colcon_core.package_discovery:discover_packages(recursive) discover
[0.152s] INFO:colcon.colcon_core.package_discovery:Crawling recursively for packages in '/home/tkdals/robot_ws/study1_pkg'
[0.152s] Level 1:colcon.colcon_core.package_identification:_identify(.) by extensions ['ignore', 'ignore_ament_install']
[0.152s] Level 1:colcon.colcon_core.package_identification:_identify(.) by extension 'ignore'
[0.152s] Level 1:colcon.colcon_core.package_identification:_identify(.) by extension 'ignore_ament_install'
[0.152s] Level 1:colcon.colcon_core.package_identification:_identify(.) by extensions ['colcon_pkg']
[0.152s] Level 1:colcon.colcon_core.package_identification:_identify(.) by extension 'colcon_pkg'
[0.152s] Level 1:colcon.colcon_core.package_identification:_identify(.) by extensions ['colcon_meta']
[0.152s] Level 1:colcon.colcon_core.package_identification:_identify(.) by extension 'colcon_meta'
[0.152s] Level 1:colcon.colcon_core.package_identification:_identify(.) by extensions ['ros']
[0.152s] Level 1:colcon.colcon_core.package_identification:_identify(.) by extension 'ros'
[0.161s] DEBUG:colcon.colcon_core.package_identification:Package '.' with type 'ros.ament_cmake' and name 'study1_pkg'
[0.161s] Level 1:colcon.colcon_core.package_discovery:discover_packages(recursive) using defaults
[0.161s] Level 1:colcon.colcon_core.package_discovery:discover_packages(ignore) discover
[0.161s] Level 1:colcon.colcon_core.package_discovery:discover_packages(ignore) using defaults
[0.161s] Level 1:colcon.colcon_core.package_discovery:discover_packages(path) discover
[0.161s] Level 1:colcon.colcon_core.package_discovery:discover_packages(path) using defaults
[0.173s] Level 1:colcon.colcon_core.package_discovery:discover_packages(prefix_path) check parameters
[0.173s] Level 1:colcon.colcon_core.package_discovery:discover_packages(prefix_path) discover
[0.174s] DEBUG:colcon.colcon_installed_package_information.package_discovery:Found 270 installed packages in /opt/ros/humble
[0.175s] Level 1:colcon.colcon_core.package_discovery:discover_packages(prefix_path) using defaults
[0.201s] Level 5:colcon.colcon_core.verb:set package 'study1_pkg' build argument 'cmake_args' from command line to 'None'
[0.201s] Level 5:colcon.colcon_core.verb:set package 'study1_pkg' build argument 'cmake_target' from command line to 'None'
[0.202s] Level 5:colcon.colcon_core.verb:set package 'study1_pkg' build argument 'cmake_target_skip_unavailable' from command line to 'False'
[0.202s] Level 5:colcon.colcon_core.verb:set package 'study1_pkg' build argument 'cmake_clean_cache' from command line to 'False'
[0.202s] Level 5:colcon.colcon_core.verb:set package 'study1_pkg' build argument 'cmake_clean_first' from command line to 'False'
[0.202s] Level 5:colcon.colcon_core.verb:set package 'study1_pkg' build argument 'cmake_force_configure' from command line to 'False'
[0.202s] Level 5:colcon.colcon_core.verb:set package 'study1_pkg' build argument 'ament_cmake_args' from command line to 'None'
[0.202s] Level 5:colcon.colcon_core.verb:set package 'study1_pkg' build argument 'catkin_cmake_args' from command line to 'None'
[0.202s] Level 5:colcon.colcon_core.verb:set package 'study1_pkg' build argument 'catkin_skip_building_tests' from command line to 'False'
[0.202s] DEBUG:colcon.colcon_core.verb:Building package 'study1_pkg' with the following arguments: {'ament_cmake_args': None, 'build_base': '/home/tkdals/robot_ws/study1_pkg/build/study1_pkg', 'catkin_cmake_args': None, 'catkin_skip_building_tests': False, 'cmake_args': None, 'cmake_clean_cache': False, 'cmake_clean_first': False, 'cmake_force_configure': False, 'cmake_target': None, 'cmake_target_skip_unavailable': False, 'install_base': '/home/tkdals/robot_ws/study1_pkg/install/study1_pkg', 'merge_install': False, 'path': '/home/tkdals/robot_ws/study1_pkg', 'symlink_install': False, 'test_result_base': None}
[0.202s] INFO:colcon.colcon_core.executor:Executing jobs using 'parallel' executor
[0.202s] DEBUG:colcon.colcon_parallel_executor.executor.parallel:run_until_complete
[0.203s] INFO:colcon.colcon_ros.task.ament_cmake.build:Building ROS package in '/home/tkdals/robot_ws/study1_pkg' with build type 'ament_cmake'
[0.203s] INFO:colcon.colcon_cmake.task.cmake.build:Building CMake package in '/home/tkdals/robot_ws/study1_pkg'
[0.204s] INFO:colcon.colcon_core.plugin_system:Skipping extension 'colcon_core.shell.bat': Not used on non-Windows systems
[0.204s] INFO:colcon.colcon_core.shell:Skip shell extension 'powershell' for command environment: Not usable outside of PowerShell
[0.204s] DEBUG:colcon.colcon_core.shell:Skip shell extension 'dsv' for command environment
[0.210s] DEBUG:colcon.colcon_core.event_handler.log_command:Invoking command in '/home/tkdals/robot_ws/study1_pkg/build/study1_pkg': CMAKE_PREFIX_PATH=/opt/ros/humble /usr/bin/cmake /home/tkdals/robot_ws/study1_pkg -DCMAKE_INSTALL_PREFIX=/home/tkdals/robot_ws/study1_pkg/install/study1_pkg
[0.542s] DEBUG:colcon.colcon_core.event_handler.log_command:Invoked command in '/home/tkdals/robot_ws/study1_pkg/build/study1_pkg' returned '0': CMAKE_PREFIX_PATH=/opt/ros/humble /usr/bin/cmake /home/tkdals/robot_ws/study1_pkg -DCMAKE_INSTALL_PREFIX=/home/tkdals/robot_ws/study1_pkg/install/study1_pkg
[0.543s] DEBUG:colcon.colcon_core.event_handler.log_command:Invoking command in '/home/tkdals/robot_ws/study1_pkg/build/study1_pkg': CMAKE_PREFIX_PATH=/opt/ros/humble /usr/bin/cmake --build /home/tkdals/robot_ws/study1_pkg/build/study1_pkg -- -j20 -l20
[6.010s] DEBUG:colcon.colcon_core.event_handler.log_command:Invoked command in '/home/tkdals/robot_ws/study1_pkg/build/study1_pkg' returned '0': CMAKE_PREFIX_PATH=/opt/ros/humble /usr/bin/cmake --build /home/tkdals/robot_ws/study1_pkg/build/study1_pkg -- -j20 -l20
[6.059s] DEBUG:colcon.colcon_core.event_handler.log_command:Invoking command in '/home/tkdals/robot_ws/study1_pkg/build/study1_pkg': CMAKE_PREFIX_PATH=/opt/ros/humble /usr/bin/cmake --install /home/tkdals/robot_ws/study1_pkg/build/study1_pkg
[6.076s] Level 1:colcon.colcon_core.environment:create_environment_scripts_only(study1_pkg)
[6.076s] DEBUG:colcon.colcon_core.event_handler.log_command:Invoked command in '/home/tkdals/robot_ws/study1_pkg/build/study1_pkg' returned '0': CMAKE_PREFIX_PATH=/opt/ros/humble /usr/bin/cmake --install /home/tkdals/robot_ws/study1_pkg/build/study1_pkg
[6.078s] Level 1:colcon.colcon_core.environment:checking '/home/tkdals/robot_ws/study1_pkg/install/study1_pkg' for CMake module files
[6.079s] Level 1:colcon.colcon_core.environment:checking '/home/tkdals/robot_ws/study1_pkg/install/study1_pkg' for CMake config files
[6.079s] Level 1:colcon.colcon_core.shell:create_environment_hook('study1_pkg', 'cmake_prefix_path')
[6.079s] INFO:colcon.colcon_core.shell:Creating environment hook '/home/tkdals/robot_ws/study1_pkg/install/study1_pkg/share/study1_pkg/hook/cmake_prefix_path.ps1'
[6.079s] INFO:colcon.colcon_core.shell:Creating environment descriptor '/home/tkdals/robot_ws/study1_pkg/install/study1_pkg/share/study1_pkg/hook/cmake_prefix_path.dsv'
[6.080s] INFO:colcon.colcon_core.shell:Creating environment hook '/home/tkdals/robot_ws/study1_pkg/install/study1_pkg/share/study1_pkg/hook/cmake_prefix_path.sh'
[6.081s] Level 1:colcon.colcon_core.environment:checking '/home/tkdals/robot_ws/study1_pkg/install/study1_pkg/lib'
[6.081s] Level 1:colcon.colcon_core.environment:checking '/home/tkdals/robot_ws/study1_pkg/install/study1_pkg/bin'
[6.081s] Level 1:colcon.colcon_core.environment:checking '/home/tkdals/robot_ws/study1_pkg/install/study1_pkg/lib/pkgconfig/study1_pkg.pc'
[6.081s] Level 1:colcon.colcon_core.environment:checking '/home/tkdals/robot_ws/study1_pkg/install/study1_pkg/lib/python3.10/site-packages'
[6.081s] Level 1:colcon.colcon_core.environment:checking '/home/tkdals/robot_ws/study1_pkg/install/study1_pkg/bin'
[6.082s] INFO:colcon.colcon_core.shell:Creating package script '/home/tkdals/robot_ws/study1_pkg/install/study1_pkg/share/study1_pkg/package.ps1'
[6.083s] INFO:colcon.colcon_core.shell:Creating package descriptor '/home/tkdals/robot_ws/study1_pkg/install/study1_pkg/share/study1_pkg/package.dsv'
[6.083s] INFO:colcon.colcon_core.shell:Creating package script '/home/tkdals/robot_ws/study1_pkg/install/study1_pkg/share/study1_pkg/package.sh'
[6.084s] INFO:colcon.colcon_core.shell:Creating package script '/home/tkdals/robot_ws/study1_pkg/install/study1_pkg/share/study1_pkg/package.bash'
[6.085s] INFO:colcon.colcon_core.shell:Creating package script '/home/tkdals/robot_ws/study1_pkg/install/study1_pkg/share/study1_pkg/package.zsh'
[6.085s] Level 1:colcon.colcon_core.environment:create_file_with_runtime_dependencies(/home/tkdals/robot_ws/study1_pkg/install/study1_pkg/share/colcon-core/packages/study1_pkg)
[6.126s] Level 1:colcon.colcon_core.environment:create_environment_scripts_only(study1_pkg)
[6.127s] Level 1:colcon.colcon_core.environment:checking '/home/tkdals/robot_ws/study1_pkg/install/study1_pkg' for CMake module files
[6.127s] Level 1:colcon.colcon_core.environment:checking '/home/tkdals/robot_ws/study1_pkg/install/study1_pkg' for CMake config files
[6.127s] Level 1:colcon.colcon_core.shell:create_environment_hook('study1_pkg', 'cmake_prefix_path')
[6.127s] INFO:colcon.colcon_core.shell:Creating environment hook '/home/tkdals/robot_ws/study1_pkg/install/study1_pkg/share/study1_pkg/hook/cmake_prefix_path.ps1'
[6.128s] INFO:colcon.colcon_core.shell:Creating environment descriptor '/home/tkdals/robot_ws/study1_pkg/install/study1_pkg/share/study1_pkg/hook/cmake_prefix_path.dsv'
[6.128s] INFO:colcon.colcon_core.shell:Creating environment hook '/home/tkdals/robot_ws/study1_pkg/install/study1_pkg/share/study1_pkg/hook/cmake_prefix_path.sh'
[6.129s] Level 1:colcon.colcon_core.environment:checking '/home/tkdals/robot_ws/study1_pkg/install/study1_pkg/lib'
[6.129s] Level 1:colcon.colcon_core.environment:checking '/home/tkdals/robot_ws/study1_pkg/install/study1_pkg/bin'
[6.129s] Level 1:colcon.colcon_core.environment:checking '/home/tkdals/robot_ws/study1_pkg/install/study1_pkg/lib/pkgconfig/study1_pkg.pc'
[6.129s] Level 1:colcon.colcon_core.environment:checking '/home/tkdals/robot_ws/study1_pkg/install/study1_pkg/lib/python3.10/site-packages'
[6.129s] Level 1:colcon.colcon_core.environment:checking '/home/tkdals/robot_ws/study1_pkg/install/study1_pkg/bin'
[6.130s] INFO:colcon.colcon_core.shell:Creating package script '/home/tkdals/robot_ws/study1_pkg/install/study1_pkg/share/study1_pkg/package.ps1'
[6.130s] INFO:colcon.colcon_core.shell:Creating package descriptor '/home/tkdals/robot_ws/study1_pkg/install/study1_pkg/share/study1_pkg/package.dsv'
[6.131s] INFO:colcon.colcon_core.shell:Creating package script '/home/tkdals/robot_ws/study1_pkg/install/study1_pkg/share/study1_pkg/package.sh'
[6.131s] INFO:colcon.colcon_core.shell:Creating package script '/home/tkdals/robot_ws/study1_pkg/install/study1_pkg/share/study1_pkg/package.bash'
[6.132s] INFO:colcon.colcon_core.shell:Creating package script '/home/tkdals/robot_ws/study1_pkg/install/study1_pkg/share/study1_pkg/package.zsh'
[6.132s] Level 1:colcon.colcon_core.environment:create_file_with_runtime_dependencies(/home/tkdals/robot_ws/study1_pkg/install/study1_pkg/share/colcon-core/packages/study1_pkg)
[6.132s] DEBUG:colcon.colcon_parallel_executor.executor.parallel:closing loop
[6.133s] DEBUG:colcon.colcon_parallel_executor.executor.parallel:loop closed
[6.133s] DEBUG:colcon.colcon_parallel_executor.executor.parallel:run_until_complete finished with '0'
[6.133s] DEBUG:colcon.colcon_core.event_reactor:joining thread
[6.139s] INFO:colcon.colcon_core.plugin_system:Skipping extension 'colcon_notification.desktop_notification.terminal_notifier': Not used on non-Darwin systems
[6.139s] INFO:colcon.colcon_core.plugin_system:Skipping extension 'colcon_notification.desktop_notification.win32': Not used on non-Windows systems
[6.139s] INFO:colcon.colcon_notification.desktop_notification:Sending desktop notification using 'notify2'
[6.152s] DEBUG:colcon.colcon_core.event_reactor:joined thread
[6.152s] INFO:colcon.colcon_core.shell:Creating prefix script '/home/tkdals/robot_ws/study1_pkg/install/local_setup.ps1'
[6.153s] INFO:colcon.colcon_core.shell:Creating prefix util module '/home/tkdals/robot_ws/study1_pkg/install/_local_setup_util_ps1.py'
[6.154s] INFO:colcon.colcon_core.shell:Creating prefix chain script '/home/tkdals/robot_ws/study1_pkg/install/setup.ps1'
[6.155s] INFO:colcon.colcon_core.shell:Creating prefix script '/home/tkdals/robot_ws/study1_pkg/install/local_setup.sh'
[6.155s] INFO:colcon.colcon_core.shell:Creating prefix util module '/home/tkdals/robot_ws/study1_pkg/install/_local_setup_util_sh.py'
[6.155s] INFO:colcon.colcon_core.shell:Creating prefix chain script '/home/tkdals/robot_ws/study1_pkg/install/setup.sh'
[6.156s] INFO:colcon.colcon_core.shell:Creating prefix script '/home/tkdals/robot_ws/study1_pkg/install/local_setup.bash'
[6.156s] INFO:colcon.colcon_core.shell:Creating prefix chain script '/home/tkdals/robot_ws/study1_pkg/install/setup.bash'
[6.156s] INFO:colcon.colcon_core.shell:Creating prefix script '/home/tkdals/robot_ws/study1_pkg/install/local_setup.zsh'
[6.157s] INFO:colcon.colcon_core.shell:Creating prefix chain script '/home/tkdals/robot_ws/study1_pkg/install/setup.zsh'
