[0.007s] Invoking command in '/home/tkdals/robot_ws/build/homework2_2_pkg': CMAKE_PREFIX_PATH=/home/tkdals/robot_ws/install/tutorial_interfaces:/home/tkdals/robot_ws/install/homework2_2_pkg:/home/tkdals/robot_ws/install/homework1_pkg:/home/tkdals/robot_ws/install/ex_client_server_pkg:/opt/ros/humble /usr/bin/cmake --build /home/tkdals/robot_ws/build/homework2_2_pkg -- -j20 -l20
[0.049s] [35m[1mConsolidate compiler generated dependencies of target server[0m
[0.050s] [35m[1mConsolidate compiler generated dependencies of target client[0m
[0.051s] [35m[1mConsolidate compiler generated dependencies of target final_server[0m
[0.065s] [ 33%] Built target server
[0.066s] [ 50%] [32mBuilding CXX object CMakeFiles/client.dir/src/homework2_2_pkg_client.cpp.o[0m
[0.070s] [ 66%] [32mBuilding CXX object CMakeFiles/final_server.dir/src/homework2_2_pkg_final_server.cpp.o[0m
[1.421s] In file included from [01m[K/home/tkdals/robot_ws/src/homework2_2_pkg/src/homework2_2_pkg_final_server.cpp:3[m[K:
[1.421s] [01m[K/home/tkdals/robot_ws/src/homework2_2_pkg/include/homework2_2_pkg/homework2_2_pkg_final_server.hpp:10:8:[m[K [01;31m[Kerror: [m[K‘[01m[Kz[m[K’ does not name a type
[1.421s]    10 | public:[01;31m[Kz[m[K
[1.421s]       |        [01;31m[K^[m[K
[1.430s] [01m[K/home/tkdals/robot_ws/src/homework2_2_pkg/src/homework2_2_pkg_final_server.cpp:5:1:[m[K [01;31m[Kerror: [m[Kno declaration matches ‘[01m[KAdd2Server::Add2Server(const string&)[m[K’
[1.430s]     5 | [01;31m[KAdd2Server[m[K::Add2Server(const std::string &node_name)
[1.430s]       | [01;31m[K^~~~~~~~~~[m[K
[1.430s] In file included from [01m[K/home/tkdals/robot_ws/src/homework2_2_pkg/src/homework2_2_pkg_final_server.cpp:3[m[K:
[1.430s] [01m[K/home/tkdals/robot_ws/src/homework2_2_pkg/include/homework2_2_pkg/homework2_2_pkg_final_server.hpp:8:7:[m[K [01;36m[Knote: [m[Kcandidates are: ‘[01m[KAdd2Server::Add2Server(Add2Server&&)[m[K’
[1.430s]     8 | class [01;36m[KAdd2Server[m[K : public rclcpp::Node
[1.430s]       |       [01;36m[K^~~~~~~~~~[m[K
[1.430s] [01m[K/home/tkdals/robot_ws/src/homework2_2_pkg/include/homework2_2_pkg/homework2_2_pkg_final_server.hpp:8:7:[m[K [01;36m[Knote: [m[K                ‘[01m[KAdd2Server::Add2Server(const Add2Server&)[m[K’
[1.430s] [01m[K/home/tkdals/robot_ws/src/homework2_2_pkg/include/homework2_2_pkg/homework2_2_pkg_final_server.hpp:8:7:[m[K [01;36m[Knote: [m[K                ‘[01m[KAdd2Server::Add2Server()[m[K’
[1.430s] [01m[K/home/tkdals/robot_ws/src/homework2_2_pkg/include/homework2_2_pkg/homework2_2_pkg_final_server.hpp:8:7:[m[K [01;36m[Knote: [m[K‘[01m[Kclass Add2Server[m[K’ defined here
[1.648s] In file included from [01m[K/usr/include/x86_64-linux-gnu/c++/11/bits/c++allocator.h:33[m[K,
[1.648s]                  from [01m[K/usr/include/c++/11/bits/allocator.h:46[m[K,
[1.648s]                  from [01m[K/usr/include/c++/11/memory:64[m[K,
[1.648s]                  from [01m[K/opt/ros/humble/include/rclcpp/rclcpp/rclcpp.hpp:153[m[K,
[1.648s]                  from [01m[K/home/tkdals/robot_ws/src/homework2_2_pkg/src/homework2_2_pkg_final_server.cpp:1[m[K:
[1.648s] /usr/include/c++/11/ext/new_allocator.h: In instantiation of ‘[01m[Kvoid __gnu_cxx::new_allocator<_Tp>::construct(_Up*, _Args&& ...) [with _Up = Add2Server; _Args = {const char (&)[14]}; _Tp = Add2Server][m[K’:
[1.648s] [01m[K/usr/include/c++/11/bits/alloc_traits.h:516:17:[m[K   required from ‘[01m[Kstatic void std::allocator_traits<std::allocator<_Tp1> >::construct(std::allocator_traits<std::allocator<_Tp1> >::allocator_type&, _Up*, _Args&& ...) [with _Up = Add2Server; _Args = {const char (&)[14]}; _Tp = Add2Server; std::allocator_traits<std::allocator<_Tp1> >::allocator_type = std::allocator<Add2Server>][m[K’
[1.648s] [01m[K/usr/include/c++/11/bits/shared_ptr_base.h:519:39:[m[K   required from ‘[01m[Kstd::_Sp_counted_ptr_inplace<_Tp, _Alloc, _Lp>::_Sp_counted_ptr_inplace(_Alloc, _Args&& ...) [with _Args = {const char (&)[14]}; _Tp = Add2Server; _Alloc = std::allocator<Add2Server>; __gnu_cxx::_Lock_policy _Lp = __gnu_cxx::_S_atomic][m[K’
[1.648s] [01m[K/usr/include/c++/11/bits/shared_ptr_base.h:650:16:[m[K   required from ‘[01m[Kstd::__shared_count<_Lp>::__shared_count(_Tp*&, std::_Sp_alloc_shared_tag<_Alloc>, _Args&& ...) [with _Tp = Add2Server; _Alloc = std::allocator<Add2Server>; _Args = {const char (&)[14]}; __gnu_cxx::_Lock_policy _Lp = __gnu_cxx::_S_atomic][m[K’
[1.648s] [01m[K/usr/include/c++/11/bits/shared_ptr_base.h:1342:14:[m[K   required from ‘[01m[Kstd::__shared_ptr<_Tp, _Lp>::__shared_ptr(std::_Sp_alloc_shared_tag<_Tp>, _Args&& ...) [with _Alloc = std::allocator<Add2Server>; _Args = {const char (&)[14]}; _Tp = Add2Server; __gnu_cxx::_Lock_policy _Lp = __gnu_cxx::_S_atomic][m[K’
[1.648s] [01m[K/usr/include/c++/11/bits/shared_ptr.h:409:59:[m[K   required from ‘[01m[Kstd::shared_ptr<_Tp>::shared_ptr(std::_Sp_alloc_shared_tag<_Tp>, _Args&& ...) [with _Alloc = std::allocator<Add2Server>; _Args = {const char (&)[14]}; _Tp = Add2Server][m[K’
[1.649s] [01m[K/usr/include/c++/11/bits/shared_ptr.h:862:14:[m[K   required from ‘[01m[Kstd::shared_ptr<_Tp> std::allocate_shared(const _Alloc&, _Args&& ...) [with _Tp = Add2Server; _Alloc = std::allocator<Add2Server>; _Args = {const char (&)[14]}][m[K’
[1.649s] [01m[K/usr/include/c++/11/bits/shared_ptr.h:878:39:[m[K   required from ‘[01m[Kstd::shared_ptr<_Tp> std::make_shared(_Args&& ...) [with _Tp = Add2Server; _Args = {const char (&)[14]}][m[K’
[1.649s] [01m[K/home/tkdals/robot_ws/src/homework2_2_pkg/src/homework2_2_pkg_final_server.cpp:27:45:[m[K   required from here
[1.649s] [01m[K/usr/include/c++/11/ext/new_allocator.h:162:11:[m[K [01;31m[Kerror: [m[Kno matching function for call to ‘[01m[KAdd2Server::Add2Server(const char [14])[m[K’
[1.649s]   162 |         { [01;31m[K::new((void *)__p) _Up(std::forward<_Args>(__args)...)[m[K; }
[1.649s]       |           [01;31m[K^~~~~~~~~~~~~~~~~~~~~~~~~~~~~~~~~~~~~~~~~~~~~~~~~~~~~~[m[K
[1.649s] In file included from [01m[K/home/tkdals/robot_ws/src/homework2_2_pkg/src/homework2_2_pkg_final_server.cpp:3[m[K:
[1.649s] [01m[K/home/tkdals/robot_ws/src/homework2_2_pkg/include/homework2_2_pkg/homework2_2_pkg_final_server.hpp:8:7:[m[K [01;36m[Knote: [m[Kcandidate: ‘[01m[KAdd2Server::Add2Server()[m[K’ (deleted)
[1.649s]     8 | class [01;36m[KAdd2Server[m[K : public rclcpp::Node
[1.649s]       |       [01;36m[K^~~~~~~~~~[m[K
[1.649s] [01m[K/home/tkdals/robot_ws/src/homework2_2_pkg/include/homework2_2_pkg/homework2_2_pkg_final_server.hpp:8:7:[m[K [01;36m[Knote: [m[K  candidate expects 0 arguments, 1 provided
[1.649s] [01m[K/home/tkdals/robot_ws/src/homework2_2_pkg/include/homework2_2_pkg/homework2_2_pkg_final_server.hpp:8:7:[m[K [01;36m[Knote: [m[Kcandidate: ‘[01m[KAdd2Server::Add2Server(const Add2Server&)[m[K’ (deleted)
[1.649s] [01m[K/home/tkdals/robot_ws/src/homework2_2_pkg/include/homework2_2_pkg/homework2_2_pkg_final_server.hpp:8:7:[m[K [01;36m[Knote: [m[K  no known conversion for argument 1 from ‘[01m[Kconst char [14][m[K’ to ‘[01m[Kconst Add2Server&[m[K’
[1.649s] [01m[K/home/tkdals/robot_ws/src/homework2_2_pkg/include/homework2_2_pkg/homework2_2_pkg_final_server.hpp:8:7:[m[K [01;36m[Knote: [m[Kcandidate: ‘[01m[KAdd2Server::Add2Server(Add2Server&&)[m[K’ (deleted)
[1.649s] [01m[K/home/tkdals/robot_ws/src/homework2_2_pkg/include/homework2_2_pkg/homework2_2_pkg_final_server.hpp:8:7:[m[K [01;36m[Knote: [m[K  no known conversion for argument 1 from ‘[01m[Kconst char [14][m[K’ to ‘[01m[KAdd2Server&&[m[K’
[1.689s] gmake[2]: *** [CMakeFiles/final_server.dir/build.make:76: CMakeFiles/final_server.dir/src/homework2_2_pkg_final_server.cpp.o] Error 1
[1.689s] gmake[1]: *** [CMakeFiles/Makefile2:193: CMakeFiles/final_server.dir/all] Error 2
[1.689s] gmake[1]: *** Waiting for unfinished jobs....
[2.153s] [ 83%] [32m[1mLinking CXX executable client[0m
[2.253s] [ 83%] Built target client
[2.254s] gmake: *** [Makefile:146: all] Error 2
[2.255s] Invoked command in '/home/tkdals/robot_ws/build/homework2_2_pkg' returned '2': CMAKE_PREFIX_PATH=/home/tkdals/robot_ws/install/tutorial_interfaces:/home/tkdals/robot_ws/install/homework2_2_pkg:/home/tkdals/robot_ws/install/homework1_pkg:/home/tkdals/robot_ws/install/ex_client_server_pkg:/opt/ros/humble /usr/bin/cmake --build /home/tkdals/robot_ws/build/homework2_2_pkg -- -j20 -l20
