[0.014s] Invoking command in '/home/tkdals/robot_ws/build/dynamixel_sdk': /usr/bin/cmake /home/tkdals/robot_ws/DynamixelSDK/ros/dynamixel_sdk -DCATKIN_INSTALL_INTO_PREFIX_ROOT=0 -DCMAKE_INSTALL_PREFIX=/home/tkdals/robot_ws/install/dynamixel_sdk
[0.042s] [0mCMake Deprecation Warning at CMakeLists.txt:4 (cmake_minimum_required):
[0.042s]   Compatibility with CMake < 2.8.12 will be removed from a future version of
[0.042s]   CMake.
[0.042s] 
[0.042s]   Update the VERSION argument <min> value or use a ...<max> suffix to tell
[0.042s]   CMake that the project does not need compatibility with older versions.
[0.043s] 
[0.043s] [0m
[0.134s] -- The C compiler identification is GNU 11.4.0
[0.206s] -- The CXX compiler identification is GNU 11.4.0
[0.217s] -- Detecting C compiler ABI info
[0.267s] -- Detecting C compiler ABI info - done
[0.273s] -- Check for working C compiler: /usr/bin/cc - skipped
[0.274s] -- Detecting C compile features
[0.275s] -- Detecting C compile features - done
[0.278s] -- Detecting CXX compiler ABI info
[0.342s] -- Detecting CXX compiler ABI info - done
[0.349s] -- Check for working CXX compiler: /usr/bin/c++ - skipped
[0.349s] -- Detecting CXX compile features
[0.350s] -- Detecting CXX compile features - done
[0.359s] -- Configuring incomplete, errors occurred!
[0.359s] See also "/home/tkdals/robot_ws/build/dynamixel_sdk/CMakeFiles/CMakeOutput.log".
[0.360s] [31mCMake Error at CMakeLists.txt:13 (find_package):
[0.360s]   By not providing "Findcatkin.cmake" in CMAKE_MODULE_PATH this project has
[0.360s]   asked CMake to find a package configuration file provided by "catkin", but
[0.360s]   CMake did not find one.
[0.360s] 
[0.360s]   Could not find a package configuration file provided by "catkin" with any
[0.360s]   of the following names:
[0.360s] 
[0.360s]     catkinConfig.cmake
[0.360s]     catkin-config.cmake
[0.360s] 
[0.360s]   Add the installation prefix of "catkin" to CMAKE_PREFIX_PATH or set
[0.360s]   "catkin_DIR" to a directory containing one of the above files.  If "catkin"
[0.360s]   provides a separate development package or SDK, be sure it has been
[0.360s]   installed.
[0.360s] 
[0.360s] [0m
[0.362s] Invoked command in '/home/tkdals/robot_ws/build/dynamixel_sdk' returned '1': /usr/bin/cmake /home/tkdals/robot_ws/DynamixelSDK/ros/dynamixel_sdk -DCATKIN_INSTALL_INTO_PREFIX_ROOT=0 -DCMAKE_INSTALL_PREFIX=/home/tkdals/robot_ws/install/dynamixel_sdk
