[0.011s] Invoking command in '/home/tkdals/robot_ws/build/tutorial_interfaces': CMAKE_PREFIX_PATH=${CMAKE_PREFIX_PATH}:/opt/ros/humble /usr/bin/cmake --build /home/tkdals/robot_ws/build/tutorial_interfaces -- -j20 -l20
[0.059s] [ 10%] Built target tutorial_interfaces__rosidl_generator_c
[0.061s] [ 12%] Built target tutorial_interfaces__cpp
[0.069s] [ 12%] Built target ament_cmake_python_copy_tutorial_interfaces
[0.087s] [ 23%] Built target tutorial_interfaces__rosidl_typesupport_fastrtps_c
[0.092s] [ 33%] Built target tutorial_interfaces__rosidl_typesupport_introspection_c
[0.092s] [ 43%] Built target tutorial_interfaces__rosidl_typesupport_c
[0.095s] [ 53%] Built target tutorial_interfaces__rosidl_typesupport_introspection_cpp
[0.096s] [ 64%] Built target tutorial_interfaces__rosidl_typesupport_cpp
[0.097s] [ 74%] Built target tutorial_interfaces__rosidl_typesupport_fastrtps_cpp
[0.110s] [ 74%] Built target tutorial_interfaces
[0.129s] [ 76%] Built target tutorial_interfaces__py
[0.148s] [ 84%] Built target tutorial_interfaces__rosidl_generator_py
[0.164s] [ 89%] Built target tutorial_interfaces__rosidl_typesupport_introspection_c__pyext
[0.168s] [100%] Built target tutorial_interfaces__rosidl_typesupport_c__pyext
[0.168s] [100%] Built target tutorial_interfaces__rosidl_typesupport_fastrtps_c__pyext
[0.221s] running egg_info
[0.221s] writing tutorial_interfaces.egg-info/PKG-INFO
[0.221s] writing dependency_links to tutorial_interfaces.egg-info/dependency_links.txt
[0.221s] writing top-level names to tutorial_interfaces.egg-info/top_level.txt
[0.223s] reading manifest file 'tutorial_interfaces.egg-info/SOURCES.txt'
[0.224s] writing manifest file 'tutorial_interfaces.egg-info/SOURCES.txt'
[0.244s] [100%] Built target ament_cmake_python_build_tutorial_interfaces_egg
