[0.016s] Invoking command in '/home/tkdals/robot_ws/build/homework3_pkg': CMAKE_PREFIX_PATH=${CMAKE_PREFIX_PATH}:/opt/ros/humble /usr/bin/cmake /home/tkdals/robot_ws/src/homework3_pkg -DCMAKE_INSTALL_PREFIX=/home/tkdals/robot_ws/install/homework3_pkg
[0.064s] -- The C compiler identification is GNU 11.4.0
[0.114s] -- The CXX compiler identification is GNU 11.4.0
[0.120s] -- Detecting C compiler ABI info
[0.167s] -- Detecting C compiler ABI info - done
[0.174s] -- Check for working C compiler: /usr/bin/cc - skipped
[0.174s] -- Detecting C compile features
[0.174s] -- Detecting C compile features - done
[0.177s] -- Detecting CXX compiler ABI info
[0.234s] -- Detecting CXX compiler ABI info - done
[0.239s] -- Check for working CXX compiler: /usr/bin/c++ - skipped
[0.239s] -- Detecting CXX compile features
[0.239s] -- Detecting CXX compile features - done
[0.240s] -- Found ament_cmake: 1.3.10 (/opt/ros/humble/share/ament_cmake/cmake)
[0.356s] -- Found Python3: /usr/bin/python3 (found version "3.10.12") found components: Interpreter 
[0.416s] -- Found rclcpp: 16.0.10 (/opt/ros/humble/share/rclcpp/cmake)
[0.447s] -- Found rosidl_generator_c: 3.1.5 (/opt/ros/humble/share/rosidl_generator_c/cmake)
[0.450s] -- Found rosidl_adapter: 3.1.5 (/opt/ros/humble/share/rosidl_adapter/cmake)
[0.455s] -- Found rosidl_generator_cpp: 3.1.5 (/opt/ros/humble/share/rosidl_generator_cpp/cmake)
[0.463s] -- Using all available rosidl_typesupport_c: rosidl_typesupport_fastrtps_c;rosidl_typesupport_introspection_c
[0.472s] -- Using all available rosidl_typesupport_cpp: rosidl_typesupport_fastrtps_cpp;rosidl_typesupport_introspection_cpp
[0.499s] -- Found rmw_implementation_cmake: 6.1.2 (/opt/ros/humble/share/rmw_implementation_cmake/cmake)
[0.500s] -- Found rmw_fastrtps_cpp: 6.2.7 (/opt/ros/humble/share/rmw_fastrtps_cpp/cmake)
[0.563s] -- Found OpenSSL: /usr/lib/x86_64-linux-gnu/libcrypto.so (found version "3.0.2")  
[0.580s] -- Found FastRTPS: /opt/ros/humble/include  
[0.614s] -- Using RMW implementation 'rmw_fastrtps_cpp' as default
[0.619s] -- Looking for pthread.h
[0.676s] -- Looking for pthread.h - found
[0.676s] -- Performing Test CMAKE_HAVE_LIBC_PTHREAD
[0.736s] -- Performing Test CMAKE_HAVE_LIBC_PTHREAD - Success
[0.737s] -- Found Threads: TRUE  
[0.774s] [31mCMake Error at CMakeLists.txt:11 (find_package):
[0.774s]   By not providing "Finddynamixel_sdk.cmake" in CMAKE_MODULE_PATH this
[0.774s]   project has asked CMake to find a package configuration file provided by
[0.774s]   "dynamixel_sdk", but CMake did not find one.
[0.775s] 
[0.775s]   Could not find a package configuration file provided by "dynamixel_sdk"
[0.775s]   with any of the following names:
[0.775s] 
[0.775s]     dynamixel_sdkConfig.cmake
[0.775s]     dynamixel_sdk-config.cmake
[0.775s] 
[0.775s]   Add the installation prefix of "dynamixel_sdk" to CMAKE_PREFIX_PATH or set
[0.775s]   "dynamixel_sdk_DIR" to a directory containing one of the above files.  If
[0.775s]   "dynamixel_sdk" provides a separate development package or SDK, be sure it
[0.775s]   has been installed.
[0.776s] 
[0.776s] [0m
[0.776s] -- Configuring incomplete, errors occurred!
[0.776s] See also "/home/tkdals/robot_ws/build/homework3_pkg/CMakeFiles/CMakeOutput.log".
