[0.065s] DEBUG:colcon:Command line arguments: ['/usr/bin/colcon', 'build']
[0.065s] DEBUG:colcon:Parsed command line arguments: Namespace(log_base=None, log_level=None, verb_name='build', build_base='build', install_base='install', merge_install=False, symlink_install=False, test_result_base=None, continue_on_error=False, executor='parallel', parallel_workers=20, event_handlers=None, ignore_user_meta=False, metas=['./colcon.meta'], base_paths=['.'], packages_ignore=None, packages_ignore_regex=None, paths=None, packages_up_to=None, packages_up_to_regex=None, packages_above=None, packages_above_and_dependencies=None, packages_above_depth=None, packages_select_by_dep=None, packages_skip_by_dep=None, packages_skip_up_to=None, packages_select_build_failed=False, packages_skip_build_finished=False, packages_select_test_failures=False, packages_skip_test_passed=False, packages_select=None, packages_skip=None, packages_select_regex=None, packages_skip_regex=None, packages_start=None, packages_end=None, allow_overriding=[], cmake_args=None, cmake_target=None, cmake_target_skip_unavailable=False, cmake_clean_cache=False, cmake_clean_first=False, cmake_force_configure=False, ament_cmake_args=None, catkin_cmake_args=None, catkin_skip_building_tests=False, mixin_files=None, mixin=None, verb_parser=<colcon_mixin.mixin.mixin_argument.MixinArgumentDecorator object at 0x773c9c7366e0>, verb_extension=<colcon_core.verb.build.BuildVerb object at 0x773c9c736110>, main=<bound method BuildVerb.main of <colcon_core.verb.build.BuildVerb object at 0x773c9c736110>>, mixin_verb=('build',))
[0.154s] Level 1:colcon.colcon_core.package_discovery:discover_packages(colcon_meta) check parameters
[0.154s] Level 1:colcon.colcon_core.package_discovery:discover_packages(recursive) check parameters
[0.155s] Level 1:colcon.colcon_core.package_discovery:discover_packages(ignore) check parameters
[0.155s] Level 1:colcon.colcon_core.package_discovery:discover_packages(path) check parameters
[0.155s] Level 1:colcon.colcon_core.package_discovery:discover_packages(colcon_meta) discover
[0.155s] Level 1:colcon.colcon_core.package_discovery:discover_packages(recursive) discover
[0.155s] INFO:colcon.colcon_core.package_discovery:Crawling recursively for packages in '/home/tkdals/robot_ws/src/homework3_pkg'
[0.155s] Level 1:colcon.colcon_core.package_identification:_identify(.) by extensions ['ignore', 'ignore_ament_install']
[0.155s] Level 1:colcon.colcon_core.package_identification:_identify(.) by extension 'ignore'
[0.155s] Level 1:colcon.colcon_core.package_identification:_identify(.) by extension 'ignore_ament_install'
[0.155s] Level 1:colcon.colcon_core.package_identification:_identify(.) by extensions ['colcon_pkg']
[0.155s] Level 1:colcon.colcon_core.package_identification:_identify(.) by extension 'colcon_pkg'
[0.155s] Level 1:colcon.colcon_core.package_identification:_identify(.) by extensions ['colcon_meta']
[0.155s] Level 1:colcon.colcon_core.package_identification:_identify(.) by extension 'colcon_meta'
[0.155s] Level 1:colcon.colcon_core.package_identification:_identify(.) by extensions ['ros']
[0.155s] Level 1:colcon.colcon_core.package_identification:_identify(.) by extension 'ros'
[0.164s] DEBUG:colcon.colcon_core.package_identification:Package '.' with type 'ros.ament_cmake' and name 'homework3_pkg'
[0.164s] Level 1:colcon.colcon_core.package_discovery:discover_packages(recursive) using defaults
[0.164s] Level 1:colcon.colcon_core.package_discovery:discover_packages(ignore) discover
[0.164s] Level 1:colcon.colcon_core.package_discovery:discover_packages(ignore) using defaults
[0.164s] Level 1:colcon.colcon_core.package_discovery:discover_packages(path) discover
[0.164s] Level 1:colcon.colcon_core.package_discovery:discover_packages(path) using defaults
[0.177s] Level 1:colcon.colcon_core.package_discovery:discover_packages(prefix_path) check parameters
[0.177s] Level 1:colcon.colcon_core.package_discovery:discover_packages(prefix_path) discover
[0.178s] DEBUG:colcon.colcon_installed_package_information.package_discovery:Found 6 installed packages in /home/tkdals/robot_ws/install
[0.179s] DEBUG:colcon.colcon_installed_package_information.package_discovery:Found 270 installed packages in /opt/ros/humble
[0.180s] Level 1:colcon.colcon_core.package_discovery:discover_packages(prefix_path) using defaults
[0.207s] Level 5:colcon.colcon_core.verb:set package 'homework3_pkg' build argument 'cmake_args' from command line to 'None'
[0.207s] Level 5:colcon.colcon_core.verb:set package 'homework3_pkg' build argument 'cmake_target' from command line to 'None'
[0.207s] Level 5:colcon.colcon_core.verb:set package 'homework3_pkg' build argument 'cmake_target_skip_unavailable' from command line to 'False'
[0.207s] Level 5:colcon.colcon_core.verb:set package 'homework3_pkg' build argument 'cmake_clean_cache' from command line to 'False'
[0.207s] Level 5:colcon.colcon_core.verb:set package 'homework3_pkg' build argument 'cmake_clean_first' from command line to 'False'
[0.207s] Level 5:colcon.colcon_core.verb:set package 'homework3_pkg' build argument 'cmake_force_configure' from command line to 'False'
[0.207s] Level 5:colcon.colcon_core.verb:set package 'homework3_pkg' build argument 'ament_cmake_args' from command line to 'None'
[0.207s] Level 5:colcon.colcon_core.verb:set package 'homework3_pkg' build argument 'catkin_cmake_args' from command line to 'None'
[0.207s] Level 5:colcon.colcon_core.verb:set package 'homework3_pkg' build argument 'catkin_skip_building_tests' from command line to 'False'
[0.207s] DEBUG:colcon.colcon_core.verb:Building package 'homework3_pkg' with the following arguments: {'ament_cmake_args': None, 'build_base': '/home/tkdals/robot_ws/src/homework3_pkg/build/homework3_pkg', 'catkin_cmake_args': None, 'catkin_skip_building_tests': False, 'cmake_args': None, 'cmake_clean_cache': False, 'cmake_clean_first': False, 'cmake_force_configure': False, 'cmake_target': None, 'cmake_target_skip_unavailable': False, 'install_base': '/home/tkdals/robot_ws/src/homework3_pkg/install/homework3_pkg', 'merge_install': False, 'path': '/home/tkdals/robot_ws/src/homework3_pkg', 'symlink_install': False, 'test_result_base': None}
[0.207s] INFO:colcon.colcon_core.executor:Executing jobs using 'parallel' executor
[0.209s] DEBUG:colcon.colcon_parallel_executor.executor.parallel:run_until_complete
[0.209s] INFO:colcon.colcon_ros.task.ament_cmake.build:Building ROS package in '/home/tkdals/robot_ws/src/homework3_pkg' with build type 'ament_cmake'
[0.209s] INFO:colcon.colcon_cmake.task.cmake.build:Building CMake package in '/home/tkdals/robot_ws/src/homework3_pkg'
[0.210s] INFO:colcon.colcon_core.plugin_system:Skipping extension 'colcon_core.shell.bat': Not used on non-Windows systems
[0.210s] INFO:colcon.colcon_core.shell:Skip shell extension 'powershell' for command environment: Not usable outside of PowerShell
[0.210s] DEBUG:colcon.colcon_core.shell:Skip shell extension 'dsv' for command environment
[0.216s] DEBUG:colcon.colcon_core.event_handler.log_command:Invoking command in '/home/tkdals/robot_ws/src/homework3_pkg/build/homework3_pkg': CMAKE_PREFIX_PATH=/home/tkdals/robot_ws/install/homework2_2_pkg:/home/tkdals/robot_ws/install/tutorial_interfaces:/home/tkdals/robot_ws/install/homework3_pkg:/home/tkdals/robot_ws/install/homework1_pkg:/home/tkdals/robot_ws/install/ex_client_server_pkg:/opt/ros/humble:/home/tkdals/robot_ws/install/dynamixel_sdk /usr/bin/cmake /home/tkdals/robot_ws/src/homework3_pkg -DCMAKE_INSTALL_PREFIX=/home/tkdals/robot_ws/src/homework3_pkg/install/homework3_pkg
[1.153s] DEBUG:colcon.colcon_core.event_handler.log_command:Invoked command in '/home/tkdals/robot_ws/src/homework3_pkg/build/homework3_pkg' returned '0': CMAKE_PREFIX_PATH=/home/tkdals/robot_ws/install/homework2_2_pkg:/home/tkdals/robot_ws/install/tutorial_interfaces:/home/tkdals/robot_ws/install/homework3_pkg:/home/tkdals/robot_ws/install/homework1_pkg:/home/tkdals/robot_ws/install/ex_client_server_pkg:/opt/ros/humble:/home/tkdals/robot_ws/install/dynamixel_sdk /usr/bin/cmake /home/tkdals/robot_ws/src/homework3_pkg -DCMAKE_INSTALL_PREFIX=/home/tkdals/robot_ws/src/homework3_pkg/install/homework3_pkg
[1.154s] DEBUG:colcon.colcon_core.event_handler.log_command:Invoking command in '/home/tkdals/robot_ws/src/homework3_pkg/build/homework3_pkg': CMAKE_PREFIX_PATH=/home/tkdals/robot_ws/install/homework2_2_pkg:/home/tkdals/robot_ws/install/tutorial_interfaces:/home/tkdals/robot_ws/install/homework3_pkg:/home/tkdals/robot_ws/install/homework1_pkg:/home/tkdals/robot_ws/install/ex_client_server_pkg:/opt/ros/humble:/home/tkdals/robot_ws/install/dynamixel_sdk /usr/bin/cmake --build /home/tkdals/robot_ws/src/homework3_pkg/build/homework3_pkg -- -j20 -l20
[1.420s] DEBUG:colcon.colcon_core.event_handler.log_command:Invoked command in '/home/tkdals/robot_ws/src/homework3_pkg/build/homework3_pkg' returned '0': CMAKE_PREFIX_PATH=/home/tkdals/robot_ws/install/homework2_2_pkg:/home/tkdals/robot_ws/install/tutorial_interfaces:/home/tkdals/robot_ws/install/homework3_pkg:/home/tkdals/robot_ws/install/homework1_pkg:/home/tkdals/robot_ws/install/ex_client_server_pkg:/opt/ros/humble:/home/tkdals/robot_ws/install/dynamixel_sdk /usr/bin/cmake --build /home/tkdals/robot_ws/src/homework3_pkg/build/homework3_pkg -- -j20 -l20
[1.448s] DEBUG:colcon.colcon_core.event_handler.log_command:Invoking command in '/home/tkdals/robot_ws/src/homework3_pkg/build/homework3_pkg': CMAKE_PREFIX_PATH=/home/tkdals/robot_ws/install/homework2_2_pkg:/home/tkdals/robot_ws/install/tutorial_interfaces:/home/tkdals/robot_ws/install/homework3_pkg:/home/tkdals/robot_ws/install/homework1_pkg:/home/tkdals/robot_ws/install/ex_client_server_pkg:/opt/ros/humble:/home/tkdals/robot_ws/install/dynamixel_sdk /usr/bin/cmake --install /home/tkdals/robot_ws/src/homework3_pkg/build/homework3_pkg
[1.456s] Level 1:colcon.colcon_core.environment:create_environment_scripts_only(homework3_pkg)
[1.456s] DEBUG:colcon.colcon_core.event_handler.log_command:Invoked command in '/home/tkdals/robot_ws/src/homework3_pkg/build/homework3_pkg' returned '0': CMAKE_PREFIX_PATH=/home/tkdals/robot_ws/install/homework2_2_pkg:/home/tkdals/robot_ws/install/tutorial_interfaces:/home/tkdals/robot_ws/install/homework3_pkg:/home/tkdals/robot_ws/install/homework1_pkg:/home/tkdals/robot_ws/install/ex_client_server_pkg:/opt/ros/humble:/home/tkdals/robot_ws/install/dynamixel_sdk /usr/bin/cmake --install /home/tkdals/robot_ws/src/homework3_pkg/build/homework3_pkg
[1.457s] Level 1:colcon.colcon_core.environment:checking '/home/tkdals/robot_ws/src/homework3_pkg/install/homework3_pkg' for CMake module files
[1.457s] Level 1:colcon.colcon_core.environment:checking '/home/tkdals/robot_ws/src/homework3_pkg/install/homework3_pkg' for CMake config files
[1.458s] Level 1:colcon.colcon_core.shell:create_environment_hook('homework3_pkg', 'cmake_prefix_path')
[1.458s] INFO:colcon.colcon_core.shell:Creating environment hook '/home/tkdals/robot_ws/src/homework3_pkg/install/homework3_pkg/share/homework3_pkg/hook/cmake_prefix_path.ps1'
[1.458s] INFO:colcon.colcon_core.shell:Creating environment descriptor '/home/tkdals/robot_ws/src/homework3_pkg/install/homework3_pkg/share/homework3_pkg/hook/cmake_prefix_path.dsv'
[1.458s] INFO:colcon.colcon_core.shell:Creating environment hook '/home/tkdals/robot_ws/src/homework3_pkg/install/homework3_pkg/share/homework3_pkg/hook/cmake_prefix_path.sh'
[1.459s] Level 1:colcon.colcon_core.environment:checking '/home/tkdals/robot_ws/src/homework3_pkg/install/homework3_pkg/lib'
[1.459s] Level 1:colcon.colcon_core.environment:checking '/home/tkdals/robot_ws/src/homework3_pkg/install/homework3_pkg/bin'
[1.459s] Level 1:colcon.colcon_core.environment:checking '/home/tkdals/robot_ws/src/homework3_pkg/install/homework3_pkg/lib/pkgconfig/homework3_pkg.pc'
[1.459s] Level 1:colcon.colcon_core.environment:checking '/home/tkdals/robot_ws/src/homework3_pkg/install/homework3_pkg/lib/python3.10/site-packages'
[1.459s] Level 1:colcon.colcon_core.environment:checking '/home/tkdals/robot_ws/src/homework3_pkg/install/homework3_pkg/bin'
[1.459s] INFO:colcon.colcon_core.shell:Creating package script '/home/tkdals/robot_ws/src/homework3_pkg/install/homework3_pkg/share/homework3_pkg/package.ps1'
[1.460s] INFO:colcon.colcon_core.shell:Creating package descriptor '/home/tkdals/robot_ws/src/homework3_pkg/install/homework3_pkg/share/homework3_pkg/package.dsv'
[1.460s] INFO:colcon.colcon_core.shell:Creating package script '/home/tkdals/robot_ws/src/homework3_pkg/install/homework3_pkg/share/homework3_pkg/package.sh'
[1.460s] INFO:colcon.colcon_core.shell:Creating package script '/home/tkdals/robot_ws/src/homework3_pkg/install/homework3_pkg/share/homework3_pkg/package.bash'
[1.461s] INFO:colcon.colcon_core.shell:Creating package script '/home/tkdals/robot_ws/src/homework3_pkg/install/homework3_pkg/share/homework3_pkg/package.zsh'
[1.461s] Level 1:colcon.colcon_core.environment:create_file_with_runtime_dependencies(/home/tkdals/robot_ws/src/homework3_pkg/install/homework3_pkg/share/colcon-core/packages/homework3_pkg)
[1.482s] Level 1:colcon.colcon_core.environment:create_environment_scripts_only(homework3_pkg)
[1.482s] Level 1:colcon.colcon_core.environment:checking '/home/tkdals/robot_ws/src/homework3_pkg/install/homework3_pkg' for CMake module files
[1.482s] Level 1:colcon.colcon_core.environment:checking '/home/tkdals/robot_ws/src/homework3_pkg/install/homework3_pkg' for CMake config files
[1.482s] Level 1:colcon.colcon_core.shell:create_environment_hook('homework3_pkg', 'cmake_prefix_path')
[1.482s] INFO:colcon.colcon_core.shell:Creating environment hook '/home/tkdals/robot_ws/src/homework3_pkg/install/homework3_pkg/share/homework3_pkg/hook/cmake_prefix_path.ps1'
[1.483s] INFO:colcon.colcon_core.shell:Creating environment descriptor '/home/tkdals/robot_ws/src/homework3_pkg/install/homework3_pkg/share/homework3_pkg/hook/cmake_prefix_path.dsv'
[1.483s] INFO:colcon.colcon_core.shell:Creating environment hook '/home/tkdals/robot_ws/src/homework3_pkg/install/homework3_pkg/share/homework3_pkg/hook/cmake_prefix_path.sh'
[1.483s] Level 1:colcon.colcon_core.environment:checking '/home/tkdals/robot_ws/src/homework3_pkg/install/homework3_pkg/lib'
[1.483s] Level 1:colcon.colcon_core.environment:checking '/home/tkdals/robot_ws/src/homework3_pkg/install/homework3_pkg/bin'
[1.483s] Level 1:colcon.colcon_core.environment:checking '/home/tkdals/robot_ws/src/homework3_pkg/install/homework3_pkg/lib/pkgconfig/homework3_pkg.pc'
[1.483s] Level 1:colcon.colcon_core.environment:checking '/home/tkdals/robot_ws/src/homework3_pkg/install/homework3_pkg/lib/python3.10/site-packages'
[1.483s] Level 1:colcon.colcon_core.environment:checking '/home/tkdals/robot_ws/src/homework3_pkg/install/homework3_pkg/bin'
[1.484s] INFO:colcon.colcon_core.shell:Creating package script '/home/tkdals/robot_ws/src/homework3_pkg/install/homework3_pkg/share/homework3_pkg/package.ps1'
[1.484s] INFO:colcon.colcon_core.shell:Creating package descriptor '/home/tkdals/robot_ws/src/homework3_pkg/install/homework3_pkg/share/homework3_pkg/package.dsv'
[1.484s] INFO:colcon.colcon_core.shell:Creating package script '/home/tkdals/robot_ws/src/homework3_pkg/install/homework3_pkg/share/homework3_pkg/package.sh'
[1.485s] INFO:colcon.colcon_core.shell:Creating package script '/home/tkdals/robot_ws/src/homework3_pkg/install/homework3_pkg/share/homework3_pkg/package.bash'
[1.485s] INFO:colcon.colcon_core.shell:Creating package script '/home/tkdals/robot_ws/src/homework3_pkg/install/homework3_pkg/share/homework3_pkg/package.zsh'
[1.485s] Level 1:colcon.colcon_core.environment:create_file_with_runtime_dependencies(/home/tkdals/robot_ws/src/homework3_pkg/install/homework3_pkg/share/colcon-core/packages/homework3_pkg)
[1.485s] DEBUG:colcon.colcon_parallel_executor.executor.parallel:closing loop
[1.485s] DEBUG:colcon.colcon_parallel_executor.executor.parallel:loop closed
[1.485s] DEBUG:colcon.colcon_parallel_executor.executor.parallel:run_until_complete finished with '0'
[1.485s] DEBUG:colcon.colcon_core.event_reactor:joining thread
[1.489s] INFO:colcon.colcon_core.plugin_system:Skipping extension 'colcon_notification.desktop_notification.terminal_notifier': Not used on non-Darwin systems
[1.489s] INFO:colcon.colcon_core.plugin_system:Skipping extension 'colcon_notification.desktop_notification.win32': Not used on non-Windows systems
[1.489s] INFO:colcon.colcon_notification.desktop_notification:Sending desktop notification using 'notify2'
[1.500s] DEBUG:colcon.colcon_core.event_reactor:joined thread
[1.500s] INFO:colcon.colcon_core.shell:Creating prefix script '/home/tkdals/robot_ws/src/homework3_pkg/install/local_setup.ps1'
[1.501s] INFO:colcon.colcon_core.shell:Creating prefix util module '/home/tkdals/robot_ws/src/homework3_pkg/install/_local_setup_util_ps1.py'
[1.502s] INFO:colcon.colcon_core.shell:Creating prefix chain script '/home/tkdals/robot_ws/src/homework3_pkg/install/setup.ps1'
[1.502s] INFO:colcon.colcon_core.shell:Creating prefix script '/home/tkdals/robot_ws/src/homework3_pkg/install/local_setup.sh'
[1.503s] INFO:colcon.colcon_core.shell:Creating prefix util module '/home/tkdals/robot_ws/src/homework3_pkg/install/_local_setup_util_sh.py'
[1.503s] INFO:colcon.colcon_core.shell:Creating prefix chain script '/home/tkdals/robot_ws/src/homework3_pkg/install/setup.sh'
[1.504s] INFO:colcon.colcon_core.shell:Creating prefix script '/home/tkdals/robot_ws/src/homework3_pkg/install/local_setup.bash'
[1.504s] INFO:colcon.colcon_core.shell:Creating prefix chain script '/home/tkdals/robot_ws/src/homework3_pkg/install/setup.bash'
[1.505s] INFO:colcon.colcon_core.shell:Creating prefix script '/home/tkdals/robot_ws/src/homework3_pkg/install/local_setup.zsh'
[1.505s] INFO:colcon.colcon_core.shell:Creating prefix chain script '/home/tkdals/robot_ws/src/homework3_pkg/install/setup.zsh'
