[0.025s] Invoking command in '/home/tkdals/robot_ws/build/homework1_pkg': CMAKE_PREFIX_PATH=${CMAKE_PREFIX_PATH}:/opt/ros/humble /usr/bin/cmake --build /home/tkdals/robot_ws/build/homework1_pkg -- -j20 -l20
[0.073s] [ 33%] Built target listener2
[0.077s] [ 66%] Built target talker
[0.081s] [100%] Built target listener
[0.101s] Invoked command in '/home/tkdals/robot_ws/build/homework1_pkg' returned '0': CMAKE_PREFIX_PATH=${CMAKE_PREFIX_PATH}:/opt/ros/humble /usr/bin/cmake --build /home/tkdals/robot_ws/build/homework1_pkg -- -j20 -l20
[0.130s] Invoking command in '/home/tkdals/robot_ws/build/homework1_pkg': CMAKE_PREFIX_PATH=${CMAKE_PREFIX_PATH}:/opt/ros/humble /usr/bin/cmake --install /home/tkdals/robot_ws/build/homework1_pkg
[0.137s] -- Install configuration: ""
[0.137s] -- Up-to-date: /home/tkdals/robot_ws/install/homework1_pkg/lib/homework1_pkg/talker
[0.137s] -- Up-to-date: /home/tkdals/robot_ws/install/homework1_pkg/lib/homework1_pkg/listener
[0.137s] -- Up-to-date: /home/tkdals/robot_ws/install/homework1_pkg/lib/homework1_pkg/listener2
[0.137s] -- Up-to-date: /home/tkdals/robot_ws/install/homework1_pkg/share/ament_index/resource_index/package_run_dependencies/homework1_pkg
[0.138s] -- Up-to-date: /home/tkdals/robot_ws/install/homework1_pkg/share/ament_index/resource_index/parent_prefix_path/homework1_pkg
[0.138s] -- Up-to-date: /home/tkdals/robot_ws/install/homework1_pkg/share/homework1_pkg/environment/ament_prefix_path.sh
[0.138s] -- Up-to-date: /home/tkdals/robot_ws/install/homework1_pkg/share/homework1_pkg/environment/ament_prefix_path.dsv
[0.138s] -- Up-to-date: /home/tkdals/robot_ws/install/homework1_pkg/share/homework1_pkg/environment/path.sh
[0.138s] -- Up-to-date: /home/tkdals/robot_ws/install/homework1_pkg/share/homework1_pkg/environment/path.dsv
[0.138s] -- Up-to-date: /home/tkdals/robot_ws/install/homework1_pkg/share/homework1_pkg/local_setup.bash
[0.138s] -- Up-to-date: /home/tkdals/robot_ws/install/homework1_pkg/share/homework1_pkg/local_setup.sh
[0.138s] -- Up-to-date: /home/tkdals/robot_ws/install/homework1_pkg/share/homework1_pkg/local_setup.zsh
[0.138s] -- Up-to-date: /home/tkdals/robot_ws/install/homework1_pkg/share/homework1_pkg/local_setup.dsv
[0.138s] -- Installing: /home/tkdals/robot_ws/install/homework1_pkg/share/homework1_pkg/package.dsv
[0.138s] -- Up-to-date: /home/tkdals/robot_ws/install/homework1_pkg/share/ament_index/resource_index/packages/homework1_pkg
[0.138s] -- Up-to-date: /home/tkdals/robot_ws/install/homework1_pkg/share/homework1_pkg/cmake/homework1_pkgConfig.cmake
[0.138s] -- Up-to-date: /home/tkdals/robot_ws/install/homework1_pkg/share/homework1_pkg/cmake/homework1_pkgConfig-version.cmake
[0.138s] -- Up-to-date: /home/tkdals/robot_ws/install/homework1_pkg/share/homework1_pkg/package.xml
[0.145s] Invoked command in '/home/tkdals/robot_ws/build/homework1_pkg' returned '0': CMAKE_PREFIX_PATH=${CMAKE_PREFIX_PATH}:/opt/ros/humble /usr/bin/cmake --install /home/tkdals/robot_ws/build/homework1_pkg
