[0.016s] Invoking command in '/home/tkdals/robot_ws/build/tutorial_interfaces': CMAKE_PREFIX_PATH=${CMAKE_PREFIX_PATH}:/opt/ros/humble /usr/bin/cmake --build /home/tkdals/robot_ws/build/tutorial_interfaces -- -j20 -l20
[0.071s] [ 10%] Built target tutorial_interfaces__rosidl_generator_c
[0.075s] [ 12%] Built target tutorial_interfaces__cpp
[0.078s] [ 12%] Built target ament_cmake_python_copy_tutorial_interfaces
[0.091s] [ 23%] Built target tutorial_interfaces__rosidl_typesupport_fastrtps_c
[0.094s] [ 33%] Built target tutorial_interfaces__rosidl_typesupport_introspection_c
[0.094s] [ 43%] Built target tutorial_interfaces__rosidl_typesupport_cpp
[0.095s] [ 53%] Built target tutorial_interfaces__rosidl_typesupport_c
[0.097s] [ 64%] Built target tutorial_interfaces__rosidl_typesupport_fastrtps_cpp
[0.100s] [ 74%] Built target tutorial_interfaces__rosidl_typesupport_introspection_cpp
[0.115s] [ 74%] Built target tutorial_interfaces
[0.136s] [ 76%] Built target tutorial_interfaces__py
[0.155s] [ 84%] Built target tutorial_interfaces__rosidl_generator_py
[0.176s] [ 89%] Built target tutorial_interfaces__rosidl_typesupport_fastrtps_c__pyext
[0.176s] [ 94%] Built target tutorial_interfaces__rosidl_typesupport_c__pyext
[0.177s] [100%] Built target tutorial_interfaces__rosidl_typesupport_introspection_c__pyext
[0.222s] running egg_info
[0.222s] writing tutorial_interfaces.egg-info/PKG-INFO
[0.223s] writing dependency_links to tutorial_interfaces.egg-info/dependency_links.txt
[0.223s] writing top-level names to tutorial_interfaces.egg-info/top_level.txt
[0.224s] reading manifest file 'tutorial_interfaces.egg-info/SOURCES.txt'
[0.225s] writing manifest file 'tutorial_interfaces.egg-info/SOURCES.txt'
[0.242s] [100%] Built target ament_cmake_python_build_tutorial_interfaces_egg
