[0.009s] Invoking command in '/home/tkdals/robot_ws/build/homework2_2_pkg': CMAKE_PREFIX_PATH=/home/tkdals/robot_ws/install/tutorial_interfaces:/home/tkdals/robot_ws/install/homework2_2_pkg:/home/tkdals/robot_ws/install/homework1_pkg:/home/tkdals/robot_ws/install/ex_client_server_pkg:/opt/ros/humble /usr/bin/cmake --build /home/tkdals/robot_ws/build/homework2_2_pkg -- -j20 -l20
[0.035s] -- Found ament_cmake: 1.3.10 (/opt/ros/humble/share/ament_cmake/cmake)
[0.119s] -- Found rclcpp: 16.0.10 (/opt/ros/humble/share/rclcpp/cmake)
[0.136s] -- Found rosidl_generator_c: 3.1.5 (/opt/ros/humble/share/rosidl_generator_c/cmake)
[0.138s] -- Found rosidl_adapter: 3.1.5 (/opt/ros/humble/share/rosidl_adapter/cmake)
[0.142s] -- Found rosidl_generator_cpp: 3.1.5 (/opt/ros/humble/share/rosidl_generator_cpp/cmake)
[0.147s] -- Using all available rosidl_typesupport_c: rosidl_typesupport_fastrtps_c;rosidl_typesupport_introspection_c
[0.155s] -- Using all available rosidl_typesupport_cpp: rosidl_typesupport_fastrtps_cpp;rosidl_typesupport_introspection_cpp
[0.175s] -- Found rmw_implementation_cmake: 6.1.2 (/opt/ros/humble/share/rmw_implementation_cmake/cmake)
[0.176s] -- Found rmw_fastrtps_cpp: 6.2.7 (/opt/ros/humble/share/rmw_fastrtps_cpp/cmake)
[0.252s] -- Using RMW implementation 'rmw_fastrtps_cpp' as default
[0.284s] -- Found tutorial_interfaces: 0.0.0 (/home/tkdals/robot_ws/install/tutorial_interfaces/share/tutorial_interfaces/cmake)
[0.302s] [31mCMake Error at CMakeLists.txt:19 (target_include_directories):
[0.302s]   Cannot specify include directories for target "final_server" which is not
[0.302s]   built by this project.
[0.302s] 
[0.302s] [0m
[0.343s] -- Configuring incomplete, errors occurred!
[0.343s] See also "/home/tkdals/robot_ws/build/homework2_2_pkg/CMakeFiles/CMakeOutput.log".
[0.347s] gmake: *** [Makefile:349: cmake_check_build_system] Error 1
[0.349s] Invoked command in '/home/tkdals/robot_ws/build/homework2_2_pkg' returned '2': CMAKE_PREFIX_PATH=/home/tkdals/robot_ws/install/tutorial_interfaces:/home/tkdals/robot_ws/install/homework2_2_pkg:/home/tkdals/robot_ws/install/homework1_pkg:/home/tkdals/robot_ws/install/ex_client_server_pkg:/opt/ros/humble /usr/bin/cmake --build /home/tkdals/robot_ws/build/homework2_2_pkg -- -j20 -l20
