[0.010s] Invoking command in '/home/tkdals/robot_ws/build/tutorial_interfaces': CMAKE_PREFIX_PATH=/home/tkdals/robot_ws/install/homework2_2_pkg:/home/tkdals/robot_ws/install/tutorial_interfaces:/home/tkdals/robot_ws/install/homework3_pkg:/home/tkdals/robot_ws/install/homework1_pkg:/home/tkdals/robot_ws/install/ex_client_server_pkg:/opt/ros/humble:/home/tkdals/robot_ws/install/dynamixel_sdk /usr/bin/cmake --build /home/tkdals/robot_ws/build/tutorial_interfaces -- -j20 -l20
[0.062s] [  2%] Built target tutorial_interfaces__cpp
[0.063s] [ 12%] Built target tutorial_interfaces__rosidl_generator_c
[0.066s] [ 12%] Built target ament_cmake_python_copy_tutorial_interfaces
[0.098s] [ 23%] Built target tutorial_interfaces__rosidl_typesupport_cpp
[0.098s] [ 33%] Built target tutorial_interfaces__rosidl_typesupport_c
[0.098s] [ 43%] Built target tutorial_interfaces__rosidl_typesupport_introspection_c
[0.099s] [ 53%] Built target tutorial_interfaces__rosidl_typesupport_fastrtps_cpp
[0.100s] [ 64%] Built target tutorial_interfaces__rosidl_typesupport_fastrtps_c
[0.104s] [ 74%] Built target tutorial_interfaces__rosidl_typesupport_introspection_cpp
[0.120s] [ 74%] Built target tutorial_interfaces
[0.141s] [ 76%] Built target tutorial_interfaces__py
[0.162s] [ 84%] Built target tutorial_interfaces__rosidl_generator_py
[0.177s] [ 89%] Built target tutorial_interfaces__rosidl_typesupport_c__pyext
[0.181s] [ 94%] Built target tutorial_interfaces__rosidl_typesupport_introspection_c__pyext
[0.184s] [100%] Built target tutorial_interfaces__rosidl_typesupport_fastrtps_c__pyext
[0.231s] running egg_info
[0.231s] writing tutorial_interfaces.egg-info/PKG-INFO
[0.232s] writing dependency_links to tutorial_interfaces.egg-info/dependency_links.txt
[0.232s] writing top-level names to tutorial_interfaces.egg-info/top_level.txt
[0.234s] reading manifest file 'tutorial_interfaces.egg-info/SOURCES.txt'
[0.234s] writing manifest file 'tutorial_interfaces.egg-info/SOURCES.txt'
[0.251s] [100%] Built target ament_cmake_python_build_tutorial_interfaces_egg
[0.263s] Invoked command in '/home/tkdals/robot_ws/build/tutorial_interfaces' returned '0': CMAKE_PREFIX_PATH=/home/tkdals/robot_ws/install/homework2_2_pkg:/home/tkdals/robot_ws/install/tutorial_interfaces:/home/tkdals/robot_ws/install/homework3_pkg:/home/tkdals/robot_ws/install/homework1_pkg:/home/tkdals/robot_ws/install/ex_client_server_pkg:/opt/ros/humble:/home/tkdals/robot_ws/install/dynamixel_sdk /usr/bin/cmake --build /home/tkdals/robot_ws/build/tutorial_interfaces -- -j20 -l20
