[0.029s] Invoking command in '/home/tkdals/robot_ws/build/homework3_pkg': CMAKE_PREFIX_PATH=${CMAKE_PREFIX_PATH}:/opt/ros/humble /usr/bin/cmake --build /home/tkdals/robot_ws/build/homework3_pkg -- -j20 -l20
[0.049s] -- Found ament_cmake: 1.3.10 (/opt/ros/humble/share/ament_cmake/cmake)
[0.181s] -- Found rclcpp: 16.0.10 (/opt/ros/humble/share/rclcpp/cmake)
[0.202s] -- Found rosidl_generator_c: 3.1.5 (/opt/ros/humble/share/rosidl_generator_c/cmake)
[0.203s] -- Found rosidl_adapter: 3.1.5 (/opt/ros/humble/share/rosidl_adapter/cmake)
[0.207s] -- Found rosidl_generator_cpp: 3.1.5 (/opt/ros/humble/share/rosidl_generator_cpp/cmake)
[0.213s] -- Using all available rosidl_typesupport_c: rosidl_typesupport_fastrtps_c;rosidl_typesupport_introspection_c
[0.221s] -- Using all available rosidl_typesupport_cpp: rosidl_typesupport_fastrtps_cpp;rosidl_typesupport_introspection_cpp
[0.241s] -- Found rmw_implementation_cmake: 6.1.2 (/opt/ros/humble/share/rmw_implementation_cmake/cmake)
[0.242s] -- Found rmw_fastrtps_cpp: 6.2.7 (/opt/ros/humble/share/rmw_fastrtps_cpp/cmake)
[0.307s] -- Using RMW implementation 'rmw_fastrtps_cpp' as default
[0.343s] [31mCMake Error at CMakeLists.txt:11 (find_package):
[0.343s]   By not providing "Finddynamixel_sdk.cmake" in CMAKE_MODULE_PATH this
[0.343s]   project has asked CMake to find a package configuration file provided by
[0.343s]   "dynamixel_sdk", but CMake did not find one.
[0.343s] 
[0.344s]   Could not find a package configuration file provided by "dynamixel_sdk"
[0.344s]   with any of the following names:
[0.344s] 
[0.344s]     dynamixel_sdkConfig.cmake
[0.344s]     dynamixel_sdk-config.cmake
[0.344s] 
[0.344s]   Add the installation prefix of "dynamixel_sdk" to CMAKE_PREFIX_PATH or set
[0.344s]   "dynamixel_sdk_DIR" to a directory containing one of the above files.  If
[0.344s]   "dynamixel_sdk" provides a separate development package or SDK, be sure it
[0.344s]   has been installed.
[0.345s] 
[0.345s] [0m
[0.345s] -- Configuring incomplete, errors occurred!
[0.345s] See also "/home/tkdals/robot_ws/build/homework3_pkg/CMakeFiles/CMakeOutput.log".
[0.347s] gmake: *** [Makefile:267: cmake_check_build_system] Error 1
