[0.010s] Invoking command in '/home/tkdals/robot_ws/build/homework2_2_pkg': CMAKE_PREFIX_PATH=/home/tkdals/robot_ws/install/tutorial_interfaces:/home/tkdals/robot_ws/install/homework2_2_pkg:/home/tkdals/robot_ws/install/homework1_pkg:/home/tkdals/robot_ws/install/ex_client_server_pkg:/opt/ros/humble /usr/bin/cmake --build /home/tkdals/robot_ws/build/homework2_2_pkg -- -j20 -l20
[0.055s] [35m[1mConsolidate compiler generated dependencies of target client[0m
[0.067s] [ 33%] Built target final_server
[0.069s] [ 66%] Built target server
[0.069s] [ 83%] [32mBuilding CXX object CMakeFiles/client.dir/src/homework2_2_pkg_client.cpp.o[0m
[1.417s] [01m[K/home/tkdals/robot_ws/src/homework2_2_pkg/src/homework2_2_pkg_client.cpp:6:1:[m[K [01;31m[Kerror: [m[K‘[01m[KClientNode[m[K’ does not name a type
[1.417s]     6 | [01;31m[KClientNode[m[K::ClientNode(const std::string &node_name)
[1.417s]       | [01;31m[K^~~~~~~~~~[m[K
[1.417s] [01m[K/home/tkdals/robot_ws/src/homework2_2_pkg/src/homework2_2_pkg_client.cpp:23:6:[m[K [01;31m[Kerror: [m[K‘[01m[KClientNode[m[K’ has not been declared
[1.417s]    23 | void [01;31m[KClientNode[m[K::send_request(int64_t input)
[1.417s]       |      [01;31m[K^~~~~~~~~~[m[K
[1.421s] [01m[K/home/tkdals/robot_ws/src/homework2_2_pkg/src/homework2_2_pkg_client.cpp:[m[K In function ‘[01m[Kvoid send_request(int64_t)[m[K’:
[1.421s] [01m[K/home/tkdals/robot_ws/src/homework2_2_pkg/src/homework2_2_pkg_client.cpp:29:19:[m[K [01;31m[Kerror: [m[K‘[01m[Kclient_[m[K’ was not declared in this scope
[1.421s]    29 |     auto future = [01;31m[Kclient_[m[K->async_send_request(request,
[1.421s]       |                   [01;31m[K^~~~~~~[m[K
[1.421s] [01m[K/home/tkdals/robot_ws/src/homework2_2_pkg/src/homework2_2_pkg_client.cpp:30:10:[m[K [01;31m[Kerror: [m[Kinvalid use of ‘[01m[Kthis[m[K’ in non-member function
[1.421s]    30 |         [[01;31m[Kthis[m[K](rclcpp::Client<tutorial_interfaces::srv::Plus>::SharedFuture future_response) {
[1.421s]       |          [01;31m[K^~~~[m[K
[1.447s] In file included from [01m[K/opt/ros/humble/include/rclcpp/rclcpp/client.hpp:40[m[K,
[1.447s]                  from [01m[K/opt/ros/humble/include/rclcpp/rclcpp/callback_group.hpp:24[m[K,
[1.447s]                  from [01m[K/opt/ros/humble/include/rclcpp/rclcpp/any_executable.hpp:20[m[K,
[1.447s]                  from [01m[K/opt/ros/humble/include/rclcpp/rclcpp/memory_strategy.hpp:25[m[K,
[1.447s]                  from [01m[K/opt/ros/humble/include/rclcpp/rclcpp/memory_strategies.hpp:18[m[K,
[1.447s]                  from [01m[K/opt/ros/humble/include/rclcpp/rclcpp/executor_options.hpp:20[m[K,
[1.447s]                  from [01m[K/opt/ros/humble/include/rclcpp/rclcpp/executor.hpp:37[m[K,
[1.447s]                  from [01m[K/opt/ros/humble/include/rclcpp/rclcpp/executors/multi_threaded_executor.hpp:25[m[K,
[1.447s]                  from [01m[K/opt/ros/humble/include/rclcpp/rclcpp/executors.hpp:21[m[K,
[1.447s]                  from [01m[K/opt/ros/humble/include/rclcpp/rclcpp/rclcpp.hpp:155[m[K,
[1.447s]                  from [01m[K/home/tkdals/robot_ws/src/homework2_2_pkg/src/homework2_2_pkg_client.cpp:1[m[K:
[1.447s] [01m[K/home/tkdals/robot_ws/src/homework2_2_pkg/src/homework2_2_pkg_client.cpp:[m[K In lambda function:
[1.447s] [01m[K/home/tkdals/robot_ws/src/homework2_2_pkg/src/homework2_2_pkg_client.cpp:32:29:[m[K [01;31m[Kerror: [m[Kinvalid use of ‘[01m[Kthis[m[K’ in non-member function
[1.447s]    32 |                 RCLCPP_INFO([01;31m[Kthis[m[K->get_logger(), "Received response: %ld", future_response.get()->output);
[1.447s]       |                             [01;31m[K^~~~[m[K
[1.447s] [01m[K/home/tkdals/robot_ws/src/homework2_2_pkg/src/homework2_2_pkg_client.cpp:32:29:[m[K [01;31m[Kerror: [m[Kinvalid use of ‘[01m[Kthis[m[K’ in non-member function
[1.447s] [01m[K/home/tkdals/robot_ws/src/homework2_2_pkg/src/homework2_2_pkg_client.cpp:32:17:[m[K [01;31m[Kerror: [m[Ktemplate argument 1 is invalid
[1.448s]    32 |                 [01;31m[KRCLCPP_INFO[m[K(this->get_logger(), "Received response: %ld", future_response.get()->output);
[1.448s]       |                 [01;31m[K^~~~~~~~~~~[m[K
[1.448s] [01m[K/home/tkdals/robot_ws/src/homework2_2_pkg/src/homework2_2_pkg_client.cpp:32:17:[m[K [01;31m[Kerror: [m[Ktemplate argument 1 is invalid
[1.448s]    32 |                 [01;31m[KRCLCPP_INFO[m[K(this->get_logger(), "Received response: %ld", future_response.get()->output);
[1.448s]       |                 [01;31m[K^~~~~~~~~~~[m[K
[1.448s] [01m[K/home/tkdals/robot_ws/src/homework2_2_pkg/src/homework2_2_pkg_client.cpp:32:17:[m[K [01;31m[Kerror: [m[Ktemplate argument 1 is invalid
[1.448s]    32 |                 [01;31m[KRCLCPP_INFO[m[K(this->get_logger(), "Received response: %ld", future_response.get()->output);
[1.448s]       |                 [01;31m[K^~~~~~~~~~~[m[K
[1.448s] In file included from [01m[K/opt/ros/humble/include/rclcpp/rclcpp/logging.hpp:24[m[K,
[1.448s]                  from [01m[K/opt/ros/humble/include/rclcpp/rclcpp/client.hpp:40[m[K,
[1.448s]                  from [01m[K/opt/ros/humble/include/rclcpp/rclcpp/callback_group.hpp:24[m[K,
[1.448s]                  from [01m[K/opt/ros/humble/include/rclcpp/rclcpp/any_executable.hpp:20[m[K,
[1.448s]                  from [01m[K/opt/ros/humble/include/rclcpp/rclcpp/memory_strategy.hpp:25[m[K,
[1.448s]                  from [01m[K/opt/ros/humble/include/rclcpp/rclcpp/memory_strategies.hpp:18[m[K,
[1.448s]                  from [01m[K/opt/ros/humble/include/rclcpp/rclcpp/executor_options.hpp:20[m[K,
[1.448s]                  from [01m[K/opt/ros/humble/include/rclcpp/rclcpp/executor.hpp:37[m[K,
[1.448s]                  from [01m[K/opt/ros/humble/include/rclcpp/rclcpp/executors/multi_threaded_executor.hpp:25[m[K,
[1.448s]                  from [01m[K/opt/ros/humble/include/rclcpp/rclcpp/executors.hpp:21[m[K,
[1.448s]                  from [01m[K/opt/ros/humble/include/rclcpp/rclcpp/rclcpp.hpp:155[m[K,
[1.448s]                  from [01m[K/home/tkdals/robot_ws/src/homework2_2_pkg/src/homework2_2_pkg_client.cpp:1[m[K:
[1.448s] [01m[K/home/tkdals/robot_ws/src/homework2_2_pkg/src/homework2_2_pkg_client.cpp:32:29:[m[K [01;31m[Kerror: [m[K‘[01m[Kthis[m[K’ was not captured for this lambda function
[1.448s]    32 |                 RCLCPP_INFO([01;31m[Kthis[m[K->get_logger(), "Received response: %ld", future_response.get()->output);
[1.448s]       |                             [01;31m[K^~~~[m[K
[1.448s] [01m[K/home/tkdals/robot_ws/src/homework2_2_pkg/src/homework2_2_pkg_client.cpp:32:29:[m[K [01;31m[Kerror: [m[K‘[01m[Kthis[m[K’ was not captured for this lambda function
[1.448s]    32 |                 RCLCPP_INFO([01;31m[Kthis[m[K->get_logger(), "Received response: %ld", future_response.get()->output);
[1.448s]       |                             [01;31m[K^~~~[m[K
[1.448s] In file included from [01m[K/opt/ros/humble/include/rclcpp/rclcpp/client.hpp:40[m[K,
[1.448s]                  from [01m[K/opt/ros/humble/include/rclcpp/rclcpp/callback_group.hpp:24[m[K,
[1.448s]                  from [01m[K/opt/ros/humble/include/rclcpp/rclcpp/any_executable.hpp:20[m[K,
[1.448s]                  from [01m[K/opt/ros/humble/include/rclcpp/rclcpp/memory_strategy.hpp:25[m[K,
[1.448s]                  from [01m[K/opt/ros/humble/include/rclcpp/rclcpp/memory_strategies.hpp:18[m[K,
[1.448s]                  from [01m[K/opt/ros/humble/include/rclcpp/rclcpp/executor_options.hpp:20[m[K,
[1.448s]                  from [01m[K/opt/ros/humble/include/rclcpp/rclcpp/executor.hpp:37[m[K,
[1.448s]                  from [01m[K/opt/ros/humble/include/rclcpp/rclcpp/executors/multi_threaded_executor.hpp:25[m[K,
[1.448s]                  from [01m[K/opt/ros/humble/include/rclcpp/rclcpp/executors.hpp:21[m[K,
[1.448s]                  from [01m[K/opt/ros/humble/include/rclcpp/rclcpp/rclcpp.hpp:155[m[K,
[1.448s]                  from [01m[K/home/tkdals/robot_ws/src/homework2_2_pkg/src/homework2_2_pkg_client.cpp:1[m[K:
[1.448s] [01m[K/home/tkdals/robot_ws/src/homework2_2_pkg/src/homework2_2_pkg_client.cpp:34:30:[m[K [01;31m[Kerror: [m[Kinvalid use of ‘[01m[Kthis[m[K’ in non-member function
[1.448s]    34 |                 RCLCPP_ERROR([01;31m[Kthis[m[K->get_logger(), "Failed to receive response");
[1.448s]       |                              [01;31m[K^~~~[m[K
[1.449s] [01m[K/home/tkdals/robot_ws/src/homework2_2_pkg/src/homework2_2_pkg_client.cpp:34:30:[m[K [01;31m[Kerror: [m[Kinvalid use of ‘[01m[Kthis[m[K’ in non-member function
[1.449s] [01m[K/home/tkdals/robot_ws/src/homework2_2_pkg/src/homework2_2_pkg_client.cpp:34:17:[m[K [01;31m[Kerror: [m[Ktemplate argument 1 is invalid
[1.449s]    34 |                 [01;31m[KRCLCPP_ERROR[m[K(this->get_logger(), "Failed to receive response");
[1.449s]       |                 [01;31m[K^~~~~~~~~~~~[m[K
[1.449s] [01m[K/home/tkdals/robot_ws/src/homework2_2_pkg/src/homework2_2_pkg_client.cpp:34:17:[m[K [01;31m[Kerror: [m[Ktemplate argument 1 is invalid
[1.449s]    34 |                 [01;31m[KRCLCPP_ERROR[m[K(this->get_logger(), "Failed to receive response");
[1.449s]       |                 [01;31m[K^~~~~~~~~~~~[m[K
[1.449s] [01m[K/home/tkdals/robot_ws/src/homework2_2_pkg/src/homework2_2_pkg_client.cpp:34:17:[m[K [01;31m[Kerror: [m[Ktemplate argument 1 is invalid
[1.449s]    34 |                 [01;31m[KRCLCPP_ERROR[m[K(this->get_logger(), "Failed to receive response");
[1.449s]       |                 [01;31m[K^~~~~~~~~~~~[m[K
[1.449s] In file included from [01m[K/opt/ros/humble/include/rclcpp/rclcpp/logging.hpp:24[m[K,
[1.449s]                  from [01m[K/opt/ros/humble/include/rclcpp/rclcpp/client.hpp:40[m[K,
[1.449s]                  from [01m[K/opt/ros/humble/include/rclcpp/rclcpp/callback_group.hpp:24[m[K,
[1.449s]                  from [01m[K/opt/ros/humble/include/rclcpp/rclcpp/any_executable.hpp:20[m[K,
[1.449s]                  from [01m[K/opt/ros/humble/include/rclcpp/rclcpp/memory_strategy.hpp:25[m[K,
[1.449s]                  from [01m[K/opt/ros/humble/include/rclcpp/rclcpp/memory_strategies.hpp:18[m[K,
[1.449s]                  from [01m[K/opt/ros/humble/include/rclcpp/rclcpp/executor_options.hpp:20[m[K,
[1.449s]                  from [01m[K/opt/ros/humble/include/rclcpp/rclcpp/executor.hpp:37[m[K,
[1.449s]                  from [01m[K/opt/ros/humble/include/rclcpp/rclcpp/executors/multi_threaded_executor.hpp:25[m[K,
[1.449s]                  from [01m[K/opt/ros/humble/include/rclcpp/rclcpp/executors.hpp:21[m[K,
[1.449s]                  from [01m[K/opt/ros/humble/include/rclcpp/rclcpp/rclcpp.hpp:155[m[K,
[1.449s]                  from [01m[K/home/tkdals/robot_ws/src/homework2_2_pkg/src/homework2_2_pkg_client.cpp:1[m[K:
[1.449s] [01m[K/home/tkdals/robot_ws/src/homework2_2_pkg/src/homework2_2_pkg_client.cpp:34:30:[m[K [01;31m[Kerror: [m[K‘[01m[Kthis[m[K’ was not captured for this lambda function
[1.449s]    34 |                 RCLCPP_ERROR([01;31m[Kthis[m[K->get_logger(), "Failed to receive response");
[1.449s]       |                              [01;31m[K^~~~[m[K
[1.449s] [01m[K/home/tkdals/robot_ws/src/homework2_2_pkg/src/homework2_2_pkg_client.cpp:34:30:[m[K [01;31m[Kerror: [m[K‘[01m[Kthis[m[K’ was not captured for this lambda function
[1.449s]    34 |                 RCLCPP_ERROR([01;31m[Kthis[m[K->get_logger(), "Failed to receive response");
[1.449s]       |                              [01;31m[K^~~~[m[K
[1.451s] [01m[K/home/tkdals/robot_ws/src/homework2_2_pkg/src/homework2_2_pkg_client.cpp:[m[K In function ‘[01m[Kvoid send_request(int64_t)[m[K’:
[1.451s] [01m[K/home/tkdals/robot_ws/src/homework2_2_pkg/src/homework2_2_pkg_client.cpp:39:44:[m[K [01;31m[Kerror: [m[K‘[01m[Kshared_from_this[m[K’ was not declared in this scope
[1.451s]    39 |     if (rclcpp::spin_until_future_complete([01;31m[Kshared_from_this[m[K(), future) != rclcpp::FutureReturnCode::SUCCESS)
[1.451s]       |                                            [01;31m[K^~~~~~~~~~~~~~~~[m[K
[1.451s] In file included from [01m[K/opt/ros/humble/include/rclcpp/rclcpp/client.hpp:40[m[K,
[1.451s]                  from [01m[K/opt/ros/humble/include/rclcpp/rclcpp/callback_group.hpp:24[m[K,
[1.451s]                  from [01m[K/opt/ros/humble/include/rclcpp/rclcpp/any_executable.hpp:20[m[K,
[1.451s]                  from [01m[K/opt/ros/humble/include/rclcpp/rclcpp/memory_strategy.hpp:25[m[K,
[1.451s]                  from [01m[K/opt/ros/humble/include/rclcpp/rclcpp/memory_strategies.hpp:18[m[K,
[1.451s]                  from [01m[K/opt/ros/humble/include/rclcpp/rclcpp/executor_options.hpp:20[m[K,
[1.452s]                  from [01m[K/opt/ros/humble/include/rclcpp/rclcpp/executor.hpp:37[m[K,
[1.452s]                  from [01m[K/opt/ros/humble/include/rclcpp/rclcpp/executors/multi_threaded_executor.hpp:25[m[K,
[1.452s]                  from [01m[K/opt/ros/humble/include/rclcpp/rclcpp/executors.hpp:21[m[K,
[1.452s]                  from [01m[K/opt/ros/humble/include/rclcpp/rclcpp/rclcpp.hpp:155[m[K,
[1.452s]                  from [01m[K/home/tkdals/robot_ws/src/homework2_2_pkg/src/homework2_2_pkg_client.cpp:1[m[K:
[1.452s] [01m[K/home/tkdals/robot_ws/src/homework2_2_pkg/src/homework2_2_pkg_client.cpp:41:22:[m[K [01;31m[Kerror: [m[Kinvalid use of ‘[01m[Kthis[m[K’ in non-member function
[1.452s]    41 |         RCLCPP_ERROR([01;31m[Kthis[m[K->get_logger(), "Failed to call service");
[1.452s]       |                      [01;31m[K^~~~[m[K
[1.452s] [01m[K/home/tkdals/robot_ws/src/homework2_2_pkg/src/homework2_2_pkg_client.cpp:41:22:[m[K [01;31m[Kerror: [m[Kinvalid use of ‘[01m[Kthis[m[K’ in non-member function
[1.452s] [01m[K/home/tkdals/robot_ws/src/homework2_2_pkg/src/homework2_2_pkg_client.cpp:41:9:[m[K [01;31m[Kerror: [m[Ktemplate argument 1 is invalid
[1.452s]    41 |         [01;31m[KRCLCPP_ERROR[m[K(this->get_logger(), "Failed to call service");
[1.452s]       |         [01;31m[K^~~~~~~~~~~~[m[K
[1.452s] [01m[K/home/tkdals/robot_ws/src/homework2_2_pkg/src/homework2_2_pkg_client.cpp:41:9:[m[K [01;31m[Kerror: [m[Ktemplate argument 1 is invalid
[1.452s]    41 |         [01;31m[KRCLCPP_ERROR[m[K(this->get_logger(), "Failed to call service");
[1.452s]       |         [01;31m[K^~~~~~~~~~~~[m[K
[1.452s] [01m[K/home/tkdals/robot_ws/src/homework2_2_pkg/src/homework2_2_pkg_client.cpp:41:9:[m[K [01;31m[Kerror: [m[Ktemplate argument 1 is invalid
[1.452s]    41 |         [01;31m[KRCLCPP_ERROR[m[K(this->get_logger(), "Failed to call service");
[1.452s]       |         [01;31m[K^~~~~~~~~~~~[m[K
[1.452s] In file included from [01m[K/opt/ros/humble/include/rclcpp/rclcpp/logging.hpp:24[m[K,
[1.452s]                  from [01m[K/opt/ros/humble/include/rclcpp/rclcpp/client.hpp:40[m[K,
[1.452s]                  from [01m[K/opt/ros/humble/include/rclcpp/rclcpp/callback_group.hpp:24[m[K,
[1.452s]                  from [01m[K/opt/ros/humble/include/rclcpp/rclcpp/any_executable.hpp:20[m[K,
[1.452s]                  from [01m[K/opt/ros/humble/include/rclcpp/rclcpp/memory_strategy.hpp:25[m[K,
[1.452s]                  from [01m[K/opt/ros/humble/include/rclcpp/rclcpp/memory_strategies.hpp:18[m[K,
[1.452s]                  from [01m[K/opt/ros/humble/include/rclcpp/rclcpp/executor_options.hpp:20[m[K,
[1.452s]                  from [01m[K/opt/ros/humble/include/rclcpp/rclcpp/executor.hpp:37[m[K,
[1.452s]                  from [01m[K/opt/ros/humble/include/rclcpp/rclcpp/executors/multi_threaded_executor.hpp:25[m[K,
[1.452s]                  from [01m[K/opt/ros/humble/include/rclcpp/rclcpp/executors.hpp:21[m[K,
[1.452s]                  from [01m[K/opt/ros/humble/include/rclcpp/rclcpp/rclcpp.hpp:155[m[K,
[1.452s]                  from [01m[K/home/tkdals/robot_ws/src/homework2_2_pkg/src/homework2_2_pkg_client.cpp:1[m[K:
[1.452s] [01m[K/home/tkdals/robot_ws/src/homework2_2_pkg/src/homework2_2_pkg_client.cpp:41:22:[m[K [01;31m[Kerror: [m[Kinvalid use of ‘[01m[Kthis[m[K’ in non-member function
[1.452s]    41 |         RCLCPP_ERROR([01;31m[Kthis[m[K->get_logger(), "Failed to call service");
[1.452s]       |                      [01;31m[K^~~~[m[K
[1.452s] [01m[K/home/tkdals/robot_ws/src/homework2_2_pkg/src/homework2_2_pkg_client.cpp:41:22:[m[K [01;31m[Kerror: [m[Kinvalid use of ‘[01m[Kthis[m[K’ in non-member function
[1.452s]    41 |         RCLCPP_ERROR([01;31m[Kthis[m[K->get_logger(), "Failed to call service");
[1.452s]       |                      [01;31m[K^~~~[m[K
[1.454s] [01m[K/home/tkdals/robot_ws/src/homework2_2_pkg/src/homework2_2_pkg_client.cpp:[m[K In function ‘[01m[Kint main(int, char**)[m[K’:
[1.454s] [01m[K/home/tkdals/robot_ws/src/homework2_2_pkg/src/homework2_2_pkg_client.cpp:55:34:[m[K [01;31m[Kerror: [m[K‘[01m[KClientNode[m[K’ was not declared in this scope
[1.454s]    55 |     auto node = std::make_shared<[01;31m[KClientNode[m[K>("value1_client");
[1.454s]       |                                  [01;31m[K^~~~~~~~~~[m[K
[1.454s] [01m[K/home/tkdals/robot_ws/src/homework2_2_pkg/src/homework2_2_pkg_client.cpp:55:45:[m[K [01;31m[Kerror: [m[Kno matching function for call to ‘[01m[Kmake_shared<<expression error> >(const char [14])[m[K’
[1.454s]    55 |     auto node = [01;31m[Kstd::make_shared<ClientNode>("value1_client")[m[K;
[1.454s]       |                 [01;31m[K~~~~~~~~~~~~~~~~~~~~~~~~~~~~^~~~~~~~~~~~~~~~~[m[K
[1.455s] In file included from [01m[K/usr/include/c++/11/memory:77[m[K,
[1.455s]                  from [01m[K/opt/ros/humble/include/rclcpp/rclcpp/rclcpp.hpp:153[m[K,
[1.455s]                  from [01m[K/home/tkdals/robot_ws/src/homework2_2_pkg/src/homework2_2_pkg_client.cpp:1[m[K:
[1.455s] [01m[K/usr/include/c++/11/bits/shared_ptr.h:875:5:[m[K [01;36m[Knote: [m[Kcandidate: ‘[01m[Ktemplate<class _Tp, class ... _Args> std::shared_ptr<_Tp> std::make_shared(_Args&& ...)[m[K’
[1.455s]   875 |     [01;36m[Kmake_shared[m[K(_Args&&... __args)
[1.455s]       |     [01;36m[K^~~~~~~~~~~[m[K
[1.455s] [01m[K/usr/include/c++/11/bits/shared_ptr.h:875:5:[m[K [01;36m[Knote: [m[K  template argument deduction/substitution failed:
[1.455s] [01m[K/home/tkdals/robot_ws/src/homework2_2_pkg/src/homework2_2_pkg_client.cpp:55:45:[m[K [01;31m[Kerror: [m[Ktemplate argument 1 is invalid
[1.455s]    55 |     auto node = [01;31m[Kstd::make_shared<ClientNode>("value1_client")[m[K;
[1.455s]       |                 [01;31m[K~~~~~~~~~~~~~~~~~~~~~~~~~~~~^~~~~~~~~~~~~~~~~[m[K
[1.713s] gmake[2]: *** [CMakeFiles/client.dir/build.make:76: CMakeFiles/client.dir/src/homework2_2_pkg_client.cpp.o] Error 1
[1.713s] gmake[1]: *** [CMakeFiles/Makefile2:167: CMakeFiles/client.dir/all] Error 2
[1.713s] gmake: *** [Makefile:146: all] Error 2
[1.715s] Invoked command in '/home/tkdals/robot_ws/build/homework2_2_pkg' returned '2': CMAKE_PREFIX_PATH=/home/tkdals/robot_ws/install/tutorial_interfaces:/home/tkdals/robot_ws/install/homework2_2_pkg:/home/tkdals/robot_ws/install/homework1_pkg:/home/tkdals/robot_ws/install/ex_client_server_pkg:/opt/ros/humble /usr/bin/cmake --build /home/tkdals/robot_ws/build/homework2_2_pkg -- -j20 -l20
