[35m[1mConsolidate compiler generated dependencies of target final_server[0m
[ 33%] Built target client
[ 66%] Built target server
[ 83%] [32mBuilding CXX object CMakeFiles/final_server.dir/src/homework2_2_pkg_final_server.cpp.o[0m
[100%] [32m[1mLinking CXX executable final_server[0m
[100%] Built target final_server
-- Install configuration: ""
-- Up-to-date: /home/tkdals/robot_ws/install/homework2_2_pkg/lib/homework2_2_pkg/server
-- Up-to-date: /home/tkdals/robot_ws/install/homework2_2_pkg/lib/homework2_2_pkg/client
-- Installing: /home/tkdals/robot_ws/install/homework2_2_pkg/lib/homework2_2_pkg/final_server
-- Set runtime path of "/home/tkdals/robot_ws/install/homework2_2_pkg/lib/homework2_2_pkg/final_server" to ""
-- Up-to-date: /home/tkdals/robot_ws/install/homework2_2_pkg/share/ament_index/resource_index/package_run_dependencies/homework2_2_pkg
-- Up-to-date: /home/tkdals/robot_ws/install/homework2_2_pkg/share/ament_index/resource_index/parent_prefix_path/homework2_2_pkg
-- Up-to-date: /home/tkdals/robot_ws/install/homework2_2_pkg/share/homework2_2_pkg/environment/ament_prefix_path.sh
-- Up-to-date: /home/tkdals/robot_ws/install/homework2_2_pkg/share/homework2_2_pkg/environment/ament_prefix_path.dsv
-- Up-to-date: /home/tkdals/robot_ws/install/homework2_2_pkg/share/homework2_2_pkg/environment/path.sh
-- Up-to-date: /home/tkdals/robot_ws/install/homework2_2_pkg/share/homework2_2_pkg/environment/path.dsv
-- Up-to-date: /home/tkdals/robot_ws/install/homework2_2_pkg/share/homework2_2_pkg/local_setup.bash
-- Up-to-date: /home/tkdals/robot_ws/install/homework2_2_pkg/share/homework2_2_pkg/local_setup.sh
-- Up-to-date: /home/tkdals/robot_ws/install/homework2_2_pkg/share/homework2_2_pkg/local_setup.zsh
-- Up-to-date: /home/tkdals/robot_ws/install/homework2_2_pkg/share/homework2_2_pkg/local_setup.dsv
-- Installing: /home/tkdals/robot_ws/install/homework2_2_pkg/share/homework2_2_pkg/package.dsv
-- Up-to-date: /home/tkdals/robot_ws/install/homework2_2_pkg/share/ament_index/resource_index/packages/homework2_2_pkg
-- Up-to-date: /home/tkdals/robot_ws/install/homework2_2_pkg/share/homework2_2_pkg/cmake/homework2_2_pkgConfig.cmake
-- Up-to-date: /home/tkdals/robot_ws/install/homework2_2_pkg/share/homework2_2_pkg/cmake/homework2_2_pkgConfig-version.cmake
-- Up-to-date: /home/tkdals/robot_ws/install/homework2_2_pkg/share/homework2_2_pkg/package.xml
