[0.063s] DEBUG:colcon:Command line arguments: ['/usr/bin/colcon', 'build']
[0.063s] DEBUG:colcon:Parsed command line arguments: Namespace(log_base=None, log_level=None, verb_name='build', build_base='build', install_base='install', merge_install=False, symlink_install=False, test_result_base=None, continue_on_error=False, executor='parallel', parallel_workers=20, event_handlers=None, ignore_user_meta=False, metas=['./colcon.meta'], base_paths=['.'], packages_ignore=None, packages_ignore_regex=None, paths=None, packages_up_to=None, packages_up_to_regex=None, packages_above=None, packages_above_and_dependencies=None, packages_above_depth=None, packages_select_by_dep=None, packages_skip_by_dep=None, packages_skip_up_to=None, packages_select_build_failed=False, packages_skip_build_finished=False, packages_select_test_failures=False, packages_skip_test_passed=False, packages_select=None, packages_skip=None, packages_select_regex=None, packages_skip_regex=None, packages_start=None, packages_end=None, allow_overriding=[], cmake_args=None, cmake_target=None, cmake_target_skip_unavailable=False, cmake_clean_cache=False, cmake_clean_first=False, cmake_force_configure=False, ament_cmake_args=None, catkin_cmake_args=None, catkin_skip_building_tests=False, mixin_files=None, mixin=None, verb_parser=<colcon_mixin.mixin.mixin_argument.MixinArgumentDecorator object at 0x77e389a2e710>, verb_extension=<colcon_core.verb.build.BuildVerb object at 0x77e389a2e140>, main=<bound method BuildVerb.main of <colcon_core.verb.build.BuildVerb object at 0x77e389a2e140>>, mixin_verb=('build',))
[0.152s] Level 1:colcon.colcon_core.package_discovery:discover_packages(colcon_meta) check parameters
[0.152s] Level 1:colcon.colcon_core.package_discovery:discover_packages(recursive) check parameters
[0.152s] Level 1:colcon.colcon_core.package_discovery:discover_packages(ignore) check parameters
[0.152s] Level 1:colcon.colcon_core.package_discovery:discover_packages(path) check parameters
[0.152s] Level 1:colcon.colcon_core.package_discovery:discover_packages(colcon_meta) discover
[0.152s] Level 1:colcon.colcon_core.package_discovery:discover_packages(recursive) discover
[0.152s] INFO:colcon.colcon_core.package_discovery:Crawling recursively for packages in '/home/tkdals/robot_ws'
[0.152s] Level 1:colcon.colcon_core.package_identification:_identify(.) by extensions ['ignore', 'ignore_ament_install']
[0.152s] Level 1:colcon.colcon_core.package_identification:_identify(.) by extension 'ignore'
[0.152s] Level 1:colcon.colcon_core.package_identification:_identify(.) by extension 'ignore_ament_install'
[0.152s] Level 1:colcon.colcon_core.package_identification:_identify(.) by extensions ['colcon_pkg']
[0.152s] Level 1:colcon.colcon_core.package_identification:_identify(.) by extension 'colcon_pkg'
[0.152s] Level 1:colcon.colcon_core.package_identification:_identify(.) by extensions ['colcon_meta']
[0.152s] Level 1:colcon.colcon_core.package_identification:_identify(.) by extension 'colcon_meta'
[0.152s] Level 1:colcon.colcon_core.package_identification:_identify(.) by extensions ['ros']
[0.152s] Level 1:colcon.colcon_core.package_identification:_identify(.) by extension 'ros'
[0.159s] Level 1:colcon.colcon_core.package_identification:_identify(.) by extensions ['cmake', 'python']
[0.159s] Level 1:colcon.colcon_core.package_identification:_identify(.) by extension 'cmake'
[0.159s] Level 1:colcon.colcon_core.package_identification:_identify(.) by extension 'python'
[0.159s] Level 1:colcon.colcon_core.package_identification:_identify(.) by extensions ['python_setup_py']
[0.159s] Level 1:colcon.colcon_core.package_identification:_identify(.) by extension 'python_setup_py'
[0.159s] Level 1:colcon.colcon_core.package_identification:_identify(build) by extensions ['ignore', 'ignore_ament_install']
[0.160s] Level 1:colcon.colcon_core.package_identification:_identify(build) by extension 'ignore'
[0.160s] Level 1:colcon.colcon_core.package_identification:_identify(build) ignored
[0.160s] Level 1:colcon.colcon_core.package_identification:_identify(install) by extensions ['ignore', 'ignore_ament_install']
[0.160s] Level 1:colcon.colcon_core.package_identification:_identify(install) by extension 'ignore'
[0.160s] Level 1:colcon.colcon_core.package_identification:_identify(install) ignored
[0.160s] Level 1:colcon.colcon_core.package_identification:_identify(log) by extensions ['ignore', 'ignore_ament_install']
[0.160s] Level 1:colcon.colcon_core.package_identification:_identify(log) by extension 'ignore'
[0.160s] Level 1:colcon.colcon_core.package_identification:_identify(log) ignored
[0.160s] Level 1:colcon.colcon_core.package_identification:_identify(src) by extensions ['ignore', 'ignore_ament_install']
[0.160s] Level 1:colcon.colcon_core.package_identification:_identify(src) by extension 'ignore'
[0.160s] Level 1:colcon.colcon_core.package_identification:_identify(src) by extension 'ignore_ament_install'
[0.160s] Level 1:colcon.colcon_core.package_identification:_identify(src) by extensions ['colcon_pkg']
[0.160s] Level 1:colcon.colcon_core.package_identification:_identify(src) by extension 'colcon_pkg'
[0.160s] Level 1:colcon.colcon_core.package_identification:_identify(src) by extensions ['colcon_meta']
[0.160s] Level 1:colcon.colcon_core.package_identification:_identify(src) by extension 'colcon_meta'
[0.160s] Level 1:colcon.colcon_core.package_identification:_identify(src) by extensions ['ros']
[0.160s] Level 1:colcon.colcon_core.package_identification:_identify(src) by extension 'ros'
[0.160s] Level 1:colcon.colcon_core.package_identification:_identify(src) by extensions ['cmake', 'python']
[0.160s] Level 1:colcon.colcon_core.package_identification:_identify(src) by extension 'cmake'
[0.160s] Level 1:colcon.colcon_core.package_identification:_identify(src) by extension 'python'
[0.160s] Level 1:colcon.colcon_core.package_identification:_identify(src) by extensions ['python_setup_py']
[0.160s] Level 1:colcon.colcon_core.package_identification:_identify(src) by extension 'python_setup_py'
[0.160s] Level 1:colcon.colcon_core.package_identification:_identify(src/dynamixel_sdk) by extensions ['ignore', 'ignore_ament_install']
[0.160s] Level 1:colcon.colcon_core.package_identification:_identify(src/dynamixel_sdk) by extension 'ignore'
[0.160s] Level 1:colcon.colcon_core.package_identification:_identify(src/dynamixel_sdk) by extension 'ignore_ament_install'
[0.160s] Level 1:colcon.colcon_core.package_identification:_identify(src/dynamixel_sdk) by extensions ['colcon_pkg']
[0.160s] Level 1:colcon.colcon_core.package_identification:_identify(src/dynamixel_sdk) by extension 'colcon_pkg'
[0.160s] Level 1:colcon.colcon_core.package_identification:_identify(src/dynamixel_sdk) by extensions ['colcon_meta']
[0.160s] Level 1:colcon.colcon_core.package_identification:_identify(src/dynamixel_sdk) by extension 'colcon_meta'
[0.160s] Level 1:colcon.colcon_core.package_identification:_identify(src/dynamixel_sdk) by extensions ['ros']
[0.160s] Level 1:colcon.colcon_core.package_identification:_identify(src/dynamixel_sdk) by extension 'ros'
[0.162s] DEBUG:colcon.colcon_core.package_identification:Package 'src/dynamixel_sdk' with type 'ros.ament_cmake' and name 'dynamixel_sdk'
[0.162s] Level 1:colcon.colcon_core.package_identification:_identify(src/ex_cilent_server_pkg) by extensions ['ignore', 'ignore_ament_install']
[0.162s] Level 1:colcon.colcon_core.package_identification:_identify(src/ex_cilent_server_pkg) by extension 'ignore'
[0.162s] Level 1:colcon.colcon_core.package_identification:_identify(src/ex_cilent_server_pkg) by extension 'ignore_ament_install'
[0.162s] Level 1:colcon.colcon_core.package_identification:_identify(src/ex_cilent_server_pkg) by extensions ['colcon_pkg']
[0.162s] Level 1:colcon.colcon_core.package_identification:_identify(src/ex_cilent_server_pkg) by extension 'colcon_pkg'
[0.162s] Level 1:colcon.colcon_core.package_identification:_identify(src/ex_cilent_server_pkg) by extensions ['colcon_meta']
[0.162s] Level 1:colcon.colcon_core.package_identification:_identify(src/ex_cilent_server_pkg) by extension 'colcon_meta'
[0.162s] Level 1:colcon.colcon_core.package_identification:_identify(src/ex_cilent_server_pkg) by extensions ['ros']
[0.162s] Level 1:colcon.colcon_core.package_identification:_identify(src/ex_cilent_server_pkg) by extension 'ros'
[0.163s] DEBUG:colcon.colcon_core.package_identification:Package 'src/ex_cilent_server_pkg' with type 'ros.ament_cmake' and name 'ex_client_server_pkg'
[0.163s] Level 1:colcon.colcon_core.package_identification:_identify(src/homework1_pkg) by extensions ['ignore', 'ignore_ament_install']
[0.163s] Level 1:colcon.colcon_core.package_identification:_identify(src/homework1_pkg) by extension 'ignore'
[0.163s] Level 1:colcon.colcon_core.package_identification:_identify(src/homework1_pkg) by extension 'ignore_ament_install'
[0.163s] Level 1:colcon.colcon_core.package_identification:_identify(src/homework1_pkg) by extensions ['colcon_pkg']
[0.163s] Level 1:colcon.colcon_core.package_identification:_identify(src/homework1_pkg) by extension 'colcon_pkg'
[0.163s] Level 1:colcon.colcon_core.package_identification:_identify(src/homework1_pkg) by extensions ['colcon_meta']
[0.163s] Level 1:colcon.colcon_core.package_identification:_identify(src/homework1_pkg) by extension 'colcon_meta'
[0.163s] Level 1:colcon.colcon_core.package_identification:_identify(src/homework1_pkg) by extensions ['ros']
[0.163s] Level 1:colcon.colcon_core.package_identification:_identify(src/homework1_pkg) by extension 'ros'
[0.163s] DEBUG:colcon.colcon_core.package_identification:Package 'src/homework1_pkg' with type 'ros.ament_cmake' and name 'homework1_pkg'
[0.163s] Level 1:colcon.colcon_core.package_identification:_identify(src/homework2_2_pkg) by extensions ['ignore', 'ignore_ament_install']
[0.163s] Level 1:colcon.colcon_core.package_identification:_identify(src/homework2_2_pkg) by extension 'ignore'
[0.163s] Level 1:colcon.colcon_core.package_identification:_identify(src/homework2_2_pkg) by extension 'ignore_ament_install'
[0.163s] Level 1:colcon.colcon_core.package_identification:_identify(src/homework2_2_pkg) by extensions ['colcon_pkg']
[0.163s] Level 1:colcon.colcon_core.package_identification:_identify(src/homework2_2_pkg) by extension 'colcon_pkg'
[0.164s] Level 1:colcon.colcon_core.package_identification:_identify(src/homework2_2_pkg) by extensions ['colcon_meta']
[0.164s] Level 1:colcon.colcon_core.package_identification:_identify(src/homework2_2_pkg) by extension 'colcon_meta'
[0.164s] Level 1:colcon.colcon_core.package_identification:_identify(src/homework2_2_pkg) by extensions ['ros']
[0.164s] Level 1:colcon.colcon_core.package_identification:_identify(src/homework2_2_pkg) by extension 'ros'
[0.164s] DEBUG:colcon.colcon_core.package_identification:Package 'src/homework2_2_pkg' with type 'ros.ament_cmake' and name 'homework2_2_pkg'
[0.164s] Level 1:colcon.colcon_core.package_identification:_identify(src/homework3_pkg) by extensions ['ignore', 'ignore_ament_install']
[0.164s] Level 1:colcon.colcon_core.package_identification:_identify(src/homework3_pkg) by extension 'ignore'
[0.164s] Level 1:colcon.colcon_core.package_identification:_identify(src/homework3_pkg) by extension 'ignore_ament_install'
[0.164s] Level 1:colcon.colcon_core.package_identification:_identify(src/homework3_pkg) by extensions ['colcon_pkg']
[0.164s] Level 1:colcon.colcon_core.package_identification:_identify(src/homework3_pkg) by extension 'colcon_pkg'
[0.164s] Level 1:colcon.colcon_core.package_identification:_identify(src/homework3_pkg) by extensions ['colcon_meta']
[0.164s] Level 1:colcon.colcon_core.package_identification:_identify(src/homework3_pkg) by extension 'colcon_meta'
[0.164s] Level 1:colcon.colcon_core.package_identification:_identify(src/homework3_pkg) by extensions ['ros']
[0.164s] Level 1:colcon.colcon_core.package_identification:_identify(src/homework3_pkg) by extension 'ros'
[0.165s] DEBUG:colcon.colcon_core.package_identification:Package 'src/homework3_pkg' with type 'ros.ament_cmake' and name 'homework3_pkg'
[0.165s] Level 1:colcon.colcon_core.package_identification:_identify(src/ros_tutorials) by extensions ['ignore', 'ignore_ament_install']
[0.165s] Level 1:colcon.colcon_core.package_identification:_identify(src/ros_tutorials) by extension 'ignore'
[0.165s] Level 1:colcon.colcon_core.package_identification:_identify(src/ros_tutorials) by extension 'ignore_ament_install'
[0.165s] Level 1:colcon.colcon_core.package_identification:_identify(src/ros_tutorials) by extensions ['colcon_pkg']
[0.165s] Level 1:colcon.colcon_core.package_identification:_identify(src/ros_tutorials) by extension 'colcon_pkg'
[0.165s] Level 1:colcon.colcon_core.package_identification:_identify(src/ros_tutorials) by extensions ['colcon_meta']
[0.165s] Level 1:colcon.colcon_core.package_identification:_identify(src/ros_tutorials) by extension 'colcon_meta'
[0.165s] Level 1:colcon.colcon_core.package_identification:_identify(src/ros_tutorials) by extensions ['ros']
[0.165s] Level 1:colcon.colcon_core.package_identification:_identify(src/ros_tutorials) by extension 'ros'
[0.165s] Level 1:colcon.colcon_core.package_identification:_identify(src/ros_tutorials) by extensions ['cmake', 'python']
[0.165s] Level 1:colcon.colcon_core.package_identification:_identify(src/ros_tutorials) by extension 'cmake'
[0.165s] Level 1:colcon.colcon_core.package_identification:_identify(src/ros_tutorials) by extension 'python'
[0.165s] Level 1:colcon.colcon_core.package_identification:_identify(src/ros_tutorials) by extensions ['python_setup_py']
[0.165s] Level 1:colcon.colcon_core.package_identification:_identify(src/ros_tutorials) by extension 'python_setup_py'
[0.165s] Level 1:colcon.colcon_core.package_identification:_identify(src/ros_tutorials/roscpp_tutorials) by extensions ['ignore', 'ignore_ament_install']
[0.165s] Level 1:colcon.colcon_core.package_identification:_identify(src/ros_tutorials/roscpp_tutorials) by extension 'ignore'
[0.165s] Level 1:colcon.colcon_core.package_identification:_identify(src/ros_tutorials/roscpp_tutorials) by extension 'ignore_ament_install'
[0.165s] Level 1:colcon.colcon_core.package_identification:_identify(src/ros_tutorials/roscpp_tutorials) by extensions ['colcon_pkg']
[0.165s] Level 1:colcon.colcon_core.package_identification:_identify(src/ros_tutorials/roscpp_tutorials) by extension 'colcon_pkg'
[0.165s] Level 1:colcon.colcon_core.package_identification:_identify(src/ros_tutorials/roscpp_tutorials) by extensions ['colcon_meta']
[0.165s] Level 1:colcon.colcon_core.package_identification:_identify(src/ros_tutorials/roscpp_tutorials) by extension 'colcon_meta'
[0.165s] Level 1:colcon.colcon_core.package_identification:_identify(src/ros_tutorials/roscpp_tutorials) by extensions ['ros']
[0.165s] Level 1:colcon.colcon_core.package_identification:_identify(src/ros_tutorials/roscpp_tutorials) by extension 'ros'
[0.165s] Level 1:colcon.colcon_core.package_identification:_identify(src/ros_tutorials/roscpp_tutorials) by extensions ['cmake', 'python']
[0.165s] Level 1:colcon.colcon_core.package_identification:_identify(src/ros_tutorials/roscpp_tutorials) by extension 'cmake'
[0.165s] Level 1:colcon.colcon_core.package_identification:_identify(src/ros_tutorials/roscpp_tutorials) by extension 'python'
[0.165s] Level 1:colcon.colcon_core.package_identification:_identify(src/ros_tutorials/roscpp_tutorials) by extensions ['python_setup_py']
[0.165s] Level 1:colcon.colcon_core.package_identification:_identify(src/ros_tutorials/roscpp_tutorials) by extension 'python_setup_py'
[0.165s] Level 1:colcon.colcon_core.package_identification:_identify(src/ros_tutorials/roscpp_tutorials/add_two_ints_server_class) by extensions ['ignore', 'ignore_ament_install']
[0.165s] Level 1:colcon.colcon_core.package_identification:_identify(src/ros_tutorials/roscpp_tutorials/add_two_ints_server_class) by extension 'ignore'
[0.165s] Level 1:colcon.colcon_core.package_identification:_identify(src/ros_tutorials/roscpp_tutorials/add_two_ints_server_class) by extension 'ignore_ament_install'
[0.165s] Level 1:colcon.colcon_core.package_identification:_identify(src/ros_tutorials/roscpp_tutorials/add_two_ints_server_class) by extensions ['colcon_pkg']
[0.165s] Level 1:colcon.colcon_core.package_identification:_identify(src/ros_tutorials/roscpp_tutorials/add_two_ints_server_class) by extension 'colcon_pkg'
[0.166s] Level 1:colcon.colcon_core.package_identification:_identify(src/ros_tutorials/roscpp_tutorials/add_two_ints_server_class) by extensions ['colcon_meta']
[0.166s] Level 1:colcon.colcon_core.package_identification:_identify(src/ros_tutorials/roscpp_tutorials/add_two_ints_server_class) by extension 'colcon_meta'
[0.166s] Level 1:colcon.colcon_core.package_identification:_identify(src/ros_tutorials/roscpp_tutorials/add_two_ints_server_class) by extensions ['ros']
[0.166s] Level 1:colcon.colcon_core.package_identification:_identify(src/ros_tutorials/roscpp_tutorials/add_two_ints_server_class) by extension 'ros'
[0.166s] Level 1:colcon.colcon_core.package_identification:_identify(src/ros_tutorials/roscpp_tutorials/add_two_ints_server_class) by extensions ['cmake', 'python']
[0.166s] Level 1:colcon.colcon_core.package_identification:_identify(src/ros_tutorials/roscpp_tutorials/add_two_ints_server_class) by extension 'cmake'
[0.166s] Level 1:colcon.colcon_core.package_identification:_identify(src/ros_tutorials/roscpp_tutorials/add_two_ints_server_class) by extension 'python'
[0.166s] Level 1:colcon.colcon_core.package_identification:_identify(src/ros_tutorials/roscpp_tutorials/add_two_ints_server_class) by extensions ['python_setup_py']
[0.166s] Level 1:colcon.colcon_core.package_identification:_identify(src/ros_tutorials/roscpp_tutorials/add_two_ints_server_class) by extension 'python_setup_py'
[0.166s] Level 1:colcon.colcon_core.package_identification:_identify(src/study2_pkg) by extensions ['ignore', 'ignore_ament_install']
[0.166s] Level 1:colcon.colcon_core.package_identification:_identify(src/study2_pkg) by extension 'ignore'
[0.166s] Level 1:colcon.colcon_core.package_identification:_identify(src/study2_pkg) by extension 'ignore_ament_install'
[0.166s] Level 1:colcon.colcon_core.package_identification:_identify(src/study2_pkg) by extensions ['colcon_pkg']
[0.166s] Level 1:colcon.colcon_core.package_identification:_identify(src/study2_pkg) by extension 'colcon_pkg'
[0.166s] Level 1:colcon.colcon_core.package_identification:_identify(src/study2_pkg) by extensions ['colcon_meta']
[0.166s] Level 1:colcon.colcon_core.package_identification:_identify(src/study2_pkg) by extension 'colcon_meta'
[0.166s] Level 1:colcon.colcon_core.package_identification:_identify(src/study2_pkg) by extensions ['ros']
[0.166s] Level 1:colcon.colcon_core.package_identification:_identify(src/study2_pkg) by extension 'ros'
[0.166s] Level 1:colcon.colcon_core.package_identification:_identify(src/study2_pkg) by extensions ['cmake', 'python']
[0.166s] Level 1:colcon.colcon_core.package_identification:_identify(src/study2_pkg) by extension 'cmake'
[0.166s] Level 1:colcon.colcon_core.package_identification:_identify(src/study2_pkg) by extension 'python'
[0.166s] Level 1:colcon.colcon_core.package_identification:_identify(src/study2_pkg) by extensions ['python_setup_py']
[0.166s] Level 1:colcon.colcon_core.package_identification:_identify(src/study2_pkg) by extension 'python_setup_py'
[0.166s] Level 1:colcon.colcon_core.package_identification:_identify(src/study2_pkg/src) by extensions ['ignore', 'ignore_ament_install']
[0.166s] Level 1:colcon.colcon_core.package_identification:_identify(src/study2_pkg/src) by extension 'ignore'
[0.166s] Level 1:colcon.colcon_core.package_identification:_identify(src/study2_pkg/src) by extension 'ignore_ament_install'
[0.166s] Level 1:colcon.colcon_core.package_identification:_identify(src/study2_pkg/src) by extensions ['colcon_pkg']
[0.166s] Level 1:colcon.colcon_core.package_identification:_identify(src/study2_pkg/src) by extension 'colcon_pkg'
[0.166s] Level 1:colcon.colcon_core.package_identification:_identify(src/study2_pkg/src) by extensions ['colcon_meta']
[0.166s] Level 1:colcon.colcon_core.package_identification:_identify(src/study2_pkg/src) by extension 'colcon_meta'
[0.166s] Level 1:colcon.colcon_core.package_identification:_identify(src/study2_pkg/src) by extensions ['ros']
[0.166s] Level 1:colcon.colcon_core.package_identification:_identify(src/study2_pkg/src) by extension 'ros'
[0.166s] Level 1:colcon.colcon_core.package_identification:_identify(src/study2_pkg/src) by extensions ['cmake', 'python']
[0.166s] Level 1:colcon.colcon_core.package_identification:_identify(src/study2_pkg/src) by extension 'cmake'
[0.166s] Level 1:colcon.colcon_core.package_identification:_identify(src/study2_pkg/src) by extension 'python'
[0.166s] Level 1:colcon.colcon_core.package_identification:_identify(src/study2_pkg/src) by extensions ['python_setup_py']
[0.166s] Level 1:colcon.colcon_core.package_identification:_identify(src/study2_pkg/src) by extension 'python_setup_py'
[0.166s] Level 1:colcon.colcon_core.package_identification:_identify(src/tutorial_interfaces) by extensions ['ignore', 'ignore_ament_install']
[0.166s] Level 1:colcon.colcon_core.package_identification:_identify(src/tutorial_interfaces) by extension 'ignore'
[0.166s] Level 1:colcon.colcon_core.package_identification:_identify(src/tutorial_interfaces) by extension 'ignore_ament_install'
[0.166s] Level 1:colcon.colcon_core.package_identification:_identify(src/tutorial_interfaces) by extensions ['colcon_pkg']
[0.166s] Level 1:colcon.colcon_core.package_identification:_identify(src/tutorial_interfaces) by extension 'colcon_pkg'
[0.167s] Level 1:colcon.colcon_core.package_identification:_identify(src/tutorial_interfaces) by extensions ['colcon_meta']
[0.167s] Level 1:colcon.colcon_core.package_identification:_identify(src/tutorial_interfaces) by extension 'colcon_meta'
[0.167s] Level 1:colcon.colcon_core.package_identification:_identify(src/tutorial_interfaces) by extensions ['ros']
[0.167s] Level 1:colcon.colcon_core.package_identification:_identify(src/tutorial_interfaces) by extension 'ros'
[0.167s] DEBUG:colcon.colcon_core.package_identification:Package 'src/tutorial_interfaces' with type 'ros.ament_cmake' and name 'tutorial_interfaces'
[0.167s] Level 1:colcon.colcon_core.package_discovery:discover_packages(recursive) using defaults
[0.167s] Level 1:colcon.colcon_core.package_discovery:discover_packages(ignore) discover
[0.167s] Level 1:colcon.colcon_core.package_discovery:discover_packages(ignore) using defaults
[0.167s] Level 1:colcon.colcon_core.package_discovery:discover_packages(path) discover
[0.167s] Level 1:colcon.colcon_core.package_discovery:discover_packages(path) using defaults
[0.179s] Level 1:colcon.colcon_core.package_discovery:discover_packages(prefix_path) check parameters
[0.179s] Level 1:colcon.colcon_core.package_discovery:discover_packages(prefix_path) discover
[0.180s] DEBUG:colcon.colcon_installed_package_information.package_discovery:Found 6 installed packages in /home/tkdals/robot_ws/install
[0.181s] DEBUG:colcon.colcon_installed_package_information.package_discovery:Found 270 installed packages in /opt/ros/humble
[0.182s] Level 1:colcon.colcon_core.package_discovery:discover_packages(prefix_path) using defaults
[0.208s] Level 5:colcon.colcon_core.verb:set package 'dynamixel_sdk' build argument 'cmake_args' from command line to 'None'
[0.208s] Level 5:colcon.colcon_core.verb:set package 'dynamixel_sdk' build argument 'cmake_target' from command line to 'None'
[0.208s] Level 5:colcon.colcon_core.verb:set package 'dynamixel_sdk' build argument 'cmake_target_skip_unavailable' from command line to 'False'
[0.208s] Level 5:colcon.colcon_core.verb:set package 'dynamixel_sdk' build argument 'cmake_clean_cache' from command line to 'False'
[0.208s] Level 5:colcon.colcon_core.verb:set package 'dynamixel_sdk' build argument 'cmake_clean_first' from command line to 'False'
[0.208s] Level 5:colcon.colcon_core.verb:set package 'dynamixel_sdk' build argument 'cmake_force_configure' from command line to 'False'
[0.208s] Level 5:colcon.colcon_core.verb:set package 'dynamixel_sdk' build argument 'ament_cmake_args' from command line to 'None'
[0.208s] Level 5:colcon.colcon_core.verb:set package 'dynamixel_sdk' build argument 'catkin_cmake_args' from command line to 'None'
[0.208s] Level 5:colcon.colcon_core.verb:set package 'dynamixel_sdk' build argument 'catkin_skip_building_tests' from command line to 'False'
[0.208s] DEBUG:colcon.colcon_core.verb:Building package 'dynamixel_sdk' with the following arguments: {'ament_cmake_args': None, 'build_base': '/home/tkdals/robot_ws/build/dynamixel_sdk', 'catkin_cmake_args': None, 'catkin_skip_building_tests': False, 'cmake_args': None, 'cmake_clean_cache': False, 'cmake_clean_first': False, 'cmake_force_configure': False, 'cmake_target': None, 'cmake_target_skip_unavailable': False, 'install_base': '/home/tkdals/robot_ws/install/dynamixel_sdk', 'merge_install': False, 'path': '/home/tkdals/robot_ws/src/dynamixel_sdk', 'symlink_install': False, 'test_result_base': None}
[0.208s] Level 5:colcon.colcon_core.verb:set package 'ex_client_server_pkg' build argument 'cmake_args' from command line to 'None'
[0.209s] Level 5:colcon.colcon_core.verb:set package 'ex_client_server_pkg' build argument 'cmake_target' from command line to 'None'
[0.209s] Level 5:colcon.colcon_core.verb:set package 'ex_client_server_pkg' build argument 'cmake_target_skip_unavailable' from command line to 'False'
[0.209s] Level 5:colcon.colcon_core.verb:set package 'ex_client_server_pkg' build argument 'cmake_clean_cache' from command line to 'False'
[0.209s] Level 5:colcon.colcon_core.verb:set package 'ex_client_server_pkg' build argument 'cmake_clean_first' from command line to 'False'
[0.209s] Level 5:colcon.colcon_core.verb:set package 'ex_client_server_pkg' build argument 'cmake_force_configure' from command line to 'False'
[0.209s] Level 5:colcon.colcon_core.verb:set package 'ex_client_server_pkg' build argument 'ament_cmake_args' from command line to 'None'
[0.209s] Level 5:colcon.colcon_core.verb:set package 'ex_client_server_pkg' build argument 'catkin_cmake_args' from command line to 'None'
[0.209s] Level 5:colcon.colcon_core.verb:set package 'ex_client_server_pkg' build argument 'catkin_skip_building_tests' from command line to 'False'
[0.209s] DEBUG:colcon.colcon_core.verb:Building package 'ex_client_server_pkg' with the following arguments: {'ament_cmake_args': None, 'build_base': '/home/tkdals/robot_ws/build/ex_client_server_pkg', 'catkin_cmake_args': None, 'catkin_skip_building_tests': False, 'cmake_args': None, 'cmake_clean_cache': False, 'cmake_clean_first': False, 'cmake_force_configure': False, 'cmake_target': None, 'cmake_target_skip_unavailable': False, 'install_base': '/home/tkdals/robot_ws/install/ex_client_server_pkg', 'merge_install': False, 'path': '/home/tkdals/robot_ws/src/ex_cilent_server_pkg', 'symlink_install': False, 'test_result_base': None}
[0.209s] Level 5:colcon.colcon_core.verb:set package 'homework1_pkg' build argument 'cmake_args' from command line to 'None'
[0.209s] Level 5:colcon.colcon_core.verb:set package 'homework1_pkg' build argument 'cmake_target' from command line to 'None'
[0.209s] Level 5:colcon.colcon_core.verb:set package 'homework1_pkg' build argument 'cmake_target_skip_unavailable' from command line to 'False'
[0.209s] Level 5:colcon.colcon_core.verb:set package 'homework1_pkg' build argument 'cmake_clean_cache' from command line to 'False'
[0.209s] Level 5:colcon.colcon_core.verb:set package 'homework1_pkg' build argument 'cmake_clean_first' from command line to 'False'
[0.209s] Level 5:colcon.colcon_core.verb:set package 'homework1_pkg' build argument 'cmake_force_configure' from command line to 'False'
[0.209s] Level 5:colcon.colcon_core.verb:set package 'homework1_pkg' build argument 'ament_cmake_args' from command line to 'None'
[0.209s] Level 5:colcon.colcon_core.verb:set package 'homework1_pkg' build argument 'catkin_cmake_args' from command line to 'None'
[0.209s] Level 5:colcon.colcon_core.verb:set package 'homework1_pkg' build argument 'catkin_skip_building_tests' from command line to 'False'
[0.209s] DEBUG:colcon.colcon_core.verb:Building package 'homework1_pkg' with the following arguments: {'ament_cmake_args': None, 'build_base': '/home/tkdals/robot_ws/build/homework1_pkg', 'catkin_cmake_args': None, 'catkin_skip_building_tests': False, 'cmake_args': None, 'cmake_clean_cache': False, 'cmake_clean_first': False, 'cmake_force_configure': False, 'cmake_target': None, 'cmake_target_skip_unavailable': False, 'install_base': '/home/tkdals/robot_ws/install/homework1_pkg', 'merge_install': False, 'path': '/home/tkdals/robot_ws/src/homework1_pkg', 'symlink_install': False, 'test_result_base': None}
[0.209s] Level 5:colcon.colcon_core.verb:set package 'tutorial_interfaces' build argument 'cmake_args' from command line to 'None'
[0.209s] Level 5:colcon.colcon_core.verb:set package 'tutorial_interfaces' build argument 'cmake_target' from command line to 'None'
[0.209s] Level 5:colcon.colcon_core.verb:set package 'tutorial_interfaces' build argument 'cmake_target_skip_unavailable' from command line to 'False'
[0.209s] Level 5:colcon.colcon_core.verb:set package 'tutorial_interfaces' build argument 'cmake_clean_cache' from command line to 'False'
[0.209s] Level 5:colcon.colcon_core.verb:set package 'tutorial_interfaces' build argument 'cmake_clean_first' from command line to 'False'
[0.209s] Level 5:colcon.colcon_core.verb:set package 'tutorial_interfaces' build argument 'cmake_force_configure' from command line to 'False'
[0.209s] Level 5:colcon.colcon_core.verb:set package 'tutorial_interfaces' build argument 'ament_cmake_args' from command line to 'None'
[0.209s] Level 5:colcon.colcon_core.verb:set package 'tutorial_interfaces' build argument 'catkin_cmake_args' from command line to 'None'
[0.209s] Level 5:colcon.colcon_core.verb:set package 'tutorial_interfaces' build argument 'catkin_skip_building_tests' from command line to 'False'
[0.209s] DEBUG:colcon.colcon_core.verb:Building package 'tutorial_interfaces' with the following arguments: {'ament_cmake_args': None, 'build_base': '/home/tkdals/robot_ws/build/tutorial_interfaces', 'catkin_cmake_args': None, 'catkin_skip_building_tests': False, 'cmake_args': None, 'cmake_clean_cache': False, 'cmake_clean_first': False, 'cmake_force_configure': False, 'cmake_target': None, 'cmake_target_skip_unavailable': False, 'install_base': '/home/tkdals/robot_ws/install/tutorial_interfaces', 'merge_install': False, 'path': '/home/tkdals/robot_ws/src/tutorial_interfaces', 'symlink_install': False, 'test_result_base': None}
[0.209s] Level 5:colcon.colcon_core.verb:set package 'homework2_2_pkg' build argument 'cmake_args' from command line to 'None'
[0.209s] Level 5:colcon.colcon_core.verb:set package 'homework2_2_pkg' build argument 'cmake_target' from command line to 'None'
[0.209s] Level 5:colcon.colcon_core.verb:set package 'homework2_2_pkg' build argument 'cmake_target_skip_unavailable' from command line to 'False'
[0.209s] Level 5:colcon.colcon_core.verb:set package 'homework2_2_pkg' build argument 'cmake_clean_cache' from command line to 'False'
[0.209s] Level 5:colcon.colcon_core.verb:set package 'homework2_2_pkg' build argument 'cmake_clean_first' from command line to 'False'
[0.209s] Level 5:colcon.colcon_core.verb:set package 'homework2_2_pkg' build argument 'cmake_force_configure' from command line to 'False'
[0.209s] Level 5:colcon.colcon_core.verb:set package 'homework2_2_pkg' build argument 'ament_cmake_args' from command line to 'None'
[0.209s] Level 5:colcon.colcon_core.verb:set package 'homework2_2_pkg' build argument 'catkin_cmake_args' from command line to 'None'
[0.209s] Level 5:colcon.colcon_core.verb:set package 'homework2_2_pkg' build argument 'catkin_skip_building_tests' from command line to 'False'
[0.210s] DEBUG:colcon.colcon_core.verb:Building package 'homework2_2_pkg' with the following arguments: {'ament_cmake_args': None, 'build_base': '/home/tkdals/robot_ws/build/homework2_2_pkg', 'catkin_cmake_args': None, 'catkin_skip_building_tests': False, 'cmake_args': None, 'cmake_clean_cache': False, 'cmake_clean_first': False, 'cmake_force_configure': False, 'cmake_target': None, 'cmake_target_skip_unavailable': False, 'install_base': '/home/tkdals/robot_ws/install/homework2_2_pkg', 'merge_install': False, 'path': '/home/tkdals/robot_ws/src/homework2_2_pkg', 'symlink_install': False, 'test_result_base': None}
[0.210s] Level 5:colcon.colcon_core.verb:set package 'homework3_pkg' build argument 'cmake_args' from command line to 'None'
[0.210s] Level 5:colcon.colcon_core.verb:set package 'homework3_pkg' build argument 'cmake_target' from command line to 'None'
[0.210s] Level 5:colcon.colcon_core.verb:set package 'homework3_pkg' build argument 'cmake_target_skip_unavailable' from command line to 'False'
[0.210s] Level 5:colcon.colcon_core.verb:set package 'homework3_pkg' build argument 'cmake_clean_cache' from command line to 'False'
[0.210s] Level 5:colcon.colcon_core.verb:set package 'homework3_pkg' build argument 'cmake_clean_first' from command line to 'False'
[0.210s] Level 5:colcon.colcon_core.verb:set package 'homework3_pkg' build argument 'cmake_force_configure' from command line to 'False'
[0.210s] Level 5:colcon.colcon_core.verb:set package 'homework3_pkg' build argument 'ament_cmake_args' from command line to 'None'
[0.210s] Level 5:colcon.colcon_core.verb:set package 'homework3_pkg' build argument 'catkin_cmake_args' from command line to 'None'
[0.210s] Level 5:colcon.colcon_core.verb:set package 'homework3_pkg' build argument 'catkin_skip_building_tests' from command line to 'False'
[0.210s] DEBUG:colcon.colcon_core.verb:Building package 'homework3_pkg' with the following arguments: {'ament_cmake_args': None, 'build_base': '/home/tkdals/robot_ws/build/homework3_pkg', 'catkin_cmake_args': None, 'catkin_skip_building_tests': False, 'cmake_args': None, 'cmake_clean_cache': False, 'cmake_clean_first': False, 'cmake_force_configure': False, 'cmake_target': None, 'cmake_target_skip_unavailable': False, 'install_base': '/home/tkdals/robot_ws/install/homework3_pkg', 'merge_install': False, 'path': '/home/tkdals/robot_ws/src/homework3_pkg', 'symlink_install': False, 'test_result_base': None}
[0.210s] INFO:colcon.colcon_core.executor:Executing jobs using 'parallel' executor
[0.211s] DEBUG:colcon.colcon_parallel_executor.executor.parallel:run_until_complete
[0.211s] INFO:colcon.colcon_ros.task.ament_cmake.build:Building ROS package in '/home/tkdals/robot_ws/src/dynamixel_sdk' with build type 'ament_cmake'
[0.211s] INFO:colcon.colcon_cmake.task.cmake.build:Building CMake package in '/home/tkdals/robot_ws/src/dynamixel_sdk'
[0.212s] INFO:colcon.colcon_core.plugin_system:Skipping extension 'colcon_core.shell.bat': Not used on non-Windows systems
[0.213s] INFO:colcon.colcon_core.shell:Skip shell extension 'powershell' for command environment: Not usable outside of PowerShell
[0.213s] DEBUG:colcon.colcon_core.shell:Skip shell extension 'dsv' for command environment
[0.215s] INFO:colcon.colcon_ros.task.ament_cmake.build:Building ROS package in '/home/tkdals/robot_ws/src/tutorial_interfaces' with build type 'ament_cmake'
[0.215s] INFO:colcon.colcon_cmake.task.cmake.build:Building CMake package in '/home/tkdals/robot_ws/src/tutorial_interfaces'
[0.215s] INFO:colcon.colcon_core.shell:Skip shell extension 'powershell' for command environment: Not usable outside of PowerShell
[0.215s] DEBUG:colcon.colcon_core.shell:Skip shell extension 'dsv' for command environment
[0.217s] INFO:colcon.colcon_ros.task.ament_cmake.build:Building ROS package in '/home/tkdals/robot_ws/src/ex_cilent_server_pkg' with build type 'ament_cmake'
[0.217s] INFO:colcon.colcon_cmake.task.cmake.build:Building CMake package in '/home/tkdals/robot_ws/src/ex_cilent_server_pkg'
[0.217s] INFO:colcon.colcon_core.shell:Skip shell extension 'powershell' for command environment: Not usable outside of PowerShell
[0.217s] DEBUG:colcon.colcon_core.shell:Skip shell extension 'dsv' for command environment
[0.219s] INFO:colcon.colcon_ros.task.ament_cmake.build:Building ROS package in '/home/tkdals/robot_ws/src/homework1_pkg' with build type 'ament_cmake'
[0.219s] INFO:colcon.colcon_cmake.task.cmake.build:Building CMake package in '/home/tkdals/robot_ws/src/homework1_pkg'
[0.219s] INFO:colcon.colcon_core.shell:Skip shell extension 'powershell' for command environment: Not usable outside of PowerShell
[0.219s] DEBUG:colcon.colcon_core.shell:Skip shell extension 'dsv' for command environment
[0.225s] DEBUG:colcon.colcon_core.event_handler.log_command:Invoking command in '/home/tkdals/robot_ws/build/dynamixel_sdk': CMAKE_PREFIX_PATH=/home/tkdals/robot_ws/install/homework2_2_pkg:/home/tkdals/robot_ws/install/tutorial_interfaces:/home/tkdals/robot_ws/install/homework3_pkg:/home/tkdals/robot_ws/install/homework1_pkg:/home/tkdals/robot_ws/install/ex_client_server_pkg:/opt/ros/humble:/home/tkdals/robot_ws/install/dynamixel_sdk /usr/bin/cmake --build /home/tkdals/robot_ws/build/dynamixel_sdk -- -j20 -l20
[0.227s] DEBUG:colcon.colcon_core.event_handler.log_command:Invoking command in '/home/tkdals/robot_ws/build/tutorial_interfaces': CMAKE_PREFIX_PATH=/home/tkdals/robot_ws/install/homework2_2_pkg:/home/tkdals/robot_ws/install/tutorial_interfaces:/home/tkdals/robot_ws/install/homework3_pkg:/home/tkdals/robot_ws/install/homework1_pkg:/home/tkdals/robot_ws/install/ex_client_server_pkg:/opt/ros/humble:/home/tkdals/robot_ws/install/dynamixel_sdk /usr/bin/cmake --build /home/tkdals/robot_ws/build/tutorial_interfaces -- -j20 -l20
[0.228s] DEBUG:colcon.colcon_core.event_handler.log_command:Invoking command in '/home/tkdals/robot_ws/build/ex_client_server_pkg': CMAKE_PREFIX_PATH=/home/tkdals/robot_ws/install/homework2_2_pkg:/home/tkdals/robot_ws/install/tutorial_interfaces:/home/tkdals/robot_ws/install/homework3_pkg:/home/tkdals/robot_ws/install/homework1_pkg:/home/tkdals/robot_ws/install/ex_client_server_pkg:/opt/ros/humble:/home/tkdals/robot_ws/install/dynamixel_sdk /usr/bin/cmake --build /home/tkdals/robot_ws/build/ex_client_server_pkg -- -j20 -l20
[0.231s] DEBUG:colcon.colcon_core.event_handler.log_command:Invoking command in '/home/tkdals/robot_ws/build/homework1_pkg': CMAKE_PREFIX_PATH=/home/tkdals/robot_ws/install/homework2_2_pkg:/home/tkdals/robot_ws/install/tutorial_interfaces:/home/tkdals/robot_ws/install/homework3_pkg:/home/tkdals/robot_ws/install/homework1_pkg:/home/tkdals/robot_ws/install/ex_client_server_pkg:/opt/ros/humble:/home/tkdals/robot_ws/install/dynamixel_sdk /usr/bin/cmake --build /home/tkdals/robot_ws/build/homework1_pkg -- -j20 -l20
[0.287s] DEBUG:colcon.colcon_core.event_handler.log_command:Invoked command in '/home/tkdals/robot_ws/build/dynamixel_sdk' returned '0': CMAKE_PREFIX_PATH=/home/tkdals/robot_ws/install/homework2_2_pkg:/home/tkdals/robot_ws/install/tutorial_interfaces:/home/tkdals/robot_ws/install/homework3_pkg:/home/tkdals/robot_ws/install/homework1_pkg:/home/tkdals/robot_ws/install/ex_client_server_pkg:/opt/ros/humble:/home/tkdals/robot_ws/install/dynamixel_sdk /usr/bin/cmake --build /home/tkdals/robot_ws/build/dynamixel_sdk -- -j20 -l20
[0.295s] DEBUG:colcon.colcon_core.event_handler.log_command:Invoked command in '/home/tkdals/robot_ws/build/ex_client_server_pkg' returned '0': CMAKE_PREFIX_PATH=/home/tkdals/robot_ws/install/homework2_2_pkg:/home/tkdals/robot_ws/install/tutorial_interfaces:/home/tkdals/robot_ws/install/homework3_pkg:/home/tkdals/robot_ws/install/homework1_pkg:/home/tkdals/robot_ws/install/ex_client_server_pkg:/opt/ros/humble:/home/tkdals/robot_ws/install/dynamixel_sdk /usr/bin/cmake --build /home/tkdals/robot_ws/build/ex_client_server_pkg -- -j20 -l20
[0.304s] DEBUG:colcon.colcon_core.event_handler.log_command:Invoked command in '/home/tkdals/robot_ws/build/homework1_pkg' returned '0': CMAKE_PREFIX_PATH=/home/tkdals/robot_ws/install/homework2_2_pkg:/home/tkdals/robot_ws/install/tutorial_interfaces:/home/tkdals/robot_ws/install/homework3_pkg:/home/tkdals/robot_ws/install/homework1_pkg:/home/tkdals/robot_ws/install/ex_client_server_pkg:/opt/ros/humble:/home/tkdals/robot_ws/install/dynamixel_sdk /usr/bin/cmake --build /home/tkdals/robot_ws/build/homework1_pkg -- -j20 -l20
[0.329s] DEBUG:colcon.colcon_core.event_handler.log_command:Invoking command in '/home/tkdals/robot_ws/build/ex_client_server_pkg': CMAKE_PREFIX_PATH=/home/tkdals/robot_ws/install/homework2_2_pkg:/home/tkdals/robot_ws/install/tutorial_interfaces:/home/tkdals/robot_ws/install/homework3_pkg:/home/tkdals/robot_ws/install/homework1_pkg:/home/tkdals/robot_ws/install/ex_client_server_pkg:/opt/ros/humble:/home/tkdals/robot_ws/install/dynamixel_sdk /usr/bin/cmake --install /home/tkdals/robot_ws/build/ex_client_server_pkg
[0.331s] DEBUG:colcon.colcon_core.event_handler.log_command:Invoking command in '/home/tkdals/robot_ws/build/dynamixel_sdk': CMAKE_PREFIX_PATH=/home/tkdals/robot_ws/install/homework2_2_pkg:/home/tkdals/robot_ws/install/tutorial_interfaces:/home/tkdals/robot_ws/install/homework3_pkg:/home/tkdals/robot_ws/install/homework1_pkg:/home/tkdals/robot_ws/install/ex_client_server_pkg:/opt/ros/humble:/home/tkdals/robot_ws/install/dynamixel_sdk /usr/bin/cmake --install /home/tkdals/robot_ws/build/dynamixel_sdk
[0.334s] DEBUG:colcon.colcon_core.event_handler.log_command:Invoking command in '/home/tkdals/robot_ws/build/homework1_pkg': CMAKE_PREFIX_PATH=/home/tkdals/robot_ws/install/homework2_2_pkg:/home/tkdals/robot_ws/install/tutorial_interfaces:/home/tkdals/robot_ws/install/homework3_pkg:/home/tkdals/robot_ws/install/homework1_pkg:/home/tkdals/robot_ws/install/ex_client_server_pkg:/opt/ros/humble:/home/tkdals/robot_ws/install/dynamixel_sdk /usr/bin/cmake --install /home/tkdals/robot_ws/build/homework1_pkg
[0.340s] Level 1:colcon.colcon_core.environment:create_environment_scripts_only(ex_client_server_pkg)
[0.340s] DEBUG:colcon.colcon_core.event_handler.log_command:Invoked command in '/home/tkdals/robot_ws/build/ex_client_server_pkg' returned '0': CMAKE_PREFIX_PATH=/home/tkdals/robot_ws/install/homework2_2_pkg:/home/tkdals/robot_ws/install/tutorial_interfaces:/home/tkdals/robot_ws/install/homework3_pkg:/home/tkdals/robot_ws/install/homework1_pkg:/home/tkdals/robot_ws/install/ex_client_server_pkg:/opt/ros/humble:/home/tkdals/robot_ws/install/dynamixel_sdk /usr/bin/cmake --install /home/tkdals/robot_ws/build/ex_client_server_pkg
[0.342s] Level 1:colcon.colcon_core.environment:checking '/home/tkdals/robot_ws/install/ex_client_server_pkg' for CMake module files
[0.342s] Level 1:colcon.colcon_core.environment:checking '/home/tkdals/robot_ws/install/ex_client_server_pkg' for CMake config files
[0.342s] Level 1:colcon.colcon_core.shell:create_environment_hook('ex_client_server_pkg', 'cmake_prefix_path')
[0.342s] INFO:colcon.colcon_core.shell:Creating environment hook '/home/tkdals/robot_ws/install/ex_client_server_pkg/share/ex_client_server_pkg/hook/cmake_prefix_path.ps1'
[0.342s] INFO:colcon.colcon_core.shell:Creating environment descriptor '/home/tkdals/robot_ws/install/ex_client_server_pkg/share/ex_client_server_pkg/hook/cmake_prefix_path.dsv'
[0.343s] INFO:colcon.colcon_core.shell:Creating environment hook '/home/tkdals/robot_ws/install/ex_client_server_pkg/share/ex_client_server_pkg/hook/cmake_prefix_path.sh'
[0.343s] Level 1:colcon.colcon_core.environment:checking '/home/tkdals/robot_ws/install/ex_client_server_pkg/lib'
[0.343s] Level 1:colcon.colcon_core.environment:checking '/home/tkdals/robot_ws/install/ex_client_server_pkg/bin'
[0.343s] Level 1:colcon.colcon_core.environment:checking '/home/tkdals/robot_ws/install/ex_client_server_pkg/lib/pkgconfig/ex_client_server_pkg.pc'
[0.343s] Level 1:colcon.colcon_core.environment:checking '/home/tkdals/robot_ws/install/ex_client_server_pkg/lib/python3.10/site-packages'
[0.344s] Level 1:colcon.colcon_core.environment:checking '/home/tkdals/robot_ws/install/ex_client_server_pkg/bin'
[0.344s] INFO:colcon.colcon_core.shell:Creating package script '/home/tkdals/robot_ws/install/ex_client_server_pkg/share/ex_client_server_pkg/package.ps1'
[0.344s] INFO:colcon.colcon_core.shell:Creating package descriptor '/home/tkdals/robot_ws/install/ex_client_server_pkg/share/ex_client_server_pkg/package.dsv'
[0.344s] INFO:colcon.colcon_core.shell:Creating package script '/home/tkdals/robot_ws/install/ex_client_server_pkg/share/ex_client_server_pkg/package.sh'
[0.345s] INFO:colcon.colcon_core.shell:Creating package script '/home/tkdals/robot_ws/install/ex_client_server_pkg/share/ex_client_server_pkg/package.bash'
[0.345s] INFO:colcon.colcon_core.shell:Creating package script '/home/tkdals/robot_ws/install/ex_client_server_pkg/share/ex_client_server_pkg/package.zsh'
[0.346s] Level 1:colcon.colcon_core.environment:create_file_with_runtime_dependencies(/home/tkdals/robot_ws/install/ex_client_server_pkg/share/colcon-core/packages/ex_client_server_pkg)
[0.347s] Level 1:colcon.colcon_core.environment:create_environment_scripts_only(dynamixel_sdk)
[0.347s] DEBUG:colcon.colcon_core.event_handler.log_command:Invoked command in '/home/tkdals/robot_ws/build/dynamixel_sdk' returned '0': CMAKE_PREFIX_PATH=/home/tkdals/robot_ws/install/homework2_2_pkg:/home/tkdals/robot_ws/install/tutorial_interfaces:/home/tkdals/robot_ws/install/homework3_pkg:/home/tkdals/robot_ws/install/homework1_pkg:/home/tkdals/robot_ws/install/ex_client_server_pkg:/opt/ros/humble:/home/tkdals/robot_ws/install/dynamixel_sdk /usr/bin/cmake --install /home/tkdals/robot_ws/build/dynamixel_sdk
[0.348s] Level 1:colcon.colcon_core.environment:checking '/home/tkdals/robot_ws/install/dynamixel_sdk' for CMake module files
[0.348s] Level 1:colcon.colcon_core.environment:checking '/home/tkdals/robot_ws/install/dynamixel_sdk' for CMake config files
[0.349s] Level 1:colcon.colcon_core.shell:create_environment_hook('dynamixel_sdk', 'cmake_prefix_path')
[0.349s] INFO:colcon.colcon_core.shell:Creating environment hook '/home/tkdals/robot_ws/install/dynamixel_sdk/share/dynamixel_sdk/hook/cmake_prefix_path.ps1'
[0.349s] INFO:colcon.colcon_core.shell:Creating environment descriptor '/home/tkdals/robot_ws/install/dynamixel_sdk/share/dynamixel_sdk/hook/cmake_prefix_path.dsv'
[0.350s] INFO:colcon.colcon_core.shell:Creating environment hook '/home/tkdals/robot_ws/install/dynamixel_sdk/share/dynamixel_sdk/hook/cmake_prefix_path.sh'
[0.350s] Level 1:colcon.colcon_core.environment:checking '/home/tkdals/robot_ws/install/dynamixel_sdk/lib'
[0.350s] Level 1:colcon.colcon_core.shell:create_environment_hook('dynamixel_sdk', 'ld_library_path_lib')
[0.351s] INFO:colcon.colcon_core.shell:Creating environment hook '/home/tkdals/robot_ws/install/dynamixel_sdk/share/dynamixel_sdk/hook/ld_library_path_lib.ps1'
[0.351s] INFO:colcon.colcon_core.shell:Creating environment descriptor '/home/tkdals/robot_ws/install/dynamixel_sdk/share/dynamixel_sdk/hook/ld_library_path_lib.dsv'
[0.351s] INFO:colcon.colcon_core.shell:Creating environment hook '/home/tkdals/robot_ws/install/dynamixel_sdk/share/dynamixel_sdk/hook/ld_library_path_lib.sh'
[0.352s] Level 1:colcon.colcon_core.environment:checking '/home/tkdals/robot_ws/install/dynamixel_sdk/bin'
[0.352s] Level 1:colcon.colcon_core.environment:checking '/home/tkdals/robot_ws/install/dynamixel_sdk/lib/pkgconfig/dynamixel_sdk.pc'
[0.352s] Level 1:colcon.colcon_core.environment:checking '/home/tkdals/robot_ws/install/dynamixel_sdk/lib/python3.10/site-packages'
[0.352s] Level 1:colcon.colcon_core.environment:checking '/home/tkdals/robot_ws/install/dynamixel_sdk/bin'
[0.352s] INFO:colcon.colcon_core.shell:Creating package script '/home/tkdals/robot_ws/install/dynamixel_sdk/share/dynamixel_sdk/package.ps1'
[0.353s] INFO:colcon.colcon_core.shell:Creating package descriptor '/home/tkdals/robot_ws/install/dynamixel_sdk/share/dynamixel_sdk/package.dsv'
[0.353s] INFO:colcon.colcon_core.shell:Creating package script '/home/tkdals/robot_ws/install/dynamixel_sdk/share/dynamixel_sdk/package.sh'
[0.353s] INFO:colcon.colcon_core.shell:Creating package script '/home/tkdals/robot_ws/install/dynamixel_sdk/share/dynamixel_sdk/package.bash'
[0.353s] INFO:colcon.colcon_core.shell:Creating package script '/home/tkdals/robot_ws/install/dynamixel_sdk/share/dynamixel_sdk/package.zsh'
[0.353s] Level 1:colcon.colcon_core.environment:create_file_with_runtime_dependencies(/home/tkdals/robot_ws/install/dynamixel_sdk/share/colcon-core/packages/dynamixel_sdk)
[0.354s] Level 1:colcon.colcon_core.environment:create_environment_scripts_only(homework1_pkg)
[0.354s] Level 1:colcon.colcon_core.environment:checking '/home/tkdals/robot_ws/install/homework1_pkg' for CMake module files
[0.355s] DEBUG:colcon.colcon_core.event_handler.log_command:Invoked command in '/home/tkdals/robot_ws/build/homework1_pkg' returned '0': CMAKE_PREFIX_PATH=/home/tkdals/robot_ws/install/homework2_2_pkg:/home/tkdals/robot_ws/install/tutorial_interfaces:/home/tkdals/robot_ws/install/homework3_pkg:/home/tkdals/robot_ws/install/homework1_pkg:/home/tkdals/robot_ws/install/ex_client_server_pkg:/opt/ros/humble:/home/tkdals/robot_ws/install/dynamixel_sdk /usr/bin/cmake --install /home/tkdals/robot_ws/build/homework1_pkg
[0.355s] Level 1:colcon.colcon_core.environment:checking '/home/tkdals/robot_ws/install/homework1_pkg' for CMake config files
[0.355s] Level 1:colcon.colcon_core.shell:create_environment_hook('homework1_pkg', 'cmake_prefix_path')
[0.355s] INFO:colcon.colcon_core.shell:Creating environment hook '/home/tkdals/robot_ws/install/homework1_pkg/share/homework1_pkg/hook/cmake_prefix_path.ps1'
[0.355s] INFO:colcon.colcon_core.shell:Creating environment descriptor '/home/tkdals/robot_ws/install/homework1_pkg/share/homework1_pkg/hook/cmake_prefix_path.dsv'
[0.355s] INFO:colcon.colcon_core.shell:Creating environment hook '/home/tkdals/robot_ws/install/homework1_pkg/share/homework1_pkg/hook/cmake_prefix_path.sh'
[0.356s] Level 1:colcon.colcon_core.environment:checking '/home/tkdals/robot_ws/install/homework1_pkg/lib'
[0.356s] Level 1:colcon.colcon_core.environment:checking '/home/tkdals/robot_ws/install/homework1_pkg/bin'
[0.356s] Level 1:colcon.colcon_core.environment:checking '/home/tkdals/robot_ws/install/homework1_pkg/lib/pkgconfig/homework1_pkg.pc'
[0.356s] Level 1:colcon.colcon_core.environment:checking '/home/tkdals/robot_ws/install/homework1_pkg/lib/python3.10/site-packages'
[0.356s] Level 1:colcon.colcon_core.environment:checking '/home/tkdals/robot_ws/install/homework1_pkg/bin'
[0.356s] INFO:colcon.colcon_core.shell:Creating package script '/home/tkdals/robot_ws/install/homework1_pkg/share/homework1_pkg/package.ps1'
[0.356s] INFO:colcon.colcon_core.shell:Creating package descriptor '/home/tkdals/robot_ws/install/homework1_pkg/share/homework1_pkg/package.dsv'
[0.357s] INFO:colcon.colcon_core.shell:Creating package script '/home/tkdals/robot_ws/install/homework1_pkg/share/homework1_pkg/package.sh'
[0.357s] INFO:colcon.colcon_core.shell:Creating package script '/home/tkdals/robot_ws/install/homework1_pkg/share/homework1_pkg/package.bash'
[0.357s] INFO:colcon.colcon_core.shell:Creating package script '/home/tkdals/robot_ws/install/homework1_pkg/share/homework1_pkg/package.zsh'
[0.357s] Level 1:colcon.colcon_core.environment:create_file_with_runtime_dependencies(/home/tkdals/robot_ws/install/homework1_pkg/share/colcon-core/packages/homework1_pkg)
[0.369s] Level 1:colcon.colcon_core.environment:create_environment_scripts_only(ex_client_server_pkg)
[0.369s] Level 1:colcon.colcon_core.environment:checking '/home/tkdals/robot_ws/install/ex_client_server_pkg' for CMake module files
[0.370s] Level 1:colcon.colcon_core.environment:checking '/home/tkdals/robot_ws/install/ex_client_server_pkg' for CMake config files
[0.370s] Level 1:colcon.colcon_core.shell:create_environment_hook('ex_client_server_pkg', 'cmake_prefix_path')
[0.370s] INFO:colcon.colcon_core.shell:Creating environment hook '/home/tkdals/robot_ws/install/ex_client_server_pkg/share/ex_client_server_pkg/hook/cmake_prefix_path.ps1'
[0.371s] INFO:colcon.colcon_core.shell:Creating environment descriptor '/home/tkdals/robot_ws/install/ex_client_server_pkg/share/ex_client_server_pkg/hook/cmake_prefix_path.dsv'
[0.371s] INFO:colcon.colcon_core.shell:Creating environment hook '/home/tkdals/robot_ws/install/ex_client_server_pkg/share/ex_client_server_pkg/hook/cmake_prefix_path.sh'
[0.372s] Level 1:colcon.colcon_core.environment:checking '/home/tkdals/robot_ws/install/ex_client_server_pkg/lib'
[0.372s] Level 1:colcon.colcon_core.environment:checking '/home/tkdals/robot_ws/install/ex_client_server_pkg/bin'
[0.372s] Level 1:colcon.colcon_core.environment:checking '/home/tkdals/robot_ws/install/ex_client_server_pkg/lib/pkgconfig/ex_client_server_pkg.pc'
[0.372s] Level 1:colcon.colcon_core.environment:checking '/home/tkdals/robot_ws/install/ex_client_server_pkg/lib/python3.10/site-packages'
[0.372s] Level 1:colcon.colcon_core.environment:checking '/home/tkdals/robot_ws/install/ex_client_server_pkg/bin'
[0.372s] INFO:colcon.colcon_core.shell:Creating package script '/home/tkdals/robot_ws/install/ex_client_server_pkg/share/ex_client_server_pkg/package.ps1'
[0.373s] INFO:colcon.colcon_core.shell:Creating package descriptor '/home/tkdals/robot_ws/install/ex_client_server_pkg/share/ex_client_server_pkg/package.dsv'
[0.373s] INFO:colcon.colcon_core.shell:Creating package script '/home/tkdals/robot_ws/install/ex_client_server_pkg/share/ex_client_server_pkg/package.sh'
[0.373s] INFO:colcon.colcon_core.shell:Creating package script '/home/tkdals/robot_ws/install/ex_client_server_pkg/share/ex_client_server_pkg/package.bash'
[0.373s] INFO:colcon.colcon_core.shell:Creating package script '/home/tkdals/robot_ws/install/ex_client_server_pkg/share/ex_client_server_pkg/package.zsh'
[0.373s] Level 1:colcon.colcon_core.environment:create_file_with_runtime_dependencies(/home/tkdals/robot_ws/install/ex_client_server_pkg/share/colcon-core/packages/ex_client_server_pkg)
[0.383s] Level 1:colcon.colcon_core.environment:create_environment_scripts_only(homework1_pkg)
[0.383s] Level 1:colcon.colcon_core.environment:checking '/home/tkdals/robot_ws/install/homework1_pkg' for CMake module files
[0.383s] Level 1:colcon.colcon_core.environment:checking '/home/tkdals/robot_ws/install/homework1_pkg' for CMake config files
[0.384s] Level 1:colcon.colcon_core.shell:create_environment_hook('homework1_pkg', 'cmake_prefix_path')
[0.384s] INFO:colcon.colcon_core.shell:Creating environment hook '/home/tkdals/robot_ws/install/homework1_pkg/share/homework1_pkg/hook/cmake_prefix_path.ps1'
[0.384s] INFO:colcon.colcon_core.shell:Creating environment descriptor '/home/tkdals/robot_ws/install/homework1_pkg/share/homework1_pkg/hook/cmake_prefix_path.dsv'
[0.385s] INFO:colcon.colcon_core.shell:Creating environment hook '/home/tkdals/robot_ws/install/homework1_pkg/share/homework1_pkg/hook/cmake_prefix_path.sh'
[0.385s] Level 1:colcon.colcon_core.environment:checking '/home/tkdals/robot_ws/install/homework1_pkg/lib'
[0.386s] Level 1:colcon.colcon_core.environment:checking '/home/tkdals/robot_ws/install/homework1_pkg/bin'
[0.386s] Level 1:colcon.colcon_core.environment:checking '/home/tkdals/robot_ws/install/homework1_pkg/lib/pkgconfig/homework1_pkg.pc'
[0.386s] Level 1:colcon.colcon_core.environment:checking '/home/tkdals/robot_ws/install/homework1_pkg/lib/python3.10/site-packages'
[0.386s] Level 1:colcon.colcon_core.environment:checking '/home/tkdals/robot_ws/install/homework1_pkg/bin'
[0.386s] INFO:colcon.colcon_core.shell:Creating package script '/home/tkdals/robot_ws/install/homework1_pkg/share/homework1_pkg/package.ps1'
[0.387s] INFO:colcon.colcon_core.shell:Creating package descriptor '/home/tkdals/robot_ws/install/homework1_pkg/share/homework1_pkg/package.dsv'
[0.388s] INFO:colcon.colcon_core.shell:Creating package script '/home/tkdals/robot_ws/install/homework1_pkg/share/homework1_pkg/package.sh'
[0.388s] INFO:colcon.colcon_core.shell:Creating package script '/home/tkdals/robot_ws/install/homework1_pkg/share/homework1_pkg/package.bash'
[0.388s] INFO:colcon.colcon_core.shell:Creating package script '/home/tkdals/robot_ws/install/homework1_pkg/share/homework1_pkg/package.zsh'
[0.389s] Level 1:colcon.colcon_core.environment:create_file_with_runtime_dependencies(/home/tkdals/robot_ws/install/homework1_pkg/share/colcon-core/packages/homework1_pkg)
[0.390s] Level 1:colcon.colcon_core.environment:create_environment_scripts_only(dynamixel_sdk)
[0.390s] Level 1:colcon.colcon_core.environment:checking '/home/tkdals/robot_ws/install/dynamixel_sdk' for CMake module files
[0.391s] Level 1:colcon.colcon_core.environment:checking '/home/tkdals/robot_ws/install/dynamixel_sdk' for CMake config files
[0.391s] Level 1:colcon.colcon_core.shell:create_environment_hook('dynamixel_sdk', 'cmake_prefix_path')
[0.391s] INFO:colcon.colcon_core.shell:Creating environment hook '/home/tkdals/robot_ws/install/dynamixel_sdk/share/dynamixel_sdk/hook/cmake_prefix_path.ps1'
[0.392s] INFO:colcon.colcon_core.shell:Creating environment descriptor '/home/tkdals/robot_ws/install/dynamixel_sdk/share/dynamixel_sdk/hook/cmake_prefix_path.dsv'
[0.392s] INFO:colcon.colcon_core.shell:Creating environment hook '/home/tkdals/robot_ws/install/dynamixel_sdk/share/dynamixel_sdk/hook/cmake_prefix_path.sh'
[0.392s] Level 1:colcon.colcon_core.environment:checking '/home/tkdals/robot_ws/install/dynamixel_sdk/lib'
[0.392s] Level 1:colcon.colcon_core.shell:create_environment_hook('dynamixel_sdk', 'ld_library_path_lib')
[0.392s] INFO:colcon.colcon_core.shell:Creating environment hook '/home/tkdals/robot_ws/install/dynamixel_sdk/share/dynamixel_sdk/hook/ld_library_path_lib.ps1'
[0.393s] INFO:colcon.colcon_core.shell:Creating environment descriptor '/home/tkdals/robot_ws/install/dynamixel_sdk/share/dynamixel_sdk/hook/ld_library_path_lib.dsv'
[0.393s] INFO:colcon.colcon_core.shell:Creating environment hook '/home/tkdals/robot_ws/install/dynamixel_sdk/share/dynamixel_sdk/hook/ld_library_path_lib.sh'
[0.393s] Level 1:colcon.colcon_core.environment:checking '/home/tkdals/robot_ws/install/dynamixel_sdk/bin'
[0.393s] Level 1:colcon.colcon_core.environment:checking '/home/tkdals/robot_ws/install/dynamixel_sdk/lib/pkgconfig/dynamixel_sdk.pc'
[0.393s] Level 1:colcon.colcon_core.environment:checking '/home/tkdals/robot_ws/install/dynamixel_sdk/lib/python3.10/site-packages'
[0.393s] Level 1:colcon.colcon_core.environment:checking '/home/tkdals/robot_ws/install/dynamixel_sdk/bin'
[0.393s] INFO:colcon.colcon_core.shell:Creating package script '/home/tkdals/robot_ws/install/dynamixel_sdk/share/dynamixel_sdk/package.ps1'
[0.394s] INFO:colcon.colcon_core.shell:Creating package descriptor '/home/tkdals/robot_ws/install/dynamixel_sdk/share/dynamixel_sdk/package.dsv'
[0.394s] INFO:colcon.colcon_core.shell:Creating package script '/home/tkdals/robot_ws/install/dynamixel_sdk/share/dynamixel_sdk/package.sh'
[0.395s] INFO:colcon.colcon_core.shell:Creating package script '/home/tkdals/robot_ws/install/dynamixel_sdk/share/dynamixel_sdk/package.bash'
[0.395s] INFO:colcon.colcon_core.shell:Creating package script '/home/tkdals/robot_ws/install/dynamixel_sdk/share/dynamixel_sdk/package.zsh'
[0.395s] Level 1:colcon.colcon_core.environment:create_file_with_runtime_dependencies(/home/tkdals/robot_ws/install/dynamixel_sdk/share/colcon-core/packages/dynamixel_sdk)
[0.395s] INFO:colcon.colcon_ros.task.ament_cmake.build:Building ROS package in '/home/tkdals/robot_ws/src/homework3_pkg' with build type 'ament_cmake'
[0.395s] INFO:colcon.colcon_cmake.task.cmake.build:Building CMake package in '/home/tkdals/robot_ws/src/homework3_pkg'
[0.396s] INFO:colcon.colcon_core.shell:Skip shell extension 'powershell' for command environment: Not usable outside of PowerShell
[0.396s] DEBUG:colcon.colcon_core.shell:Skip shell extension 'dsv' for command environment
[0.403s] DEBUG:colcon.colcon_core.event_handler.log_command:Invoking command in '/home/tkdals/robot_ws/build/homework3_pkg': CMAKE_PREFIX_PATH=/opt/ros/humble:/home/tkdals/robot_ws/install/dynamixel_sdk:/home/tkdals/robot_ws/install/homework2_2_pkg:/home/tkdals/robot_ws/install/tutorial_interfaces:/home/tkdals/robot_ws/install/homework3_pkg:/home/tkdals/robot_ws/install/homework1_pkg:/home/tkdals/robot_ws/install/ex_client_server_pkg LD_LIBRARY_PATH=/home/tkdals/robot_ws/install/dynamixel_sdk/lib:/home/tkdals/robot_ws/install/tutorial_interfaces/lib:/opt/ros/humble/opt/rviz_ogre_vendor/lib:/opt/ros/humble/lib/x86_64-linux-gnu:/opt/ros/humble/lib /usr/bin/cmake --build /home/tkdals/robot_ws/build/homework3_pkg -- -j20 -l20
[0.458s] DEBUG:colcon.colcon_core.event_handler.log_command:Invoked command in '/home/tkdals/robot_ws/build/homework3_pkg' returned '0': CMAKE_PREFIX_PATH=/opt/ros/humble:/home/tkdals/robot_ws/install/dynamixel_sdk:/home/tkdals/robot_ws/install/homework2_2_pkg:/home/tkdals/robot_ws/install/tutorial_interfaces:/home/tkdals/robot_ws/install/homework3_pkg:/home/tkdals/robot_ws/install/homework1_pkg:/home/tkdals/robot_ws/install/ex_client_server_pkg LD_LIBRARY_PATH=/home/tkdals/robot_ws/install/dynamixel_sdk/lib:/home/tkdals/robot_ws/install/tutorial_interfaces/lib:/opt/ros/humble/opt/rviz_ogre_vendor/lib:/opt/ros/humble/lib/x86_64-linux-gnu:/opt/ros/humble/lib /usr/bin/cmake --build /home/tkdals/robot_ws/build/homework3_pkg -- -j20 -l20
[0.462s] DEBUG:colcon.colcon_core.event_handler.log_command:Invoked command in '/home/tkdals/robot_ws/build/tutorial_interfaces' returned '0': CMAKE_PREFIX_PATH=/home/tkdals/robot_ws/install/homework2_2_pkg:/home/tkdals/robot_ws/install/tutorial_interfaces:/home/tkdals/robot_ws/install/homework3_pkg:/home/tkdals/robot_ws/install/homework1_pkg:/home/tkdals/robot_ws/install/ex_client_server_pkg:/opt/ros/humble:/home/tkdals/robot_ws/install/dynamixel_sdk /usr/bin/cmake --build /home/tkdals/robot_ws/build/tutorial_interfaces -- -j20 -l20
[0.486s] DEBUG:colcon.colcon_core.event_handler.log_command:Invoking command in '/home/tkdals/robot_ws/build/homework3_pkg': CMAKE_PREFIX_PATH=/opt/ros/humble:/home/tkdals/robot_ws/install/dynamixel_sdk:/home/tkdals/robot_ws/install/homework2_2_pkg:/home/tkdals/robot_ws/install/tutorial_interfaces:/home/tkdals/robot_ws/install/homework3_pkg:/home/tkdals/robot_ws/install/homework1_pkg:/home/tkdals/robot_ws/install/ex_client_server_pkg LD_LIBRARY_PATH=/home/tkdals/robot_ws/install/dynamixel_sdk/lib:/home/tkdals/robot_ws/install/tutorial_interfaces/lib:/opt/ros/humble/opt/rviz_ogre_vendor/lib:/opt/ros/humble/lib/x86_64-linux-gnu:/opt/ros/humble/lib /usr/bin/cmake --install /home/tkdals/robot_ws/build/homework3_pkg
[0.492s] Level 1:colcon.colcon_core.environment:create_environment_scripts_only(homework3_pkg)
[0.492s] Level 1:colcon.colcon_core.environment:checking '/home/tkdals/robot_ws/install/homework3_pkg' for CMake module files
[0.492s] DEBUG:colcon.colcon_core.event_handler.log_command:Invoked command in '/home/tkdals/robot_ws/build/homework3_pkg' returned '0': CMAKE_PREFIX_PATH=/opt/ros/humble:/home/tkdals/robot_ws/install/dynamixel_sdk:/home/tkdals/robot_ws/install/homework2_2_pkg:/home/tkdals/robot_ws/install/tutorial_interfaces:/home/tkdals/robot_ws/install/homework3_pkg:/home/tkdals/robot_ws/install/homework1_pkg:/home/tkdals/robot_ws/install/ex_client_server_pkg LD_LIBRARY_PATH=/home/tkdals/robot_ws/install/dynamixel_sdk/lib:/home/tkdals/robot_ws/install/tutorial_interfaces/lib:/opt/ros/humble/opt/rviz_ogre_vendor/lib:/opt/ros/humble/lib/x86_64-linux-gnu:/opt/ros/humble/lib /usr/bin/cmake --install /home/tkdals/robot_ws/build/homework3_pkg
[0.492s] Level 1:colcon.colcon_core.environment:checking '/home/tkdals/robot_ws/install/homework3_pkg' for CMake config files
[0.492s] Level 1:colcon.colcon_core.shell:create_environment_hook('homework3_pkg', 'cmake_prefix_path')
[0.493s] INFO:colcon.colcon_core.shell:Creating environment hook '/home/tkdals/robot_ws/install/homework3_pkg/share/homework3_pkg/hook/cmake_prefix_path.ps1'
[0.493s] INFO:colcon.colcon_core.shell:Creating environment descriptor '/home/tkdals/robot_ws/install/homework3_pkg/share/homework3_pkg/hook/cmake_prefix_path.dsv'
[0.493s] INFO:colcon.colcon_core.shell:Creating environment hook '/home/tkdals/robot_ws/install/homework3_pkg/share/homework3_pkg/hook/cmake_prefix_path.sh'
[0.493s] Level 1:colcon.colcon_core.environment:checking '/home/tkdals/robot_ws/install/homework3_pkg/lib'
[0.493s] Level 1:colcon.colcon_core.environment:checking '/home/tkdals/robot_ws/install/homework3_pkg/bin'
[0.493s] Level 1:colcon.colcon_core.environment:checking '/home/tkdals/robot_ws/install/homework3_pkg/lib/pkgconfig/homework3_pkg.pc'
[0.494s] Level 1:colcon.colcon_core.environment:checking '/home/tkdals/robot_ws/install/homework3_pkg/lib/python3.10/site-packages'
[0.494s] Level 1:colcon.colcon_core.environment:checking '/home/tkdals/robot_ws/install/homework3_pkg/bin'
[0.494s] INFO:colcon.colcon_core.shell:Creating package script '/home/tkdals/robot_ws/install/homework3_pkg/share/homework3_pkg/package.ps1'
[0.494s] INFO:colcon.colcon_core.shell:Creating package descriptor '/home/tkdals/robot_ws/install/homework3_pkg/share/homework3_pkg/package.dsv'
[0.494s] INFO:colcon.colcon_core.shell:Creating package script '/home/tkdals/robot_ws/install/homework3_pkg/share/homework3_pkg/package.sh'
[0.494s] INFO:colcon.colcon_core.shell:Creating package script '/home/tkdals/robot_ws/install/homework3_pkg/share/homework3_pkg/package.bash'
[0.495s] INFO:colcon.colcon_core.shell:Creating package script '/home/tkdals/robot_ws/install/homework3_pkg/share/homework3_pkg/package.zsh'
[0.495s] Level 1:colcon.colcon_core.environment:create_file_with_runtime_dependencies(/home/tkdals/robot_ws/install/homework3_pkg/share/colcon-core/packages/homework3_pkg)
[0.517s] Level 1:colcon.colcon_core.environment:create_environment_scripts_only(homework3_pkg)
[0.517s] Level 1:colcon.colcon_core.environment:checking '/home/tkdals/robot_ws/install/homework3_pkg' for CMake module files
[0.517s] Level 1:colcon.colcon_core.environment:checking '/home/tkdals/robot_ws/install/homework3_pkg' for CMake config files
[0.518s] Level 1:colcon.colcon_core.shell:create_environment_hook('homework3_pkg', 'cmake_prefix_path')
[0.518s] INFO:colcon.colcon_core.shell:Creating environment hook '/home/tkdals/robot_ws/install/homework3_pkg/share/homework3_pkg/hook/cmake_prefix_path.ps1'
[0.518s] INFO:colcon.colcon_core.shell:Creating environment descriptor '/home/tkdals/robot_ws/install/homework3_pkg/share/homework3_pkg/hook/cmake_prefix_path.dsv'
[0.518s] INFO:colcon.colcon_core.shell:Creating environment hook '/home/tkdals/robot_ws/install/homework3_pkg/share/homework3_pkg/hook/cmake_prefix_path.sh'
[0.519s] Level 1:colcon.colcon_core.environment:checking '/home/tkdals/robot_ws/install/homework3_pkg/lib'
[0.519s] Level 1:colcon.colcon_core.environment:checking '/home/tkdals/robot_ws/install/homework3_pkg/bin'
[0.519s] Level 1:colcon.colcon_core.environment:checking '/home/tkdals/robot_ws/install/homework3_pkg/lib/pkgconfig/homework3_pkg.pc'
[0.519s] Level 1:colcon.colcon_core.environment:checking '/home/tkdals/robot_ws/install/homework3_pkg/lib/python3.10/site-packages'
[0.519s] Level 1:colcon.colcon_core.environment:checking '/home/tkdals/robot_ws/install/homework3_pkg/bin'
[0.519s] INFO:colcon.colcon_core.shell:Creating package script '/home/tkdals/robot_ws/install/homework3_pkg/share/homework3_pkg/package.ps1'
[0.519s] INFO:colcon.colcon_core.shell:Creating package descriptor '/home/tkdals/robot_ws/install/homework3_pkg/share/homework3_pkg/package.dsv'
[0.520s] INFO:colcon.colcon_core.shell:Creating package script '/home/tkdals/robot_ws/install/homework3_pkg/share/homework3_pkg/package.sh'
[0.520s] INFO:colcon.colcon_core.shell:Creating package script '/home/tkdals/robot_ws/install/homework3_pkg/share/homework3_pkg/package.bash'
[0.520s] INFO:colcon.colcon_core.shell:Creating package script '/home/tkdals/robot_ws/install/homework3_pkg/share/homework3_pkg/package.zsh'
[0.520s] Level 1:colcon.colcon_core.environment:create_file_with_runtime_dependencies(/home/tkdals/robot_ws/install/homework3_pkg/share/colcon-core/packages/homework3_pkg)
[0.547s] DEBUG:colcon.colcon_core.event_handler.log_command:Invoking command in '/home/tkdals/robot_ws/build/tutorial_interfaces': CMAKE_PREFIX_PATH=/home/tkdals/robot_ws/install/homework2_2_pkg:/home/tkdals/robot_ws/install/tutorial_interfaces:/home/tkdals/robot_ws/install/homework3_pkg:/home/tkdals/robot_ws/install/homework1_pkg:/home/tkdals/robot_ws/install/ex_client_server_pkg:/opt/ros/humble:/home/tkdals/robot_ws/install/dynamixel_sdk /usr/bin/cmake --install /home/tkdals/robot_ws/build/tutorial_interfaces
[0.597s] Level 1:colcon.colcon_core.environment:create_environment_scripts_only(tutorial_interfaces)
[0.597s] Level 1:colcon.colcon_core.environment:checking '/home/tkdals/robot_ws/install/tutorial_interfaces' for CMake module files
[0.598s] DEBUG:colcon.colcon_core.event_handler.log_command:Invoked command in '/home/tkdals/robot_ws/build/tutorial_interfaces' returned '0': CMAKE_PREFIX_PATH=/home/tkdals/robot_ws/install/homework2_2_pkg:/home/tkdals/robot_ws/install/tutorial_interfaces:/home/tkdals/robot_ws/install/homework3_pkg:/home/tkdals/robot_ws/install/homework1_pkg:/home/tkdals/robot_ws/install/ex_client_server_pkg:/opt/ros/humble:/home/tkdals/robot_ws/install/dynamixel_sdk /usr/bin/cmake --install /home/tkdals/robot_ws/build/tutorial_interfaces
[0.598s] Level 1:colcon.colcon_core.environment:checking '/home/tkdals/robot_ws/install/tutorial_interfaces' for CMake config files
[0.598s] Level 1:colcon.colcon_core.shell:create_environment_hook('tutorial_interfaces', 'cmake_prefix_path')
[0.599s] INFO:colcon.colcon_core.shell:Creating environment hook '/home/tkdals/robot_ws/install/tutorial_interfaces/share/tutorial_interfaces/hook/cmake_prefix_path.ps1'
[0.599s] INFO:colcon.colcon_core.shell:Creating environment descriptor '/home/tkdals/robot_ws/install/tutorial_interfaces/share/tutorial_interfaces/hook/cmake_prefix_path.dsv'
[0.599s] INFO:colcon.colcon_core.shell:Creating environment hook '/home/tkdals/robot_ws/install/tutorial_interfaces/share/tutorial_interfaces/hook/cmake_prefix_path.sh'
[0.600s] Level 1:colcon.colcon_core.environment:checking '/home/tkdals/robot_ws/install/tutorial_interfaces/lib'
[0.600s] Level 1:colcon.colcon_core.shell:create_environment_hook('tutorial_interfaces', 'ld_library_path_lib')
[0.600s] INFO:colcon.colcon_core.shell:Creating environment hook '/home/tkdals/robot_ws/install/tutorial_interfaces/share/tutorial_interfaces/hook/ld_library_path_lib.ps1'
[0.600s] INFO:colcon.colcon_core.shell:Creating environment descriptor '/home/tkdals/robot_ws/install/tutorial_interfaces/share/tutorial_interfaces/hook/ld_library_path_lib.dsv'
[0.601s] INFO:colcon.colcon_core.shell:Creating environment hook '/home/tkdals/robot_ws/install/tutorial_interfaces/share/tutorial_interfaces/hook/ld_library_path_lib.sh'
[0.601s] Level 1:colcon.colcon_core.environment:checking '/home/tkdals/robot_ws/install/tutorial_interfaces/bin'
[0.601s] Level 1:colcon.colcon_core.environment:checking '/home/tkdals/robot_ws/install/tutorial_interfaces/lib/pkgconfig/tutorial_interfaces.pc'
[0.601s] Level 1:colcon.colcon_core.environment:checking '/home/tkdals/robot_ws/install/tutorial_interfaces/lib/python3.10/site-packages'
[0.601s] Level 1:colcon.colcon_core.environment:checking '/home/tkdals/robot_ws/install/tutorial_interfaces/bin'
[0.602s] INFO:colcon.colcon_core.shell:Creating package script '/home/tkdals/robot_ws/install/tutorial_interfaces/share/tutorial_interfaces/package.ps1'
[0.602s] INFO:colcon.colcon_core.shell:Creating package descriptor '/home/tkdals/robot_ws/install/tutorial_interfaces/share/tutorial_interfaces/package.dsv'
[0.603s] INFO:colcon.colcon_core.shell:Creating package script '/home/tkdals/robot_ws/install/tutorial_interfaces/share/tutorial_interfaces/package.sh'
[0.603s] INFO:colcon.colcon_core.shell:Creating package script '/home/tkdals/robot_ws/install/tutorial_interfaces/share/tutorial_interfaces/package.bash'
[0.603s] INFO:colcon.colcon_core.shell:Creating package script '/home/tkdals/robot_ws/install/tutorial_interfaces/share/tutorial_interfaces/package.zsh'
[0.604s] Level 1:colcon.colcon_core.environment:create_file_with_runtime_dependencies(/home/tkdals/robot_ws/install/tutorial_interfaces/share/colcon-core/packages/tutorial_interfaces)
[0.684s] Level 1:colcon.colcon_core.environment:create_environment_scripts_only(tutorial_interfaces)
[0.684s] Level 1:colcon.colcon_core.environment:checking '/home/tkdals/robot_ws/install/tutorial_interfaces' for CMake module files
[0.685s] Level 1:colcon.colcon_core.environment:checking '/home/tkdals/robot_ws/install/tutorial_interfaces' for CMake config files
[0.685s] Level 1:colcon.colcon_core.shell:create_environment_hook('tutorial_interfaces', 'cmake_prefix_path')
[0.685s] INFO:colcon.colcon_core.shell:Creating environment hook '/home/tkdals/robot_ws/install/tutorial_interfaces/share/tutorial_interfaces/hook/cmake_prefix_path.ps1'
[0.685s] INFO:colcon.colcon_core.shell:Creating environment descriptor '/home/tkdals/robot_ws/install/tutorial_interfaces/share/tutorial_interfaces/hook/cmake_prefix_path.dsv'
[0.685s] INFO:colcon.colcon_core.shell:Creating environment hook '/home/tkdals/robot_ws/install/tutorial_interfaces/share/tutorial_interfaces/hook/cmake_prefix_path.sh'
[0.686s] Level 1:colcon.colcon_core.environment:checking '/home/tkdals/robot_ws/install/tutorial_interfaces/lib'
[0.686s] Level 1:colcon.colcon_core.shell:create_environment_hook('tutorial_interfaces', 'ld_library_path_lib')
[0.686s] INFO:colcon.colcon_core.shell:Creating environment hook '/home/tkdals/robot_ws/install/tutorial_interfaces/share/tutorial_interfaces/hook/ld_library_path_lib.ps1'
[0.686s] INFO:colcon.colcon_core.shell:Creating environment descriptor '/home/tkdals/robot_ws/install/tutorial_interfaces/share/tutorial_interfaces/hook/ld_library_path_lib.dsv'
[0.686s] INFO:colcon.colcon_core.shell:Creating environment hook '/home/tkdals/robot_ws/install/tutorial_interfaces/share/tutorial_interfaces/hook/ld_library_path_lib.sh'
[0.686s] Level 1:colcon.colcon_core.environment:checking '/home/tkdals/robot_ws/install/tutorial_interfaces/bin'
[0.686s] Level 1:colcon.colcon_core.environment:checking '/home/tkdals/robot_ws/install/tutorial_interfaces/lib/pkgconfig/tutorial_interfaces.pc'
[0.686s] Level 1:colcon.colcon_core.environment:checking '/home/tkdals/robot_ws/install/tutorial_interfaces/lib/python3.10/site-packages'
[0.687s] Level 1:colcon.colcon_core.environment:checking '/home/tkdals/robot_ws/install/tutorial_interfaces/bin'
[0.687s] INFO:colcon.colcon_core.shell:Creating package script '/home/tkdals/robot_ws/install/tutorial_interfaces/share/tutorial_interfaces/package.ps1'
[0.687s] INFO:colcon.colcon_core.shell:Creating package descriptor '/home/tkdals/robot_ws/install/tutorial_interfaces/share/tutorial_interfaces/package.dsv'
[0.687s] INFO:colcon.colcon_core.shell:Creating package script '/home/tkdals/robot_ws/install/tutorial_interfaces/share/tutorial_interfaces/package.sh'
[0.687s] INFO:colcon.colcon_core.shell:Creating package script '/home/tkdals/robot_ws/install/tutorial_interfaces/share/tutorial_interfaces/package.bash'
[0.688s] INFO:colcon.colcon_core.shell:Creating package script '/home/tkdals/robot_ws/install/tutorial_interfaces/share/tutorial_interfaces/package.zsh'
[0.688s] Level 1:colcon.colcon_core.environment:create_file_with_runtime_dependencies(/home/tkdals/robot_ws/install/tutorial_interfaces/share/colcon-core/packages/tutorial_interfaces)
[0.688s] INFO:colcon.colcon_ros.task.ament_cmake.build:Building ROS package in '/home/tkdals/robot_ws/src/homework2_2_pkg' with build type 'ament_cmake'
[0.688s] INFO:colcon.colcon_cmake.task.cmake.build:Building CMake package in '/home/tkdals/robot_ws/src/homework2_2_pkg'
[0.688s] INFO:colcon.colcon_core.shell:Skip shell extension 'powershell' for command environment: Not usable outside of PowerShell
[0.688s] DEBUG:colcon.colcon_core.shell:Skip shell extension 'dsv' for command environment
[0.699s] DEBUG:colcon.colcon_core.event_handler.log_command:Invoking command in '/home/tkdals/robot_ws/build/homework2_2_pkg': CMAKE_PREFIX_PATH=/home/tkdals/robot_ws/install/tutorial_interfaces:/home/tkdals/robot_ws/install/homework2_2_pkg:/home/tkdals/robot_ws/install/homework3_pkg:/home/tkdals/robot_ws/install/homework1_pkg:/home/tkdals/robot_ws/install/ex_client_server_pkg:/opt/ros/humble:/home/tkdals/robot_ws/install/dynamixel_sdk /usr/bin/cmake --build /home/tkdals/robot_ws/build/homework2_2_pkg -- -j20 -l20
[0.772s] DEBUG:colcon.colcon_core.event_handler.log_command:Invoked command in '/home/tkdals/robot_ws/build/homework2_2_pkg' returned '0': CMAKE_PREFIX_PATH=/home/tkdals/robot_ws/install/tutorial_interfaces:/home/tkdals/robot_ws/install/homework2_2_pkg:/home/tkdals/robot_ws/install/homework3_pkg:/home/tkdals/robot_ws/install/homework1_pkg:/home/tkdals/robot_ws/install/ex_client_server_pkg:/opt/ros/humble:/home/tkdals/robot_ws/install/dynamixel_sdk /usr/bin/cmake --build /home/tkdals/robot_ws/build/homework2_2_pkg -- -j20 -l20
[0.812s] DEBUG:colcon.colcon_core.event_handler.log_command:Invoking command in '/home/tkdals/robot_ws/build/homework2_2_pkg': CMAKE_PREFIX_PATH=/home/tkdals/robot_ws/install/tutorial_interfaces:/home/tkdals/robot_ws/install/homework2_2_pkg:/home/tkdals/robot_ws/install/homework3_pkg:/home/tkdals/robot_ws/install/homework1_pkg:/home/tkdals/robot_ws/install/ex_client_server_pkg:/opt/ros/humble:/home/tkdals/robot_ws/install/dynamixel_sdk /usr/bin/cmake --install /home/tkdals/robot_ws/build/homework2_2_pkg
[0.822s] Level 1:colcon.colcon_core.environment:create_environment_scripts_only(homework2_2_pkg)
[0.823s] Level 1:colcon.colcon_core.environment:checking '/home/tkdals/robot_ws/install/homework2_2_pkg' for CMake module files
[0.823s] DEBUG:colcon.colcon_core.event_handler.log_command:Invoked command in '/home/tkdals/robot_ws/build/homework2_2_pkg' returned '0': CMAKE_PREFIX_PATH=/home/tkdals/robot_ws/install/tutorial_interfaces:/home/tkdals/robot_ws/install/homework2_2_pkg:/home/tkdals/robot_ws/install/homework3_pkg:/home/tkdals/robot_ws/install/homework1_pkg:/home/tkdals/robot_ws/install/ex_client_server_pkg:/opt/ros/humble:/home/tkdals/robot_ws/install/dynamixel_sdk /usr/bin/cmake --install /home/tkdals/robot_ws/build/homework2_2_pkg
[0.824s] Level 1:colcon.colcon_core.environment:checking '/home/tkdals/robot_ws/install/homework2_2_pkg' for CMake config files
[0.824s] Level 1:colcon.colcon_core.shell:create_environment_hook('homework2_2_pkg', 'cmake_prefix_path')
[0.824s] INFO:colcon.colcon_core.shell:Creating environment hook '/home/tkdals/robot_ws/install/homework2_2_pkg/share/homework2_2_pkg/hook/cmake_prefix_path.ps1'
[0.825s] INFO:colcon.colcon_core.shell:Creating environment descriptor '/home/tkdals/robot_ws/install/homework2_2_pkg/share/homework2_2_pkg/hook/cmake_prefix_path.dsv'
[0.825s] INFO:colcon.colcon_core.shell:Creating environment hook '/home/tkdals/robot_ws/install/homework2_2_pkg/share/homework2_2_pkg/hook/cmake_prefix_path.sh'
[0.826s] Level 1:colcon.colcon_core.environment:checking '/home/tkdals/robot_ws/install/homework2_2_pkg/lib'
[0.826s] Level 1:colcon.colcon_core.environment:checking '/home/tkdals/robot_ws/install/homework2_2_pkg/bin'
[0.826s] Level 1:colcon.colcon_core.environment:checking '/home/tkdals/robot_ws/install/homework2_2_pkg/lib/pkgconfig/homework2_2_pkg.pc'
[0.826s] Level 1:colcon.colcon_core.environment:checking '/home/tkdals/robot_ws/install/homework2_2_pkg/lib/python3.10/site-packages'
[0.826s] Level 1:colcon.colcon_core.environment:checking '/home/tkdals/robot_ws/install/homework2_2_pkg/bin'
[0.827s] INFO:colcon.colcon_core.shell:Creating package script '/home/tkdals/robot_ws/install/homework2_2_pkg/share/homework2_2_pkg/package.ps1'
[0.827s] INFO:colcon.colcon_core.shell:Creating package descriptor '/home/tkdals/robot_ws/install/homework2_2_pkg/share/homework2_2_pkg/package.dsv'
[0.828s] INFO:colcon.colcon_core.shell:Creating package script '/home/tkdals/robot_ws/install/homework2_2_pkg/share/homework2_2_pkg/package.sh'
[0.828s] INFO:colcon.colcon_core.shell:Creating package script '/home/tkdals/robot_ws/install/homework2_2_pkg/share/homework2_2_pkg/package.bash'
[0.828s] INFO:colcon.colcon_core.shell:Creating package script '/home/tkdals/robot_ws/install/homework2_2_pkg/share/homework2_2_pkg/package.zsh'
[0.829s] Level 1:colcon.colcon_core.environment:create_file_with_runtime_dependencies(/home/tkdals/robot_ws/install/homework2_2_pkg/share/colcon-core/packages/homework2_2_pkg)
[0.862s] Level 1:colcon.colcon_core.environment:create_environment_scripts_only(homework2_2_pkg)
[0.863s] Level 1:colcon.colcon_core.environment:checking '/home/tkdals/robot_ws/install/homework2_2_pkg' for CMake module files
[0.863s] Level 1:colcon.colcon_core.environment:checking '/home/tkdals/robot_ws/install/homework2_2_pkg' for CMake config files
[0.863s] Level 1:colcon.colcon_core.shell:create_environment_hook('homework2_2_pkg', 'cmake_prefix_path')
[0.863s] INFO:colcon.colcon_core.shell:Creating environment hook '/home/tkdals/robot_ws/install/homework2_2_pkg/share/homework2_2_pkg/hook/cmake_prefix_path.ps1'
[0.864s] INFO:colcon.colcon_core.shell:Creating environment descriptor '/home/tkdals/robot_ws/install/homework2_2_pkg/share/homework2_2_pkg/hook/cmake_prefix_path.dsv'
[0.864s] INFO:colcon.colcon_core.shell:Creating environment hook '/home/tkdals/robot_ws/install/homework2_2_pkg/share/homework2_2_pkg/hook/cmake_prefix_path.sh'
[0.864s] Level 1:colcon.colcon_core.environment:checking '/home/tkdals/robot_ws/install/homework2_2_pkg/lib'
[0.864s] Level 1:colcon.colcon_core.environment:checking '/home/tkdals/robot_ws/install/homework2_2_pkg/bin'
[0.864s] Level 1:colcon.colcon_core.environment:checking '/home/tkdals/robot_ws/install/homework2_2_pkg/lib/pkgconfig/homework2_2_pkg.pc'
[0.864s] Level 1:colcon.colcon_core.environment:checking '/home/tkdals/robot_ws/install/homework2_2_pkg/lib/python3.10/site-packages'
[0.865s] Level 1:colcon.colcon_core.environment:checking '/home/tkdals/robot_ws/install/homework2_2_pkg/bin'
[0.865s] INFO:colcon.colcon_core.shell:Creating package script '/home/tkdals/robot_ws/install/homework2_2_pkg/share/homework2_2_pkg/package.ps1'
[0.865s] INFO:colcon.colcon_core.shell:Creating package descriptor '/home/tkdals/robot_ws/install/homework2_2_pkg/share/homework2_2_pkg/package.dsv'
[0.866s] INFO:colcon.colcon_core.shell:Creating package script '/home/tkdals/robot_ws/install/homework2_2_pkg/share/homework2_2_pkg/package.sh'
[0.866s] INFO:colcon.colcon_core.shell:Creating package script '/home/tkdals/robot_ws/install/homework2_2_pkg/share/homework2_2_pkg/package.bash'
[0.866s] INFO:colcon.colcon_core.shell:Creating package script '/home/tkdals/robot_ws/install/homework2_2_pkg/share/homework2_2_pkg/package.zsh'
[0.867s] Level 1:colcon.colcon_core.environment:create_file_with_runtime_dependencies(/home/tkdals/robot_ws/install/homework2_2_pkg/share/colcon-core/packages/homework2_2_pkg)
[0.867s] DEBUG:colcon.colcon_parallel_executor.executor.parallel:closing loop
[0.867s] DEBUG:colcon.colcon_parallel_executor.executor.parallel:loop closed
[0.867s] DEBUG:colcon.colcon_parallel_executor.executor.parallel:run_until_complete finished with '0'
[0.867s] DEBUG:colcon.colcon_core.event_reactor:joining thread
[0.873s] INFO:colcon.colcon_core.plugin_system:Skipping extension 'colcon_notification.desktop_notification.terminal_notifier': Not used on non-Darwin systems
[0.874s] INFO:colcon.colcon_core.plugin_system:Skipping extension 'colcon_notification.desktop_notification.win32': Not used on non-Windows systems
[0.874s] INFO:colcon.colcon_notification.desktop_notification:Sending desktop notification using 'notify2'
[0.883s] DEBUG:colcon.colcon_core.event_reactor:joined thread
[0.883s] INFO:colcon.colcon_core.shell:Creating prefix script '/home/tkdals/robot_ws/install/local_setup.ps1'
[0.884s] INFO:colcon.colcon_core.shell:Creating prefix util module '/home/tkdals/robot_ws/install/_local_setup_util_ps1.py'
[0.885s] INFO:colcon.colcon_core.shell:Creating prefix chain script '/home/tkdals/robot_ws/install/setup.ps1'
[0.887s] INFO:colcon.colcon_core.shell:Creating prefix script '/home/tkdals/robot_ws/install/local_setup.sh'
[0.887s] INFO:colcon.colcon_core.shell:Creating prefix util module '/home/tkdals/robot_ws/install/_local_setup_util_sh.py'
[0.888s] INFO:colcon.colcon_core.shell:Creating prefix chain script '/home/tkdals/robot_ws/install/setup.sh'
[0.889s] INFO:colcon.colcon_core.shell:Creating prefix script '/home/tkdals/robot_ws/install/local_setup.bash'
[0.889s] INFO:colcon.colcon_core.shell:Creating prefix chain script '/home/tkdals/robot_ws/install/setup.bash'
[0.891s] INFO:colcon.colcon_core.shell:Creating prefix script '/home/tkdals/robot_ws/install/local_setup.zsh'
[0.891s] INFO:colcon.colcon_core.shell:Creating prefix chain script '/home/tkdals/robot_ws/install/setup.zsh'
