[0.016s] Invoking command in '/home/tkdals/robot_ws/build/dynamixel_sdk': /usr/bin/cmake /home/tkdals/robot_ws/src/dynamixel_sdk/ros/dynamixel_sdk -DCATKIN_INSTALL_INTO_PREFIX_ROOT=0 -DCMAKE_INSTALL_PREFIX=/home/tkdals/robot_ws/install/dynamixel_sdk
[0.025s] [0mCMake Deprecation Warning at CMakeLists.txt:4 (cmake_minimum_required):
[0.025s]   Compatibility with CMake < 2.8.12 will be removed from a future version of
[0.025s]   CMake.
[0.025s] 
[0.025s]   Update the VERSION argument <min> value or use a ...<max> suffix to tell
[0.025s]   CMake that the project does not need compatibility with older versions.
[0.025s] 
[0.025s] [0m
[0.078s] -- The C compiler identification is GNU 11.4.0
[0.135s] -- The CXX compiler identification is GNU 11.4.0
[0.144s] -- Detecting C compiler ABI info
[0.202s] -- Detecting C compiler ABI info - done
[0.208s] -- Check for working C compiler: /usr/bin/cc - skipped
[0.209s] -- Detecting C compile features
[0.209s] -- Detecting C compile features - done
[0.211s] -- Detecting CXX compiler ABI info
[0.278s] -- Detecting CXX compiler ABI info - done
[0.285s] -- Check for working CXX compiler: /usr/bin/c++ - skipped
[0.285s] -- Detecting CXX compile features
[0.285s] -- Detecting CXX compile features - done
[0.291s] [31mCMake Error at CMakeLists.txt:13 (find_package):
[0.291s]   By not providing "Findcatkin.cmake" in CMAKE_MODULE_PATH this project has
[0.291s]   asked CMake to find a package configuration file provided by "catkin", but
[0.291s]   CMake did not find one.
[0.291s] 
[0.291s]   Could not find a package configuration file provided by "catkin" with any
[0.291s]   of the following names:
[0.292s] 
[0.292s]     catkinConfig.cmake
[0.292s]     catkin-config.cmake
[0.292s] 
[0.292s]   Add the installation prefix of "catkin" to CMAKE_PREFIX_PATH or set
[0.292s]   "catkin_DIR" to a directory containing one of the above files.  If "catkin"
[0.292s]   provides a separate development package or SDK, be sure it has been
[0.292s]   installed.
[0.292s] 
[0.292s] [0m
[0.292s] -- Configuring incomplete, errors occurred!
[0.292s] See also "/home/tkdals/robot_ws/build/dynamixel_sdk/CMakeFiles/CMakeOutput.log".
[0.294s] Invoked command in '/home/tkdals/robot_ws/build/dynamixel_sdk' returned '1': /usr/bin/cmake /home/tkdals/robot_ws/src/dynamixel_sdk/ros/dynamixel_sdk -DCATKIN_INSTALL_INTO_PREFIX_ROOT=0 -DCMAKE_INSTALL_PREFIX=/home/tkdals/robot_ws/install/dynamixel_sdk
