[0.013s] Invoking command in '/home/tkdals/robot_ws/build/dynamixel_sdk': CMAKE_PREFIX_PATH=/home/tkdals/robot_ws/install/homework2_2_pkg:/home/tkdals/robot_ws/install/tutorial_interfaces:/home/tkdals/robot_ws/install/homework3_pkg:/home/tkdals/robot_ws/install/homework1_pkg:/home/tkdals/robot_ws/install/ex_client_server_pkg:/opt/ros/humble:/home/tkdals/robot_ws/install/dynamixel_sdk /usr/bin/cmake --build /home/tkdals/robot_ws/build/dynamixel_sdk -- -j20 -l20
[0.049s] [100%] Built target dynamixel_sdk
[0.063s] Invoked command in '/home/tkdals/robot_ws/build/dynamixel_sdk' returned '0': CMAKE_PREFIX_PATH=/home/tkdals/robot_ws/install/homework2_2_pkg:/home/tkdals/robot_ws/install/tutorial_interfaces:/home/tkdals/robot_ws/install/homework3_pkg:/home/tkdals/robot_ws/install/homework1_pkg:/home/tkdals/robot_ws/install/ex_client_server_pkg:/opt/ros/humble:/home/tkdals/robot_ws/install/dynamixel_sdk /usr/bin/cmake --build /home/tkdals/robot_ws/build/dynamixel_sdk -- -j20 -l20
[0.126s] Invoking command in '/home/tkdals/robot_ws/build/dynamixel_sdk': CMAKE_PREFIX_PATH=/home/tkdals/robot_ws/install/homework2_2_pkg:/home/tkdals/robot_ws/install/tutorial_interfaces:/home/tkdals/robot_ws/install/homework3_pkg:/home/tkdals/robot_ws/install/homework1_pkg:/home/tkdals/robot_ws/install/ex_client_server_pkg:/opt/ros/humble:/home/tkdals/robot_ws/install/dynamixel_sdk /usr/bin/cmake --install /home/tkdals/robot_ws/build/dynamixel_sdk
[0.132s] -- Install configuration: ""
[0.132s] -- Up-to-date: /home/tkdals/robot_ws/install/dynamixel_sdk/include/
[0.132s] -- Up-to-date: /home/tkdals/robot_ws/install/dynamixel_sdk/include//dynamixel_sdk
[0.132s] -- Up-to-date: /home/tkdals/robot_ws/install/dynamixel_sdk/include//dynamixel_sdk/group_sync_read.h
[0.133s] -- Up-to-date: /home/tkdals/robot_ws/install/dynamixel_sdk/include//dynamixel_sdk/port_handler_linux.h
[0.133s] -- Up-to-date: /home/tkdals/robot_ws/install/dynamixel_sdk/include//dynamixel_sdk/protocol1_packet_handler.h
[0.133s] -- Up-to-date: /home/tkdals/robot_ws/install/dynamixel_sdk/include//dynamixel_sdk/packet_handler.h
[0.133s] -- Up-to-date: /home/tkdals/robot_ws/install/dynamixel_sdk/include//dynamixel_sdk/group_bulk_read.h
[0.133s] -- Up-to-date: /home/tkdals/robot_ws/install/dynamixel_sdk/include//dynamixel_sdk/port_handler_mac.h
[0.133s] -- Up-to-date: /home/tkdals/robot_ws/install/dynamixel_sdk/include//dynamixel_sdk/group_sync_write.h
[0.133s] -- Up-to-date: /home/tkdals/robot_ws/install/dynamixel_sdk/include//dynamixel_sdk/protocol2_packet_handler.h
[0.133s] -- Up-to-date: /home/tkdals/robot_ws/install/dynamixel_sdk/include//dynamixel_sdk/port_handler_arduino.h
[0.133s] -- Up-to-date: /home/tkdals/robot_ws/install/dynamixel_sdk/include//dynamixel_sdk/port_handler.h
[0.133s] -- Up-to-date: /home/tkdals/robot_ws/install/dynamixel_sdk/include//dynamixel_sdk/port_handler_windows.h
[0.133s] -- Up-to-date: /home/tkdals/robot_ws/install/dynamixel_sdk/include//dynamixel_sdk/group_bulk_write.h
[0.133s] -- Up-to-date: /home/tkdals/robot_ws/install/dynamixel_sdk/include//dynamixel_sdk/dynamixel_sdk.h
[0.133s] -- Up-to-date: /home/tkdals/robot_ws/install/dynamixel_sdk/lib/libdynamixel_sdk.so
[0.134s] -- Up-to-date: /home/tkdals/robot_ws/install/dynamixel_sdk/share/dynamixel_sdk/environment/library_path.sh
[0.134s] -- Up-to-date: /home/tkdals/robot_ws/install/dynamixel_sdk/share/dynamixel_sdk/environment/library_path.dsv
[0.134s] -- Up-to-date: /home/tkdals/robot_ws/install/dynamixel_sdk/share/ament_index/resource_index/package_run_dependencies/dynamixel_sdk
[0.134s] -- Up-to-date: /home/tkdals/robot_ws/install/dynamixel_sdk/share/ament_index/resource_index/parent_prefix_path/dynamixel_sdk
[0.134s] -- Up-to-date: /home/tkdals/robot_ws/install/dynamixel_sdk/share/dynamixel_sdk/environment/ament_prefix_path.sh
[0.134s] -- Up-to-date: /home/tkdals/robot_ws/install/dynamixel_sdk/share/dynamixel_sdk/environment/ament_prefix_path.dsv
[0.134s] -- Up-to-date: /home/tkdals/robot_ws/install/dynamixel_sdk/share/dynamixel_sdk/environment/path.sh
[0.134s] -- Up-to-date: /home/tkdals/robot_ws/install/dynamixel_sdk/share/dynamixel_sdk/environment/path.dsv
[0.134s] -- Up-to-date: /home/tkdals/robot_ws/install/dynamixel_sdk/share/dynamixel_sdk/local_setup.bash
[0.134s] -- Up-to-date: /home/tkdals/robot_ws/install/dynamixel_sdk/share/dynamixel_sdk/local_setup.sh
[0.134s] -- Up-to-date: /home/tkdals/robot_ws/install/dynamixel_sdk/share/dynamixel_sdk/local_setup.zsh
[0.134s] -- Up-to-date: /home/tkdals/robot_ws/install/dynamixel_sdk/share/dynamixel_sdk/local_setup.dsv
[0.135s] -- Installing: /home/tkdals/robot_ws/install/dynamixel_sdk/share/dynamixel_sdk/package.dsv
[0.135s] -- Up-to-date: /home/tkdals/robot_ws/install/dynamixel_sdk/share/ament_index/resource_index/packages/dynamixel_sdk
[0.135s] -- Up-to-date: /home/tkdals/robot_ws/install/dynamixel_sdk/share/dynamixel_sdk/cmake/ament_cmake_export_include_directories-extras.cmake
[0.135s] -- Up-to-date: /home/tkdals/robot_ws/install/dynamixel_sdk/share/dynamixel_sdk/cmake/ament_cmake_export_libraries-extras.cmake
[0.135s] -- Up-to-date: /home/tkdals/robot_ws/install/dynamixel_sdk/share/dynamixel_sdk/cmake/dynamixel_sdkConfig.cmake
[0.135s] -- Up-to-date: /home/tkdals/robot_ws/install/dynamixel_sdk/share/dynamixel_sdk/cmake/dynamixel_sdkConfig-version.cmake
[0.135s] -- Up-to-date: /home/tkdals/robot_ws/install/dynamixel_sdk/share/dynamixel_sdk/package.xml
[0.143s] Invoked command in '/home/tkdals/robot_ws/build/dynamixel_sdk' returned '0': CMAKE_PREFIX_PATH=/home/tkdals/robot_ws/install/homework2_2_pkg:/home/tkdals/robot_ws/install/tutorial_interfaces:/home/tkdals/robot_ws/install/homework3_pkg:/home/tkdals/robot_ws/install/homework1_pkg:/home/tkdals/robot_ws/install/ex_client_server_pkg:/opt/ros/humble:/home/tkdals/robot_ws/install/dynamixel_sdk /usr/bin/cmake --install /home/tkdals/robot_ws/build/dynamixel_sdk
