-- Found ament_cmake: 1.3.10 (/opt/ros/humble/share/ament_cmake/cmake)
-- Found rclcpp: 16.0.10 (/opt/ros/humble/share/rclcpp/cmake)
-- Found rosidl_generator_c: 3.1.5 (/opt/ros/humble/share/rosidl_generator_c/cmake)
-- Found rosidl_adapter: 3.1.5 (/opt/ros/humble/share/rosidl_adapter/cmake)
-- Found rosidl_generator_cpp: 3.1.5 (/opt/ros/humble/share/rosidl_generator_cpp/cmake)
-- Using all available rosidl_typesupport_c: rosidl_typesupport_fastrtps_c;rosidl_typesupport_introspection_c
-- Using all available rosidl_typesupport_cpp: rosidl_typesupport_fastrtps_cpp;rosidl_typesupport_introspection_cpp
-- Found rmw_implementation_cmake: 6.1.2 (/opt/ros/humble/share/rmw_implementation_cmake/cmake)
-- Found rmw_fastrtps_cpp: 6.2.7 (/opt/ros/humble/share/rmw_fastrtps_cpp/cmake)
-- Using RMW implementation 'rmw_fastrtps_cpp' as default
-- Configuring done
-- Generating done
-- Build files have been written to: /home/tkdals/robot_ws/study1_pkg/build/study1_pkg
[ 16%] [32mBuilding CXX object CMakeFiles/listener.dir/src/sub1.cpp.o[0m
[ 33%] [32mBuilding CXX object CMakeFiles/listener2.dir/src/sub2.cpp.o[0m
[ 50%] [32mBuilding CXX object CMakeFiles/talker.dir/src/pub.cpp.o[0m
[ 66%] [32m[1mLinking CXX executable talker[0m
[ 66%] Built target talker
[ 83%] [32m[1mLinking CXX executable listener2[0m
[100%] [32m[1mLinking CXX executable listener[0m
[100%] Built target listener2
[100%] Built target listener
-- Install configuration: ""
-- Installing: /home/tkdals/robot_ws/study1_pkg/install/study1_pkg/lib/study1_pkg/talker
-- Set runtime path of "/home/tkdals/robot_ws/study1_pkg/install/study1_pkg/lib/study1_pkg/talker" to ""
-- Installing: /home/tkdals/robot_ws/study1_pkg/install/study1_pkg/lib/study1_pkg/listener
-- Set runtime path of "/home/tkdals/robot_ws/study1_pkg/install/study1_pkg/lib/study1_pkg/listener" to ""
-- Installing: /home/tkdals/robot_ws/study1_pkg/install/study1_pkg/lib/study1_pkg/listener2
-- Set runtime path of "/home/tkdals/robot_ws/study1_pkg/install/study1_pkg/lib/study1_pkg/listener2" to ""
-- Installing: /home/tkdals/robot_ws/study1_pkg/install/study1_pkg/share/ament_index/resource_index/package_run_dependencies/study1_pkg
-- Installing: /home/tkdals/robot_ws/study1_pkg/install/study1_pkg/share/ament_index/resource_index/parent_prefix_path/study1_pkg
-- Installing: /home/tkdals/robot_ws/study1_pkg/install/study1_pkg/share/study1_pkg/environment/ament_prefix_path.sh
-- Installing: /home/tkdals/robot_ws/study1_pkg/install/study1_pkg/share/study1_pkg/environment/ament_prefix_path.dsv
-- Installing: /home/tkdals/robot_ws/study1_pkg/install/study1_pkg/share/study1_pkg/environment/path.sh
-- Installing: /home/tkdals/robot_ws/study1_pkg/install/study1_pkg/share/study1_pkg/environment/path.dsv
-- Installing: /home/tkdals/robot_ws/study1_pkg/install/study1_pkg/share/study1_pkg/local_setup.bash
-- Installing: /home/tkdals/robot_ws/study1_pkg/install/study1_pkg/share/study1_pkg/local_setup.sh
-- Installing: /home/tkdals/robot_ws/study1_pkg/install/study1_pkg/share/study1_pkg/local_setup.zsh
-- Installing: /home/tkdals/robot_ws/study1_pkg/install/study1_pkg/share/study1_pkg/local_setup.dsv
-- Installing: /home/tkdals/robot_ws/study1_pkg/install/study1_pkg/share/study1_pkg/package.dsv
-- Installing: /home/tkdals/robot_ws/study1_pkg/install/study1_pkg/share/ament_index/resource_index/packages/study1_pkg
-- Installing: /home/tkdals/robot_ws/study1_pkg/install/study1_pkg/share/study1_pkg/cmake/study1_pkgConfig.cmake
-- Installing: /home/tkdals/robot_ws/study1_pkg/install/study1_pkg/share/study1_pkg/cmake/study1_pkgConfig-version.cmake
-- Installing: /home/tkdals/robot_ws/study1_pkg/install/study1_pkg/share/study1_pkg/package.xml
