[0.007s] Invoking command in '/home/tkdals/robot_ws/build/homework2_2_pkg': CMAKE_PREFIX_PATH=/home/tkdals/robot_ws/install/tutorial_interfaces:/home/tkdals/robot_ws/install/homework2_2_pkg:/home/tkdals/robot_ws/install/homework1_pkg:/home/tkdals/robot_ws/install/ex_client_server_pkg:/opt/ros/humble /usr/bin/cmake --build /home/tkdals/robot_ws/build/homework2_2_pkg -- -j20 -l20
[0.034s] -- Found ament_cmake: 1.3.10 (/opt/ros/humble/share/ament_cmake/cmake)
[0.143s] -- Found rclcpp: 16.0.10 (/opt/ros/humble/share/rclcpp/cmake)
[0.160s] -- Found rosidl_generator_c: 3.1.5 (/opt/ros/humble/share/rosidl_generator_c/cmake)
[0.162s] -- Found rosidl_adapter: 3.1.5 (/opt/ros/humble/share/rosidl_adapter/cmake)
[0.165s] -- Found rosidl_generator_cpp: 3.1.5 (/opt/ros/humble/share/rosidl_generator_cpp/cmake)
[0.171s] -- Using all available rosidl_typesupport_c: rosidl_typesupport_fastrtps_c;rosidl_typesupport_introspection_c
[0.179s] -- Using all available rosidl_typesupport_cpp: rosidl_typesupport_fastrtps_cpp;rosidl_typesupport_introspection_cpp
[0.199s] -- Found rmw_implementation_cmake: 6.1.2 (/opt/ros/humble/share/rmw_implementation_cmake/cmake)
[0.200s] -- Found rmw_fastrtps_cpp: 6.2.7 (/opt/ros/humble/share/rmw_fastrtps_cpp/cmake)
[0.264s] -- Using RMW implementation 'rmw_fastrtps_cpp' as default
[0.295s] -- Found tutorial_interfaces: 0.0.0 (/home/tkdals/robot_ws/install/tutorial_interfaces/share/tutorial_interfaces/cmake)
[0.353s] -- Configuring done
[0.362s] -- Generating done
[0.363s] -- Build files have been written to: /home/tkdals/robot_ws/build/homework2_2_pkg
[0.384s] [35m[1mConsolidate compiler generated dependencies of target server[0m
[0.384s] [35m[1mConsolidate compiler generated dependencies of target client[0m
[0.392s] [ 16%] [32mBuilding CXX object CMakeFiles/final_server.dir/src/homework2_2_pkg_final_server.cpp.o[0m
[0.401s] [ 33%] [32mBuilding CXX object CMakeFiles/server.dir/src/homework2_2_pkg_server.cpp.o[0m
[0.404s] [ 50%] [32mBuilding CXX object CMakeFiles/client.dir/src/homework2_2_pkg_client.cpp.o[0m
[0.404s] [01m[K/home/tkdals/robot_ws/src/homework2_2_pkg/src/homework2_2_pkg_final_server.cpp:1:10:[m[K [01;31m[Kfatal error: [m[Khomework2_2_pkg/homework2_2_pkg_final_server.hpp: No such file or directory
[0.404s]     1 | #include [01;31m[K"homework2_2_pkg/homework2_2_pkg_final_server.hpp"[m[K
[0.404s]       |          [01;31m[K^~~~~~~~~~~~~~~~~~~~~~~~~~~~~~~~~~~~~~~~~~~~~~~~~~[m[K
[0.404s] compilation terminated.
[0.405s] gmake[2]: *** [CMakeFiles/final_server.dir/build.make:76: CMakeFiles/final_server.dir/src/homework2_2_pkg_final_server.cpp.o] Error 1
[0.405s] gmake[1]: *** [CMakeFiles/Makefile2:193: CMakeFiles/final_server.dir/all] Error 2
[0.405s] gmake[1]: *** Waiting for unfinished jobs....
[2.477s] [ 66%] [32m[1mLinking CXX executable client[0m
[2.584s] [ 66%] Built target client
[2.851s] [ 83%] [32m[1mLinking CXX executable server[0m
[2.977s] [ 83%] Built target server
[2.978s] gmake: *** [Makefile:146: all] Error 2
[2.980s] Invoked command in '/home/tkdals/robot_ws/build/homework2_2_pkg' returned '2': CMAKE_PREFIX_PATH=/home/tkdals/robot_ws/install/tutorial_interfaces:/home/tkdals/robot_ws/install/homework2_2_pkg:/home/tkdals/robot_ws/install/homework1_pkg:/home/tkdals/robot_ws/install/ex_client_server_pkg:/opt/ros/humble /usr/bin/cmake --build /home/tkdals/robot_ws/build/homework2_2_pkg -- -j20 -l20
