[0.014s] Invoking command in '/home/tkdals/robot_ws/build/tutorial_interfaces': CMAKE_PREFIX_PATH=${CMAKE_PREFIX_PATH}:/opt/ros/humble /usr/bin/cmake --build /home/tkdals/robot_ws/build/tutorial_interfaces -- -j20 -l20
[0.068s] [ 10%] Built target tutorial_interfaces__rosidl_generator_c
[0.070s] [ 12%] Built target tutorial_interfaces__cpp
[0.071s] [ 12%] Built target ament_cmake_python_copy_tutorial_interfaces
[0.107s] [ 23%] Built target tutorial_interfaces__rosidl_typesupport_introspection_c
[0.110s] [ 33%] Built target tutorial_interfaces__rosidl_typesupport_cpp
[0.113s] [ 43%] Built target tutorial_interfaces__rosidl_typesupport_fastrtps_c
[0.113s] [ 53%] Built target tutorial_interfaces__rosidl_typesupport_introspection_cpp
[0.115s] [ 64%] Built target tutorial_interfaces__rosidl_typesupport_c
[0.116s] [ 74%] Built target tutorial_interfaces__rosidl_typesupport_fastrtps_cpp
[0.135s] [ 74%] Built target tutorial_interfaces
[0.154s] [ 76%] Built target tutorial_interfaces__py
[0.172s] [ 84%] Built target tutorial_interfaces__rosidl_generator_py
[0.190s] [ 89%] Built target tutorial_interfaces__rosidl_typesupport_c__pyext
[0.191s] [ 94%] Built target tutorial_interfaces__rosidl_typesupport_introspection_c__pyext
[0.195s] [100%] Built target tutorial_interfaces__rosidl_typesupport_fastrtps_c__pyext
[0.251s] running egg_info
[0.252s] writing tutorial_interfaces.egg-info/PKG-INFO
[0.252s] writing dependency_links to tutorial_interfaces.egg-info/dependency_links.txt
[0.252s] writing top-level names to tutorial_interfaces.egg-info/top_level.txt
[0.254s] reading manifest file 'tutorial_interfaces.egg-info/SOURCES.txt'
[0.254s] writing manifest file 'tutorial_interfaces.egg-info/SOURCES.txt'
[0.274s] [100%] Built target ament_cmake_python_build_tutorial_interfaces_egg
