[0.011s] Invoking command in '/home/tkdals/robot_ws/build/tutorial_interfaces': CMAKE_PREFIX_PATH=/home/tkdals/robot_ws/install/homework2_2_pkg:/home/tkdals/robot_ws/install/tutorial_interfaces:/home/tkdals/robot_ws/install/homework3_pkg:/home/tkdals/robot_ws/install/homework1_pkg:/home/tkdals/robot_ws/install/ex_client_server_pkg:/opt/ros/humble:/home/tkdals/robot_ws/install/dynamixel_sdk /usr/bin/cmake --build /home/tkdals/robot_ws/build/tutorial_interfaces -- -j20 -l20
[0.059s] [ 10%] Built target tutorial_interfaces__rosidl_generator_c
[0.062s] [ 12%] Built target tutorial_interfaces__cpp
[0.067s] [ 12%] Built target ament_cmake_python_copy_tutorial_interfaces
[0.087s] [ 23%] Built target tutorial_interfaces__rosidl_typesupport_fastrtps_c
[0.088s] [ 33%] Built target tutorial_interfaces__rosidl_typesupport_fastrtps_cpp
[0.089s] [ 43%] Built target tutorial_interfaces__rosidl_typesupport_c
[0.093s] [ 53%] Built target tutorial_interfaces__rosidl_typesupport_cpp
[0.093s] [ 64%] Built target tutorial_interfaces__rosidl_typesupport_introspection_c
[0.093s] [ 74%] Built target tutorial_interfaces__rosidl_typesupport_introspection_cpp
[0.109s] [ 74%] Built target tutorial_interfaces
[0.135s] [ 76%] Built target tutorial_interfaces__py
[0.142s] [ 84%] Built target tutorial_interfaces__rosidl_generator_py
[0.173s] [ 89%] Built target tutorial_interfaces__rosidl_typesupport_c__pyext
[0.174s] [ 94%] Built target tutorial_interfaces__rosidl_typesupport_fastrtps_c__pyext
[0.177s] [100%] Built target tutorial_interfaces__rosidl_typesupport_introspection_c__pyext
[0.254s] running egg_info
[0.255s] writing tutorial_interfaces.egg-info/PKG-INFO
[0.255s] writing dependency_links to tutorial_interfaces.egg-info/dependency_links.txt
[0.255s] writing top-level names to tutorial_interfaces.egg-info/top_level.txt
[0.257s] reading manifest file 'tutorial_interfaces.egg-info/SOURCES.txt'
[0.258s] writing manifest file 'tutorial_interfaces.egg-info/SOURCES.txt'
[0.279s] [100%] Built target ament_cmake_python_build_tutorial_interfaces_egg
