[0.013s] Invoking command in '/home/tkdals/robot_ws/build/tutorial_interfaces': CMAKE_PREFIX_PATH=${CMAKE_PREFIX_PATH}:/opt/ros/humble /usr/bin/cmake --build /home/tkdals/robot_ws/build/tutorial_interfaces -- -j20 -l20
[0.054s] [ 10%] Built target tutorial_interfaces__rosidl_generator_c
[0.054s] [ 12%] Built target tutorial_interfaces__cpp
[0.067s] [ 12%] Built target ament_cmake_python_copy_tutorial_interfaces
[0.073s] [ 23%] Built target tutorial_interfaces__rosidl_typesupport_introspection_c
[0.075s] [ 33%] Built target tutorial_interfaces__rosidl_typesupport_c
[0.079s] [ 43%] Built target tutorial_interfaces__rosidl_typesupport_introspection_cpp
[0.079s] [ 53%] Built target tutorial_interfaces__rosidl_typesupport_fastrtps_c
[0.087s] [ 64%] Built target tutorial_interfaces__rosidl_typesupport_cpp
[0.092s] [ 74%] Built target tutorial_interfaces__rosidl_typesupport_fastrtps_cpp
[0.111s] [ 74%] Built target tutorial_interfaces
[0.129s] [ 76%] Built target tutorial_interfaces__py
[0.147s] [ 84%] Built target tutorial_interfaces__rosidl_generator_py
[0.162s] [ 89%] Built target tutorial_interfaces__rosidl_typesupport_c__pyext
[0.165s] [ 94%] Built target tutorial_interfaces__rosidl_typesupport_fastrtps_c__pyext
[0.167s] [100%] Built target tutorial_interfaces__rosidl_typesupport_introspection_c__pyext
[0.220s] running egg_info
[0.221s] writing tutorial_interfaces.egg-info/PKG-INFO
[0.221s] writing dependency_links to tutorial_interfaces.egg-info/dependency_links.txt
[0.221s] writing top-level names to tutorial_interfaces.egg-info/top_level.txt
[0.223s] reading manifest file 'tutorial_interfaces.egg-info/SOURCES.txt'
[0.223s] writing manifest file 'tutorial_interfaces.egg-info/SOURCES.txt'
[0.241s] [100%] Built target ament_cmake_python_build_tutorial_interfaces_egg
[0.250s] Invoked command in '/home/tkdals/robot_ws/build/tutorial_interfaces' returned '0': CMAKE_PREFIX_PATH=${CMAKE_PREFIX_PATH}:/opt/ros/humble /usr/bin/cmake --build /home/tkdals/robot_ws/build/tutorial_interfaces -- -j20 -l20
