[0.008s] Invoking command in '/home/tkdals/robot_ws/build/homework2_2_pkg': CMAKE_PREFIX_PATH=/home/tkdals/robot_ws/install/tutorial_interfaces:/home/tkdals/robot_ws/install/homework2_2_pkg:/home/tkdals/robot_ws/install/homework1_pkg:/home/tkdals/robot_ws/install/ex_client_server_pkg:/opt/ros/humble /usr/bin/cmake --build /home/tkdals/robot_ws/build/homework2_2_pkg -- -j20 -l20
[0.054s] [35m[1mConsolidate compiler generated dependencies of target client[0m
[0.069s] [ 33%] Built target final_server
[0.071s] [ 50%] [32mBuilding CXX object CMakeFiles/server.dir/src/homework2_2_pkg_server.cpp.o[0m
[0.072s] [ 66%] [32mBuilding CXX object CMakeFiles/client.dir/src/homework2_2_pkg_client.cpp.o[0m
[1.447s] [01m[K/home/tkdals/robot_ws/src/homework2_2_pkg/src/homework2_2_pkg_client.cpp:[m[K In member function ‘[01m[Kvoid ClientNode::Send(int64_t)[m[K’:
[1.448s] [01m[K/home/tkdals/robot_ws/src/homework2_2_pkg/src/homework2_2_pkg_client.cpp:28:28:[m[K [01;31m[Kerror: [m[K‘[01m[Kusing element_type = class rclcpp::Client<tutorial_interfaces::srv::Plus>[m[K’ {aka ‘[01m[Kclass rclcpp::Client<tutorial_interfaces::srv::Plus>[m[K’} has no member named ‘[01m[KSend[m[K’
[1.448s]    28 |     auto future = client_->[01;31m[KSend[m[K(request,
[1.448s]       |                            [01;31m[K^~~~[m[K
[1.466s] [01m[K/home/tkdals/robot_ws/src/homework2_2_pkg/src/homework2_2_pkg_server.cpp:[m[K In member function ‘[01m[Kvoid Server::Callback(std::shared_ptr<tutorial_interfaces::srv::Plus_Request_<std::allocator<void> > >, std::shared_ptr<tutorial_interfaces::srv::Plus_Response_<std::allocator<void> > >)[m[K’:
[1.466s] [01m[K/home/tkdals/robot_ws/src/homework2_2_pkg/src/homework2_2_pkg_server.cpp:27:28:[m[K [01;31m[Kerror: [m[K‘[01m[Kusing element_type = class rclcpp::Client<tutorial_interfaces::srv::Plus2>[m[K’ {aka ‘[01m[Kclass rclcpp::Client<tutorial_interfaces::srv::Plus2>[m[K’} has no member named ‘[01m[KSend[m[K’
[1.466s]    27 |     auto future = client_->[01;31m[KSend[m[K(server2_request,
[1.466s]       |                            [01;31m[K^~~~[m[K
[1.774s] gmake[2]: *** [CMakeFiles/client.dir/build.make:76: CMakeFiles/client.dir/src/homework2_2_pkg_client.cpp.o] Error 1
[1.774s] gmake[1]: *** [CMakeFiles/Makefile2:167: CMakeFiles/client.dir/all] Error 2
[1.774s] gmake[1]: *** Waiting for unfinished jobs....
[1.891s] gmake[2]: *** [CMakeFiles/server.dir/build.make:76: CMakeFiles/server.dir/src/homework2_2_pkg_server.cpp.o] Error 1
[1.891s] gmake[1]: *** [CMakeFiles/Makefile2:141: CMakeFiles/server.dir/all] Error 2
[1.891s] gmake: *** [Makefile:146: all] Error 2
[1.893s] Invoked command in '/home/tkdals/robot_ws/build/homework2_2_pkg' returned '2': CMAKE_PREFIX_PATH=/home/tkdals/robot_ws/install/tutorial_interfaces:/home/tkdals/robot_ws/install/homework2_2_pkg:/home/tkdals/robot_ws/install/homework1_pkg:/home/tkdals/robot_ws/install/ex_client_server_pkg:/opt/ros/humble /usr/bin/cmake --build /home/tkdals/robot_ws/build/homework2_2_pkg -- -j20 -l20
