[0.011s] Invoking command in '/home/tkdals/robot_ws/build/tutorial_interfaces': CMAKE_PREFIX_PATH=/home/tkdals/robot_ws/install/homework2_2_pkg:/home/tkdals/robot_ws/install/tutorial_interfaces:/home/tkdals/robot_ws/install/homework3_pkg:/home/tkdals/robot_ws/install/homework1_pkg:/home/tkdals/robot_ws/install/ex_client_server_pkg:/opt/ros/humble:/home/tkdals/robot_ws/install/dynamixel_sdk /usr/bin/cmake --build /home/tkdals/robot_ws/build/tutorial_interfaces -- -j20 -l20
[0.064s] [ 10%] Built target tutorial_interfaces__rosidl_generator_c
[0.065s] [ 12%] Built target tutorial_interfaces__cpp
[0.074s] [ 12%] Built target ament_cmake_python_copy_tutorial_interfaces
[0.097s] [ 23%] Built target tutorial_interfaces__rosidl_typesupport_introspection_c
[0.098s] [ 33%] Built target tutorial_interfaces__rosidl_typesupport_fastrtps_c
[0.100s] [ 43%] Built target tutorial_interfaces__rosidl_typesupport_introspection_cpp
[0.102s] [ 53%] Built target tutorial_interfaces__rosidl_typesupport_c
[0.106s] [ 64%] Built target tutorial_interfaces__rosidl_typesupport_fastrtps_cpp
[0.107s] [ 74%] Built target tutorial_interfaces__rosidl_typesupport_cpp
[0.120s] [ 74%] Built target tutorial_interfaces
[0.138s] [ 76%] Built target tutorial_interfaces__py
[0.158s] [ 84%] Built target tutorial_interfaces__rosidl_generator_py
[0.178s] [ 92%] Built target tutorial_interfaces__rosidl_typesupport_c__pyext
[0.178s] [ 94%] Built target tutorial_interfaces__rosidl_typesupport_fastrtps_c__pyext
[0.179s] [100%] Built target tutorial_interfaces__rosidl_typesupport_introspection_c__pyext
[0.234s] running egg_info
[0.234s] writing tutorial_interfaces.egg-info/PKG-INFO
[0.235s] writing dependency_links to tutorial_interfaces.egg-info/dependency_links.txt
[0.235s] writing top-level names to tutorial_interfaces.egg-info/top_level.txt
[0.237s] reading manifest file 'tutorial_interfaces.egg-info/SOURCES.txt'
[0.237s] writing manifest file 'tutorial_interfaces.egg-info/SOURCES.txt'
[0.253s] [100%] Built target ament_cmake_python_build_tutorial_interfaces_egg
[0.261s] Invoked command in '/home/tkdals/robot_ws/build/tutorial_interfaces' returned '0': CMAKE_PREFIX_PATH=/home/tkdals/robot_ws/install/homework2_2_pkg:/home/tkdals/robot_ws/install/tutorial_interfaces:/home/tkdals/robot_ws/install/homework3_pkg:/home/tkdals/robot_ws/install/homework1_pkg:/home/tkdals/robot_ws/install/ex_client_server_pkg:/opt/ros/humble:/home/tkdals/robot_ws/install/dynamixel_sdk /usr/bin/cmake --build /home/tkdals/robot_ws/build/tutorial_interfaces -- -j20 -l20
[0.332s] Invoking command in '/home/tkdals/robot_ws/build/tutorial_interfaces': CMAKE_PREFIX_PATH=/home/tkdals/robot_ws/install/homework2_2_pkg:/home/tkdals/robot_ws/install/tutorial_interfaces:/home/tkdals/robot_ws/install/homework3_pkg:/home/tkdals/robot_ws/install/homework1_pkg:/home/tkdals/robot_ws/install/ex_client_server_pkg:/opt/ros/humble:/home/tkdals/robot_ws/install/dynamixel_sdk /usr/bin/cmake --install /home/tkdals/robot_ws/build/tutorial_interfaces
[0.337s] -- Install configuration: ""
[0.337s] -- Up-to-date: /home/tkdals/robot_ws/install/tutorial_interfaces/share/ament_index/resource_index/rosidl_interfaces/tutorial_interfaces
[0.337s] -- Up-to-date: /home/tkdals/robot_ws/install/tutorial_interfaces/include/tutorial_interfaces/tutorial_interfaces
[0.337s] -- Up-to-date: /home/tkdals/robot_ws/install/tutorial_interfaces/include/tutorial_interfaces/tutorial_interfaces/msg
[0.337s] -- Up-to-date: /home/tkdals/robot_ws/install/tutorial_interfaces/include/tutorial_interfaces/tutorial_interfaces/msg/rosidl_generator_c__visibility_control.h
[0.337s] -- Up-to-date: /home/tkdals/robot_ws/install/tutorial_interfaces/include/tutorial_interfaces/tutorial_interfaces/srv
[0.337s] -- Up-to-date: /home/tkdals/robot_ws/install/tutorial_interfaces/include/tutorial_interfaces/tutorial_interfaces/srv/detail
[0.337s] -- Up-to-date: /home/tkdals/robot_ws/install/tutorial_interfaces/include/tutorial_interfaces/tutorial_interfaces/srv/detail/plus2__type_support.h
[0.337s] -- Up-to-date: /home/tkdals/robot_ws/install/tutorial_interfaces/include/tutorial_interfaces/tutorial_interfaces/srv/detail/plus2__struct.h
[0.337s] -- Up-to-date: /home/tkdals/robot_ws/install/tutorial_interfaces/include/tutorial_interfaces/tutorial_interfaces/srv/detail/plus__functions.h
[0.337s] -- Up-to-date: /home/tkdals/robot_ws/install/tutorial_interfaces/include/tutorial_interfaces/tutorial_interfaces/srv/detail/plus__struct.h
[0.338s] -- Up-to-date: /home/tkdals/robot_ws/install/tutorial_interfaces/include/tutorial_interfaces/tutorial_interfaces/srv/detail/plus2__functions.h
[0.338s] -- Up-to-date: /home/tkdals/robot_ws/install/tutorial_interfaces/include/tutorial_interfaces/tutorial_interfaces/srv/detail/plus2__functions.c
[0.338s] -- Up-to-date: /home/tkdals/robot_ws/install/tutorial_interfaces/include/tutorial_interfaces/tutorial_interfaces/srv/detail/plus__functions.c
[0.338s] -- Up-to-date: /home/tkdals/robot_ws/install/tutorial_interfaces/include/tutorial_interfaces/tutorial_interfaces/srv/detail/plus__type_support.h
[0.338s] -- Up-to-date: /home/tkdals/robot_ws/install/tutorial_interfaces/include/tutorial_interfaces/tutorial_interfaces/srv/plus2.h
[0.338s] -- Up-to-date: /home/tkdals/robot_ws/install/tutorial_interfaces/include/tutorial_interfaces/tutorial_interfaces/srv/plus.h
[0.338s] -- Up-to-date: /home/tkdals/robot_ws/install/tutorial_interfaces/share/tutorial_interfaces/environment/library_path.sh
[0.338s] -- Up-to-date: /home/tkdals/robot_ws/install/tutorial_interfaces/share/tutorial_interfaces/environment/library_path.dsv
[0.338s] -- Up-to-date: /home/tkdals/robot_ws/install/tutorial_interfaces/lib/libtutorial_interfaces__rosidl_generator_c.so
[0.338s] -- Up-to-date: /home/tkdals/robot_ws/install/tutorial_interfaces/include/tutorial_interfaces/tutorial_interfaces
[0.338s] -- Up-to-date: /home/tkdals/robot_ws/install/tutorial_interfaces/include/tutorial_interfaces/tutorial_interfaces/msg
[0.338s] -- Up-to-date: /home/tkdals/robot_ws/install/tutorial_interfaces/include/tutorial_interfaces/tutorial_interfaces/msg/rosidl_typesupport_fastrtps_c__visibility_control.h
[0.338s] -- Up-to-date: /home/tkdals/robot_ws/install/tutorial_interfaces/include/tutorial_interfaces/tutorial_interfaces/srv
[0.338s] -- Up-to-date: /home/tkdals/robot_ws/install/tutorial_interfaces/include/tutorial_interfaces/tutorial_interfaces/srv/detail
[0.338s] -- Up-to-date: /home/tkdals/robot_ws/install/tutorial_interfaces/include/tutorial_interfaces/tutorial_interfaces/srv/detail/plus2__rosidl_typesupport_fastrtps_c.h
[0.338s] -- Up-to-date: /home/tkdals/robot_ws/install/tutorial_interfaces/include/tutorial_interfaces/tutorial_interfaces/srv/detail/plus__rosidl_typesupport_fastrtps_c.h
[0.338s] -- Up-to-date: /home/tkdals/robot_ws/install/tutorial_interfaces/lib/libtutorial_interfaces__rosidl_typesupport_fastrtps_c.so
[0.338s] -- Up-to-date: /home/tkdals/robot_ws/install/tutorial_interfaces/include/tutorial_interfaces/tutorial_interfaces
[0.338s] -- Up-to-date: /home/tkdals/robot_ws/install/tutorial_interfaces/include/tutorial_interfaces/tutorial_interfaces/srv
[0.338s] -- Up-to-date: /home/tkdals/robot_ws/install/tutorial_interfaces/include/tutorial_interfaces/tutorial_interfaces/srv/detail
[0.338s] -- Up-to-date: /home/tkdals/robot_ws/install/tutorial_interfaces/include/tutorial_interfaces/tutorial_interfaces/srv/detail/plus2__builder.hpp
[0.338s] -- Up-to-date: /home/tkdals/robot_ws/install/tutorial_interfaces/include/tutorial_interfaces/tutorial_interfaces/srv/detail/plus2__traits.hpp
[0.338s] -- Up-to-date: /home/tkdals/robot_ws/install/tutorial_interfaces/include/tutorial_interfaces/tutorial_interfaces/srv/detail/plus2__struct.hpp
[0.338s] -- Up-to-date: /home/tkdals/robot_ws/install/tutorial_interfaces/include/tutorial_interfaces/tutorial_interfaces/srv/detail/plus__traits.hpp
[0.338s] -- Up-to-date: /home/tkdals/robot_ws/install/tutorial_interfaces/include/tutorial_interfaces/tutorial_interfaces/srv/detail/plus__builder.hpp
[0.338s] -- Up-to-date: /home/tkdals/robot_ws/install/tutorial_interfaces/include/tutorial_interfaces/tutorial_interfaces/srv/detail/plus__struct.hpp
[0.338s] -- Up-to-date: /home/tkdals/robot_ws/install/tutorial_interfaces/include/tutorial_interfaces/tutorial_interfaces/srv/plus.hpp
[0.339s] -- Up-to-date: /home/tkdals/robot_ws/install/tutorial_interfaces/include/tutorial_interfaces/tutorial_interfaces/srv/plus2.hpp
[0.339s] -- Up-to-date: /home/tkdals/robot_ws/install/tutorial_interfaces/include/tutorial_interfaces/tutorial_interfaces
[0.339s] -- Up-to-date: /home/tkdals/robot_ws/install/tutorial_interfaces/include/tutorial_interfaces/tutorial_interfaces/msg
[0.339s] -- Up-to-date: /home/tkdals/robot_ws/install/tutorial_interfaces/include/tutorial_interfaces/tutorial_interfaces/msg/rosidl_typesupport_fastrtps_cpp__visibility_control.h
[0.339s] -- Up-to-date: /home/tkdals/robot_ws/install/tutorial_interfaces/include/tutorial_interfaces/tutorial_interfaces/srv
[0.339s] -- Up-to-date: /home/tkdals/robot_ws/install/tutorial_interfaces/include/tutorial_interfaces/tutorial_interfaces/srv/detail
[0.339s] -- Up-to-date: /home/tkdals/robot_ws/install/tutorial_interfaces/include/tutorial_interfaces/tutorial_interfaces/srv/detail/plus2__rosidl_typesupport_fastrtps_cpp.hpp
[0.339s] -- Up-to-date: /home/tkdals/robot_ws/install/tutorial_interfaces/include/tutorial_interfaces/tutorial_interfaces/srv/detail/plus__rosidl_typesupport_fastrtps_cpp.hpp
[0.339s] -- Up-to-date: /home/tkdals/robot_ws/install/tutorial_interfaces/include/tutorial_interfaces/tutorial_interfaces/srv/detail/dds_fastrtps
[0.339s] -- Up-to-date: /home/tkdals/robot_ws/install/tutorial_interfaces/lib/libtutorial_interfaces__rosidl_typesupport_fastrtps_cpp.so
[0.339s] -- Up-to-date: /home/tkdals/robot_ws/install/tutorial_interfaces/include/tutorial_interfaces/tutorial_interfaces
[0.339s] -- Up-to-date: /home/tkdals/robot_ws/install/tutorial_interfaces/include/tutorial_interfaces/tutorial_interfaces/msg
[0.339s] -- Up-to-date: /home/tkdals/robot_ws/install/tutorial_interfaces/include/tutorial_interfaces/tutorial_interfaces/msg/rosidl_typesupport_introspection_c__visibility_control.h
[0.339s] -- Up-to-date: /home/tkdals/robot_ws/install/tutorial_interfaces/include/tutorial_interfaces/tutorial_interfaces/srv
[0.339s] -- Up-to-date: /home/tkdals/robot_ws/install/tutorial_interfaces/include/tutorial_interfaces/tutorial_interfaces/srv/detail
[0.339s] -- Up-to-date: /home/tkdals/robot_ws/install/tutorial_interfaces/include/tutorial_interfaces/tutorial_interfaces/srv/detail/plus__rosidl_typesupport_introspection_c.h
[0.339s] -- Up-to-date: /home/tkdals/robot_ws/install/tutorial_interfaces/include/tutorial_interfaces/tutorial_interfaces/srv/detail/plus2__rosidl_typesupport_introspection_c.h
[0.339s] -- Up-to-date: /home/tkdals/robot_ws/install/tutorial_interfaces/include/tutorial_interfaces/tutorial_interfaces/srv/detail/plus__type_support.c
[0.339s] -- Up-to-date: /home/tkdals/robot_ws/install/tutorial_interfaces/include/tutorial_interfaces/tutorial_interfaces/srv/detail/plus2__type_support.c
[0.339s] -- Up-to-date: /home/tkdals/robot_ws/install/tutorial_interfaces/lib/libtutorial_interfaces__rosidl_typesupport_introspection_c.so
[0.339s] -- Up-to-date: /home/tkdals/robot_ws/install/tutorial_interfaces/lib/libtutorial_interfaces__rosidl_typesupport_c.so
[0.339s] -- Up-to-date: /home/tkdals/robot_ws/install/tutorial_interfaces/include/tutorial_interfaces/tutorial_interfaces
[0.339s] -- Up-to-date: /home/tkdals/robot_ws/install/tutorial_interfaces/include/tutorial_interfaces/tutorial_interfaces/srv
[0.339s] -- Up-to-date: /home/tkdals/robot_ws/install/tutorial_interfaces/include/tutorial_interfaces/tutorial_interfaces/srv/detail
[0.339s] -- Up-to-date: /home/tkdals/robot_ws/install/tutorial_interfaces/include/tutorial_interfaces/tutorial_interfaces/srv/detail/plus2__rosidl_typesupport_introspection_cpp.hpp
[0.339s] -- Up-to-date: /home/tkdals/robot_ws/install/tutorial_interfaces/include/tutorial_interfaces/tutorial_interfaces/srv/detail/plus__rosidl_typesupport_introspection_cpp.hpp
[0.340s] -- Up-to-date: /home/tkdals/robot_ws/install/tutorial_interfaces/include/tutorial_interfaces/tutorial_interfaces/srv/detail/plus2__type_support.cpp
[0.340s] -- Up-to-date: /home/tkdals/robot_ws/install/tutorial_interfaces/include/tutorial_interfaces/tutorial_interfaces/srv/detail/plus__type_support.cpp
[0.340s] -- Up-to-date: /home/tkdals/robot_ws/install/tutorial_interfaces/lib/libtutorial_interfaces__rosidl_typesupport_introspection_cpp.so
[0.340s] -- Up-to-date: /home/tkdals/robot_ws/install/tutorial_interfaces/lib/libtutorial_interfaces__rosidl_typesupport_cpp.so
[0.340s] -- Up-to-date: /home/tkdals/robot_ws/install/tutorial_interfaces/share/tutorial_interfaces/environment/pythonpath.sh
[0.340s] -- Up-to-date: /home/tkdals/robot_ws/install/tutorial_interfaces/share/tutorial_interfaces/environment/pythonpath.dsv
[0.340s] -- Up-to-date: /home/tkdals/robot_ws/install/tutorial_interfaces/local/lib/python3.10/dist-packages/tutorial_interfaces-0.0.0-py3.10.egg-info
[0.340s] -- Installing: /home/tkdals/robot_ws/install/tutorial_interfaces/local/lib/python3.10/dist-packages/tutorial_interfaces-0.0.0-py3.10.egg-info/PKG-INFO
[0.340s] -- Installing: /home/tkdals/robot_ws/install/tutorial_interfaces/local/lib/python3.10/dist-packages/tutorial_interfaces-0.0.0-py3.10.egg-info/dependency_links.txt
[0.340s] -- Installing: /home/tkdals/robot_ws/install/tutorial_interfaces/local/lib/python3.10/dist-packages/tutorial_interfaces-0.0.0-py3.10.egg-info/top_level.txt
[0.340s] -- Installing: /home/tkdals/robot_ws/install/tutorial_interfaces/local/lib/python3.10/dist-packages/tutorial_interfaces-0.0.0-py3.10.egg-info/SOURCES.txt
[0.340s] -- Up-to-date: /home/tkdals/robot_ws/install/tutorial_interfaces/local/lib/python3.10/dist-packages/tutorial_interfaces
[0.340s] -- Up-to-date: /home/tkdals/robot_ws/install/tutorial_interfaces/local/lib/python3.10/dist-packages/tutorial_interfaces/tutorial_interfaces_s__rosidl_typesupport_introspection_c.cpython-310-x86_64-linux-gnu.so
[0.340s] -- Up-to-date: /home/tkdals/robot_ws/install/tutorial_interfaces/local/lib/python3.10/dist-packages/tutorial_interfaces/libtutorial_interfaces__rosidl_generator_py.so
[0.340s] -- Up-to-date: /home/tkdals/robot_ws/install/tutorial_interfaces/local/lib/python3.10/dist-packages/tutorial_interfaces/tutorial_interfaces_s__rosidl_typesupport_fastrtps_c.cpython-310-x86_64-linux-gnu.so
[0.340s] -- Up-to-date: /home/tkdals/robot_ws/install/tutorial_interfaces/local/lib/python3.10/dist-packages/tutorial_interfaces/_tutorial_interfaces_s.ep.rosidl_typesupport_fastrtps_c.c
[0.340s] -- Up-to-date: /home/tkdals/robot_ws/install/tutorial_interfaces/local/lib/python3.10/dist-packages/tutorial_interfaces/__init__.py
[0.340s] -- Up-to-date: /home/tkdals/robot_ws/install/tutorial_interfaces/local/lib/python3.10/dist-packages/tutorial_interfaces/_tutorial_interfaces_s.ep.rosidl_typesupport_introspection_c.c
[0.340s] -- Up-to-date: /home/tkdals/robot_ws/install/tutorial_interfaces/local/lib/python3.10/dist-packages/tutorial_interfaces/_tutorial_interfaces_s.ep.rosidl_typesupport_c.c
[0.340s] -- Up-to-date: /home/tkdals/robot_ws/install/tutorial_interfaces/local/lib/python3.10/dist-packages/tutorial_interfaces/tutorial_interfaces_s__rosidl_typesupport_c.cpython-310-x86_64-linux-gnu.so
[0.340s] -- Up-to-date: /home/tkdals/robot_ws/install/tutorial_interfaces/local/lib/python3.10/dist-packages/tutorial_interfaces/srv
[0.340s] -- Up-to-date: /home/tkdals/robot_ws/install/tutorial_interfaces/local/lib/python3.10/dist-packages/tutorial_interfaces/srv/_plus2.py
[0.340s] -- Up-to-date: /home/tkdals/robot_ws/install/tutorial_interfaces/local/lib/python3.10/dist-packages/tutorial_interfaces/srv/_plus.py
[0.340s] -- Up-to-date: /home/tkdals/robot_ws/install/tutorial_interfaces/local/lib/python3.10/dist-packages/tutorial_interfaces/srv/_plus2_s.c
[0.340s] -- Up-to-date: /home/tkdals/robot_ws/install/tutorial_interfaces/local/lib/python3.10/dist-packages/tutorial_interfaces/srv/__init__.py
[0.340s] -- Up-to-date: /home/tkdals/robot_ws/install/tutorial_interfaces/local/lib/python3.10/dist-packages/tutorial_interfaces/srv/_plus_s.c
[0.364s] Listing '/home/tkdals/robot_ws/install/tutorial_interfaces/local/lib/python3.10/dist-packages/tutorial_interfaces'...
[0.364s] Listing '/home/tkdals/robot_ws/install/tutorial_interfaces/local/lib/python3.10/dist-packages/tutorial_interfaces/srv'...
[0.366s] -- Up-to-date: /home/tkdals/robot_ws/install/tutorial_interfaces/local/lib/python3.10/dist-packages/tutorial_interfaces/tutorial_interfaces_s__rosidl_typesupport_fastrtps_c.cpython-310-x86_64-linux-gnu.so
[0.366s] -- Up-to-date: /home/tkdals/robot_ws/install/tutorial_interfaces/local/lib/python3.10/dist-packages/tutorial_interfaces/tutorial_interfaces_s__rosidl_typesupport_introspection_c.cpython-310-x86_64-linux-gnu.so
[0.366s] -- Up-to-date: /home/tkdals/robot_ws/install/tutorial_interfaces/local/lib/python3.10/dist-packages/tutorial_interfaces/tutorial_interfaces_s__rosidl_typesupport_c.cpython-310-x86_64-linux-gnu.so
[0.367s] -- Up-to-date: /home/tkdals/robot_ws/install/tutorial_interfaces/lib/libtutorial_interfaces__rosidl_generator_py.so
[0.367s] -- Up-to-date: /home/tkdals/robot_ws/install/tutorial_interfaces/share/tutorial_interfaces/srv/Plus.idl
[0.367s] -- Up-to-date: /home/tkdals/robot_ws/install/tutorial_interfaces/share/tutorial_interfaces/srv/Plus2.idl
[0.367s] -- Up-to-date: /home/tkdals/robot_ws/install/tutorial_interfaces/share/tutorial_interfaces/srv/Plus.srv
[0.367s] -- Up-to-date: /home/tkdals/robot_ws/install/tutorial_interfaces/share/tutorial_interfaces/srv/Plus_Request.msg
[0.367s] -- Up-to-date: /home/tkdals/robot_ws/install/tutorial_interfaces/share/tutorial_interfaces/srv/Plus_Response.msg
[0.367s] -- Up-to-date: /home/tkdals/robot_ws/install/tutorial_interfaces/share/tutorial_interfaces/srv/Plus2.srv
[0.367s] -- Up-to-date: /home/tkdals/robot_ws/install/tutorial_interfaces/share/tutorial_interfaces/srv/Plus2_Request.msg
[0.367s] -- Up-to-date: /home/tkdals/robot_ws/install/tutorial_interfaces/share/tutorial_interfaces/srv/Plus2_Response.msg
[0.367s] -- Up-to-date: /home/tkdals/robot_ws/install/tutorial_interfaces/share/ament_index/resource_index/package_run_dependencies/tutorial_interfaces
[0.367s] -- Up-to-date: /home/tkdals/robot_ws/install/tutorial_interfaces/share/ament_index/resource_index/parent_prefix_path/tutorial_interfaces
[0.367s] -- Up-to-date: /home/tkdals/robot_ws/install/tutorial_interfaces/share/tutorial_interfaces/environment/ament_prefix_path.sh
[0.367s] -- Up-to-date: /home/tkdals/robot_ws/install/tutorial_interfaces/share/tutorial_interfaces/environment/ament_prefix_path.dsv
[0.367s] -- Up-to-date: /home/tkdals/robot_ws/install/tutorial_interfaces/share/tutorial_interfaces/environment/path.sh
[0.367s] -- Up-to-date: /home/tkdals/robot_ws/install/tutorial_interfaces/share/tutorial_interfaces/environment/path.dsv
[0.367s] -- Up-to-date: /home/tkdals/robot_ws/install/tutorial_interfaces/share/tutorial_interfaces/local_setup.bash
[0.368s] -- Up-to-date: /home/tkdals/robot_ws/install/tutorial_interfaces/share/tutorial_interfaces/local_setup.sh
[0.368s] -- Up-to-date: /home/tkdals/robot_ws/install/tutorial_interfaces/share/tutorial_interfaces/local_setup.zsh
[0.368s] -- Up-to-date: /home/tkdals/robot_ws/install/tutorial_interfaces/share/tutorial_interfaces/local_setup.dsv
[0.368s] -- Installing: /home/tkdals/robot_ws/install/tutorial_interfaces/share/tutorial_interfaces/package.dsv
[0.368s] -- Up-to-date: /home/tkdals/robot_ws/install/tutorial_interfaces/share/ament_index/resource_index/packages/tutorial_interfaces
[0.368s] -- Up-to-date: /home/tkdals/robot_ws/install/tutorial_interfaces/share/tutorial_interfaces/cmake/export_tutorial_interfaces__rosidl_generator_cExport.cmake
[0.368s] -- Up-to-date: /home/tkdals/robot_ws/install/tutorial_interfaces/share/tutorial_interfaces/cmake/export_tutorial_interfaces__rosidl_generator_cExport-noconfig.cmake
[0.368s] -- Up-to-date: /home/tkdals/robot_ws/install/tutorial_interfaces/share/tutorial_interfaces/cmake/export_tutorial_interfaces__rosidl_typesupport_fastrtps_cExport.cmake
[0.368s] -- Up-to-date: /home/tkdals/robot_ws/install/tutorial_interfaces/share/tutorial_interfaces/cmake/export_tutorial_interfaces__rosidl_typesupport_fastrtps_cExport-noconfig.cmake
[0.368s] -- Up-to-date: /home/tkdals/robot_ws/install/tutorial_interfaces/share/tutorial_interfaces/cmake/export_tutorial_interfaces__rosidl_generator_cppExport.cmake
[0.368s] -- Up-to-date: /home/tkdals/robot_ws/install/tutorial_interfaces/share/tutorial_interfaces/cmake/export_tutorial_interfaces__rosidl_typesupport_fastrtps_cppExport.cmake
[0.368s] -- Up-to-date: /home/tkdals/robot_ws/install/tutorial_interfaces/share/tutorial_interfaces/cmake/export_tutorial_interfaces__rosidl_typesupport_fastrtps_cppExport-noconfig.cmake
[0.368s] -- Up-to-date: /home/tkdals/robot_ws/install/tutorial_interfaces/share/tutorial_interfaces/cmake/tutorial_interfaces__rosidl_typesupport_introspection_cExport.cmake
[0.368s] -- Up-to-date: /home/tkdals/robot_ws/install/tutorial_interfaces/share/tutorial_interfaces/cmake/tutorial_interfaces__rosidl_typesupport_introspection_cExport-noconfig.cmake
[0.368s] -- Up-to-date: /home/tkdals/robot_ws/install/tutorial_interfaces/share/tutorial_interfaces/cmake/tutorial_interfaces__rosidl_typesupport_cExport.cmake
[0.368s] -- Up-to-date: /home/tkdals/robot_ws/install/tutorial_interfaces/share/tutorial_interfaces/cmake/tutorial_interfaces__rosidl_typesupport_cExport-noconfig.cmake
[0.368s] -- Up-to-date: /home/tkdals/robot_ws/install/tutorial_interfaces/share/tutorial_interfaces/cmake/tutorial_interfaces__rosidl_typesupport_introspection_cppExport.cmake
[0.368s] -- Up-to-date: /home/tkdals/robot_ws/install/tutorial_interfaces/share/tutorial_interfaces/cmake/tutorial_interfaces__rosidl_typesupport_introspection_cppExport-noconfig.cmake
[0.368s] -- Up-to-date: /home/tkdals/robot_ws/install/tutorial_interfaces/share/tutorial_interfaces/cmake/tutorial_interfaces__rosidl_typesupport_cppExport.cmake
[0.368s] -- Up-to-date: /home/tkdals/robot_ws/install/tutorial_interfaces/share/tutorial_interfaces/cmake/tutorial_interfaces__rosidl_typesupport_cppExport-noconfig.cmake
[0.368s] -- Up-to-date: /home/tkdals/robot_ws/install/tutorial_interfaces/share/tutorial_interfaces/cmake/export_tutorial_interfaces__rosidl_generator_pyExport.cmake
[0.368s] -- Up-to-date: /home/tkdals/robot_ws/install/tutorial_interfaces/share/tutorial_interfaces/cmake/export_tutorial_interfaces__rosidl_generator_pyExport-noconfig.cmake
[0.368s] -- Up-to-date: /home/tkdals/robot_ws/install/tutorial_interfaces/share/tutorial_interfaces/cmake/rosidl_cmake-extras.cmake
[0.368s] -- Up-to-date: /home/tkdals/robot_ws/install/tutorial_interfaces/share/tutorial_interfaces/cmake/ament_cmake_export_dependencies-extras.cmake
[0.368s] -- Up-to-date: /home/tkdals/robot_ws/install/tutorial_interfaces/share/tutorial_interfaces/cmake/ament_cmake_export_include_directories-extras.cmake
[0.368s] -- Up-to-date: /home/tkdals/robot_ws/install/tutorial_interfaces/share/tutorial_interfaces/cmake/ament_cmake_export_libraries-extras.cmake
[0.368s] -- Up-to-date: /home/tkdals/robot_ws/install/tutorial_interfaces/share/tutorial_interfaces/cmake/ament_cmake_export_targets-extras.cmake
[0.368s] -- Up-to-date: /home/tkdals/robot_ws/install/tutorial_interfaces/share/tutorial_interfaces/cmake/rosidl_cmake_export_typesupport_targets-extras.cmake
[0.368s] -- Up-to-date: /home/tkdals/robot_ws/install/tutorial_interfaces/share/tutorial_interfaces/cmake/rosidl_cmake_export_typesupport_libraries-extras.cmake
[0.368s] -- Up-to-date: /home/tkdals/robot_ws/install/tutorial_interfaces/share/tutorial_interfaces/cmake/tutorial_interfacesConfig.cmake
[0.368s] -- Up-to-date: /home/tkdals/robot_ws/install/tutorial_interfaces/share/tutorial_interfaces/cmake/tutorial_interfacesConfig-version.cmake
[0.368s] -- Up-to-date: /home/tkdals/robot_ws/install/tutorial_interfaces/share/tutorial_interfaces/package.xml
[0.369s] Invoked command in '/home/tkdals/robot_ws/build/tutorial_interfaces' returned '0': CMAKE_PREFIX_PATH=/home/tkdals/robot_ws/install/homework2_2_pkg:/home/tkdals/robot_ws/install/tutorial_interfaces:/home/tkdals/robot_ws/install/homework3_pkg:/home/tkdals/robot_ws/install/homework1_pkg:/home/tkdals/robot_ws/install/ex_client_server_pkg:/opt/ros/humble:/home/tkdals/robot_ws/install/dynamixel_sdk /usr/bin/cmake --install /home/tkdals/robot_ws/build/tutorial_interfaces
