-- Found ament_cmake: 1.3.10 (/opt/ros/humble/share/ament_cmake/cmake)
-- Found rclcpp: 16.0.10 (/opt/ros/humble/share/rclcpp/cmake)
-- Found rosidl_generator_c: 3.1.5 (/opt/ros/humble/share/rosidl_generator_c/cmake)
-- Found rosidl_adapter: 3.1.5 (/opt/ros/humble/share/rosidl_adapter/cmake)
-- Found rosidl_generator_cpp: 3.1.5 (/opt/ros/humble/share/rosidl_generator_cpp/cmake)
-- Using all available rosidl_typesupport_c: rosidl_typesupport_fastrtps_c;rosidl_typesupport_introspection_c
-- Using all available rosidl_typesupport_cpp: rosidl_typesupport_fastrtps_cpp;rosidl_typesupport_introspection_cpp
-- Found rmw_implementation_cmake: 6.1.2 (/opt/ros/humble/share/rmw_implementation_cmake/cmake)
-- Found rmw_fastrtps_cpp: 6.2.7 (/opt/ros/humble/share/rmw_fastrtps_cpp/cmake)
-- Using RMW implementation 'rmw_fastrtps_cpp' as default
-- Found tutorial_interfaces: 0.0.0 (/home/tkdals/robot_ws/install/tutorial_interfaces/share/tutorial_interfaces/cmake)
-- Configuring done
-- Generating done
-- Build files have been written to: /home/tkdals/robot_ws/build/homework2_2_pkg
[35m[1mConsolidate compiler generated dependencies of target final_server[0m
[35m[1mConsolidate compiler generated dependencies of target client[0m
[35m[1mConsolidate compiler generated dependencies of target server[0m
[ 33%] Built target final_server
[ 50%] [32mBuilding CXX object CMakeFiles/client.dir/src/homework2_2_pkg_client.cpp.o[0m
[ 83%] Built target server
[01m[K/home/tkdals/robot_ws/src/homework2_2_pkg/src/homework2_2_pkg_client.cpp:45:7:[m[K [01;31m[Kerror: [m[Kredefinition of ‘[01m[Kclass ClientNode[m[K’
   45 | class [01;31m[KClientNode[m[K : public rclcpp::Node, public std::enable_shared_from_this<ClientNode>
      |       [01;31m[K^~~~~~~~~~[m[K
In file included from [01m[K/home/tkdals/robot_ws/src/homework2_2_pkg/src/homework2_2_pkg_client.cpp:2[m[K:
[01m[K/home/tkdals/robot_ws/src/homework2_2_pkg/include/homework2_2_pkg/homework2_2_pkg_client.hpp:7:7:[m[K [01;36m[Knote: [m[Kprevious definition of ‘[01m[Kclass ClientNode[m[K’
    7 | class [01;36m[KClientNode[m[K : public rclcpp::Node
      |       [01;36m[K^~~~~~~~~~[m[K
gmake[2]: *** [CMakeFiles/client.dir/build.make:76: CMakeFiles/client.dir/src/homework2_2_pkg_client.cpp.o] Error 1
gmake[1]: *** [CMakeFiles/Makefile2:167: CMakeFiles/client.dir/all] Error 2
gmake: *** [Makefile:146: all] Error 2
