[0.010s] Invoking command in '/home/tkdals/robot_ws/build/homework2_2_pkg': CMAKE_PREFIX_PATH=/home/tkdals/robot_ws/install/tutorial_interfaces:/home/tkdals/robot_ws/install/homework2_2_pkg:/home/tkdals/robot_ws/install/homework1_pkg:/home/tkdals/robot_ws/install/ex_client_server_pkg:/opt/ros/humble /usr/bin/cmake --build /home/tkdals/robot_ws/build/homework2_2_pkg -- -j20 -l20
[0.037s] -- Found ament_cmake: 1.3.10 (/opt/ros/humble/share/ament_cmake/cmake)
[0.132s] -- Found rclcpp: 16.0.10 (/opt/ros/humble/share/rclcpp/cmake)
[0.149s] -- Found rosidl_generator_c: 3.1.5 (/opt/ros/humble/share/rosidl_generator_c/cmake)
[0.151s] -- Found rosidl_adapter: 3.1.5 (/opt/ros/humble/share/rosidl_adapter/cmake)
[0.154s] -- Found rosidl_generator_cpp: 3.1.5 (/opt/ros/humble/share/rosidl_generator_cpp/cmake)
[0.160s] -- Using all available rosidl_typesupport_c: rosidl_typesupport_fastrtps_c;rosidl_typesupport_introspection_c
[0.168s] -- Using all available rosidl_typesupport_cpp: rosidl_typesupport_fastrtps_cpp;rosidl_typesupport_introspection_cpp
[0.188s] -- Found rmw_implementation_cmake: 6.1.2 (/opt/ros/humble/share/rmw_implementation_cmake/cmake)
[0.189s] -- Found rmw_fastrtps_cpp: 6.2.7 (/opt/ros/humble/share/rmw_fastrtps_cpp/cmake)
[0.249s] -- Using RMW implementation 'rmw_fastrtps_cpp' as default
[0.280s] -- Found tutorial_interfaces: 0.0.0 (/home/tkdals/robot_ws/install/tutorial_interfaces/share/tutorial_interfaces/cmake)
[0.339s] -- Configuring done
[0.347s] -- Generating done
[0.348s] -- Build files have been written to: /home/tkdals/robot_ws/build/homework2_2_pkg
[0.368s] [35m[1mConsolidate compiler generated dependencies of target final_server[0m
[0.369s] [35m[1mConsolidate compiler generated dependencies of target client[0m
[0.370s] [35m[1mConsolidate compiler generated dependencies of target server[0m
[0.383s] [ 33%] Built target final_server
[0.384s] [ 50%] [32mBuilding CXX object CMakeFiles/client.dir/src/homework2_2_pkg_client.cpp.o[0m
[0.386s] [ 83%] Built target server
[1.717s] [01m[K/home/tkdals/robot_ws/src/homework2_2_pkg/src/homework2_2_pkg_client.cpp:45:7:[m[K [01;31m[Kerror: [m[Kredefinition of ‘[01m[Kclass ClientNode[m[K’
[1.717s]    45 | class [01;31m[KClientNode[m[K : public rclcpp::Node, public std::enable_shared_from_this<ClientNode>
[1.717s]       |       [01;31m[K^~~~~~~~~~[m[K
[1.717s] In file included from [01m[K/home/tkdals/robot_ws/src/homework2_2_pkg/src/homework2_2_pkg_client.cpp:2[m[K:
[1.717s] [01m[K/home/tkdals/robot_ws/src/homework2_2_pkg/include/homework2_2_pkg/homework2_2_pkg_client.hpp:7:7:[m[K [01;36m[Knote: [m[Kprevious definition of ‘[01m[Kclass ClientNode[m[K’
[1.717s]     7 | class [01;36m[KClientNode[m[K : public rclcpp::Node
[1.717s]       |       [01;36m[K^~~~~~~~~~[m[K
[2.056s] gmake[2]: *** [CMakeFiles/client.dir/build.make:76: CMakeFiles/client.dir/src/homework2_2_pkg_client.cpp.o] Error 1
[2.056s] gmake[1]: *** [CMakeFiles/Makefile2:167: CMakeFiles/client.dir/all] Error 2
[2.057s] gmake: *** [Makefile:146: all] Error 2
[2.059s] Invoked command in '/home/tkdals/robot_ws/build/homework2_2_pkg' returned '2': CMAKE_PREFIX_PATH=/home/tkdals/robot_ws/install/tutorial_interfaces:/home/tkdals/robot_ws/install/homework2_2_pkg:/home/tkdals/robot_ws/install/homework1_pkg:/home/tkdals/robot_ws/install/ex_client_server_pkg:/opt/ros/humble /usr/bin/cmake --build /home/tkdals/robot_ws/build/homework2_2_pkg -- -j20 -l20
