[0.066s] DEBUG:colcon:Command line arguments: ['/usr/bin/colcon', 'build']
[0.066s] DEBUG:colcon:Parsed command line arguments: Namespace(log_base=None, log_level=None, verb_name='build', build_base='build', install_base='install', merge_install=False, symlink_install=False, test_result_base=None, continue_on_error=False, executor='parallel', parallel_workers=20, event_handlers=None, ignore_user_meta=False, metas=['./colcon.meta'], base_paths=['.'], packages_ignore=None, packages_ignore_regex=None, paths=None, packages_up_to=None, packages_up_to_regex=None, packages_above=None, packages_above_and_dependencies=None, packages_above_depth=None, packages_select_by_dep=None, packages_skip_by_dep=None, packages_skip_up_to=None, packages_select_build_failed=False, packages_skip_build_finished=False, packages_select_test_failures=False, packages_skip_test_passed=False, packages_select=None, packages_skip=None, packages_select_regex=None, packages_skip_regex=None, packages_start=None, packages_end=None, allow_overriding=[], cmake_args=None, cmake_target=None, cmake_target_skip_unavailable=False, cmake_clean_cache=False, cmake_clean_first=False, cmake_force_configure=False, ament_cmake_args=None, catkin_cmake_args=None, catkin_skip_building_tests=False, mixin_files=None, mixin=None, verb_parser=<colcon_mixin.mixin.mixin_argument.MixinArgumentDecorator object at 0x7cef03d32710>, verb_extension=<colcon_core.verb.build.BuildVerb object at 0x7cef03d32140>, main=<bound method BuildVerb.main of <colcon_core.verb.build.BuildVerb object at 0x7cef03d32140>>, mixin_verb=('build',))
[0.156s] Level 1:colcon.colcon_core.package_discovery:discover_packages(colcon_meta) check parameters
[0.156s] Level 1:colcon.colcon_core.package_discovery:discover_packages(recursive) check parameters
[0.156s] Level 1:colcon.colcon_core.package_discovery:discover_packages(ignore) check parameters
[0.156s] Level 1:colcon.colcon_core.package_discovery:discover_packages(path) check parameters
[0.156s] Level 1:colcon.colcon_core.package_discovery:discover_packages(colcon_meta) discover
[0.156s] Level 1:colcon.colcon_core.package_discovery:discover_packages(recursive) discover
[0.156s] INFO:colcon.colcon_core.package_discovery:Crawling recursively for packages in '/home/tkdals/robot_ws'
[0.156s] Level 1:colcon.colcon_core.package_identification:_identify(.) by extensions ['ignore', 'ignore_ament_install']
[0.156s] Level 1:colcon.colcon_core.package_identification:_identify(.) by extension 'ignore'
[0.156s] Level 1:colcon.colcon_core.package_identification:_identify(.) by extension 'ignore_ament_install'
[0.156s] Level 1:colcon.colcon_core.package_identification:_identify(.) by extensions ['colcon_pkg']
[0.156s] Level 1:colcon.colcon_core.package_identification:_identify(.) by extension 'colcon_pkg'
[0.156s] Level 1:colcon.colcon_core.package_identification:_identify(.) by extensions ['colcon_meta']
[0.156s] Level 1:colcon.colcon_core.package_identification:_identify(.) by extension 'colcon_meta'
[0.156s] Level 1:colcon.colcon_core.package_identification:_identify(.) by extensions ['ros']
[0.156s] Level 1:colcon.colcon_core.package_identification:_identify(.) by extension 'ros'
[0.164s] Level 1:colcon.colcon_core.package_identification:_identify(.) by extensions ['cmake', 'python']
[0.164s] Level 1:colcon.colcon_core.package_identification:_identify(.) by extension 'cmake'
[0.164s] Level 1:colcon.colcon_core.package_identification:_identify(.) by extension 'python'
[0.164s] Level 1:colcon.colcon_core.package_identification:_identify(.) by extensions ['python_setup_py']
[0.164s] Level 1:colcon.colcon_core.package_identification:_identify(.) by extension 'python_setup_py'
[0.164s] Level 1:colcon.colcon_core.package_identification:_identify(build) by extensions ['ignore', 'ignore_ament_install']
[0.164s] Level 1:colcon.colcon_core.package_identification:_identify(build) by extension 'ignore'
[0.164s] Level 1:colcon.colcon_core.package_identification:_identify(build) ignored
[0.164s] Level 1:colcon.colcon_core.package_identification:_identify(install) by extensions ['ignore', 'ignore_ament_install']
[0.164s] Level 1:colcon.colcon_core.package_identification:_identify(install) by extension 'ignore'
[0.164s] Level 1:colcon.colcon_core.package_identification:_identify(install) ignored
[0.164s] Level 1:colcon.colcon_core.package_identification:_identify(log) by extensions ['ignore', 'ignore_ament_install']
[0.165s] Level 1:colcon.colcon_core.package_identification:_identify(log) by extension 'ignore'
[0.165s] Level 1:colcon.colcon_core.package_identification:_identify(log) ignored
[0.165s] Level 1:colcon.colcon_core.package_identification:_identify(src) by extensions ['ignore', 'ignore_ament_install']
[0.165s] Level 1:colcon.colcon_core.package_identification:_identify(src) by extension 'ignore'
[0.165s] Level 1:colcon.colcon_core.package_identification:_identify(src) by extension 'ignore_ament_install'
[0.165s] Level 1:colcon.colcon_core.package_identification:_identify(src) by extensions ['colcon_pkg']
[0.165s] Level 1:colcon.colcon_core.package_identification:_identify(src) by extension 'colcon_pkg'
[0.165s] Level 1:colcon.colcon_core.package_identification:_identify(src) by extensions ['colcon_meta']
[0.165s] Level 1:colcon.colcon_core.package_identification:_identify(src) by extension 'colcon_meta'
[0.165s] Level 1:colcon.colcon_core.package_identification:_identify(src) by extensions ['ros']
[0.165s] Level 1:colcon.colcon_core.package_identification:_identify(src) by extension 'ros'
[0.165s] Level 1:colcon.colcon_core.package_identification:_identify(src) by extensions ['cmake', 'python']
[0.165s] Level 1:colcon.colcon_core.package_identification:_identify(src) by extension 'cmake'
[0.165s] Level 1:colcon.colcon_core.package_identification:_identify(src) by extension 'python'
[0.165s] Level 1:colcon.colcon_core.package_identification:_identify(src) by extensions ['python_setup_py']
[0.165s] Level 1:colcon.colcon_core.package_identification:_identify(src) by extension 'python_setup_py'
[0.165s] Level 1:colcon.colcon_core.package_identification:_identify(src/dynamixel_sdk) by extensions ['ignore', 'ignore_ament_install']
[0.165s] Level 1:colcon.colcon_core.package_identification:_identify(src/dynamixel_sdk) by extension 'ignore'
[0.165s] Level 1:colcon.colcon_core.package_identification:_identify(src/dynamixel_sdk) by extension 'ignore_ament_install'
[0.165s] Level 1:colcon.colcon_core.package_identification:_identify(src/dynamixel_sdk) by extensions ['colcon_pkg']
[0.165s] Level 1:colcon.colcon_core.package_identification:_identify(src/dynamixel_sdk) by extension 'colcon_pkg'
[0.165s] Level 1:colcon.colcon_core.package_identification:_identify(src/dynamixel_sdk) by extensions ['colcon_meta']
[0.165s] Level 1:colcon.colcon_core.package_identification:_identify(src/dynamixel_sdk) by extension 'colcon_meta'
[0.165s] Level 1:colcon.colcon_core.package_identification:_identify(src/dynamixel_sdk) by extensions ['ros']
[0.165s] Level 1:colcon.colcon_core.package_identification:_identify(src/dynamixel_sdk) by extension 'ros'
[0.167s] DEBUG:colcon.colcon_core.package_identification:Package 'src/dynamixel_sdk' with type 'ros.ament_cmake' and name 'dynamixel_sdk'
[0.167s] Level 1:colcon.colcon_core.package_identification:_identify(src/ex_cilent_server_pkg) by extensions ['ignore', 'ignore_ament_install']
[0.167s] Level 1:colcon.colcon_core.package_identification:_identify(src/ex_cilent_server_pkg) by extension 'ignore'
[0.167s] Level 1:colcon.colcon_core.package_identification:_identify(src/ex_cilent_server_pkg) by extension 'ignore_ament_install'
[0.167s] Level 1:colcon.colcon_core.package_identification:_identify(src/ex_cilent_server_pkg) by extensions ['colcon_pkg']
[0.167s] Level 1:colcon.colcon_core.package_identification:_identify(src/ex_cilent_server_pkg) by extension 'colcon_pkg'
[0.167s] Level 1:colcon.colcon_core.package_identification:_identify(src/ex_cilent_server_pkg) by extensions ['colcon_meta']
[0.167s] Level 1:colcon.colcon_core.package_identification:_identify(src/ex_cilent_server_pkg) by extension 'colcon_meta'
[0.167s] Level 1:colcon.colcon_core.package_identification:_identify(src/ex_cilent_server_pkg) by extensions ['ros']
[0.167s] Level 1:colcon.colcon_core.package_identification:_identify(src/ex_cilent_server_pkg) by extension 'ros'
[0.167s] DEBUG:colcon.colcon_core.package_identification:Package 'src/ex_cilent_server_pkg' with type 'ros.ament_cmake' and name 'ex_client_server_pkg'
[0.167s] Level 1:colcon.colcon_core.package_identification:_identify(src/homework1_pkg) by extensions ['ignore', 'ignore_ament_install']
[0.168s] Level 1:colcon.colcon_core.package_identification:_identify(src/homework1_pkg) by extension 'ignore'
[0.168s] Level 1:colcon.colcon_core.package_identification:_identify(src/homework1_pkg) by extension 'ignore_ament_install'
[0.168s] Level 1:colcon.colcon_core.package_identification:_identify(src/homework1_pkg) by extensions ['colcon_pkg']
[0.168s] Level 1:colcon.colcon_core.package_identification:_identify(src/homework1_pkg) by extension 'colcon_pkg'
[0.168s] Level 1:colcon.colcon_core.package_identification:_identify(src/homework1_pkg) by extensions ['colcon_meta']
[0.168s] Level 1:colcon.colcon_core.package_identification:_identify(src/homework1_pkg) by extension 'colcon_meta'
[0.168s] Level 1:colcon.colcon_core.package_identification:_identify(src/homework1_pkg) by extensions ['ros']
[0.168s] Level 1:colcon.colcon_core.package_identification:_identify(src/homework1_pkg) by extension 'ros'
[0.168s] DEBUG:colcon.colcon_core.package_identification:Package 'src/homework1_pkg' with type 'ros.ament_cmake' and name 'homework1_pkg'
[0.168s] Level 1:colcon.colcon_core.package_identification:_identify(src/homework2_2_pkg) by extensions ['ignore', 'ignore_ament_install']
[0.168s] Level 1:colcon.colcon_core.package_identification:_identify(src/homework2_2_pkg) by extension 'ignore'
[0.168s] Level 1:colcon.colcon_core.package_identification:_identify(src/homework2_2_pkg) by extension 'ignore_ament_install'
[0.168s] Level 1:colcon.colcon_core.package_identification:_identify(src/homework2_2_pkg) by extensions ['colcon_pkg']
[0.168s] Level 1:colcon.colcon_core.package_identification:_identify(src/homework2_2_pkg) by extension 'colcon_pkg'
[0.168s] Level 1:colcon.colcon_core.package_identification:_identify(src/homework2_2_pkg) by extensions ['colcon_meta']
[0.168s] Level 1:colcon.colcon_core.package_identification:_identify(src/homework2_2_pkg) by extension 'colcon_meta'
[0.168s] Level 1:colcon.colcon_core.package_identification:_identify(src/homework2_2_pkg) by extensions ['ros']
[0.168s] Level 1:colcon.colcon_core.package_identification:_identify(src/homework2_2_pkg) by extension 'ros'
[0.169s] DEBUG:colcon.colcon_core.package_identification:Package 'src/homework2_2_pkg' with type 'ros.ament_cmake' and name 'homework2_2_pkg'
[0.169s] Level 1:colcon.colcon_core.package_identification:_identify(src/homework3_pkg) by extensions ['ignore', 'ignore_ament_install']
[0.169s] Level 1:colcon.colcon_core.package_identification:_identify(src/homework3_pkg) by extension 'ignore'
[0.169s] Level 1:colcon.colcon_core.package_identification:_identify(src/homework3_pkg) by extension 'ignore_ament_install'
[0.169s] Level 1:colcon.colcon_core.package_identification:_identify(src/homework3_pkg) by extensions ['colcon_pkg']
[0.169s] Level 1:colcon.colcon_core.package_identification:_identify(src/homework3_pkg) by extension 'colcon_pkg'
[0.169s] Level 1:colcon.colcon_core.package_identification:_identify(src/homework3_pkg) by extensions ['colcon_meta']
[0.169s] Level 1:colcon.colcon_core.package_identification:_identify(src/homework3_pkg) by extension 'colcon_meta'
[0.169s] Level 1:colcon.colcon_core.package_identification:_identify(src/homework3_pkg) by extensions ['ros']
[0.169s] Level 1:colcon.colcon_core.package_identification:_identify(src/homework3_pkg) by extension 'ros'
[0.169s] DEBUG:colcon.colcon_core.package_identification:Package 'src/homework3_pkg' with type 'ros.ament_cmake' and name 'homework3_pkg'
[0.169s] Level 1:colcon.colcon_core.package_identification:_identify(src/ros_tutorials) by extensions ['ignore', 'ignore_ament_install']
[0.169s] Level 1:colcon.colcon_core.package_identification:_identify(src/ros_tutorials) by extension 'ignore'
[0.169s] Level 1:colcon.colcon_core.package_identification:_identify(src/ros_tutorials) by extension 'ignore_ament_install'
[0.169s] Level 1:colcon.colcon_core.package_identification:_identify(src/ros_tutorials) by extensions ['colcon_pkg']
[0.170s] Level 1:colcon.colcon_core.package_identification:_identify(src/ros_tutorials) by extension 'colcon_pkg'
[0.170s] Level 1:colcon.colcon_core.package_identification:_identify(src/ros_tutorials) by extensions ['colcon_meta']
[0.170s] Level 1:colcon.colcon_core.package_identification:_identify(src/ros_tutorials) by extension 'colcon_meta'
[0.170s] Level 1:colcon.colcon_core.package_identification:_identify(src/ros_tutorials) by extensions ['ros']
[0.170s] Level 1:colcon.colcon_core.package_identification:_identify(src/ros_tutorials) by extension 'ros'
[0.170s] Level 1:colcon.colcon_core.package_identification:_identify(src/ros_tutorials) by extensions ['cmake', 'python']
[0.170s] Level 1:colcon.colcon_core.package_identification:_identify(src/ros_tutorials) by extension 'cmake'
[0.170s] Level 1:colcon.colcon_core.package_identification:_identify(src/ros_tutorials) by extension 'python'
[0.170s] Level 1:colcon.colcon_core.package_identification:_identify(src/ros_tutorials) by extensions ['python_setup_py']
[0.170s] Level 1:colcon.colcon_core.package_identification:_identify(src/ros_tutorials) by extension 'python_setup_py'
[0.170s] Level 1:colcon.colcon_core.package_identification:_identify(src/ros_tutorials/roscpp_tutorials) by extensions ['ignore', 'ignore_ament_install']
[0.170s] Level 1:colcon.colcon_core.package_identification:_identify(src/ros_tutorials/roscpp_tutorials) by extension 'ignore'
[0.170s] Level 1:colcon.colcon_core.package_identification:_identify(src/ros_tutorials/roscpp_tutorials) by extension 'ignore_ament_install'
[0.170s] Level 1:colcon.colcon_core.package_identification:_identify(src/ros_tutorials/roscpp_tutorials) by extensions ['colcon_pkg']
[0.170s] Level 1:colcon.colcon_core.package_identification:_identify(src/ros_tutorials/roscpp_tutorials) by extension 'colcon_pkg'
[0.170s] Level 1:colcon.colcon_core.package_identification:_identify(src/ros_tutorials/roscpp_tutorials) by extensions ['colcon_meta']
[0.170s] Level 1:colcon.colcon_core.package_identification:_identify(src/ros_tutorials/roscpp_tutorials) by extension 'colcon_meta'
[0.170s] Level 1:colcon.colcon_core.package_identification:_identify(src/ros_tutorials/roscpp_tutorials) by extensions ['ros']
[0.170s] Level 1:colcon.colcon_core.package_identification:_identify(src/ros_tutorials/roscpp_tutorials) by extension 'ros'
[0.170s] Level 1:colcon.colcon_core.package_identification:_identify(src/ros_tutorials/roscpp_tutorials) by extensions ['cmake', 'python']
[0.170s] Level 1:colcon.colcon_core.package_identification:_identify(src/ros_tutorials/roscpp_tutorials) by extension 'cmake'
[0.170s] Level 1:colcon.colcon_core.package_identification:_identify(src/ros_tutorials/roscpp_tutorials) by extension 'python'
[0.170s] Level 1:colcon.colcon_core.package_identification:_identify(src/ros_tutorials/roscpp_tutorials) by extensions ['python_setup_py']
[0.170s] Level 1:colcon.colcon_core.package_identification:_identify(src/ros_tutorials/roscpp_tutorials) by extension 'python_setup_py'
[0.170s] Level 1:colcon.colcon_core.package_identification:_identify(src/ros_tutorials/roscpp_tutorials/add_two_ints_server_class) by extensions ['ignore', 'ignore_ament_install']
[0.170s] Level 1:colcon.colcon_core.package_identification:_identify(src/ros_tutorials/roscpp_tutorials/add_two_ints_server_class) by extension 'ignore'
[0.170s] Level 1:colcon.colcon_core.package_identification:_identify(src/ros_tutorials/roscpp_tutorials/add_two_ints_server_class) by extension 'ignore_ament_install'
[0.170s] Level 1:colcon.colcon_core.package_identification:_identify(src/ros_tutorials/roscpp_tutorials/add_two_ints_server_class) by extensions ['colcon_pkg']
[0.170s] Level 1:colcon.colcon_core.package_identification:_identify(src/ros_tutorials/roscpp_tutorials/add_two_ints_server_class) by extension 'colcon_pkg'
[0.170s] Level 1:colcon.colcon_core.package_identification:_identify(src/ros_tutorials/roscpp_tutorials/add_two_ints_server_class) by extensions ['colcon_meta']
[0.170s] Level 1:colcon.colcon_core.package_identification:_identify(src/ros_tutorials/roscpp_tutorials/add_two_ints_server_class) by extension 'colcon_meta'
[0.170s] Level 1:colcon.colcon_core.package_identification:_identify(src/ros_tutorials/roscpp_tutorials/add_two_ints_server_class) by extensions ['ros']
[0.170s] Level 1:colcon.colcon_core.package_identification:_identify(src/ros_tutorials/roscpp_tutorials/add_two_ints_server_class) by extension 'ros'
[0.170s] Level 1:colcon.colcon_core.package_identification:_identify(src/ros_tutorials/roscpp_tutorials/add_two_ints_server_class) by extensions ['cmake', 'python']
[0.170s] Level 1:colcon.colcon_core.package_identification:_identify(src/ros_tutorials/roscpp_tutorials/add_two_ints_server_class) by extension 'cmake'
[0.170s] Level 1:colcon.colcon_core.package_identification:_identify(src/ros_tutorials/roscpp_tutorials/add_two_ints_server_class) by extension 'python'
[0.170s] Level 1:colcon.colcon_core.package_identification:_identify(src/ros_tutorials/roscpp_tutorials/add_two_ints_server_class) by extensions ['python_setup_py']
[0.170s] Level 1:colcon.colcon_core.package_identification:_identify(src/ros_tutorials/roscpp_tutorials/add_two_ints_server_class) by extension 'python_setup_py'
[0.170s] Level 1:colcon.colcon_core.package_identification:_identify(src/study2_pkg) by extensions ['ignore', 'ignore_ament_install']
[0.170s] Level 1:colcon.colcon_core.package_identification:_identify(src/study2_pkg) by extension 'ignore'
[0.170s] Level 1:colcon.colcon_core.package_identification:_identify(src/study2_pkg) by extension 'ignore_ament_install'
[0.171s] Level 1:colcon.colcon_core.package_identification:_identify(src/study2_pkg) by extensions ['colcon_pkg']
[0.171s] Level 1:colcon.colcon_core.package_identification:_identify(src/study2_pkg) by extension 'colcon_pkg'
[0.171s] Level 1:colcon.colcon_core.package_identification:_identify(src/study2_pkg) by extensions ['colcon_meta']
[0.171s] Level 1:colcon.colcon_core.package_identification:_identify(src/study2_pkg) by extension 'colcon_meta'
[0.171s] Level 1:colcon.colcon_core.package_identification:_identify(src/study2_pkg) by extensions ['ros']
[0.171s] Level 1:colcon.colcon_core.package_identification:_identify(src/study2_pkg) by extension 'ros'
[0.171s] Level 1:colcon.colcon_core.package_identification:_identify(src/study2_pkg) by extensions ['cmake', 'python']
[0.171s] Level 1:colcon.colcon_core.package_identification:_identify(src/study2_pkg) by extension 'cmake'
[0.171s] Level 1:colcon.colcon_core.package_identification:_identify(src/study2_pkg) by extension 'python'
[0.171s] Level 1:colcon.colcon_core.package_identification:_identify(src/study2_pkg) by extensions ['python_setup_py']
[0.171s] Level 1:colcon.colcon_core.package_identification:_identify(src/study2_pkg) by extension 'python_setup_py'
[0.171s] Level 1:colcon.colcon_core.package_identification:_identify(src/study2_pkg/src) by extensions ['ignore', 'ignore_ament_install']
[0.171s] Level 1:colcon.colcon_core.package_identification:_identify(src/study2_pkg/src) by extension 'ignore'
[0.171s] Level 1:colcon.colcon_core.package_identification:_identify(src/study2_pkg/src) by extension 'ignore_ament_install'
[0.171s] Level 1:colcon.colcon_core.package_identification:_identify(src/study2_pkg/src) by extensions ['colcon_pkg']
[0.171s] Level 1:colcon.colcon_core.package_identification:_identify(src/study2_pkg/src) by extension 'colcon_pkg'
[0.171s] Level 1:colcon.colcon_core.package_identification:_identify(src/study2_pkg/src) by extensions ['colcon_meta']
[0.171s] Level 1:colcon.colcon_core.package_identification:_identify(src/study2_pkg/src) by extension 'colcon_meta'
[0.171s] Level 1:colcon.colcon_core.package_identification:_identify(src/study2_pkg/src) by extensions ['ros']
[0.171s] Level 1:colcon.colcon_core.package_identification:_identify(src/study2_pkg/src) by extension 'ros'
[0.171s] Level 1:colcon.colcon_core.package_identification:_identify(src/study2_pkg/src) by extensions ['cmake', 'python']
[0.171s] Level 1:colcon.colcon_core.package_identification:_identify(src/study2_pkg/src) by extension 'cmake'
[0.171s] Level 1:colcon.colcon_core.package_identification:_identify(src/study2_pkg/src) by extension 'python'
[0.171s] Level 1:colcon.colcon_core.package_identification:_identify(src/study2_pkg/src) by extensions ['python_setup_py']
[0.171s] Level 1:colcon.colcon_core.package_identification:_identify(src/study2_pkg/src) by extension 'python_setup_py'
[0.171s] Level 1:colcon.colcon_core.package_identification:_identify(src/tutorial_interfaces) by extensions ['ignore', 'ignore_ament_install']
[0.171s] Level 1:colcon.colcon_core.package_identification:_identify(src/tutorial_interfaces) by extension 'ignore'
[0.171s] Level 1:colcon.colcon_core.package_identification:_identify(src/tutorial_interfaces) by extension 'ignore_ament_install'
[0.171s] Level 1:colcon.colcon_core.package_identification:_identify(src/tutorial_interfaces) by extensions ['colcon_pkg']
[0.171s] Level 1:colcon.colcon_core.package_identification:_identify(src/tutorial_interfaces) by extension 'colcon_pkg'
[0.171s] Level 1:colcon.colcon_core.package_identification:_identify(src/tutorial_interfaces) by extensions ['colcon_meta']
[0.171s] Level 1:colcon.colcon_core.package_identification:_identify(src/tutorial_interfaces) by extension 'colcon_meta'
[0.171s] Level 1:colcon.colcon_core.package_identification:_identify(src/tutorial_interfaces) by extensions ['ros']
[0.171s] Level 1:colcon.colcon_core.package_identification:_identify(src/tutorial_interfaces) by extension 'ros'
[0.172s] DEBUG:colcon.colcon_core.package_identification:Package 'src/tutorial_interfaces' with type 'ros.ament_cmake' and name 'tutorial_interfaces'
[0.172s] Level 1:colcon.colcon_core.package_discovery:discover_packages(recursive) using defaults
[0.172s] Level 1:colcon.colcon_core.package_discovery:discover_packages(ignore) discover
[0.172s] Level 1:colcon.colcon_core.package_discovery:discover_packages(ignore) using defaults
[0.172s] Level 1:colcon.colcon_core.package_discovery:discover_packages(path) discover
[0.172s] Level 1:colcon.colcon_core.package_discovery:discover_packages(path) using defaults
[0.184s] Level 1:colcon.colcon_core.package_discovery:discover_packages(prefix_path) check parameters
[0.185s] Level 1:colcon.colcon_core.package_discovery:discover_packages(prefix_path) discover
[0.186s] DEBUG:colcon.colcon_installed_package_information.package_discovery:Found 6 installed packages in /home/tkdals/robot_ws/install
[0.186s] DEBUG:colcon.colcon_installed_package_information.package_discovery:Found 270 installed packages in /opt/ros/humble
[0.188s] Level 1:colcon.colcon_core.package_discovery:discover_packages(prefix_path) using defaults
[0.215s] Level 5:colcon.colcon_core.verb:set package 'dynamixel_sdk' build argument 'cmake_args' from command line to 'None'
[0.215s] Level 5:colcon.colcon_core.verb:set package 'dynamixel_sdk' build argument 'cmake_target' from command line to 'None'
[0.215s] Level 5:colcon.colcon_core.verb:set package 'dynamixel_sdk' build argument 'cmake_target_skip_unavailable' from command line to 'False'
[0.215s] Level 5:colcon.colcon_core.verb:set package 'dynamixel_sdk' build argument 'cmake_clean_cache' from command line to 'False'
[0.215s] Level 5:colcon.colcon_core.verb:set package 'dynamixel_sdk' build argument 'cmake_clean_first' from command line to 'False'
[0.215s] Level 5:colcon.colcon_core.verb:set package 'dynamixel_sdk' build argument 'cmake_force_configure' from command line to 'False'
[0.215s] Level 5:colcon.colcon_core.verb:set package 'dynamixel_sdk' build argument 'ament_cmake_args' from command line to 'None'
[0.215s] Level 5:colcon.colcon_core.verb:set package 'dynamixel_sdk' build argument 'catkin_cmake_args' from command line to 'None'
[0.215s] Level 5:colcon.colcon_core.verb:set package 'dynamixel_sdk' build argument 'catkin_skip_building_tests' from command line to 'False'
[0.216s] DEBUG:colcon.colcon_core.verb:Building package 'dynamixel_sdk' with the following arguments: {'ament_cmake_args': None, 'build_base': '/home/tkdals/robot_ws/build/dynamixel_sdk', 'catkin_cmake_args': None, 'catkin_skip_building_tests': False, 'cmake_args': None, 'cmake_clean_cache': False, 'cmake_clean_first': False, 'cmake_force_configure': False, 'cmake_target': None, 'cmake_target_skip_unavailable': False, 'install_base': '/home/tkdals/robot_ws/install/dynamixel_sdk', 'merge_install': False, 'path': '/home/tkdals/robot_ws/src/dynamixel_sdk', 'symlink_install': False, 'test_result_base': None}
[0.216s] Level 5:colcon.colcon_core.verb:set package 'ex_client_server_pkg' build argument 'cmake_args' from command line to 'None'
[0.216s] Level 5:colcon.colcon_core.verb:set package 'ex_client_server_pkg' build argument 'cmake_target' from command line to 'None'
[0.216s] Level 5:colcon.colcon_core.verb:set package 'ex_client_server_pkg' build argument 'cmake_target_skip_unavailable' from command line to 'False'
[0.216s] Level 5:colcon.colcon_core.verb:set package 'ex_client_server_pkg' build argument 'cmake_clean_cache' from command line to 'False'
[0.216s] Level 5:colcon.colcon_core.verb:set package 'ex_client_server_pkg' build argument 'cmake_clean_first' from command line to 'False'
[0.216s] Level 5:colcon.colcon_core.verb:set package 'ex_client_server_pkg' build argument 'cmake_force_configure' from command line to 'False'
[0.216s] Level 5:colcon.colcon_core.verb:set package 'ex_client_server_pkg' build argument 'ament_cmake_args' from command line to 'None'
[0.216s] Level 5:colcon.colcon_core.verb:set package 'ex_client_server_pkg' build argument 'catkin_cmake_args' from command line to 'None'
[0.216s] Level 5:colcon.colcon_core.verb:set package 'ex_client_server_pkg' build argument 'catkin_skip_building_tests' from command line to 'False'
[0.216s] DEBUG:colcon.colcon_core.verb:Building package 'ex_client_server_pkg' with the following arguments: {'ament_cmake_args': None, 'build_base': '/home/tkdals/robot_ws/build/ex_client_server_pkg', 'catkin_cmake_args': None, 'catkin_skip_building_tests': False, 'cmake_args': None, 'cmake_clean_cache': False, 'cmake_clean_first': False, 'cmake_force_configure': False, 'cmake_target': None, 'cmake_target_skip_unavailable': False, 'install_base': '/home/tkdals/robot_ws/install/ex_client_server_pkg', 'merge_install': False, 'path': '/home/tkdals/robot_ws/src/ex_cilent_server_pkg', 'symlink_install': False, 'test_result_base': None}
[0.216s] Level 5:colcon.colcon_core.verb:set package 'homework1_pkg' build argument 'cmake_args' from command line to 'None'
[0.216s] Level 5:colcon.colcon_core.verb:set package 'homework1_pkg' build argument 'cmake_target' from command line to 'None'
[0.216s] Level 5:colcon.colcon_core.verb:set package 'homework1_pkg' build argument 'cmake_target_skip_unavailable' from command line to 'False'
[0.216s] Level 5:colcon.colcon_core.verb:set package 'homework1_pkg' build argument 'cmake_clean_cache' from command line to 'False'
[0.216s] Level 5:colcon.colcon_core.verb:set package 'homework1_pkg' build argument 'cmake_clean_first' from command line to 'False'
[0.216s] Level 5:colcon.colcon_core.verb:set package 'homework1_pkg' build argument 'cmake_force_configure' from command line to 'False'
[0.216s] Level 5:colcon.colcon_core.verb:set package 'homework1_pkg' build argument 'ament_cmake_args' from command line to 'None'
[0.216s] Level 5:colcon.colcon_core.verb:set package 'homework1_pkg' build argument 'catkin_cmake_args' from command line to 'None'
[0.216s] Level 5:colcon.colcon_core.verb:set package 'homework1_pkg' build argument 'catkin_skip_building_tests' from command line to 'False'
[0.216s] DEBUG:colcon.colcon_core.verb:Building package 'homework1_pkg' with the following arguments: {'ament_cmake_args': None, 'build_base': '/home/tkdals/robot_ws/build/homework1_pkg', 'catkin_cmake_args': None, 'catkin_skip_building_tests': False, 'cmake_args': None, 'cmake_clean_cache': False, 'cmake_clean_first': False, 'cmake_force_configure': False, 'cmake_target': None, 'cmake_target_skip_unavailable': False, 'install_base': '/home/tkdals/robot_ws/install/homework1_pkg', 'merge_install': False, 'path': '/home/tkdals/robot_ws/src/homework1_pkg', 'symlink_install': False, 'test_result_base': None}
[0.216s] Level 5:colcon.colcon_core.verb:set package 'tutorial_interfaces' build argument 'cmake_args' from command line to 'None'
[0.216s] Level 5:colcon.colcon_core.verb:set package 'tutorial_interfaces' build argument 'cmake_target' from command line to 'None'
[0.216s] Level 5:colcon.colcon_core.verb:set package 'tutorial_interfaces' build argument 'cmake_target_skip_unavailable' from command line to 'False'
[0.216s] Level 5:colcon.colcon_core.verb:set package 'tutorial_interfaces' build argument 'cmake_clean_cache' from command line to 'False'
[0.216s] Level 5:colcon.colcon_core.verb:set package 'tutorial_interfaces' build argument 'cmake_clean_first' from command line to 'False'
[0.216s] Level 5:colcon.colcon_core.verb:set package 'tutorial_interfaces' build argument 'cmake_force_configure' from command line to 'False'
[0.216s] Level 5:colcon.colcon_core.verb:set package 'tutorial_interfaces' build argument 'ament_cmake_args' from command line to 'None'
[0.216s] Level 5:colcon.colcon_core.verb:set package 'tutorial_interfaces' build argument 'catkin_cmake_args' from command line to 'None'
[0.216s] Level 5:colcon.colcon_core.verb:set package 'tutorial_interfaces' build argument 'catkin_skip_building_tests' from command line to 'False'
[0.216s] DEBUG:colcon.colcon_core.verb:Building package 'tutorial_interfaces' with the following arguments: {'ament_cmake_args': None, 'build_base': '/home/tkdals/robot_ws/build/tutorial_interfaces', 'catkin_cmake_args': None, 'catkin_skip_building_tests': False, 'cmake_args': None, 'cmake_clean_cache': False, 'cmake_clean_first': False, 'cmake_force_configure': False, 'cmake_target': None, 'cmake_target_skip_unavailable': False, 'install_base': '/home/tkdals/robot_ws/install/tutorial_interfaces', 'merge_install': False, 'path': '/home/tkdals/robot_ws/src/tutorial_interfaces', 'symlink_install': False, 'test_result_base': None}
[0.217s] Level 5:colcon.colcon_core.verb:set package 'homework2_2_pkg' build argument 'cmake_args' from command line to 'None'
[0.217s] Level 5:colcon.colcon_core.verb:set package 'homework2_2_pkg' build argument 'cmake_target' from command line to 'None'
[0.217s] Level 5:colcon.colcon_core.verb:set package 'homework2_2_pkg' build argument 'cmake_target_skip_unavailable' from command line to 'False'
[0.217s] Level 5:colcon.colcon_core.verb:set package 'homework2_2_pkg' build argument 'cmake_clean_cache' from command line to 'False'
[0.217s] Level 5:colcon.colcon_core.verb:set package 'homework2_2_pkg' build argument 'cmake_clean_first' from command line to 'False'
[0.217s] Level 5:colcon.colcon_core.verb:set package 'homework2_2_pkg' build argument 'cmake_force_configure' from command line to 'False'
[0.217s] Level 5:colcon.colcon_core.verb:set package 'homework2_2_pkg' build argument 'ament_cmake_args' from command line to 'None'
[0.217s] Level 5:colcon.colcon_core.verb:set package 'homework2_2_pkg' build argument 'catkin_cmake_args' from command line to 'None'
[0.217s] Level 5:colcon.colcon_core.verb:set package 'homework2_2_pkg' build argument 'catkin_skip_building_tests' from command line to 'False'
[0.217s] DEBUG:colcon.colcon_core.verb:Building package 'homework2_2_pkg' with the following arguments: {'ament_cmake_args': None, 'build_base': '/home/tkdals/robot_ws/build/homework2_2_pkg', 'catkin_cmake_args': None, 'catkin_skip_building_tests': False, 'cmake_args': None, 'cmake_clean_cache': False, 'cmake_clean_first': False, 'cmake_force_configure': False, 'cmake_target': None, 'cmake_target_skip_unavailable': False, 'install_base': '/home/tkdals/robot_ws/install/homework2_2_pkg', 'merge_install': False, 'path': '/home/tkdals/robot_ws/src/homework2_2_pkg', 'symlink_install': False, 'test_result_base': None}
[0.217s] Level 5:colcon.colcon_core.verb:set package 'homework3_pkg' build argument 'cmake_args' from command line to 'None'
[0.217s] Level 5:colcon.colcon_core.verb:set package 'homework3_pkg' build argument 'cmake_target' from command line to 'None'
[0.217s] Level 5:colcon.colcon_core.verb:set package 'homework3_pkg' build argument 'cmake_target_skip_unavailable' from command line to 'False'
[0.217s] Level 5:colcon.colcon_core.verb:set package 'homework3_pkg' build argument 'cmake_clean_cache' from command line to 'False'
[0.217s] Level 5:colcon.colcon_core.verb:set package 'homework3_pkg' build argument 'cmake_clean_first' from command line to 'False'
[0.217s] Level 5:colcon.colcon_core.verb:set package 'homework3_pkg' build argument 'cmake_force_configure' from command line to 'False'
[0.217s] Level 5:colcon.colcon_core.verb:set package 'homework3_pkg' build argument 'ament_cmake_args' from command line to 'None'
[0.217s] Level 5:colcon.colcon_core.verb:set package 'homework3_pkg' build argument 'catkin_cmake_args' from command line to 'None'
[0.217s] Level 5:colcon.colcon_core.verb:set package 'homework3_pkg' build argument 'catkin_skip_building_tests' from command line to 'False'
[0.217s] DEBUG:colcon.colcon_core.verb:Building package 'homework3_pkg' with the following arguments: {'ament_cmake_args': None, 'build_base': '/home/tkdals/robot_ws/build/homework3_pkg', 'catkin_cmake_args': None, 'catkin_skip_building_tests': False, 'cmake_args': None, 'cmake_clean_cache': False, 'cmake_clean_first': False, 'cmake_force_configure': False, 'cmake_target': None, 'cmake_target_skip_unavailable': False, 'install_base': '/home/tkdals/robot_ws/install/homework3_pkg', 'merge_install': False, 'path': '/home/tkdals/robot_ws/src/homework3_pkg', 'symlink_install': False, 'test_result_base': None}
[0.217s] INFO:colcon.colcon_core.executor:Executing jobs using 'parallel' executor
[0.218s] DEBUG:colcon.colcon_parallel_executor.executor.parallel:run_until_complete
[0.218s] INFO:colcon.colcon_ros.task.ament_cmake.build:Building ROS package in '/home/tkdals/robot_ws/src/dynamixel_sdk' with build type 'ament_cmake'
[0.218s] INFO:colcon.colcon_cmake.task.cmake.build:Building CMake package in '/home/tkdals/robot_ws/src/dynamixel_sdk'
[0.220s] INFO:colcon.colcon_core.plugin_system:Skipping extension 'colcon_core.shell.bat': Not used on non-Windows systems
[0.220s] INFO:colcon.colcon_core.shell:Skip shell extension 'powershell' for command environment: Not usable outside of PowerShell
[0.220s] DEBUG:colcon.colcon_core.shell:Skip shell extension 'dsv' for command environment
[0.222s] INFO:colcon.colcon_ros.task.ament_cmake.build:Building ROS package in '/home/tkdals/robot_ws/src/tutorial_interfaces' with build type 'ament_cmake'
[0.222s] INFO:colcon.colcon_cmake.task.cmake.build:Building CMake package in '/home/tkdals/robot_ws/src/tutorial_interfaces'
[0.222s] INFO:colcon.colcon_core.shell:Skip shell extension 'powershell' for command environment: Not usable outside of PowerShell
[0.222s] DEBUG:colcon.colcon_core.shell:Skip shell extension 'dsv' for command environment
[0.224s] INFO:colcon.colcon_ros.task.ament_cmake.build:Building ROS package in '/home/tkdals/robot_ws/src/ex_cilent_server_pkg' with build type 'ament_cmake'
[0.224s] INFO:colcon.colcon_cmake.task.cmake.build:Building CMake package in '/home/tkdals/robot_ws/src/ex_cilent_server_pkg'
[0.224s] INFO:colcon.colcon_core.shell:Skip shell extension 'powershell' for command environment: Not usable outside of PowerShell
[0.224s] DEBUG:colcon.colcon_core.shell:Skip shell extension 'dsv' for command environment
[0.226s] INFO:colcon.colcon_ros.task.ament_cmake.build:Building ROS package in '/home/tkdals/robot_ws/src/homework1_pkg' with build type 'ament_cmake'
[0.226s] INFO:colcon.colcon_cmake.task.cmake.build:Building CMake package in '/home/tkdals/robot_ws/src/homework1_pkg'
[0.226s] INFO:colcon.colcon_core.shell:Skip shell extension 'powershell' for command environment: Not usable outside of PowerShell
[0.226s] DEBUG:colcon.colcon_core.shell:Skip shell extension 'dsv' for command environment
[0.232s] DEBUG:colcon.colcon_core.event_handler.log_command:Invoking command in '/home/tkdals/robot_ws/build/dynamixel_sdk': CMAKE_PREFIX_PATH=/home/tkdals/robot_ws/install/homework2_2_pkg:/home/tkdals/robot_ws/install/tutorial_interfaces:/home/tkdals/robot_ws/install/homework3_pkg:/home/tkdals/robot_ws/install/homework1_pkg:/home/tkdals/robot_ws/install/ex_client_server_pkg:/opt/ros/humble:/home/tkdals/robot_ws/install/dynamixel_sdk /usr/bin/cmake --build /home/tkdals/robot_ws/build/dynamixel_sdk -- -j20 -l20
[0.233s] DEBUG:colcon.colcon_core.event_handler.log_command:Invoking command in '/home/tkdals/robot_ws/build/tutorial_interfaces': CMAKE_PREFIX_PATH=/home/tkdals/robot_ws/install/homework2_2_pkg:/home/tkdals/robot_ws/install/tutorial_interfaces:/home/tkdals/robot_ws/install/homework3_pkg:/home/tkdals/robot_ws/install/homework1_pkg:/home/tkdals/robot_ws/install/ex_client_server_pkg:/opt/ros/humble:/home/tkdals/robot_ws/install/dynamixel_sdk /usr/bin/cmake --build /home/tkdals/robot_ws/build/tutorial_interfaces -- -j20 -l20
[0.235s] DEBUG:colcon.colcon_core.event_handler.log_command:Invoking command in '/home/tkdals/robot_ws/build/ex_client_server_pkg': CMAKE_PREFIX_PATH=/home/tkdals/robot_ws/install/homework2_2_pkg:/home/tkdals/robot_ws/install/tutorial_interfaces:/home/tkdals/robot_ws/install/homework3_pkg:/home/tkdals/robot_ws/install/homework1_pkg:/home/tkdals/robot_ws/install/ex_client_server_pkg:/opt/ros/humble:/home/tkdals/robot_ws/install/dynamixel_sdk /usr/bin/cmake --build /home/tkdals/robot_ws/build/ex_client_server_pkg -- -j20 -l20
[0.238s] DEBUG:colcon.colcon_core.event_handler.log_command:Invoking command in '/home/tkdals/robot_ws/build/homework1_pkg': CMAKE_PREFIX_PATH=/home/tkdals/robot_ws/install/homework2_2_pkg:/home/tkdals/robot_ws/install/tutorial_interfaces:/home/tkdals/robot_ws/install/homework3_pkg:/home/tkdals/robot_ws/install/homework1_pkg:/home/tkdals/robot_ws/install/ex_client_server_pkg:/opt/ros/humble:/home/tkdals/robot_ws/install/dynamixel_sdk /usr/bin/cmake --build /home/tkdals/robot_ws/build/homework1_pkg -- -j20 -l20
[0.291s] DEBUG:colcon.colcon_core.event_handler.log_command:Invoked command in '/home/tkdals/robot_ws/build/homework1_pkg' returned '0': CMAKE_PREFIX_PATH=/home/tkdals/robot_ws/install/homework2_2_pkg:/home/tkdals/robot_ws/install/tutorial_interfaces:/home/tkdals/robot_ws/install/homework3_pkg:/home/tkdals/robot_ws/install/homework1_pkg:/home/tkdals/robot_ws/install/ex_client_server_pkg:/opt/ros/humble:/home/tkdals/robot_ws/install/dynamixel_sdk /usr/bin/cmake --build /home/tkdals/robot_ws/build/homework1_pkg -- -j20 -l20
[0.293s] DEBUG:colcon.colcon_core.event_handler.log_command:Invoked command in '/home/tkdals/robot_ws/build/dynamixel_sdk' returned '0': CMAKE_PREFIX_PATH=/home/tkdals/robot_ws/install/homework2_2_pkg:/home/tkdals/robot_ws/install/tutorial_interfaces:/home/tkdals/robot_ws/install/homework3_pkg:/home/tkdals/robot_ws/install/homework1_pkg:/home/tkdals/robot_ws/install/ex_client_server_pkg:/opt/ros/humble:/home/tkdals/robot_ws/install/dynamixel_sdk /usr/bin/cmake --build /home/tkdals/robot_ws/build/dynamixel_sdk -- -j20 -l20
[0.297s] DEBUG:colcon.colcon_core.event_handler.log_command:Invoked command in '/home/tkdals/robot_ws/build/ex_client_server_pkg' returned '0': CMAKE_PREFIX_PATH=/home/tkdals/robot_ws/install/homework2_2_pkg:/home/tkdals/robot_ws/install/tutorial_interfaces:/home/tkdals/robot_ws/install/homework3_pkg:/home/tkdals/robot_ws/install/homework1_pkg:/home/tkdals/robot_ws/install/ex_client_server_pkg:/opt/ros/humble:/home/tkdals/robot_ws/install/dynamixel_sdk /usr/bin/cmake --build /home/tkdals/robot_ws/build/ex_client_server_pkg -- -j20 -l20
[0.327s] DEBUG:colcon.colcon_core.event_handler.log_command:Invoking command in '/home/tkdals/robot_ws/build/homework1_pkg': CMAKE_PREFIX_PATH=/home/tkdals/robot_ws/install/homework2_2_pkg:/home/tkdals/robot_ws/install/tutorial_interfaces:/home/tkdals/robot_ws/install/homework3_pkg:/home/tkdals/robot_ws/install/homework1_pkg:/home/tkdals/robot_ws/install/ex_client_server_pkg:/opt/ros/humble:/home/tkdals/robot_ws/install/dynamixel_sdk /usr/bin/cmake --install /home/tkdals/robot_ws/build/homework1_pkg
[0.329s] DEBUG:colcon.colcon_core.event_handler.log_command:Invoking command in '/home/tkdals/robot_ws/build/ex_client_server_pkg': CMAKE_PREFIX_PATH=/home/tkdals/robot_ws/install/homework2_2_pkg:/home/tkdals/robot_ws/install/tutorial_interfaces:/home/tkdals/robot_ws/install/homework3_pkg:/home/tkdals/robot_ws/install/homework1_pkg:/home/tkdals/robot_ws/install/ex_client_server_pkg:/opt/ros/humble:/home/tkdals/robot_ws/install/dynamixel_sdk /usr/bin/cmake --install /home/tkdals/robot_ws/build/ex_client_server_pkg
[0.335s] DEBUG:colcon.colcon_core.event_handler.log_command:Invoking command in '/home/tkdals/robot_ws/build/dynamixel_sdk': CMAKE_PREFIX_PATH=/home/tkdals/robot_ws/install/homework2_2_pkg:/home/tkdals/robot_ws/install/tutorial_interfaces:/home/tkdals/robot_ws/install/homework3_pkg:/home/tkdals/robot_ws/install/homework1_pkg:/home/tkdals/robot_ws/install/ex_client_server_pkg:/opt/ros/humble:/home/tkdals/robot_ws/install/dynamixel_sdk /usr/bin/cmake --install /home/tkdals/robot_ws/build/dynamixel_sdk
[0.338s] Level 1:colcon.colcon_core.environment:create_environment_scripts_only(ex_client_server_pkg)
[0.342s] DEBUG:colcon.colcon_core.event_handler.log_command:Invoked command in '/home/tkdals/robot_ws/build/ex_client_server_pkg' returned '0': CMAKE_PREFIX_PATH=/home/tkdals/robot_ws/install/homework2_2_pkg:/home/tkdals/robot_ws/install/tutorial_interfaces:/home/tkdals/robot_ws/install/homework3_pkg:/home/tkdals/robot_ws/install/homework1_pkg:/home/tkdals/robot_ws/install/ex_client_server_pkg:/opt/ros/humble:/home/tkdals/robot_ws/install/dynamixel_sdk /usr/bin/cmake --install /home/tkdals/robot_ws/build/ex_client_server_pkg
[0.348s] Level 1:colcon.colcon_core.environment:checking '/home/tkdals/robot_ws/install/ex_client_server_pkg' for CMake module files
[0.348s] Level 1:colcon.colcon_core.environment:checking '/home/tkdals/robot_ws/install/ex_client_server_pkg' for CMake config files
[0.349s] Level 1:colcon.colcon_core.shell:create_environment_hook('ex_client_server_pkg', 'cmake_prefix_path')
[0.349s] INFO:colcon.colcon_core.shell:Creating environment hook '/home/tkdals/robot_ws/install/ex_client_server_pkg/share/ex_client_server_pkg/hook/cmake_prefix_path.ps1'
[0.350s] INFO:colcon.colcon_core.shell:Creating environment descriptor '/home/tkdals/robot_ws/install/ex_client_server_pkg/share/ex_client_server_pkg/hook/cmake_prefix_path.dsv'
[0.350s] INFO:colcon.colcon_core.shell:Creating environment hook '/home/tkdals/robot_ws/install/ex_client_server_pkg/share/ex_client_server_pkg/hook/cmake_prefix_path.sh'
[0.351s] Level 1:colcon.colcon_core.environment:checking '/home/tkdals/robot_ws/install/ex_client_server_pkg/lib'
[0.351s] Level 1:colcon.colcon_core.environment:checking '/home/tkdals/robot_ws/install/ex_client_server_pkg/bin'
[0.351s] Level 1:colcon.colcon_core.environment:checking '/home/tkdals/robot_ws/install/ex_client_server_pkg/lib/pkgconfig/ex_client_server_pkg.pc'
[0.351s] Level 1:colcon.colcon_core.environment:checking '/home/tkdals/robot_ws/install/ex_client_server_pkg/lib/python3.10/site-packages'
[0.351s] Level 1:colcon.colcon_core.environment:checking '/home/tkdals/robot_ws/install/ex_client_server_pkg/bin'
[0.352s] INFO:colcon.colcon_core.shell:Creating package script '/home/tkdals/robot_ws/install/ex_client_server_pkg/share/ex_client_server_pkg/package.ps1'
[0.353s] INFO:colcon.colcon_core.shell:Creating package descriptor '/home/tkdals/robot_ws/install/ex_client_server_pkg/share/ex_client_server_pkg/package.dsv'
[0.353s] INFO:colcon.colcon_core.shell:Creating package script '/home/tkdals/robot_ws/install/ex_client_server_pkg/share/ex_client_server_pkg/package.sh'
[0.354s] INFO:colcon.colcon_core.shell:Creating package script '/home/tkdals/robot_ws/install/ex_client_server_pkg/share/ex_client_server_pkg/package.bash'
[0.354s] INFO:colcon.colcon_core.shell:Creating package script '/home/tkdals/robot_ws/install/ex_client_server_pkg/share/ex_client_server_pkg/package.zsh'
[0.354s] Level 1:colcon.colcon_core.environment:create_file_with_runtime_dependencies(/home/tkdals/robot_ws/install/ex_client_server_pkg/share/colcon-core/packages/ex_client_server_pkg)
[0.356s] Level 1:colcon.colcon_core.environment:create_environment_scripts_only(dynamixel_sdk)
[0.356s] Level 1:colcon.colcon_core.environment:checking '/home/tkdals/robot_ws/install/dynamixel_sdk' for CMake module files
[0.357s] DEBUG:colcon.colcon_core.event_handler.log_command:Invoked command in '/home/tkdals/robot_ws/build/dynamixel_sdk' returned '0': CMAKE_PREFIX_PATH=/home/tkdals/robot_ws/install/homework2_2_pkg:/home/tkdals/robot_ws/install/tutorial_interfaces:/home/tkdals/robot_ws/install/homework3_pkg:/home/tkdals/robot_ws/install/homework1_pkg:/home/tkdals/robot_ws/install/ex_client_server_pkg:/opt/ros/humble:/home/tkdals/robot_ws/install/dynamixel_sdk /usr/bin/cmake --install /home/tkdals/robot_ws/build/dynamixel_sdk
[0.357s] Level 1:colcon.colcon_core.environment:checking '/home/tkdals/robot_ws/install/dynamixel_sdk' for CMake config files
[0.357s] Level 1:colcon.colcon_core.shell:create_environment_hook('dynamixel_sdk', 'cmake_prefix_path')
[0.357s] INFO:colcon.colcon_core.shell:Creating environment hook '/home/tkdals/robot_ws/install/dynamixel_sdk/share/dynamixel_sdk/hook/cmake_prefix_path.ps1'
[0.358s] INFO:colcon.colcon_core.shell:Creating environment descriptor '/home/tkdals/robot_ws/install/dynamixel_sdk/share/dynamixel_sdk/hook/cmake_prefix_path.dsv'
[0.358s] INFO:colcon.colcon_core.shell:Creating environment hook '/home/tkdals/robot_ws/install/dynamixel_sdk/share/dynamixel_sdk/hook/cmake_prefix_path.sh'
[0.358s] Level 1:colcon.colcon_core.environment:checking '/home/tkdals/robot_ws/install/dynamixel_sdk/lib'
[0.358s] Level 1:colcon.colcon_core.shell:create_environment_hook('dynamixel_sdk', 'ld_library_path_lib')
[0.358s] INFO:colcon.colcon_core.shell:Creating environment hook '/home/tkdals/robot_ws/install/dynamixel_sdk/share/dynamixel_sdk/hook/ld_library_path_lib.ps1'
[0.359s] INFO:colcon.colcon_core.shell:Creating environment descriptor '/home/tkdals/robot_ws/install/dynamixel_sdk/share/dynamixel_sdk/hook/ld_library_path_lib.dsv'
[0.359s] INFO:colcon.colcon_core.shell:Creating environment hook '/home/tkdals/robot_ws/install/dynamixel_sdk/share/dynamixel_sdk/hook/ld_library_path_lib.sh'
[0.359s] Level 1:colcon.colcon_core.environment:checking '/home/tkdals/robot_ws/install/dynamixel_sdk/bin'
[0.359s] Level 1:colcon.colcon_core.environment:checking '/home/tkdals/robot_ws/install/dynamixel_sdk/lib/pkgconfig/dynamixel_sdk.pc'
[0.359s] Level 1:colcon.colcon_core.environment:checking '/home/tkdals/robot_ws/install/dynamixel_sdk/lib/python3.10/site-packages'
[0.359s] Level 1:colcon.colcon_core.environment:checking '/home/tkdals/robot_ws/install/dynamixel_sdk/bin'
[0.360s] INFO:colcon.colcon_core.shell:Creating package script '/home/tkdals/robot_ws/install/dynamixel_sdk/share/dynamixel_sdk/package.ps1'
[0.360s] INFO:colcon.colcon_core.shell:Creating package descriptor '/home/tkdals/robot_ws/install/dynamixel_sdk/share/dynamixel_sdk/package.dsv'
[0.360s] INFO:colcon.colcon_core.shell:Creating package script '/home/tkdals/robot_ws/install/dynamixel_sdk/share/dynamixel_sdk/package.sh'
[0.360s] INFO:colcon.colcon_core.shell:Creating package script '/home/tkdals/robot_ws/install/dynamixel_sdk/share/dynamixel_sdk/package.bash'
[0.360s] INFO:colcon.colcon_core.shell:Creating package script '/home/tkdals/robot_ws/install/dynamixel_sdk/share/dynamixel_sdk/package.zsh'
[0.361s] Level 1:colcon.colcon_core.environment:create_file_with_runtime_dependencies(/home/tkdals/robot_ws/install/dynamixel_sdk/share/colcon-core/packages/dynamixel_sdk)
[0.362s] Level 1:colcon.colcon_core.environment:create_environment_scripts_only(homework1_pkg)
[0.362s] Level 1:colcon.colcon_core.environment:checking '/home/tkdals/robot_ws/install/homework1_pkg' for CMake module files
[0.363s] DEBUG:colcon.colcon_core.event_handler.log_command:Invoked command in '/home/tkdals/robot_ws/build/homework1_pkg' returned '0': CMAKE_PREFIX_PATH=/home/tkdals/robot_ws/install/homework2_2_pkg:/home/tkdals/robot_ws/install/tutorial_interfaces:/home/tkdals/robot_ws/install/homework3_pkg:/home/tkdals/robot_ws/install/homework1_pkg:/home/tkdals/robot_ws/install/ex_client_server_pkg:/opt/ros/humble:/home/tkdals/robot_ws/install/dynamixel_sdk /usr/bin/cmake --install /home/tkdals/robot_ws/build/homework1_pkg
[0.363s] Level 1:colcon.colcon_core.environment:checking '/home/tkdals/robot_ws/install/homework1_pkg' for CMake config files
[0.364s] Level 1:colcon.colcon_core.shell:create_environment_hook('homework1_pkg', 'cmake_prefix_path')
[0.364s] INFO:colcon.colcon_core.shell:Creating environment hook '/home/tkdals/robot_ws/install/homework1_pkg/share/homework1_pkg/hook/cmake_prefix_path.ps1'
[0.364s] INFO:colcon.colcon_core.shell:Creating environment descriptor '/home/tkdals/robot_ws/install/homework1_pkg/share/homework1_pkg/hook/cmake_prefix_path.dsv'
[0.365s] INFO:colcon.colcon_core.shell:Creating environment hook '/home/tkdals/robot_ws/install/homework1_pkg/share/homework1_pkg/hook/cmake_prefix_path.sh'
[0.365s] Level 1:colcon.colcon_core.environment:checking '/home/tkdals/robot_ws/install/homework1_pkg/lib'
[0.366s] Level 1:colcon.colcon_core.environment:checking '/home/tkdals/robot_ws/install/homework1_pkg/bin'
[0.366s] Level 1:colcon.colcon_core.environment:checking '/home/tkdals/robot_ws/install/homework1_pkg/lib/pkgconfig/homework1_pkg.pc'
[0.366s] Level 1:colcon.colcon_core.environment:checking '/home/tkdals/robot_ws/install/homework1_pkg/lib/python3.10/site-packages'
[0.366s] Level 1:colcon.colcon_core.environment:checking '/home/tkdals/robot_ws/install/homework1_pkg/bin'
[0.367s] INFO:colcon.colcon_core.shell:Creating package script '/home/tkdals/robot_ws/install/homework1_pkg/share/homework1_pkg/package.ps1'
[0.367s] INFO:colcon.colcon_core.shell:Creating package descriptor '/home/tkdals/robot_ws/install/homework1_pkg/share/homework1_pkg/package.dsv'
[0.368s] INFO:colcon.colcon_core.shell:Creating package script '/home/tkdals/robot_ws/install/homework1_pkg/share/homework1_pkg/package.sh'
[0.368s] INFO:colcon.colcon_core.shell:Creating package script '/home/tkdals/robot_ws/install/homework1_pkg/share/homework1_pkg/package.bash'
[0.369s] INFO:colcon.colcon_core.shell:Creating package script '/home/tkdals/robot_ws/install/homework1_pkg/share/homework1_pkg/package.zsh'
[0.369s] Level 1:colcon.colcon_core.environment:create_file_with_runtime_dependencies(/home/tkdals/robot_ws/install/homework1_pkg/share/colcon-core/packages/homework1_pkg)
[0.378s] Level 1:colcon.colcon_core.environment:create_environment_scripts_only(ex_client_server_pkg)
[0.379s] Level 1:colcon.colcon_core.environment:checking '/home/tkdals/robot_ws/install/ex_client_server_pkg' for CMake module files
[0.379s] Level 1:colcon.colcon_core.environment:checking '/home/tkdals/robot_ws/install/ex_client_server_pkg' for CMake config files
[0.379s] Level 1:colcon.colcon_core.shell:create_environment_hook('ex_client_server_pkg', 'cmake_prefix_path')
[0.380s] INFO:colcon.colcon_core.shell:Creating environment hook '/home/tkdals/robot_ws/install/ex_client_server_pkg/share/ex_client_server_pkg/hook/cmake_prefix_path.ps1'
[0.380s] INFO:colcon.colcon_core.shell:Creating environment descriptor '/home/tkdals/robot_ws/install/ex_client_server_pkg/share/ex_client_server_pkg/hook/cmake_prefix_path.dsv'
[0.380s] INFO:colcon.colcon_core.shell:Creating environment hook '/home/tkdals/robot_ws/install/ex_client_server_pkg/share/ex_client_server_pkg/hook/cmake_prefix_path.sh'
[0.381s] Level 1:colcon.colcon_core.environment:checking '/home/tkdals/robot_ws/install/ex_client_server_pkg/lib'
[0.381s] Level 1:colcon.colcon_core.environment:checking '/home/tkdals/robot_ws/install/ex_client_server_pkg/bin'
[0.381s] Level 1:colcon.colcon_core.environment:checking '/home/tkdals/robot_ws/install/ex_client_server_pkg/lib/pkgconfig/ex_client_server_pkg.pc'
[0.381s] Level 1:colcon.colcon_core.environment:checking '/home/tkdals/robot_ws/install/ex_client_server_pkg/lib/python3.10/site-packages'
[0.381s] Level 1:colcon.colcon_core.environment:checking '/home/tkdals/robot_ws/install/ex_client_server_pkg/bin'
[0.381s] INFO:colcon.colcon_core.shell:Creating package script '/home/tkdals/robot_ws/install/ex_client_server_pkg/share/ex_client_server_pkg/package.ps1'
[0.381s] INFO:colcon.colcon_core.shell:Creating package descriptor '/home/tkdals/robot_ws/install/ex_client_server_pkg/share/ex_client_server_pkg/package.dsv'
[0.382s] INFO:colcon.colcon_core.shell:Creating package script '/home/tkdals/robot_ws/install/ex_client_server_pkg/share/ex_client_server_pkg/package.sh'
[0.382s] INFO:colcon.colcon_core.shell:Creating package script '/home/tkdals/robot_ws/install/ex_client_server_pkg/share/ex_client_server_pkg/package.bash'
[0.382s] INFO:colcon.colcon_core.shell:Creating package script '/home/tkdals/robot_ws/install/ex_client_server_pkg/share/ex_client_server_pkg/package.zsh'
[0.382s] Level 1:colcon.colcon_core.environment:create_file_with_runtime_dependencies(/home/tkdals/robot_ws/install/ex_client_server_pkg/share/colcon-core/packages/ex_client_server_pkg)
[0.394s] Level 1:colcon.colcon_core.environment:create_environment_scripts_only(homework1_pkg)
[0.395s] Level 1:colcon.colcon_core.environment:checking '/home/tkdals/robot_ws/install/homework1_pkg' for CMake module files
[0.395s] Level 1:colcon.colcon_core.environment:checking '/home/tkdals/robot_ws/install/homework1_pkg' for CMake config files
[0.396s] Level 1:colcon.colcon_core.shell:create_environment_hook('homework1_pkg', 'cmake_prefix_path')
[0.396s] INFO:colcon.colcon_core.shell:Creating environment hook '/home/tkdals/robot_ws/install/homework1_pkg/share/homework1_pkg/hook/cmake_prefix_path.ps1'
[0.397s] INFO:colcon.colcon_core.shell:Creating environment descriptor '/home/tkdals/robot_ws/install/homework1_pkg/share/homework1_pkg/hook/cmake_prefix_path.dsv'
[0.397s] INFO:colcon.colcon_core.shell:Creating environment hook '/home/tkdals/robot_ws/install/homework1_pkg/share/homework1_pkg/hook/cmake_prefix_path.sh'
[0.397s] Level 1:colcon.colcon_core.environment:checking '/home/tkdals/robot_ws/install/homework1_pkg/lib'
[0.397s] Level 1:colcon.colcon_core.environment:checking '/home/tkdals/robot_ws/install/homework1_pkg/bin'
[0.397s] Level 1:colcon.colcon_core.environment:checking '/home/tkdals/robot_ws/install/homework1_pkg/lib/pkgconfig/homework1_pkg.pc'
[0.398s] Level 1:colcon.colcon_core.environment:checking '/home/tkdals/robot_ws/install/homework1_pkg/lib/python3.10/site-packages'
[0.398s] Level 1:colcon.colcon_core.environment:checking '/home/tkdals/robot_ws/install/homework1_pkg/bin'
[0.398s] INFO:colcon.colcon_core.shell:Creating package script '/home/tkdals/robot_ws/install/homework1_pkg/share/homework1_pkg/package.ps1'
[0.398s] INFO:colcon.colcon_core.shell:Creating package descriptor '/home/tkdals/robot_ws/install/homework1_pkg/share/homework1_pkg/package.dsv'
[0.398s] INFO:colcon.colcon_core.shell:Creating package script '/home/tkdals/robot_ws/install/homework1_pkg/share/homework1_pkg/package.sh'
[0.399s] INFO:colcon.colcon_core.shell:Creating package script '/home/tkdals/robot_ws/install/homework1_pkg/share/homework1_pkg/package.bash'
[0.399s] INFO:colcon.colcon_core.shell:Creating package script '/home/tkdals/robot_ws/install/homework1_pkg/share/homework1_pkg/package.zsh'
[0.399s] Level 1:colcon.colcon_core.environment:create_file_with_runtime_dependencies(/home/tkdals/robot_ws/install/homework1_pkg/share/colcon-core/packages/homework1_pkg)
[0.399s] Level 1:colcon.colcon_core.environment:create_environment_scripts_only(dynamixel_sdk)
[0.400s] Level 1:colcon.colcon_core.environment:checking '/home/tkdals/robot_ws/install/dynamixel_sdk' for CMake module files
[0.400s] Level 1:colcon.colcon_core.environment:checking '/home/tkdals/robot_ws/install/dynamixel_sdk' for CMake config files
[0.400s] Level 1:colcon.colcon_core.shell:create_environment_hook('dynamixel_sdk', 'cmake_prefix_path')
[0.400s] INFO:colcon.colcon_core.shell:Creating environment hook '/home/tkdals/robot_ws/install/dynamixel_sdk/share/dynamixel_sdk/hook/cmake_prefix_path.ps1'
[0.401s] INFO:colcon.colcon_core.shell:Creating environment descriptor '/home/tkdals/robot_ws/install/dynamixel_sdk/share/dynamixel_sdk/hook/cmake_prefix_path.dsv'
[0.401s] INFO:colcon.colcon_core.shell:Creating environment hook '/home/tkdals/robot_ws/install/dynamixel_sdk/share/dynamixel_sdk/hook/cmake_prefix_path.sh'
[0.401s] Level 1:colcon.colcon_core.environment:checking '/home/tkdals/robot_ws/install/dynamixel_sdk/lib'
[0.401s] Level 1:colcon.colcon_core.shell:create_environment_hook('dynamixel_sdk', 'ld_library_path_lib')
[0.401s] INFO:colcon.colcon_core.shell:Creating environment hook '/home/tkdals/robot_ws/install/dynamixel_sdk/share/dynamixel_sdk/hook/ld_library_path_lib.ps1'
[0.401s] INFO:colcon.colcon_core.shell:Creating environment descriptor '/home/tkdals/robot_ws/install/dynamixel_sdk/share/dynamixel_sdk/hook/ld_library_path_lib.dsv'
[0.402s] INFO:colcon.colcon_core.shell:Creating environment hook '/home/tkdals/robot_ws/install/dynamixel_sdk/share/dynamixel_sdk/hook/ld_library_path_lib.sh'
[0.402s] Level 1:colcon.colcon_core.environment:checking '/home/tkdals/robot_ws/install/dynamixel_sdk/bin'
[0.402s] Level 1:colcon.colcon_core.environment:checking '/home/tkdals/robot_ws/install/dynamixel_sdk/lib/pkgconfig/dynamixel_sdk.pc'
[0.402s] Level 1:colcon.colcon_core.environment:checking '/home/tkdals/robot_ws/install/dynamixel_sdk/lib/python3.10/site-packages'
[0.402s] Level 1:colcon.colcon_core.environment:checking '/home/tkdals/robot_ws/install/dynamixel_sdk/bin'
[0.402s] INFO:colcon.colcon_core.shell:Creating package script '/home/tkdals/robot_ws/install/dynamixel_sdk/share/dynamixel_sdk/package.ps1'
[0.402s] INFO:colcon.colcon_core.shell:Creating package descriptor '/home/tkdals/robot_ws/install/dynamixel_sdk/share/dynamixel_sdk/package.dsv'
[0.403s] INFO:colcon.colcon_core.shell:Creating package script '/home/tkdals/robot_ws/install/dynamixel_sdk/share/dynamixel_sdk/package.sh'
[0.403s] INFO:colcon.colcon_core.shell:Creating package script '/home/tkdals/robot_ws/install/dynamixel_sdk/share/dynamixel_sdk/package.bash'
[0.404s] INFO:colcon.colcon_core.shell:Creating package script '/home/tkdals/robot_ws/install/dynamixel_sdk/share/dynamixel_sdk/package.zsh'
[0.404s] Level 1:colcon.colcon_core.environment:create_file_with_runtime_dependencies(/home/tkdals/robot_ws/install/dynamixel_sdk/share/colcon-core/packages/dynamixel_sdk)
[0.404s] INFO:colcon.colcon_ros.task.ament_cmake.build:Building ROS package in '/home/tkdals/robot_ws/src/homework3_pkg' with build type 'ament_cmake'
[0.404s] INFO:colcon.colcon_cmake.task.cmake.build:Building CMake package in '/home/tkdals/robot_ws/src/homework3_pkg'
[0.404s] INFO:colcon.colcon_core.shell:Skip shell extension 'powershell' for command environment: Not usable outside of PowerShell
[0.404s] DEBUG:colcon.colcon_core.shell:Skip shell extension 'dsv' for command environment
[0.413s] DEBUG:colcon.colcon_core.event_handler.log_command:Invoking command in '/home/tkdals/robot_ws/build/homework3_pkg': CMAKE_PREFIX_PATH=/opt/ros/humble:/home/tkdals/robot_ws/install/dynamixel_sdk:/home/tkdals/robot_ws/install/homework2_2_pkg:/home/tkdals/robot_ws/install/tutorial_interfaces:/home/tkdals/robot_ws/install/homework3_pkg:/home/tkdals/robot_ws/install/homework1_pkg:/home/tkdals/robot_ws/install/ex_client_server_pkg LD_LIBRARY_PATH=/home/tkdals/robot_ws/install/dynamixel_sdk/lib:/home/tkdals/robot_ws/install/tutorial_interfaces/lib:/opt/ros/humble/opt/rviz_ogre_vendor/lib:/opt/ros/humble/lib/x86_64-linux-gnu:/opt/ros/humble/lib /usr/bin/cmake --build /home/tkdals/robot_ws/build/homework3_pkg -- -j20 -l20
[0.476s] DEBUG:colcon.colcon_core.event_handler.log_command:Invoked command in '/home/tkdals/robot_ws/build/tutorial_interfaces' returned '0': CMAKE_PREFIX_PATH=/home/tkdals/robot_ws/install/homework2_2_pkg:/home/tkdals/robot_ws/install/tutorial_interfaces:/home/tkdals/robot_ws/install/homework3_pkg:/home/tkdals/robot_ws/install/homework1_pkg:/home/tkdals/robot_ws/install/ex_client_server_pkg:/opt/ros/humble:/home/tkdals/robot_ws/install/dynamixel_sdk /usr/bin/cmake --build /home/tkdals/robot_ws/build/tutorial_interfaces -- -j20 -l20
[0.555s] DEBUG:colcon.colcon_core.event_handler.log_command:Invoking command in '/home/tkdals/robot_ws/build/tutorial_interfaces': CMAKE_PREFIX_PATH=/home/tkdals/robot_ws/install/homework2_2_pkg:/home/tkdals/robot_ws/install/tutorial_interfaces:/home/tkdals/robot_ws/install/homework3_pkg:/home/tkdals/robot_ws/install/homework1_pkg:/home/tkdals/robot_ws/install/ex_client_server_pkg:/opt/ros/humble:/home/tkdals/robot_ws/install/dynamixel_sdk /usr/bin/cmake --install /home/tkdals/robot_ws/build/tutorial_interfaces
[0.591s] Level 1:colcon.colcon_core.environment:create_environment_scripts_only(tutorial_interfaces)
[0.592s] Level 1:colcon.colcon_core.environment:checking '/home/tkdals/robot_ws/install/tutorial_interfaces' for CMake module files
[0.592s] DEBUG:colcon.colcon_core.event_handler.log_command:Invoked command in '/home/tkdals/robot_ws/build/tutorial_interfaces' returned '0': CMAKE_PREFIX_PATH=/home/tkdals/robot_ws/install/homework2_2_pkg:/home/tkdals/robot_ws/install/tutorial_interfaces:/home/tkdals/robot_ws/install/homework3_pkg:/home/tkdals/robot_ws/install/homework1_pkg:/home/tkdals/robot_ws/install/ex_client_server_pkg:/opt/ros/humble:/home/tkdals/robot_ws/install/dynamixel_sdk /usr/bin/cmake --install /home/tkdals/robot_ws/build/tutorial_interfaces
[0.592s] Level 1:colcon.colcon_core.environment:checking '/home/tkdals/robot_ws/install/tutorial_interfaces' for CMake config files
[0.592s] Level 1:colcon.colcon_core.shell:create_environment_hook('tutorial_interfaces', 'cmake_prefix_path')
[0.593s] INFO:colcon.colcon_core.shell:Creating environment hook '/home/tkdals/robot_ws/install/tutorial_interfaces/share/tutorial_interfaces/hook/cmake_prefix_path.ps1'
[0.593s] INFO:colcon.colcon_core.shell:Creating environment descriptor '/home/tkdals/robot_ws/install/tutorial_interfaces/share/tutorial_interfaces/hook/cmake_prefix_path.dsv'
[0.593s] INFO:colcon.colcon_core.shell:Creating environment hook '/home/tkdals/robot_ws/install/tutorial_interfaces/share/tutorial_interfaces/hook/cmake_prefix_path.sh'
[0.593s] Level 1:colcon.colcon_core.environment:checking '/home/tkdals/robot_ws/install/tutorial_interfaces/lib'
[0.593s] Level 1:colcon.colcon_core.shell:create_environment_hook('tutorial_interfaces', 'ld_library_path_lib')
[0.593s] INFO:colcon.colcon_core.shell:Creating environment hook '/home/tkdals/robot_ws/install/tutorial_interfaces/share/tutorial_interfaces/hook/ld_library_path_lib.ps1'
[0.594s] INFO:colcon.colcon_core.shell:Creating environment descriptor '/home/tkdals/robot_ws/install/tutorial_interfaces/share/tutorial_interfaces/hook/ld_library_path_lib.dsv'
[0.594s] INFO:colcon.colcon_core.shell:Creating environment hook '/home/tkdals/robot_ws/install/tutorial_interfaces/share/tutorial_interfaces/hook/ld_library_path_lib.sh'
[0.594s] Level 1:colcon.colcon_core.environment:checking '/home/tkdals/robot_ws/install/tutorial_interfaces/bin'
[0.594s] Level 1:colcon.colcon_core.environment:checking '/home/tkdals/robot_ws/install/tutorial_interfaces/lib/pkgconfig/tutorial_interfaces.pc'
[0.594s] Level 1:colcon.colcon_core.environment:checking '/home/tkdals/robot_ws/install/tutorial_interfaces/lib/python3.10/site-packages'
[0.594s] Level 1:colcon.colcon_core.environment:checking '/home/tkdals/robot_ws/install/tutorial_interfaces/bin'
[0.594s] INFO:colcon.colcon_core.shell:Creating package script '/home/tkdals/robot_ws/install/tutorial_interfaces/share/tutorial_interfaces/package.ps1'
[0.595s] INFO:colcon.colcon_core.shell:Creating package descriptor '/home/tkdals/robot_ws/install/tutorial_interfaces/share/tutorial_interfaces/package.dsv'
[0.595s] INFO:colcon.colcon_core.shell:Creating package script '/home/tkdals/robot_ws/install/tutorial_interfaces/share/tutorial_interfaces/package.sh'
[0.595s] INFO:colcon.colcon_core.shell:Creating package script '/home/tkdals/robot_ws/install/tutorial_interfaces/share/tutorial_interfaces/package.bash'
[0.595s] INFO:colcon.colcon_core.shell:Creating package script '/home/tkdals/robot_ws/install/tutorial_interfaces/share/tutorial_interfaces/package.zsh'
[0.596s] Level 1:colcon.colcon_core.environment:create_file_with_runtime_dependencies(/home/tkdals/robot_ws/install/tutorial_interfaces/share/colcon-core/packages/tutorial_interfaces)
[0.676s] Level 1:colcon.colcon_core.environment:create_environment_scripts_only(tutorial_interfaces)
[0.676s] Level 1:colcon.colcon_core.environment:checking '/home/tkdals/robot_ws/install/tutorial_interfaces' for CMake module files
[0.676s] Level 1:colcon.colcon_core.environment:checking '/home/tkdals/robot_ws/install/tutorial_interfaces' for CMake config files
[0.677s] Level 1:colcon.colcon_core.shell:create_environment_hook('tutorial_interfaces', 'cmake_prefix_path')
[0.677s] INFO:colcon.colcon_core.shell:Creating environment hook '/home/tkdals/robot_ws/install/tutorial_interfaces/share/tutorial_interfaces/hook/cmake_prefix_path.ps1'
[0.677s] INFO:colcon.colcon_core.shell:Creating environment descriptor '/home/tkdals/robot_ws/install/tutorial_interfaces/share/tutorial_interfaces/hook/cmake_prefix_path.dsv'
[0.677s] INFO:colcon.colcon_core.shell:Creating environment hook '/home/tkdals/robot_ws/install/tutorial_interfaces/share/tutorial_interfaces/hook/cmake_prefix_path.sh'
[0.678s] Level 1:colcon.colcon_core.environment:checking '/home/tkdals/robot_ws/install/tutorial_interfaces/lib'
[0.678s] Level 1:colcon.colcon_core.shell:create_environment_hook('tutorial_interfaces', 'ld_library_path_lib')
[0.678s] INFO:colcon.colcon_core.shell:Creating environment hook '/home/tkdals/robot_ws/install/tutorial_interfaces/share/tutorial_interfaces/hook/ld_library_path_lib.ps1'
[0.678s] INFO:colcon.colcon_core.shell:Creating environment descriptor '/home/tkdals/robot_ws/install/tutorial_interfaces/share/tutorial_interfaces/hook/ld_library_path_lib.dsv'
[0.678s] INFO:colcon.colcon_core.shell:Creating environment hook '/home/tkdals/robot_ws/install/tutorial_interfaces/share/tutorial_interfaces/hook/ld_library_path_lib.sh'
[0.678s] Level 1:colcon.colcon_core.environment:checking '/home/tkdals/robot_ws/install/tutorial_interfaces/bin'
[0.679s] Level 1:colcon.colcon_core.environment:checking '/home/tkdals/robot_ws/install/tutorial_interfaces/lib/pkgconfig/tutorial_interfaces.pc'
[0.679s] Level 1:colcon.colcon_core.environment:checking '/home/tkdals/robot_ws/install/tutorial_interfaces/lib/python3.10/site-packages'
[0.679s] Level 1:colcon.colcon_core.environment:checking '/home/tkdals/robot_ws/install/tutorial_interfaces/bin'
[0.679s] INFO:colcon.colcon_core.shell:Creating package script '/home/tkdals/robot_ws/install/tutorial_interfaces/share/tutorial_interfaces/package.ps1'
[0.680s] INFO:colcon.colcon_core.shell:Creating package descriptor '/home/tkdals/robot_ws/install/tutorial_interfaces/share/tutorial_interfaces/package.dsv'
[0.680s] INFO:colcon.colcon_core.shell:Creating package script '/home/tkdals/robot_ws/install/tutorial_interfaces/share/tutorial_interfaces/package.sh'
[0.680s] INFO:colcon.colcon_core.shell:Creating package script '/home/tkdals/robot_ws/install/tutorial_interfaces/share/tutorial_interfaces/package.bash'
[0.680s] INFO:colcon.colcon_core.shell:Creating package script '/home/tkdals/robot_ws/install/tutorial_interfaces/share/tutorial_interfaces/package.zsh'
[0.681s] Level 1:colcon.colcon_core.environment:create_file_with_runtime_dependencies(/home/tkdals/robot_ws/install/tutorial_interfaces/share/colcon-core/packages/tutorial_interfaces)
[0.681s] INFO:colcon.colcon_ros.task.ament_cmake.build:Building ROS package in '/home/tkdals/robot_ws/src/homework2_2_pkg' with build type 'ament_cmake'
[0.681s] INFO:colcon.colcon_cmake.task.cmake.build:Building CMake package in '/home/tkdals/robot_ws/src/homework2_2_pkg'
[0.681s] INFO:colcon.colcon_core.shell:Skip shell extension 'powershell' for command environment: Not usable outside of PowerShell
[0.681s] DEBUG:colcon.colcon_core.shell:Skip shell extension 'dsv' for command environment
[0.689s] DEBUG:colcon.colcon_core.event_handler.log_command:Invoking command in '/home/tkdals/robot_ws/build/homework2_2_pkg': CMAKE_PREFIX_PATH=/home/tkdals/robot_ws/install/tutorial_interfaces:/home/tkdals/robot_ws/install/homework2_2_pkg:/home/tkdals/robot_ws/install/homework3_pkg:/home/tkdals/robot_ws/install/homework1_pkg:/home/tkdals/robot_ws/install/ex_client_server_pkg:/opt/ros/humble:/home/tkdals/robot_ws/install/dynamixel_sdk /usr/bin/cmake --build /home/tkdals/robot_ws/build/homework2_2_pkg -- -j20 -l20
[0.748s] DEBUG:colcon.colcon_core.event_handler.log_command:Invoked command in '/home/tkdals/robot_ws/build/homework2_2_pkg' returned '0': CMAKE_PREFIX_PATH=/home/tkdals/robot_ws/install/tutorial_interfaces:/home/tkdals/robot_ws/install/homework2_2_pkg:/home/tkdals/robot_ws/install/homework3_pkg:/home/tkdals/robot_ws/install/homework1_pkg:/home/tkdals/robot_ws/install/ex_client_server_pkg:/opt/ros/humble:/home/tkdals/robot_ws/install/dynamixel_sdk /usr/bin/cmake --build /home/tkdals/robot_ws/build/homework2_2_pkg -- -j20 -l20
[0.777s] DEBUG:colcon.colcon_core.event_handler.log_command:Invoking command in '/home/tkdals/robot_ws/build/homework2_2_pkg': CMAKE_PREFIX_PATH=/home/tkdals/robot_ws/install/tutorial_interfaces:/home/tkdals/robot_ws/install/homework2_2_pkg:/home/tkdals/robot_ws/install/homework3_pkg:/home/tkdals/robot_ws/install/homework1_pkg:/home/tkdals/robot_ws/install/ex_client_server_pkg:/opt/ros/humble:/home/tkdals/robot_ws/install/dynamixel_sdk /usr/bin/cmake --install /home/tkdals/robot_ws/build/homework2_2_pkg
[0.783s] Level 1:colcon.colcon_core.environment:create_environment_scripts_only(homework2_2_pkg)
[0.784s] Level 1:colcon.colcon_core.environment:checking '/home/tkdals/robot_ws/install/homework2_2_pkg' for CMake module files
[0.784s] DEBUG:colcon.colcon_core.event_handler.log_command:Invoked command in '/home/tkdals/robot_ws/build/homework2_2_pkg' returned '0': CMAKE_PREFIX_PATH=/home/tkdals/robot_ws/install/tutorial_interfaces:/home/tkdals/robot_ws/install/homework2_2_pkg:/home/tkdals/robot_ws/install/homework3_pkg:/home/tkdals/robot_ws/install/homework1_pkg:/home/tkdals/robot_ws/install/ex_client_server_pkg:/opt/ros/humble:/home/tkdals/robot_ws/install/dynamixel_sdk /usr/bin/cmake --install /home/tkdals/robot_ws/build/homework2_2_pkg
[0.784s] Level 1:colcon.colcon_core.environment:checking '/home/tkdals/robot_ws/install/homework2_2_pkg' for CMake config files
[0.784s] Level 1:colcon.colcon_core.shell:create_environment_hook('homework2_2_pkg', 'cmake_prefix_path')
[0.784s] INFO:colcon.colcon_core.shell:Creating environment hook '/home/tkdals/robot_ws/install/homework2_2_pkg/share/homework2_2_pkg/hook/cmake_prefix_path.ps1'
[0.785s] INFO:colcon.colcon_core.shell:Creating environment descriptor '/home/tkdals/robot_ws/install/homework2_2_pkg/share/homework2_2_pkg/hook/cmake_prefix_path.dsv'
[0.785s] INFO:colcon.colcon_core.shell:Creating environment hook '/home/tkdals/robot_ws/install/homework2_2_pkg/share/homework2_2_pkg/hook/cmake_prefix_path.sh'
[0.785s] Level 1:colcon.colcon_core.environment:checking '/home/tkdals/robot_ws/install/homework2_2_pkg/lib'
[0.785s] Level 1:colcon.colcon_core.environment:checking '/home/tkdals/robot_ws/install/homework2_2_pkg/bin'
[0.785s] Level 1:colcon.colcon_core.environment:checking '/home/tkdals/robot_ws/install/homework2_2_pkg/lib/pkgconfig/homework2_2_pkg.pc'
[0.785s] Level 1:colcon.colcon_core.environment:checking '/home/tkdals/robot_ws/install/homework2_2_pkg/lib/python3.10/site-packages'
[0.785s] Level 1:colcon.colcon_core.environment:checking '/home/tkdals/robot_ws/install/homework2_2_pkg/bin'
[0.786s] INFO:colcon.colcon_core.shell:Creating package script '/home/tkdals/robot_ws/install/homework2_2_pkg/share/homework2_2_pkg/package.ps1'
[0.786s] INFO:colcon.colcon_core.shell:Creating package descriptor '/home/tkdals/robot_ws/install/homework2_2_pkg/share/homework2_2_pkg/package.dsv'
[0.786s] INFO:colcon.colcon_core.shell:Creating package script '/home/tkdals/robot_ws/install/homework2_2_pkg/share/homework2_2_pkg/package.sh'
[0.786s] INFO:colcon.colcon_core.shell:Creating package script '/home/tkdals/robot_ws/install/homework2_2_pkg/share/homework2_2_pkg/package.bash'
[0.786s] INFO:colcon.colcon_core.shell:Creating package script '/home/tkdals/robot_ws/install/homework2_2_pkg/share/homework2_2_pkg/package.zsh'
[0.787s] Level 1:colcon.colcon_core.environment:create_file_with_runtime_dependencies(/home/tkdals/robot_ws/install/homework2_2_pkg/share/colcon-core/packages/homework2_2_pkg)
[0.815s] Level 1:colcon.colcon_core.environment:create_environment_scripts_only(homework2_2_pkg)
[0.815s] Level 1:colcon.colcon_core.environment:checking '/home/tkdals/robot_ws/install/homework2_2_pkg' for CMake module files
[0.816s] Level 1:colcon.colcon_core.environment:checking '/home/tkdals/robot_ws/install/homework2_2_pkg' for CMake config files
[0.816s] Level 1:colcon.colcon_core.shell:create_environment_hook('homework2_2_pkg', 'cmake_prefix_path')
[0.816s] INFO:colcon.colcon_core.shell:Creating environment hook '/home/tkdals/robot_ws/install/homework2_2_pkg/share/homework2_2_pkg/hook/cmake_prefix_path.ps1'
[0.816s] INFO:colcon.colcon_core.shell:Creating environment descriptor '/home/tkdals/robot_ws/install/homework2_2_pkg/share/homework2_2_pkg/hook/cmake_prefix_path.dsv'
[0.816s] INFO:colcon.colcon_core.shell:Creating environment hook '/home/tkdals/robot_ws/install/homework2_2_pkg/share/homework2_2_pkg/hook/cmake_prefix_path.sh'
[0.817s] Level 1:colcon.colcon_core.environment:checking '/home/tkdals/robot_ws/install/homework2_2_pkg/lib'
[0.817s] Level 1:colcon.colcon_core.environment:checking '/home/tkdals/robot_ws/install/homework2_2_pkg/bin'
[0.817s] Level 1:colcon.colcon_core.environment:checking '/home/tkdals/robot_ws/install/homework2_2_pkg/lib/pkgconfig/homework2_2_pkg.pc'
[0.817s] Level 1:colcon.colcon_core.environment:checking '/home/tkdals/robot_ws/install/homework2_2_pkg/lib/python3.10/site-packages'
[0.817s] Level 1:colcon.colcon_core.environment:checking '/home/tkdals/robot_ws/install/homework2_2_pkg/bin'
[0.817s] INFO:colcon.colcon_core.shell:Creating package script '/home/tkdals/robot_ws/install/homework2_2_pkg/share/homework2_2_pkg/package.ps1'
[0.818s] INFO:colcon.colcon_core.shell:Creating package descriptor '/home/tkdals/robot_ws/install/homework2_2_pkg/share/homework2_2_pkg/package.dsv'
[0.818s] INFO:colcon.colcon_core.shell:Creating package script '/home/tkdals/robot_ws/install/homework2_2_pkg/share/homework2_2_pkg/package.sh'
[0.818s] INFO:colcon.colcon_core.shell:Creating package script '/home/tkdals/robot_ws/install/homework2_2_pkg/share/homework2_2_pkg/package.bash'
[0.818s] INFO:colcon.colcon_core.shell:Creating package script '/home/tkdals/robot_ws/install/homework2_2_pkg/share/homework2_2_pkg/package.zsh'
[0.818s] Level 1:colcon.colcon_core.environment:create_file_with_runtime_dependencies(/home/tkdals/robot_ws/install/homework2_2_pkg/share/colcon-core/packages/homework2_2_pkg)
[1.010s] DEBUG:colcon.colcon_core.event_handler.log_command:Invoked command in '/home/tkdals/robot_ws/build/homework3_pkg' returned '0': CMAKE_PREFIX_PATH=/opt/ros/humble:/home/tkdals/robot_ws/install/dynamixel_sdk:/home/tkdals/robot_ws/install/homework2_2_pkg:/home/tkdals/robot_ws/install/tutorial_interfaces:/home/tkdals/robot_ws/install/homework3_pkg:/home/tkdals/robot_ws/install/homework1_pkg:/home/tkdals/robot_ws/install/ex_client_server_pkg LD_LIBRARY_PATH=/home/tkdals/robot_ws/install/dynamixel_sdk/lib:/home/tkdals/robot_ws/install/tutorial_interfaces/lib:/opt/ros/humble/opt/rviz_ogre_vendor/lib:/opt/ros/humble/lib/x86_64-linux-gnu:/opt/ros/humble/lib /usr/bin/cmake --build /home/tkdals/robot_ws/build/homework3_pkg -- -j20 -l20
[1.038s] DEBUG:colcon.colcon_core.event_handler.log_command:Invoking command in '/home/tkdals/robot_ws/build/homework3_pkg': CMAKE_PREFIX_PATH=/opt/ros/humble:/home/tkdals/robot_ws/install/dynamixel_sdk:/home/tkdals/robot_ws/install/homework2_2_pkg:/home/tkdals/robot_ws/install/tutorial_interfaces:/home/tkdals/robot_ws/install/homework3_pkg:/home/tkdals/robot_ws/install/homework1_pkg:/home/tkdals/robot_ws/install/ex_client_server_pkg LD_LIBRARY_PATH=/home/tkdals/robot_ws/install/dynamixel_sdk/lib:/home/tkdals/robot_ws/install/tutorial_interfaces/lib:/opt/ros/humble/opt/rviz_ogre_vendor/lib:/opt/ros/humble/lib/x86_64-linux-gnu:/opt/ros/humble/lib /usr/bin/cmake --install /home/tkdals/robot_ws/build/homework3_pkg
[1.047s] Level 1:colcon.colcon_core.environment:create_environment_scripts_only(homework3_pkg)
[1.048s] Level 1:colcon.colcon_core.environment:checking '/home/tkdals/robot_ws/install/homework3_pkg' for CMake module files
[1.048s] Level 1:colcon.colcon_core.environment:checking '/home/tkdals/robot_ws/install/homework3_pkg' for CMake config files
[1.049s] DEBUG:colcon.colcon_core.event_handler.log_command:Invoked command in '/home/tkdals/robot_ws/build/homework3_pkg' returned '0': CMAKE_PREFIX_PATH=/opt/ros/humble:/home/tkdals/robot_ws/install/dynamixel_sdk:/home/tkdals/robot_ws/install/homework2_2_pkg:/home/tkdals/robot_ws/install/tutorial_interfaces:/home/tkdals/robot_ws/install/homework3_pkg:/home/tkdals/robot_ws/install/homework1_pkg:/home/tkdals/robot_ws/install/ex_client_server_pkg LD_LIBRARY_PATH=/home/tkdals/robot_ws/install/dynamixel_sdk/lib:/home/tkdals/robot_ws/install/tutorial_interfaces/lib:/opt/ros/humble/opt/rviz_ogre_vendor/lib:/opt/ros/humble/lib/x86_64-linux-gnu:/opt/ros/humble/lib /usr/bin/cmake --install /home/tkdals/robot_ws/build/homework3_pkg
[1.049s] Level 1:colcon.colcon_core.shell:create_environment_hook('homework3_pkg', 'cmake_prefix_path')
[1.049s] INFO:colcon.colcon_core.shell:Creating environment hook '/home/tkdals/robot_ws/install/homework3_pkg/share/homework3_pkg/hook/cmake_prefix_path.ps1'
[1.049s] INFO:colcon.colcon_core.shell:Creating environment descriptor '/home/tkdals/robot_ws/install/homework3_pkg/share/homework3_pkg/hook/cmake_prefix_path.dsv'
[1.050s] INFO:colcon.colcon_core.shell:Creating environment hook '/home/tkdals/robot_ws/install/homework3_pkg/share/homework3_pkg/hook/cmake_prefix_path.sh'
[1.050s] Level 1:colcon.colcon_core.environment:checking '/home/tkdals/robot_ws/install/homework3_pkg/lib'
[1.050s] Level 1:colcon.colcon_core.environment:checking '/home/tkdals/robot_ws/install/homework3_pkg/bin'
[1.050s] Level 1:colcon.colcon_core.environment:checking '/home/tkdals/robot_ws/install/homework3_pkg/lib/pkgconfig/homework3_pkg.pc'
[1.050s] Level 1:colcon.colcon_core.environment:checking '/home/tkdals/robot_ws/install/homework3_pkg/lib/python3.10/site-packages'
[1.050s] Level 1:colcon.colcon_core.environment:checking '/home/tkdals/robot_ws/install/homework3_pkg/bin'
[1.050s] INFO:colcon.colcon_core.shell:Creating package script '/home/tkdals/robot_ws/install/homework3_pkg/share/homework3_pkg/package.ps1'
[1.051s] INFO:colcon.colcon_core.shell:Creating package descriptor '/home/tkdals/robot_ws/install/homework3_pkg/share/homework3_pkg/package.dsv'
[1.051s] INFO:colcon.colcon_core.shell:Creating package script '/home/tkdals/robot_ws/install/homework3_pkg/share/homework3_pkg/package.sh'
[1.051s] INFO:colcon.colcon_core.shell:Creating package script '/home/tkdals/robot_ws/install/homework3_pkg/share/homework3_pkg/package.bash'
[1.051s] INFO:colcon.colcon_core.shell:Creating package script '/home/tkdals/robot_ws/install/homework3_pkg/share/homework3_pkg/package.zsh'
[1.051s] Level 1:colcon.colcon_core.environment:create_file_with_runtime_dependencies(/home/tkdals/robot_ws/install/homework3_pkg/share/colcon-core/packages/homework3_pkg)
[1.077s] Level 1:colcon.colcon_core.environment:create_environment_scripts_only(homework3_pkg)
[1.077s] Level 1:colcon.colcon_core.environment:checking '/home/tkdals/robot_ws/install/homework3_pkg' for CMake module files
[1.078s] Level 1:colcon.colcon_core.environment:checking '/home/tkdals/robot_ws/install/homework3_pkg' for CMake config files
[1.078s] Level 1:colcon.colcon_core.shell:create_environment_hook('homework3_pkg', 'cmake_prefix_path')
[1.079s] INFO:colcon.colcon_core.shell:Creating environment hook '/home/tkdals/robot_ws/install/homework3_pkg/share/homework3_pkg/hook/cmake_prefix_path.ps1'
[1.079s] INFO:colcon.colcon_core.shell:Creating environment descriptor '/home/tkdals/robot_ws/install/homework3_pkg/share/homework3_pkg/hook/cmake_prefix_path.dsv'
[1.079s] INFO:colcon.colcon_core.shell:Creating environment hook '/home/tkdals/robot_ws/install/homework3_pkg/share/homework3_pkg/hook/cmake_prefix_path.sh'
[1.080s] Level 1:colcon.colcon_core.environment:checking '/home/tkdals/robot_ws/install/homework3_pkg/lib'
[1.080s] Level 1:colcon.colcon_core.environment:checking '/home/tkdals/robot_ws/install/homework3_pkg/bin'
[1.080s] Level 1:colcon.colcon_core.environment:checking '/home/tkdals/robot_ws/install/homework3_pkg/lib/pkgconfig/homework3_pkg.pc'
[1.080s] Level 1:colcon.colcon_core.environment:checking '/home/tkdals/robot_ws/install/homework3_pkg/lib/python3.10/site-packages'
[1.080s] Level 1:colcon.colcon_core.environment:checking '/home/tkdals/robot_ws/install/homework3_pkg/bin'
[1.080s] INFO:colcon.colcon_core.shell:Creating package script '/home/tkdals/robot_ws/install/homework3_pkg/share/homework3_pkg/package.ps1'
[1.080s] INFO:colcon.colcon_core.shell:Creating package descriptor '/home/tkdals/robot_ws/install/homework3_pkg/share/homework3_pkg/package.dsv'
[1.081s] INFO:colcon.colcon_core.shell:Creating package script '/home/tkdals/robot_ws/install/homework3_pkg/share/homework3_pkg/package.sh'
[1.081s] INFO:colcon.colcon_core.shell:Creating package script '/home/tkdals/robot_ws/install/homework3_pkg/share/homework3_pkg/package.bash'
[1.081s] INFO:colcon.colcon_core.shell:Creating package script '/home/tkdals/robot_ws/install/homework3_pkg/share/homework3_pkg/package.zsh'
[1.081s] Level 1:colcon.colcon_core.environment:create_file_with_runtime_dependencies(/home/tkdals/robot_ws/install/homework3_pkg/share/colcon-core/packages/homework3_pkg)
[1.081s] DEBUG:colcon.colcon_parallel_executor.executor.parallel:closing loop
[1.082s] DEBUG:colcon.colcon_parallel_executor.executor.parallel:loop closed
[1.082s] DEBUG:colcon.colcon_parallel_executor.executor.parallel:run_until_complete finished with '0'
[1.082s] DEBUG:colcon.colcon_core.event_reactor:joining thread
[1.085s] INFO:colcon.colcon_core.plugin_system:Skipping extension 'colcon_notification.desktop_notification.terminal_notifier': Not used on non-Darwin systems
[1.085s] INFO:colcon.colcon_core.plugin_system:Skipping extension 'colcon_notification.desktop_notification.win32': Not used on non-Windows systems
[1.085s] INFO:colcon.colcon_notification.desktop_notification:Sending desktop notification using 'notify2'
[1.095s] DEBUG:colcon.colcon_core.event_reactor:joined thread
[1.095s] INFO:colcon.colcon_core.shell:Creating prefix script '/home/tkdals/robot_ws/install/local_setup.ps1'
[1.096s] INFO:colcon.colcon_core.shell:Creating prefix util module '/home/tkdals/robot_ws/install/_local_setup_util_ps1.py'
[1.096s] INFO:colcon.colcon_core.shell:Creating prefix chain script '/home/tkdals/robot_ws/install/setup.ps1'
[1.097s] INFO:colcon.colcon_core.shell:Creating prefix script '/home/tkdals/robot_ws/install/local_setup.sh'
[1.098s] INFO:colcon.colcon_core.shell:Creating prefix util module '/home/tkdals/robot_ws/install/_local_setup_util_sh.py'
[1.098s] INFO:colcon.colcon_core.shell:Creating prefix chain script '/home/tkdals/robot_ws/install/setup.sh'
[1.099s] INFO:colcon.colcon_core.shell:Creating prefix script '/home/tkdals/robot_ws/install/local_setup.bash'
[1.099s] INFO:colcon.colcon_core.shell:Creating prefix chain script '/home/tkdals/robot_ws/install/setup.bash'
[1.100s] INFO:colcon.colcon_core.shell:Creating prefix script '/home/tkdals/robot_ws/install/local_setup.zsh'
[1.100s] INFO:colcon.colcon_core.shell:Creating prefix chain script '/home/tkdals/robot_ws/install/setup.zsh'
