[0.008s] Invoking command in '/home/tkdals/robot_ws/build/homework2_2_pkg': CMAKE_PREFIX_PATH=/home/tkdals/robot_ws/install/tutorial_interfaces:/home/tkdals/robot_ws/install/homework2_2_pkg:/home/tkdals/robot_ws/install/homework1_pkg:/home/tkdals/robot_ws/install/ex_client_server_pkg:/opt/ros/humble /usr/bin/cmake --build /home/tkdals/robot_ws/build/homework2_2_pkg -- -j20 -l20
[0.029s] -- Found ament_cmake: 1.3.10 (/opt/ros/humble/share/ament_cmake/cmake)
[0.117s] -- Found rclcpp: 16.0.10 (/opt/ros/humble/share/rclcpp/cmake)
[0.135s] -- Found rosidl_generator_c: 3.1.5 (/opt/ros/humble/share/rosidl_generator_c/cmake)
[0.136s] -- Found rosidl_adapter: 3.1.5 (/opt/ros/humble/share/rosidl_adapter/cmake)
[0.140s] -- Found rosidl_generator_cpp: 3.1.5 (/opt/ros/humble/share/rosidl_generator_cpp/cmake)
[0.146s] -- Using all available rosidl_typesupport_c: rosidl_typesupport_fastrtps_c;rosidl_typesupport_introspection_c
[0.153s] -- Using all available rosidl_typesupport_cpp: rosidl_typesupport_fastrtps_cpp;rosidl_typesupport_introspection_cpp
[0.173s] -- Found rmw_implementation_cmake: 6.1.2 (/opt/ros/humble/share/rmw_implementation_cmake/cmake)
[0.174s] -- Found rmw_fastrtps_cpp: 6.2.7 (/opt/ros/humble/share/rmw_fastrtps_cpp/cmake)
[0.244s] -- Using RMW implementation 'rmw_fastrtps_cpp' as default
[0.279s] -- Found tutorial_interfaces: 0.0.0 (/home/tkdals/robot_ws/install/tutorial_interfaces/share/tutorial_interfaces/cmake)
[0.344s] -- Configuring done
[0.356s] -- Generating done
[0.357s] -- Build files have been written to: /home/tkdals/robot_ws/build/homework2_2_pkg
[0.380s] [35m[1mConsolidate compiler generated dependencies of target final_server[0m
[0.381s] [35m[1mConsolidate compiler generated dependencies of target server[0m
[0.381s] [35m[1mConsolidate compiler generated dependencies of target client[0m
[0.395s] [ 50%] Built target client
[0.395s] [ 66%] Built target final_server
[0.396s] [100%] Built target server
