[0.106s] DEBUG:colcon:Command line arguments: ['/usr/bin/colcon', 'build']
[0.106s] DEBUG:colcon:Parsed command line arguments: Namespace(log_base=None, log_level=None, verb_name='build', build_base='build', install_base='install', merge_install=False, symlink_install=False, test_result_base=None, continue_on_error=False, executor='parallel', parallel_workers=20, event_handlers=None, ignore_user_meta=False, metas=['./colcon.meta'], base_paths=['.'], packages_ignore=None, packages_ignore_regex=None, paths=None, packages_up_to=None, packages_up_to_regex=None, packages_above=None, packages_above_and_dependencies=None, packages_above_depth=None, packages_select_by_dep=None, packages_skip_by_dep=None, packages_skip_up_to=None, packages_select_build_failed=False, packages_skip_build_finished=False, packages_select_test_failures=False, packages_skip_test_passed=False, packages_select=None, packages_skip=None, packages_select_regex=None, packages_skip_regex=None, packages_start=None, packages_end=None, allow_overriding=[], cmake_args=None, cmake_target=None, cmake_target_skip_unavailable=False, cmake_clean_cache=False, cmake_clean_first=False, cmake_force_configure=False, ament_cmake_args=None, catkin_cmake_args=None, catkin_skip_building_tests=False, mixin_files=None, mixin=None, verb_parser=<colcon_mixin.mixin.mixin_argument.MixinArgumentDecorator object at 0x7aaf8163a710>, verb_extension=<colcon_core.verb.build.BuildVerb object at 0x7aaf8163a140>, main=<bound method BuildVerb.main of <colcon_core.verb.build.BuildVerb object at 0x7aaf8163a140>>, mixin_verb=('build',))
[0.264s] Level 1:colcon.colcon_core.package_discovery:discover_packages(colcon_meta) check parameters
[0.264s] Level 1:colcon.colcon_core.package_discovery:discover_packages(recursive) check parameters
[0.265s] Level 1:colcon.colcon_core.package_discovery:discover_packages(ignore) check parameters
[0.265s] Level 1:colcon.colcon_core.package_discovery:discover_packages(path) check parameters
[0.265s] Level 1:colcon.colcon_core.package_discovery:discover_packages(colcon_meta) discover
[0.265s] Level 1:colcon.colcon_core.package_discovery:discover_packages(recursive) discover
[0.265s] INFO:colcon.colcon_core.package_discovery:Crawling recursively for packages in '/home/tkdals/robot_ws'
[0.265s] Level 1:colcon.colcon_core.package_identification:_identify(.) by extensions ['ignore', 'ignore_ament_install']
[0.265s] Level 1:colcon.colcon_core.package_identification:_identify(.) by extension 'ignore'
[0.265s] Level 1:colcon.colcon_core.package_identification:_identify(.) by extension 'ignore_ament_install'
[0.265s] Level 1:colcon.colcon_core.package_identification:_identify(.) by extensions ['colcon_pkg']
[0.265s] Level 1:colcon.colcon_core.package_identification:_identify(.) by extension 'colcon_pkg'
[0.265s] Level 1:colcon.colcon_core.package_identification:_identify(.) by extensions ['colcon_meta']
[0.265s] Level 1:colcon.colcon_core.package_identification:_identify(.) by extension 'colcon_meta'
[0.265s] Level 1:colcon.colcon_core.package_identification:_identify(.) by extensions ['ros']
[0.265s] Level 1:colcon.colcon_core.package_identification:_identify(.) by extension 'ros'
[0.273s] Level 1:colcon.colcon_core.package_identification:_identify(.) by extensions ['cmake', 'python']
[0.273s] Level 1:colcon.colcon_core.package_identification:_identify(.) by extension 'cmake'
[0.273s] Level 1:colcon.colcon_core.package_identification:_identify(.) by extension 'python'
[0.273s] Level 1:colcon.colcon_core.package_identification:_identify(.) by extensions ['python_setup_py']
[0.273s] Level 1:colcon.colcon_core.package_identification:_identify(.) by extension 'python_setup_py'
[0.273s] Level 1:colcon.colcon_core.package_identification:_identify(build) by extensions ['ignore', 'ignore_ament_install']
[0.273s] Level 1:colcon.colcon_core.package_identification:_identify(build) by extension 'ignore'
[0.273s] Level 1:colcon.colcon_core.package_identification:_identify(build) ignored
[0.273s] Level 1:colcon.colcon_core.package_identification:_identify(install) by extensions ['ignore', 'ignore_ament_install']
[0.274s] Level 1:colcon.colcon_core.package_identification:_identify(install) by extension 'ignore'
[0.274s] Level 1:colcon.colcon_core.package_identification:_identify(install) ignored
[0.274s] Level 1:colcon.colcon_core.package_identification:_identify(log) by extensions ['ignore', 'ignore_ament_install']
[0.274s] Level 1:colcon.colcon_core.package_identification:_identify(log) by extension 'ignore'
[0.274s] Level 1:colcon.colcon_core.package_identification:_identify(log) ignored
[0.274s] Level 1:colcon.colcon_core.package_identification:_identify(src) by extensions ['ignore', 'ignore_ament_install']
[0.274s] Level 1:colcon.colcon_core.package_identification:_identify(src) by extension 'ignore'
[0.274s] Level 1:colcon.colcon_core.package_identification:_identify(src) by extension 'ignore_ament_install'
[0.274s] Level 1:colcon.colcon_core.package_identification:_identify(src) by extensions ['colcon_pkg']
[0.274s] Level 1:colcon.colcon_core.package_identification:_identify(src) by extension 'colcon_pkg'
[0.274s] Level 1:colcon.colcon_core.package_identification:_identify(src) by extensions ['colcon_meta']
[0.274s] Level 1:colcon.colcon_core.package_identification:_identify(src) by extension 'colcon_meta'
[0.274s] Level 1:colcon.colcon_core.package_identification:_identify(src) by extensions ['ros']
[0.274s] Level 1:colcon.colcon_core.package_identification:_identify(src) by extension 'ros'
[0.274s] Level 1:colcon.colcon_core.package_identification:_identify(src) by extensions ['cmake', 'python']
[0.274s] Level 1:colcon.colcon_core.package_identification:_identify(src) by extension 'cmake'
[0.274s] Level 1:colcon.colcon_core.package_identification:_identify(src) by extension 'python'
[0.274s] Level 1:colcon.colcon_core.package_identification:_identify(src) by extensions ['python_setup_py']
[0.274s] Level 1:colcon.colcon_core.package_identification:_identify(src) by extension 'python_setup_py'
[0.274s] Level 1:colcon.colcon_core.package_identification:_identify(src/ex_cilent_server_pkg) by extensions ['ignore', 'ignore_ament_install']
[0.274s] Level 1:colcon.colcon_core.package_identification:_identify(src/ex_cilent_server_pkg) by extension 'ignore'
[0.274s] Level 1:colcon.colcon_core.package_identification:_identify(src/ex_cilent_server_pkg) by extension 'ignore_ament_install'
[0.274s] Level 1:colcon.colcon_core.package_identification:_identify(src/ex_cilent_server_pkg) by extensions ['colcon_pkg']
[0.274s] Level 1:colcon.colcon_core.package_identification:_identify(src/ex_cilent_server_pkg) by extension 'colcon_pkg'
[0.274s] Level 1:colcon.colcon_core.package_identification:_identify(src/ex_cilent_server_pkg) by extensions ['colcon_meta']
[0.274s] Level 1:colcon.colcon_core.package_identification:_identify(src/ex_cilent_server_pkg) by extension 'colcon_meta'
[0.274s] Level 1:colcon.colcon_core.package_identification:_identify(src/ex_cilent_server_pkg) by extensions ['ros']
[0.274s] Level 1:colcon.colcon_core.package_identification:_identify(src/ex_cilent_server_pkg) by extension 'ros'
[0.277s] DEBUG:colcon.colcon_core.package_identification:Package 'src/ex_cilent_server_pkg' with type 'ros.ament_cmake' and name 'ex_client_server_pkg'
[0.277s] Level 1:colcon.colcon_core.package_identification:_identify(src/homework1_pkg) by extensions ['ignore', 'ignore_ament_install']
[0.277s] Level 1:colcon.colcon_core.package_identification:_identify(src/homework1_pkg) by extension 'ignore'
[0.277s] Level 1:colcon.colcon_core.package_identification:_identify(src/homework1_pkg) by extension 'ignore_ament_install'
[0.277s] Level 1:colcon.colcon_core.package_identification:_identify(src/homework1_pkg) by extensions ['colcon_pkg']
[0.277s] Level 1:colcon.colcon_core.package_identification:_identify(src/homework1_pkg) by extension 'colcon_pkg'
[0.277s] Level 1:colcon.colcon_core.package_identification:_identify(src/homework1_pkg) by extensions ['colcon_meta']
[0.277s] Level 1:colcon.colcon_core.package_identification:_identify(src/homework1_pkg) by extension 'colcon_meta'
[0.277s] Level 1:colcon.colcon_core.package_identification:_identify(src/homework1_pkg) by extensions ['ros']
[0.277s] Level 1:colcon.colcon_core.package_identification:_identify(src/homework1_pkg) by extension 'ros'
[0.278s] DEBUG:colcon.colcon_core.package_identification:Package 'src/homework1_pkg' with type 'ros.ament_cmake' and name 'homework1_pkg'
[0.278s] Level 1:colcon.colcon_core.package_identification:_identify(src/homework2_2_pkg) by extensions ['ignore', 'ignore_ament_install']
[0.278s] Level 1:colcon.colcon_core.package_identification:_identify(src/homework2_2_pkg) by extension 'ignore'
[0.278s] Level 1:colcon.colcon_core.package_identification:_identify(src/homework2_2_pkg) by extension 'ignore_ament_install'
[0.278s] Level 1:colcon.colcon_core.package_identification:_identify(src/homework2_2_pkg) by extensions ['colcon_pkg']
[0.278s] Level 1:colcon.colcon_core.package_identification:_identify(src/homework2_2_pkg) by extension 'colcon_pkg'
[0.278s] Level 1:colcon.colcon_core.package_identification:_identify(src/homework2_2_pkg) by extensions ['colcon_meta']
[0.278s] Level 1:colcon.colcon_core.package_identification:_identify(src/homework2_2_pkg) by extension 'colcon_meta'
[0.278s] Level 1:colcon.colcon_core.package_identification:_identify(src/homework2_2_pkg) by extensions ['ros']
[0.278s] Level 1:colcon.colcon_core.package_identification:_identify(src/homework2_2_pkg) by extension 'ros'
[0.279s] DEBUG:colcon.colcon_core.package_identification:Package 'src/homework2_2_pkg' with type 'ros.ament_cmake' and name 'homework2_2_pkg'
[0.279s] Level 1:colcon.colcon_core.package_identification:_identify(src/ros_tutorials) by extensions ['ignore', 'ignore_ament_install']
[0.279s] Level 1:colcon.colcon_core.package_identification:_identify(src/ros_tutorials) by extension 'ignore'
[0.279s] Level 1:colcon.colcon_core.package_identification:_identify(src/ros_tutorials) by extension 'ignore_ament_install'
[0.279s] Level 1:colcon.colcon_core.package_identification:_identify(src/ros_tutorials) by extensions ['colcon_pkg']
[0.279s] Level 1:colcon.colcon_core.package_identification:_identify(src/ros_tutorials) by extension 'colcon_pkg'
[0.279s] Level 1:colcon.colcon_core.package_identification:_identify(src/ros_tutorials) by extensions ['colcon_meta']
[0.279s] Level 1:colcon.colcon_core.package_identification:_identify(src/ros_tutorials) by extension 'colcon_meta'
[0.279s] Level 1:colcon.colcon_core.package_identification:_identify(src/ros_tutorials) by extensions ['ros']
[0.279s] Level 1:colcon.colcon_core.package_identification:_identify(src/ros_tutorials) by extension 'ros'
[0.279s] Level 1:colcon.colcon_core.package_identification:_identify(src/ros_tutorials) by extensions ['cmake', 'python']
[0.279s] Level 1:colcon.colcon_core.package_identification:_identify(src/ros_tutorials) by extension 'cmake'
[0.279s] Level 1:colcon.colcon_core.package_identification:_identify(src/ros_tutorials) by extension 'python'
[0.279s] Level 1:colcon.colcon_core.package_identification:_identify(src/ros_tutorials) by extensions ['python_setup_py']
[0.279s] Level 1:colcon.colcon_core.package_identification:_identify(src/ros_tutorials) by extension 'python_setup_py'
[0.279s] Level 1:colcon.colcon_core.package_identification:_identify(src/ros_tutorials/roscpp_tutorials) by extensions ['ignore', 'ignore_ament_install']
[0.279s] Level 1:colcon.colcon_core.package_identification:_identify(src/ros_tutorials/roscpp_tutorials) by extension 'ignore'
[0.279s] Level 1:colcon.colcon_core.package_identification:_identify(src/ros_tutorials/roscpp_tutorials) by extension 'ignore_ament_install'
[0.279s] Level 1:colcon.colcon_core.package_identification:_identify(src/ros_tutorials/roscpp_tutorials) by extensions ['colcon_pkg']
[0.279s] Level 1:colcon.colcon_core.package_identification:_identify(src/ros_tutorials/roscpp_tutorials) by extension 'colcon_pkg'
[0.279s] Level 1:colcon.colcon_core.package_identification:_identify(src/ros_tutorials/roscpp_tutorials) by extensions ['colcon_meta']
[0.279s] Level 1:colcon.colcon_core.package_identification:_identify(src/ros_tutorials/roscpp_tutorials) by extension 'colcon_meta'
[0.279s] Level 1:colcon.colcon_core.package_identification:_identify(src/ros_tutorials/roscpp_tutorials) by extensions ['ros']
[0.279s] Level 1:colcon.colcon_core.package_identification:_identify(src/ros_tutorials/roscpp_tutorials) by extension 'ros'
[0.279s] Level 1:colcon.colcon_core.package_identification:_identify(src/ros_tutorials/roscpp_tutorials) by extensions ['cmake', 'python']
[0.279s] Level 1:colcon.colcon_core.package_identification:_identify(src/ros_tutorials/roscpp_tutorials) by extension 'cmake'
[0.280s] Level 1:colcon.colcon_core.package_identification:_identify(src/ros_tutorials/roscpp_tutorials) by extension 'python'
[0.280s] Level 1:colcon.colcon_core.package_identification:_identify(src/ros_tutorials/roscpp_tutorials) by extensions ['python_setup_py']
[0.280s] Level 1:colcon.colcon_core.package_identification:_identify(src/ros_tutorials/roscpp_tutorials) by extension 'python_setup_py'
[0.280s] Level 1:colcon.colcon_core.package_identification:_identify(src/ros_tutorials/roscpp_tutorials/add_two_ints_server_class) by extensions ['ignore', 'ignore_ament_install']
[0.280s] Level 1:colcon.colcon_core.package_identification:_identify(src/ros_tutorials/roscpp_tutorials/add_two_ints_server_class) by extension 'ignore'
[0.280s] Level 1:colcon.colcon_core.package_identification:_identify(src/ros_tutorials/roscpp_tutorials/add_two_ints_server_class) by extension 'ignore_ament_install'
[0.280s] Level 1:colcon.colcon_core.package_identification:_identify(src/ros_tutorials/roscpp_tutorials/add_two_ints_server_class) by extensions ['colcon_pkg']
[0.280s] Level 1:colcon.colcon_core.package_identification:_identify(src/ros_tutorials/roscpp_tutorials/add_two_ints_server_class) by extension 'colcon_pkg'
[0.280s] Level 1:colcon.colcon_core.package_identification:_identify(src/ros_tutorials/roscpp_tutorials/add_two_ints_server_class) by extensions ['colcon_meta']
[0.280s] Level 1:colcon.colcon_core.package_identification:_identify(src/ros_tutorials/roscpp_tutorials/add_two_ints_server_class) by extension 'colcon_meta'
[0.280s] Level 1:colcon.colcon_core.package_identification:_identify(src/ros_tutorials/roscpp_tutorials/add_two_ints_server_class) by extensions ['ros']
[0.280s] Level 1:colcon.colcon_core.package_identification:_identify(src/ros_tutorials/roscpp_tutorials/add_two_ints_server_class) by extension 'ros'
[0.280s] Level 1:colcon.colcon_core.package_identification:_identify(src/ros_tutorials/roscpp_tutorials/add_two_ints_server_class) by extensions ['cmake', 'python']
[0.280s] Level 1:colcon.colcon_core.package_identification:_identify(src/ros_tutorials/roscpp_tutorials/add_two_ints_server_class) by extension 'cmake'
[0.280s] Level 1:colcon.colcon_core.package_identification:_identify(src/ros_tutorials/roscpp_tutorials/add_two_ints_server_class) by extension 'python'
[0.280s] Level 1:colcon.colcon_core.package_identification:_identify(src/ros_tutorials/roscpp_tutorials/add_two_ints_server_class) by extensions ['python_setup_py']
[0.280s] Level 1:colcon.colcon_core.package_identification:_identify(src/ros_tutorials/roscpp_tutorials/add_two_ints_server_class) by extension 'python_setup_py'
[0.280s] Level 1:colcon.colcon_core.package_identification:_identify(src/study2_pkg) by extensions ['ignore', 'ignore_ament_install']
[0.280s] Level 1:colcon.colcon_core.package_identification:_identify(src/study2_pkg) by extension 'ignore'
[0.280s] Level 1:colcon.colcon_core.package_identification:_identify(src/study2_pkg) by extension 'ignore_ament_install'
[0.280s] Level 1:colcon.colcon_core.package_identification:_identify(src/study2_pkg) by extensions ['colcon_pkg']
[0.280s] Level 1:colcon.colcon_core.package_identification:_identify(src/study2_pkg) by extension 'colcon_pkg'
[0.280s] Level 1:colcon.colcon_core.package_identification:_identify(src/study2_pkg) by extensions ['colcon_meta']
[0.280s] Level 1:colcon.colcon_core.package_identification:_identify(src/study2_pkg) by extension 'colcon_meta'
[0.280s] Level 1:colcon.colcon_core.package_identification:_identify(src/study2_pkg) by extensions ['ros']
[0.280s] Level 1:colcon.colcon_core.package_identification:_identify(src/study2_pkg) by extension 'ros'
[0.280s] Level 1:colcon.colcon_core.package_identification:_identify(src/study2_pkg) by extensions ['cmake', 'python']
[0.280s] Level 1:colcon.colcon_core.package_identification:_identify(src/study2_pkg) by extension 'cmake'
[0.281s] Level 1:colcon.colcon_core.package_identification:_identify(src/study2_pkg) by extension 'python'
[0.281s] Level 1:colcon.colcon_core.package_identification:_identify(src/study2_pkg) by extensions ['python_setup_py']
[0.281s] Level 1:colcon.colcon_core.package_identification:_identify(src/study2_pkg) by extension 'python_setup_py'
[0.281s] Level 1:colcon.colcon_core.package_identification:_identify(src/study2_pkg/src) by extensions ['ignore', 'ignore_ament_install']
[0.281s] Level 1:colcon.colcon_core.package_identification:_identify(src/study2_pkg/src) by extension 'ignore'
[0.281s] Level 1:colcon.colcon_core.package_identification:_identify(src/study2_pkg/src) by extension 'ignore_ament_install'
[0.281s] Level 1:colcon.colcon_core.package_identification:_identify(src/study2_pkg/src) by extensions ['colcon_pkg']
[0.281s] Level 1:colcon.colcon_core.package_identification:_identify(src/study2_pkg/src) by extension 'colcon_pkg'
[0.281s] Level 1:colcon.colcon_core.package_identification:_identify(src/study2_pkg/src) by extensions ['colcon_meta']
[0.281s] Level 1:colcon.colcon_core.package_identification:_identify(src/study2_pkg/src) by extension 'colcon_meta'
[0.281s] Level 1:colcon.colcon_core.package_identification:_identify(src/study2_pkg/src) by extensions ['ros']
[0.281s] Level 1:colcon.colcon_core.package_identification:_identify(src/study2_pkg/src) by extension 'ros'
[0.281s] Level 1:colcon.colcon_core.package_identification:_identify(src/study2_pkg/src) by extensions ['cmake', 'python']
[0.281s] Level 1:colcon.colcon_core.package_identification:_identify(src/study2_pkg/src) by extension 'cmake'
[0.281s] Level 1:colcon.colcon_core.package_identification:_identify(src/study2_pkg/src) by extension 'python'
[0.281s] Level 1:colcon.colcon_core.package_identification:_identify(src/study2_pkg/src) by extensions ['python_setup_py']
[0.281s] Level 1:colcon.colcon_core.package_identification:_identify(src/study2_pkg/src) by extension 'python_setup_py'
[0.281s] Level 1:colcon.colcon_core.package_identification:_identify(src/tutorial_interfaces) by extensions ['ignore', 'ignore_ament_install']
[0.281s] Level 1:colcon.colcon_core.package_identification:_identify(src/tutorial_interfaces) by extension 'ignore'
[0.281s] Level 1:colcon.colcon_core.package_identification:_identify(src/tutorial_interfaces) by extension 'ignore_ament_install'
[0.281s] Level 1:colcon.colcon_core.package_identification:_identify(src/tutorial_interfaces) by extensions ['colcon_pkg']
[0.281s] Level 1:colcon.colcon_core.package_identification:_identify(src/tutorial_interfaces) by extension 'colcon_pkg'
[0.281s] Level 1:colcon.colcon_core.package_identification:_identify(src/tutorial_interfaces) by extensions ['colcon_meta']
[0.281s] Level 1:colcon.colcon_core.package_identification:_identify(src/tutorial_interfaces) by extension 'colcon_meta'
[0.281s] Level 1:colcon.colcon_core.package_identification:_identify(src/tutorial_interfaces) by extensions ['ros']
[0.281s] Level 1:colcon.colcon_core.package_identification:_identify(src/tutorial_interfaces) by extension 'ros'
[0.282s] DEBUG:colcon.colcon_core.package_identification:Package 'src/tutorial_interfaces' with type 'ros.ament_cmake' and name 'tutorial_interfaces'
[0.282s] Level 1:colcon.colcon_core.package_discovery:discover_packages(recursive) using defaults
[0.282s] Level 1:colcon.colcon_core.package_discovery:discover_packages(ignore) discover
[0.282s] Level 1:colcon.colcon_core.package_discovery:discover_packages(ignore) using defaults
[0.282s] Level 1:colcon.colcon_core.package_discovery:discover_packages(path) discover
[0.282s] Level 1:colcon.colcon_core.package_discovery:discover_packages(path) using defaults
[0.299s] Level 1:colcon.colcon_core.package_discovery:discover_packages(prefix_path) check parameters
[0.299s] Level 1:colcon.colcon_core.package_discovery:discover_packages(prefix_path) discover
[0.301s] DEBUG:colcon.colcon_installed_package_information.package_discovery:Found 4 installed packages in /home/tkdals/robot_ws/install
[0.302s] DEBUG:colcon.colcon_installed_package_information.package_discovery:Found 270 installed packages in /opt/ros/humble
[0.303s] Level 1:colcon.colcon_core.package_discovery:discover_packages(prefix_path) using defaults
[0.330s] Level 5:colcon.colcon_core.verb:set package 'ex_client_server_pkg' build argument 'cmake_args' from command line to 'None'
[0.330s] Level 5:colcon.colcon_core.verb:set package 'ex_client_server_pkg' build argument 'cmake_target' from command line to 'None'
[0.330s] Level 5:colcon.colcon_core.verb:set package 'ex_client_server_pkg' build argument 'cmake_target_skip_unavailable' from command line to 'False'
[0.330s] Level 5:colcon.colcon_core.verb:set package 'ex_client_server_pkg' build argument 'cmake_clean_cache' from command line to 'False'
[0.330s] Level 5:colcon.colcon_core.verb:set package 'ex_client_server_pkg' build argument 'cmake_clean_first' from command line to 'False'
[0.330s] Level 5:colcon.colcon_core.verb:set package 'ex_client_server_pkg' build argument 'cmake_force_configure' from command line to 'False'
[0.330s] Level 5:colcon.colcon_core.verb:set package 'ex_client_server_pkg' build argument 'ament_cmake_args' from command line to 'None'
[0.330s] Level 5:colcon.colcon_core.verb:set package 'ex_client_server_pkg' build argument 'catkin_cmake_args' from command line to 'None'
[0.330s] Level 5:colcon.colcon_core.verb:set package 'ex_client_server_pkg' build argument 'catkin_skip_building_tests' from command line to 'False'
[0.330s] DEBUG:colcon.colcon_core.verb:Building package 'ex_client_server_pkg' with the following arguments: {'ament_cmake_args': None, 'build_base': '/home/tkdals/robot_ws/build/ex_client_server_pkg', 'catkin_cmake_args': None, 'catkin_skip_building_tests': False, 'cmake_args': None, 'cmake_clean_cache': False, 'cmake_clean_first': False, 'cmake_force_configure': False, 'cmake_target': None, 'cmake_target_skip_unavailable': False, 'install_base': '/home/tkdals/robot_ws/install/ex_client_server_pkg', 'merge_install': False, 'path': '/home/tkdals/robot_ws/src/ex_cilent_server_pkg', 'symlink_install': False, 'test_result_base': None}
[0.330s] Level 5:colcon.colcon_core.verb:set package 'homework1_pkg' build argument 'cmake_args' from command line to 'None'
[0.330s] Level 5:colcon.colcon_core.verb:set package 'homework1_pkg' build argument 'cmake_target' from command line to 'None'
[0.330s] Level 5:colcon.colcon_core.verb:set package 'homework1_pkg' build argument 'cmake_target_skip_unavailable' from command line to 'False'
[0.330s] Level 5:colcon.colcon_core.verb:set package 'homework1_pkg' build argument 'cmake_clean_cache' from command line to 'False'
[0.330s] Level 5:colcon.colcon_core.verb:set package 'homework1_pkg' build argument 'cmake_clean_first' from command line to 'False'
[0.330s] Level 5:colcon.colcon_core.verb:set package 'homework1_pkg' build argument 'cmake_force_configure' from command line to 'False'
[0.330s] Level 5:colcon.colcon_core.verb:set package 'homework1_pkg' build argument 'ament_cmake_args' from command line to 'None'
[0.330s] Level 5:colcon.colcon_core.verb:set package 'homework1_pkg' build argument 'catkin_cmake_args' from command line to 'None'
[0.330s] Level 5:colcon.colcon_core.verb:set package 'homework1_pkg' build argument 'catkin_skip_building_tests' from command line to 'False'
[0.330s] DEBUG:colcon.colcon_core.verb:Building package 'homework1_pkg' with the following arguments: {'ament_cmake_args': None, 'build_base': '/home/tkdals/robot_ws/build/homework1_pkg', 'catkin_cmake_args': None, 'catkin_skip_building_tests': False, 'cmake_args': None, 'cmake_clean_cache': False, 'cmake_clean_first': False, 'cmake_force_configure': False, 'cmake_target': None, 'cmake_target_skip_unavailable': False, 'install_base': '/home/tkdals/robot_ws/install/homework1_pkg', 'merge_install': False, 'path': '/home/tkdals/robot_ws/src/homework1_pkg', 'symlink_install': False, 'test_result_base': None}
[0.330s] Level 5:colcon.colcon_core.verb:set package 'tutorial_interfaces' build argument 'cmake_args' from command line to 'None'
[0.330s] Level 5:colcon.colcon_core.verb:set package 'tutorial_interfaces' build argument 'cmake_target' from command line to 'None'
[0.330s] Level 5:colcon.colcon_core.verb:set package 'tutorial_interfaces' build argument 'cmake_target_skip_unavailable' from command line to 'False'
[0.330s] Level 5:colcon.colcon_core.verb:set package 'tutorial_interfaces' build argument 'cmake_clean_cache' from command line to 'False'
[0.330s] Level 5:colcon.colcon_core.verb:set package 'tutorial_interfaces' build argument 'cmake_clean_first' from command line to 'False'
[0.330s] Level 5:colcon.colcon_core.verb:set package 'tutorial_interfaces' build argument 'cmake_force_configure' from command line to 'False'
[0.330s] Level 5:colcon.colcon_core.verb:set package 'tutorial_interfaces' build argument 'ament_cmake_args' from command line to 'None'
[0.330s] Level 5:colcon.colcon_core.verb:set package 'tutorial_interfaces' build argument 'catkin_cmake_args' from command line to 'None'
[0.330s] Level 5:colcon.colcon_core.verb:set package 'tutorial_interfaces' build argument 'catkin_skip_building_tests' from command line to 'False'
[0.331s] DEBUG:colcon.colcon_core.verb:Building package 'tutorial_interfaces' with the following arguments: {'ament_cmake_args': None, 'build_base': '/home/tkdals/robot_ws/build/tutorial_interfaces', 'catkin_cmake_args': None, 'catkin_skip_building_tests': False, 'cmake_args': None, 'cmake_clean_cache': False, 'cmake_clean_first': False, 'cmake_force_configure': False, 'cmake_target': None, 'cmake_target_skip_unavailable': False, 'install_base': '/home/tkdals/robot_ws/install/tutorial_interfaces', 'merge_install': False, 'path': '/home/tkdals/robot_ws/src/tutorial_interfaces', 'symlink_install': False, 'test_result_base': None}
[0.331s] Level 5:colcon.colcon_core.verb:set package 'homework2_2_pkg' build argument 'cmake_args' from command line to 'None'
[0.331s] Level 5:colcon.colcon_core.verb:set package 'homework2_2_pkg' build argument 'cmake_target' from command line to 'None'
[0.331s] Level 5:colcon.colcon_core.verb:set package 'homework2_2_pkg' build argument 'cmake_target_skip_unavailable' from command line to 'False'
[0.331s] Level 5:colcon.colcon_core.verb:set package 'homework2_2_pkg' build argument 'cmake_clean_cache' from command line to 'False'
[0.331s] Level 5:colcon.colcon_core.verb:set package 'homework2_2_pkg' build argument 'cmake_clean_first' from command line to 'False'
[0.331s] Level 5:colcon.colcon_core.verb:set package 'homework2_2_pkg' build argument 'cmake_force_configure' from command line to 'False'
[0.331s] Level 5:colcon.colcon_core.verb:set package 'homework2_2_pkg' build argument 'ament_cmake_args' from command line to 'None'
[0.331s] Level 5:colcon.colcon_core.verb:set package 'homework2_2_pkg' build argument 'catkin_cmake_args' from command line to 'None'
[0.331s] Level 5:colcon.colcon_core.verb:set package 'homework2_2_pkg' build argument 'catkin_skip_building_tests' from command line to 'False'
[0.331s] DEBUG:colcon.colcon_core.verb:Building package 'homework2_2_pkg' with the following arguments: {'ament_cmake_args': None, 'build_base': '/home/tkdals/robot_ws/build/homework2_2_pkg', 'catkin_cmake_args': None, 'catkin_skip_building_tests': False, 'cmake_args': None, 'cmake_clean_cache': False, 'cmake_clean_first': False, 'cmake_force_configure': False, 'cmake_target': None, 'cmake_target_skip_unavailable': False, 'install_base': '/home/tkdals/robot_ws/install/homework2_2_pkg', 'merge_install': False, 'path': '/home/tkdals/robot_ws/src/homework2_2_pkg', 'symlink_install': False, 'test_result_base': None}
[0.331s] INFO:colcon.colcon_core.executor:Executing jobs using 'parallel' executor
[0.332s] DEBUG:colcon.colcon_parallel_executor.executor.parallel:run_until_complete
[0.332s] INFO:colcon.colcon_ros.task.ament_cmake.build:Building ROS package in '/home/tkdals/robot_ws/src/tutorial_interfaces' with build type 'ament_cmake'
[0.332s] INFO:colcon.colcon_cmake.task.cmake.build:Building CMake package in '/home/tkdals/robot_ws/src/tutorial_interfaces'
[0.335s] INFO:colcon.colcon_core.plugin_system:Skipping extension 'colcon_core.shell.bat': Not used on non-Windows systems
[0.336s] INFO:colcon.colcon_core.shell:Skip shell extension 'powershell' for command environment: Not usable outside of PowerShell
[0.336s] DEBUG:colcon.colcon_core.shell:Skip shell extension 'dsv' for command environment
[0.338s] INFO:colcon.colcon_ros.task.ament_cmake.build:Building ROS package in '/home/tkdals/robot_ws/src/ex_cilent_server_pkg' with build type 'ament_cmake'
[0.338s] INFO:colcon.colcon_cmake.task.cmake.build:Building CMake package in '/home/tkdals/robot_ws/src/ex_cilent_server_pkg'
[0.338s] INFO:colcon.colcon_core.shell:Skip shell extension 'powershell' for command environment: Not usable outside of PowerShell
[0.338s] DEBUG:colcon.colcon_core.shell:Skip shell extension 'dsv' for command environment
[0.341s] INFO:colcon.colcon_ros.task.ament_cmake.build:Building ROS package in '/home/tkdals/robot_ws/src/homework1_pkg' with build type 'ament_cmake'
[0.341s] INFO:colcon.colcon_cmake.task.cmake.build:Building CMake package in '/home/tkdals/robot_ws/src/homework1_pkg'
[0.341s] INFO:colcon.colcon_core.shell:Skip shell extension 'powershell' for command environment: Not usable outside of PowerShell
[0.341s] DEBUG:colcon.colcon_core.shell:Skip shell extension 'dsv' for command environment
[0.348s] DEBUG:colcon.colcon_core.event_handler.log_command:Invoking command in '/home/tkdals/robot_ws/build/tutorial_interfaces': CMAKE_PREFIX_PATH=${CMAKE_PREFIX_PATH}:/opt/ros/humble /usr/bin/cmake --build /home/tkdals/robot_ws/build/tutorial_interfaces -- -j20 -l20
[0.350s] DEBUG:colcon.colcon_core.event_handler.log_command:Invoking command in '/home/tkdals/robot_ws/build/ex_client_server_pkg': CMAKE_PREFIX_PATH=${CMAKE_PREFIX_PATH}:/opt/ros/humble /usr/bin/cmake --build /home/tkdals/robot_ws/build/ex_client_server_pkg -- -j20 -l20
[0.353s] DEBUG:colcon.colcon_core.event_handler.log_command:Invoking command in '/home/tkdals/robot_ws/build/homework1_pkg': CMAKE_PREFIX_PATH=${CMAKE_PREFIX_PATH}:/opt/ros/humble /usr/bin/cmake --build /home/tkdals/robot_ws/build/homework1_pkg -- -j20 -l20
[0.455s] DEBUG:colcon.colcon_core.event_handler.log_command:Invoked command in '/home/tkdals/robot_ws/build/ex_client_server_pkg' returned '0': CMAKE_PREFIX_PATH=${CMAKE_PREFIX_PATH}:/opt/ros/humble /usr/bin/cmake --build /home/tkdals/robot_ws/build/ex_client_server_pkg -- -j20 -l20
[0.460s] DEBUG:colcon.colcon_core.event_handler.log_command:Invoked command in '/home/tkdals/robot_ws/build/homework1_pkg' returned '0': CMAKE_PREFIX_PATH=${CMAKE_PREFIX_PATH}:/opt/ros/humble /usr/bin/cmake --build /home/tkdals/robot_ws/build/homework1_pkg -- -j20 -l20
[0.494s] DEBUG:colcon.colcon_core.event_handler.log_command:Invoking command in '/home/tkdals/robot_ws/build/homework1_pkg': CMAKE_PREFIX_PATH=${CMAKE_PREFIX_PATH}:/opt/ros/humble /usr/bin/cmake --install /home/tkdals/robot_ws/build/homework1_pkg
[0.495s] DEBUG:colcon.colcon_core.event_handler.log_command:Invoking command in '/home/tkdals/robot_ws/build/ex_client_server_pkg': CMAKE_PREFIX_PATH=${CMAKE_PREFIX_PATH}:/opt/ros/humble /usr/bin/cmake --install /home/tkdals/robot_ws/build/ex_client_server_pkg
[0.505s] Level 1:colcon.colcon_core.environment:create_environment_scripts_only(homework1_pkg)
[0.505s] DEBUG:colcon.colcon_core.event_handler.log_command:Invoked command in '/home/tkdals/robot_ws/build/homework1_pkg' returned '0': CMAKE_PREFIX_PATH=${CMAKE_PREFIX_PATH}:/opt/ros/humble /usr/bin/cmake --install /home/tkdals/robot_ws/build/homework1_pkg
[0.510s] Level 1:colcon.colcon_core.environment:checking '/home/tkdals/robot_ws/install/homework1_pkg' for CMake module files
[0.511s] Level 1:colcon.colcon_core.environment:checking '/home/tkdals/robot_ws/install/homework1_pkg' for CMake config files
[0.511s] Level 1:colcon.colcon_core.shell:create_environment_hook('homework1_pkg', 'cmake_prefix_path')
[0.511s] INFO:colcon.colcon_core.shell:Creating environment hook '/home/tkdals/robot_ws/install/homework1_pkg/share/homework1_pkg/hook/cmake_prefix_path.ps1'
[0.512s] INFO:colcon.colcon_core.shell:Creating environment descriptor '/home/tkdals/robot_ws/install/homework1_pkg/share/homework1_pkg/hook/cmake_prefix_path.dsv'
[0.512s] INFO:colcon.colcon_core.shell:Creating environment hook '/home/tkdals/robot_ws/install/homework1_pkg/share/homework1_pkg/hook/cmake_prefix_path.sh'
[0.513s] Level 1:colcon.colcon_core.environment:checking '/home/tkdals/robot_ws/install/homework1_pkg/lib'
[0.513s] Level 1:colcon.colcon_core.environment:checking '/home/tkdals/robot_ws/install/homework1_pkg/bin'
[0.513s] Level 1:colcon.colcon_core.environment:checking '/home/tkdals/robot_ws/install/homework1_pkg/lib/pkgconfig/homework1_pkg.pc'
[0.514s] Level 1:colcon.colcon_core.environment:checking '/home/tkdals/robot_ws/install/homework1_pkg/lib/python3.10/site-packages'
[0.514s] Level 1:colcon.colcon_core.environment:checking '/home/tkdals/robot_ws/install/homework1_pkg/bin'
[0.514s] INFO:colcon.colcon_core.shell:Creating package script '/home/tkdals/robot_ws/install/homework1_pkg/share/homework1_pkg/package.ps1'
[0.515s] INFO:colcon.colcon_core.shell:Creating package descriptor '/home/tkdals/robot_ws/install/homework1_pkg/share/homework1_pkg/package.dsv'
[0.515s] INFO:colcon.colcon_core.shell:Creating package script '/home/tkdals/robot_ws/install/homework1_pkg/share/homework1_pkg/package.sh'
[0.516s] INFO:colcon.colcon_core.shell:Creating package script '/home/tkdals/robot_ws/install/homework1_pkg/share/homework1_pkg/package.bash'
[0.517s] INFO:colcon.colcon_core.shell:Creating package script '/home/tkdals/robot_ws/install/homework1_pkg/share/homework1_pkg/package.zsh'
[0.518s] Level 1:colcon.colcon_core.environment:create_file_with_runtime_dependencies(/home/tkdals/robot_ws/install/homework1_pkg/share/colcon-core/packages/homework1_pkg)
[0.519s] Level 1:colcon.colcon_core.environment:create_environment_scripts_only(ex_client_server_pkg)
[0.520s] DEBUG:colcon.colcon_core.event_handler.log_command:Invoked command in '/home/tkdals/robot_ws/build/ex_client_server_pkg' returned '0': CMAKE_PREFIX_PATH=${CMAKE_PREFIX_PATH}:/opt/ros/humble /usr/bin/cmake --install /home/tkdals/robot_ws/build/ex_client_server_pkg
[0.520s] Level 1:colcon.colcon_core.environment:checking '/home/tkdals/robot_ws/install/ex_client_server_pkg' for CMake module files
[0.521s] Level 1:colcon.colcon_core.environment:checking '/home/tkdals/robot_ws/install/ex_client_server_pkg' for CMake config files
[0.521s] Level 1:colcon.colcon_core.shell:create_environment_hook('ex_client_server_pkg', 'cmake_prefix_path')
[0.521s] INFO:colcon.colcon_core.shell:Creating environment hook '/home/tkdals/robot_ws/install/ex_client_server_pkg/share/ex_client_server_pkg/hook/cmake_prefix_path.ps1'
[0.522s] INFO:colcon.colcon_core.shell:Creating environment descriptor '/home/tkdals/robot_ws/install/ex_client_server_pkg/share/ex_client_server_pkg/hook/cmake_prefix_path.dsv'
[0.522s] INFO:colcon.colcon_core.shell:Creating environment hook '/home/tkdals/robot_ws/install/ex_client_server_pkg/share/ex_client_server_pkg/hook/cmake_prefix_path.sh'
[0.523s] Level 1:colcon.colcon_core.environment:checking '/home/tkdals/robot_ws/install/ex_client_server_pkg/lib'
[0.523s] Level 1:colcon.colcon_core.environment:checking '/home/tkdals/robot_ws/install/ex_client_server_pkg/bin'
[0.523s] Level 1:colcon.colcon_core.environment:checking '/home/tkdals/robot_ws/install/ex_client_server_pkg/lib/pkgconfig/ex_client_server_pkg.pc'
[0.523s] Level 1:colcon.colcon_core.environment:checking '/home/tkdals/robot_ws/install/ex_client_server_pkg/lib/python3.10/site-packages'
[0.523s] Level 1:colcon.colcon_core.environment:checking '/home/tkdals/robot_ws/install/ex_client_server_pkg/bin'
[0.523s] INFO:colcon.colcon_core.shell:Creating package script '/home/tkdals/robot_ws/install/ex_client_server_pkg/share/ex_client_server_pkg/package.ps1'
[0.523s] INFO:colcon.colcon_core.shell:Creating package descriptor '/home/tkdals/robot_ws/install/ex_client_server_pkg/share/ex_client_server_pkg/package.dsv'
[0.524s] INFO:colcon.colcon_core.shell:Creating package script '/home/tkdals/robot_ws/install/ex_client_server_pkg/share/ex_client_server_pkg/package.sh'
[0.524s] INFO:colcon.colcon_core.shell:Creating package script '/home/tkdals/robot_ws/install/ex_client_server_pkg/share/ex_client_server_pkg/package.bash'
[0.524s] INFO:colcon.colcon_core.shell:Creating package script '/home/tkdals/robot_ws/install/ex_client_server_pkg/share/ex_client_server_pkg/package.zsh'
[0.524s] Level 1:colcon.colcon_core.environment:create_file_with_runtime_dependencies(/home/tkdals/robot_ws/install/ex_client_server_pkg/share/colcon-core/packages/ex_client_server_pkg)
[0.543s] Level 1:colcon.colcon_core.environment:create_environment_scripts_only(homework1_pkg)
[0.543s] Level 1:colcon.colcon_core.environment:checking '/home/tkdals/robot_ws/install/homework1_pkg' for CMake module files
[0.544s] Level 1:colcon.colcon_core.environment:checking '/home/tkdals/robot_ws/install/homework1_pkg' for CMake config files
[0.544s] Level 1:colcon.colcon_core.shell:create_environment_hook('homework1_pkg', 'cmake_prefix_path')
[0.544s] INFO:colcon.colcon_core.shell:Creating environment hook '/home/tkdals/robot_ws/install/homework1_pkg/share/homework1_pkg/hook/cmake_prefix_path.ps1'
[0.544s] INFO:colcon.colcon_core.shell:Creating environment descriptor '/home/tkdals/robot_ws/install/homework1_pkg/share/homework1_pkg/hook/cmake_prefix_path.dsv'
[0.544s] INFO:colcon.colcon_core.shell:Creating environment hook '/home/tkdals/robot_ws/install/homework1_pkg/share/homework1_pkg/hook/cmake_prefix_path.sh'
[0.545s] Level 1:colcon.colcon_core.environment:checking '/home/tkdals/robot_ws/install/homework1_pkg/lib'
[0.545s] Level 1:colcon.colcon_core.environment:checking '/home/tkdals/robot_ws/install/homework1_pkg/bin'
[0.545s] Level 1:colcon.colcon_core.environment:checking '/home/tkdals/robot_ws/install/homework1_pkg/lib/pkgconfig/homework1_pkg.pc'
[0.545s] Level 1:colcon.colcon_core.environment:checking '/home/tkdals/robot_ws/install/homework1_pkg/lib/python3.10/site-packages'
[0.545s] Level 1:colcon.colcon_core.environment:checking '/home/tkdals/robot_ws/install/homework1_pkg/bin'
[0.545s] INFO:colcon.colcon_core.shell:Creating package script '/home/tkdals/robot_ws/install/homework1_pkg/share/homework1_pkg/package.ps1'
[0.545s] INFO:colcon.colcon_core.shell:Creating package descriptor '/home/tkdals/robot_ws/install/homework1_pkg/share/homework1_pkg/package.dsv'
[0.546s] INFO:colcon.colcon_core.shell:Creating package script '/home/tkdals/robot_ws/install/homework1_pkg/share/homework1_pkg/package.sh'
[0.546s] INFO:colcon.colcon_core.shell:Creating package script '/home/tkdals/robot_ws/install/homework1_pkg/share/homework1_pkg/package.bash'
[0.546s] INFO:colcon.colcon_core.shell:Creating package script '/home/tkdals/robot_ws/install/homework1_pkg/share/homework1_pkg/package.zsh'
[0.546s] Level 1:colcon.colcon_core.environment:create_file_with_runtime_dependencies(/home/tkdals/robot_ws/install/homework1_pkg/share/colcon-core/packages/homework1_pkg)
[0.547s] Level 1:colcon.colcon_core.environment:create_environment_scripts_only(ex_client_server_pkg)
[0.548s] Level 1:colcon.colcon_core.environment:checking '/home/tkdals/robot_ws/install/ex_client_server_pkg' for CMake module files
[0.548s] Level 1:colcon.colcon_core.environment:checking '/home/tkdals/robot_ws/install/ex_client_server_pkg' for CMake config files
[0.548s] Level 1:colcon.colcon_core.shell:create_environment_hook('ex_client_server_pkg', 'cmake_prefix_path')
[0.548s] INFO:colcon.colcon_core.shell:Creating environment hook '/home/tkdals/robot_ws/install/ex_client_server_pkg/share/ex_client_server_pkg/hook/cmake_prefix_path.ps1'
[0.548s] INFO:colcon.colcon_core.shell:Creating environment descriptor '/home/tkdals/robot_ws/install/ex_client_server_pkg/share/ex_client_server_pkg/hook/cmake_prefix_path.dsv'
[0.548s] INFO:colcon.colcon_core.shell:Creating environment hook '/home/tkdals/robot_ws/install/ex_client_server_pkg/share/ex_client_server_pkg/hook/cmake_prefix_path.sh'
[0.549s] Level 1:colcon.colcon_core.environment:checking '/home/tkdals/robot_ws/install/ex_client_server_pkg/lib'
[0.549s] Level 1:colcon.colcon_core.environment:checking '/home/tkdals/robot_ws/install/ex_client_server_pkg/bin'
[0.549s] Level 1:colcon.colcon_core.environment:checking '/home/tkdals/robot_ws/install/ex_client_server_pkg/lib/pkgconfig/ex_client_server_pkg.pc'
[0.549s] Level 1:colcon.colcon_core.environment:checking '/home/tkdals/robot_ws/install/ex_client_server_pkg/lib/python3.10/site-packages'
[0.549s] Level 1:colcon.colcon_core.environment:checking '/home/tkdals/robot_ws/install/ex_client_server_pkg/bin'
[0.549s] INFO:colcon.colcon_core.shell:Creating package script '/home/tkdals/robot_ws/install/ex_client_server_pkg/share/ex_client_server_pkg/package.ps1'
[0.549s] INFO:colcon.colcon_core.shell:Creating package descriptor '/home/tkdals/robot_ws/install/ex_client_server_pkg/share/ex_client_server_pkg/package.dsv'
[0.550s] INFO:colcon.colcon_core.shell:Creating package script '/home/tkdals/robot_ws/install/ex_client_server_pkg/share/ex_client_server_pkg/package.sh'
[0.550s] INFO:colcon.colcon_core.shell:Creating package script '/home/tkdals/robot_ws/install/ex_client_server_pkg/share/ex_client_server_pkg/package.bash'
[0.550s] INFO:colcon.colcon_core.shell:Creating package script '/home/tkdals/robot_ws/install/ex_client_server_pkg/share/ex_client_server_pkg/package.zsh'
[0.550s] Level 1:colcon.colcon_core.environment:create_file_with_runtime_dependencies(/home/tkdals/robot_ws/install/ex_client_server_pkg/share/colcon-core/packages/ex_client_server_pkg)
[0.652s] DEBUG:colcon.colcon_core.event_handler.log_command:Invoked command in '/home/tkdals/robot_ws/build/tutorial_interfaces' returned '0': CMAKE_PREFIX_PATH=${CMAKE_PREFIX_PATH}:/opt/ros/humble /usr/bin/cmake --build /home/tkdals/robot_ws/build/tutorial_interfaces -- -j20 -l20
[0.726s] DEBUG:colcon.colcon_core.event_handler.log_command:Invoking command in '/home/tkdals/robot_ws/build/tutorial_interfaces': CMAKE_PREFIX_PATH=${CMAKE_PREFIX_PATH}:/opt/ros/humble /usr/bin/cmake --install /home/tkdals/robot_ws/build/tutorial_interfaces
[0.783s] Level 1:colcon.colcon_core.environment:create_environment_scripts_only(tutorial_interfaces)
[0.783s] DEBUG:colcon.colcon_core.event_handler.log_command:Invoked command in '/home/tkdals/robot_ws/build/tutorial_interfaces' returned '0': CMAKE_PREFIX_PATH=${CMAKE_PREFIX_PATH}:/opt/ros/humble /usr/bin/cmake --install /home/tkdals/robot_ws/build/tutorial_interfaces
[0.783s] Level 1:colcon.colcon_core.environment:checking '/home/tkdals/robot_ws/install/tutorial_interfaces' for CMake module files
[0.784s] Level 1:colcon.colcon_core.environment:checking '/home/tkdals/robot_ws/install/tutorial_interfaces' for CMake config files
[0.784s] Level 1:colcon.colcon_core.shell:create_environment_hook('tutorial_interfaces', 'cmake_prefix_path')
[0.784s] INFO:colcon.colcon_core.shell:Creating environment hook '/home/tkdals/robot_ws/install/tutorial_interfaces/share/tutorial_interfaces/hook/cmake_prefix_path.ps1'
[0.785s] INFO:colcon.colcon_core.shell:Creating environment descriptor '/home/tkdals/robot_ws/install/tutorial_interfaces/share/tutorial_interfaces/hook/cmake_prefix_path.dsv'
[0.785s] INFO:colcon.colcon_core.shell:Creating environment hook '/home/tkdals/robot_ws/install/tutorial_interfaces/share/tutorial_interfaces/hook/cmake_prefix_path.sh'
[0.786s] Level 1:colcon.colcon_core.environment:checking '/home/tkdals/robot_ws/install/tutorial_interfaces/lib'
[0.786s] Level 1:colcon.colcon_core.shell:create_environment_hook('tutorial_interfaces', 'ld_library_path_lib')
[0.786s] INFO:colcon.colcon_core.shell:Creating environment hook '/home/tkdals/robot_ws/install/tutorial_interfaces/share/tutorial_interfaces/hook/ld_library_path_lib.ps1'
[0.786s] INFO:colcon.colcon_core.shell:Creating environment descriptor '/home/tkdals/robot_ws/install/tutorial_interfaces/share/tutorial_interfaces/hook/ld_library_path_lib.dsv'
[0.787s] INFO:colcon.colcon_core.shell:Creating environment hook '/home/tkdals/robot_ws/install/tutorial_interfaces/share/tutorial_interfaces/hook/ld_library_path_lib.sh'
[0.787s] Level 1:colcon.colcon_core.environment:checking '/home/tkdals/robot_ws/install/tutorial_interfaces/bin'
[0.787s] Level 1:colcon.colcon_core.environment:checking '/home/tkdals/robot_ws/install/tutorial_interfaces/lib/pkgconfig/tutorial_interfaces.pc'
[0.787s] Level 1:colcon.colcon_core.environment:checking '/home/tkdals/robot_ws/install/tutorial_interfaces/lib/python3.10/site-packages'
[0.788s] Level 1:colcon.colcon_core.environment:checking '/home/tkdals/robot_ws/install/tutorial_interfaces/bin'
[0.788s] INFO:colcon.colcon_core.shell:Creating package script '/home/tkdals/robot_ws/install/tutorial_interfaces/share/tutorial_interfaces/package.ps1'
[0.789s] INFO:colcon.colcon_core.shell:Creating package descriptor '/home/tkdals/robot_ws/install/tutorial_interfaces/share/tutorial_interfaces/package.dsv'
[0.789s] INFO:colcon.colcon_core.shell:Creating package script '/home/tkdals/robot_ws/install/tutorial_interfaces/share/tutorial_interfaces/package.sh'
[0.789s] INFO:colcon.colcon_core.shell:Creating package script '/home/tkdals/robot_ws/install/tutorial_interfaces/share/tutorial_interfaces/package.bash'
[0.790s] INFO:colcon.colcon_core.shell:Creating package script '/home/tkdals/robot_ws/install/tutorial_interfaces/share/tutorial_interfaces/package.zsh'
[0.790s] Level 1:colcon.colcon_core.environment:create_file_with_runtime_dependencies(/home/tkdals/robot_ws/install/tutorial_interfaces/share/colcon-core/packages/tutorial_interfaces)
[0.865s] Level 1:colcon.colcon_core.environment:create_environment_scripts_only(tutorial_interfaces)
[0.865s] Level 1:colcon.colcon_core.environment:checking '/home/tkdals/robot_ws/install/tutorial_interfaces' for CMake module files
[0.865s] Level 1:colcon.colcon_core.environment:checking '/home/tkdals/robot_ws/install/tutorial_interfaces' for CMake config files
[0.865s] Level 1:colcon.colcon_core.shell:create_environment_hook('tutorial_interfaces', 'cmake_prefix_path')
[0.866s] INFO:colcon.colcon_core.shell:Creating environment hook '/home/tkdals/robot_ws/install/tutorial_interfaces/share/tutorial_interfaces/hook/cmake_prefix_path.ps1'
[0.866s] INFO:colcon.colcon_core.shell:Creating environment descriptor '/home/tkdals/robot_ws/install/tutorial_interfaces/share/tutorial_interfaces/hook/cmake_prefix_path.dsv'
[0.866s] INFO:colcon.colcon_core.shell:Creating environment hook '/home/tkdals/robot_ws/install/tutorial_interfaces/share/tutorial_interfaces/hook/cmake_prefix_path.sh'
[0.866s] Level 1:colcon.colcon_core.environment:checking '/home/tkdals/robot_ws/install/tutorial_interfaces/lib'
[0.866s] Level 1:colcon.colcon_core.shell:create_environment_hook('tutorial_interfaces', 'ld_library_path_lib')
[0.866s] INFO:colcon.colcon_core.shell:Creating environment hook '/home/tkdals/robot_ws/install/tutorial_interfaces/share/tutorial_interfaces/hook/ld_library_path_lib.ps1'
[0.867s] INFO:colcon.colcon_core.shell:Creating environment descriptor '/home/tkdals/robot_ws/install/tutorial_interfaces/share/tutorial_interfaces/hook/ld_library_path_lib.dsv'
[0.867s] INFO:colcon.colcon_core.shell:Creating environment hook '/home/tkdals/robot_ws/install/tutorial_interfaces/share/tutorial_interfaces/hook/ld_library_path_lib.sh'
[0.867s] Level 1:colcon.colcon_core.environment:checking '/home/tkdals/robot_ws/install/tutorial_interfaces/bin'
[0.867s] Level 1:colcon.colcon_core.environment:checking '/home/tkdals/robot_ws/install/tutorial_interfaces/lib/pkgconfig/tutorial_interfaces.pc'
[0.867s] Level 1:colcon.colcon_core.environment:checking '/home/tkdals/robot_ws/install/tutorial_interfaces/lib/python3.10/site-packages'
[0.867s] Level 1:colcon.colcon_core.environment:checking '/home/tkdals/robot_ws/install/tutorial_interfaces/bin'
[0.867s] INFO:colcon.colcon_core.shell:Creating package script '/home/tkdals/robot_ws/install/tutorial_interfaces/share/tutorial_interfaces/package.ps1'
[0.868s] INFO:colcon.colcon_core.shell:Creating package descriptor '/home/tkdals/robot_ws/install/tutorial_interfaces/share/tutorial_interfaces/package.dsv'
[0.868s] INFO:colcon.colcon_core.shell:Creating package script '/home/tkdals/robot_ws/install/tutorial_interfaces/share/tutorial_interfaces/package.sh'
[0.868s] INFO:colcon.colcon_core.shell:Creating package script '/home/tkdals/robot_ws/install/tutorial_interfaces/share/tutorial_interfaces/package.bash'
[0.868s] INFO:colcon.colcon_core.shell:Creating package script '/home/tkdals/robot_ws/install/tutorial_interfaces/share/tutorial_interfaces/package.zsh'
[0.869s] Level 1:colcon.colcon_core.environment:create_file_with_runtime_dependencies(/home/tkdals/robot_ws/install/tutorial_interfaces/share/colcon-core/packages/tutorial_interfaces)
[0.869s] INFO:colcon.colcon_ros.task.ament_cmake.build:Building ROS package in '/home/tkdals/robot_ws/src/homework2_2_pkg' with build type 'ament_cmake'
[0.869s] INFO:colcon.colcon_cmake.task.cmake.build:Building CMake package in '/home/tkdals/robot_ws/src/homework2_2_pkg'
[0.869s] INFO:colcon.colcon_core.shell:Skip shell extension 'powershell' for command environment: Not usable outside of PowerShell
[0.869s] DEBUG:colcon.colcon_core.shell:Skip shell extension 'dsv' for command environment
[0.880s] DEBUG:colcon.colcon_core.event_handler.log_command:Invoking command in '/home/tkdals/robot_ws/build/homework2_2_pkg': CMAKE_PREFIX_PATH=/home/tkdals/robot_ws/install/tutorial_interfaces:/home/tkdals/robot_ws/install/homework2_2_pkg:/home/tkdals/robot_ws/install/homework1_pkg:/home/tkdals/robot_ws/install/ex_client_server_pkg:/opt/ros/humble /usr/bin/cmake --build /home/tkdals/robot_ws/build/homework2_2_pkg -- -j20 -l20
[3.608s] DEBUG:colcon.colcon_core.event_handler.log_command:Invoked command in '/home/tkdals/robot_ws/build/homework2_2_pkg' returned '0': CMAKE_PREFIX_PATH=/home/tkdals/robot_ws/install/tutorial_interfaces:/home/tkdals/robot_ws/install/homework2_2_pkg:/home/tkdals/robot_ws/install/homework1_pkg:/home/tkdals/robot_ws/install/ex_client_server_pkg:/opt/ros/humble /usr/bin/cmake --build /home/tkdals/robot_ws/build/homework2_2_pkg -- -j20 -l20
[3.638s] DEBUG:colcon.colcon_core.event_handler.log_command:Invoking command in '/home/tkdals/robot_ws/build/homework2_2_pkg': CMAKE_PREFIX_PATH=/home/tkdals/robot_ws/install/tutorial_interfaces:/home/tkdals/robot_ws/install/homework2_2_pkg:/home/tkdals/robot_ws/install/homework1_pkg:/home/tkdals/robot_ws/install/ex_client_server_pkg:/opt/ros/humble /usr/bin/cmake --install /home/tkdals/robot_ws/build/homework2_2_pkg
[3.650s] Level 1:colcon.colcon_core.environment:create_environment_scripts_only(homework2_2_pkg)
[3.650s] Level 1:colcon.colcon_core.environment:checking '/home/tkdals/robot_ws/install/homework2_2_pkg' for CMake module files
[3.651s] DEBUG:colcon.colcon_core.event_handler.log_command:Invoked command in '/home/tkdals/robot_ws/build/homework2_2_pkg' returned '0': CMAKE_PREFIX_PATH=/home/tkdals/robot_ws/install/tutorial_interfaces:/home/tkdals/robot_ws/install/homework2_2_pkg:/home/tkdals/robot_ws/install/homework1_pkg:/home/tkdals/robot_ws/install/ex_client_server_pkg:/opt/ros/humble /usr/bin/cmake --install /home/tkdals/robot_ws/build/homework2_2_pkg
[3.651s] Level 1:colcon.colcon_core.environment:checking '/home/tkdals/robot_ws/install/homework2_2_pkg' for CMake config files
[3.651s] Level 1:colcon.colcon_core.shell:create_environment_hook('homework2_2_pkg', 'cmake_prefix_path')
[3.651s] INFO:colcon.colcon_core.shell:Creating environment hook '/home/tkdals/robot_ws/install/homework2_2_pkg/share/homework2_2_pkg/hook/cmake_prefix_path.ps1'
[3.652s] INFO:colcon.colcon_core.shell:Creating environment descriptor '/home/tkdals/robot_ws/install/homework2_2_pkg/share/homework2_2_pkg/hook/cmake_prefix_path.dsv'
[3.652s] INFO:colcon.colcon_core.shell:Creating environment hook '/home/tkdals/robot_ws/install/homework2_2_pkg/share/homework2_2_pkg/hook/cmake_prefix_path.sh'
[3.652s] Level 1:colcon.colcon_core.environment:checking '/home/tkdals/robot_ws/install/homework2_2_pkg/lib'
[3.652s] Level 1:colcon.colcon_core.environment:checking '/home/tkdals/robot_ws/install/homework2_2_pkg/bin'
[3.652s] Level 1:colcon.colcon_core.environment:checking '/home/tkdals/robot_ws/install/homework2_2_pkg/lib/pkgconfig/homework2_2_pkg.pc'
[3.653s] Level 1:colcon.colcon_core.environment:checking '/home/tkdals/robot_ws/install/homework2_2_pkg/lib/python3.10/site-packages'
[3.653s] Level 1:colcon.colcon_core.environment:checking '/home/tkdals/robot_ws/install/homework2_2_pkg/bin'
[3.653s] INFO:colcon.colcon_core.shell:Creating package script '/home/tkdals/robot_ws/install/homework2_2_pkg/share/homework2_2_pkg/package.ps1'
[3.653s] INFO:colcon.colcon_core.shell:Creating package descriptor '/home/tkdals/robot_ws/install/homework2_2_pkg/share/homework2_2_pkg/package.dsv'
[3.653s] INFO:colcon.colcon_core.shell:Creating package script '/home/tkdals/robot_ws/install/homework2_2_pkg/share/homework2_2_pkg/package.sh'
[3.654s] INFO:colcon.colcon_core.shell:Creating package script '/home/tkdals/robot_ws/install/homework2_2_pkg/share/homework2_2_pkg/package.bash'
[3.654s] INFO:colcon.colcon_core.shell:Creating package script '/home/tkdals/robot_ws/install/homework2_2_pkg/share/homework2_2_pkg/package.zsh'
[3.654s] Level 1:colcon.colcon_core.environment:create_file_with_runtime_dependencies(/home/tkdals/robot_ws/install/homework2_2_pkg/share/colcon-core/packages/homework2_2_pkg)
[3.679s] Level 1:colcon.colcon_core.environment:create_environment_scripts_only(homework2_2_pkg)
[3.680s] Level 1:colcon.colcon_core.environment:checking '/home/tkdals/robot_ws/install/homework2_2_pkg' for CMake module files
[3.680s] Level 1:colcon.colcon_core.environment:checking '/home/tkdals/robot_ws/install/homework2_2_pkg' for CMake config files
[3.680s] Level 1:colcon.colcon_core.shell:create_environment_hook('homework2_2_pkg', 'cmake_prefix_path')
[3.680s] INFO:colcon.colcon_core.shell:Creating environment hook '/home/tkdals/robot_ws/install/homework2_2_pkg/share/homework2_2_pkg/hook/cmake_prefix_path.ps1'
[3.681s] INFO:colcon.colcon_core.shell:Creating environment descriptor '/home/tkdals/robot_ws/install/homework2_2_pkg/share/homework2_2_pkg/hook/cmake_prefix_path.dsv'
[3.681s] INFO:colcon.colcon_core.shell:Creating environment hook '/home/tkdals/robot_ws/install/homework2_2_pkg/share/homework2_2_pkg/hook/cmake_prefix_path.sh'
[3.681s] Level 1:colcon.colcon_core.environment:checking '/home/tkdals/robot_ws/install/homework2_2_pkg/lib'
[3.681s] Level 1:colcon.colcon_core.environment:checking '/home/tkdals/robot_ws/install/homework2_2_pkg/bin'
[3.681s] Level 1:colcon.colcon_core.environment:checking '/home/tkdals/robot_ws/install/homework2_2_pkg/lib/pkgconfig/homework2_2_pkg.pc'
[3.681s] Level 1:colcon.colcon_core.environment:checking '/home/tkdals/robot_ws/install/homework2_2_pkg/lib/python3.10/site-packages'
[3.681s] Level 1:colcon.colcon_core.environment:checking '/home/tkdals/robot_ws/install/homework2_2_pkg/bin'
[3.682s] INFO:colcon.colcon_core.shell:Creating package script '/home/tkdals/robot_ws/install/homework2_2_pkg/share/homework2_2_pkg/package.ps1'
[3.682s] INFO:colcon.colcon_core.shell:Creating package descriptor '/home/tkdals/robot_ws/install/homework2_2_pkg/share/homework2_2_pkg/package.dsv'
[3.682s] INFO:colcon.colcon_core.shell:Creating package script '/home/tkdals/robot_ws/install/homework2_2_pkg/share/homework2_2_pkg/package.sh'
[3.683s] INFO:colcon.colcon_core.shell:Creating package script '/home/tkdals/robot_ws/install/homework2_2_pkg/share/homework2_2_pkg/package.bash'
[3.683s] INFO:colcon.colcon_core.shell:Creating package script '/home/tkdals/robot_ws/install/homework2_2_pkg/share/homework2_2_pkg/package.zsh'
[3.683s] Level 1:colcon.colcon_core.environment:create_file_with_runtime_dependencies(/home/tkdals/robot_ws/install/homework2_2_pkg/share/colcon-core/packages/homework2_2_pkg)
[3.684s] DEBUG:colcon.colcon_parallel_executor.executor.parallel:closing loop
[3.684s] DEBUG:colcon.colcon_parallel_executor.executor.parallel:loop closed
[3.684s] DEBUG:colcon.colcon_parallel_executor.executor.parallel:run_until_complete finished with '0'
[3.684s] DEBUG:colcon.colcon_core.event_reactor:joining thread
[3.693s] INFO:colcon.colcon_core.plugin_system:Skipping extension 'colcon_notification.desktop_notification.terminal_notifier': Not used on non-Darwin systems
[3.693s] INFO:colcon.colcon_core.plugin_system:Skipping extension 'colcon_notification.desktop_notification.win32': Not used on non-Windows systems
[3.693s] INFO:colcon.colcon_notification.desktop_notification:Sending desktop notification using 'notify2'
[3.707s] DEBUG:colcon.colcon_core.event_reactor:joined thread
[3.707s] INFO:colcon.colcon_core.shell:Creating prefix script '/home/tkdals/robot_ws/install/local_setup.ps1'
[3.709s] INFO:colcon.colcon_core.shell:Creating prefix util module '/home/tkdals/robot_ws/install/_local_setup_util_ps1.py'
[3.712s] INFO:colcon.colcon_core.shell:Creating prefix chain script '/home/tkdals/robot_ws/install/setup.ps1'
[3.714s] INFO:colcon.colcon_core.shell:Creating prefix script '/home/tkdals/robot_ws/install/local_setup.sh'
[3.716s] INFO:colcon.colcon_core.shell:Creating prefix util module '/home/tkdals/robot_ws/install/_local_setup_util_sh.py'
[3.716s] INFO:colcon.colcon_core.shell:Creating prefix chain script '/home/tkdals/robot_ws/install/setup.sh'
[3.718s] INFO:colcon.colcon_core.shell:Creating prefix script '/home/tkdals/robot_ws/install/local_setup.bash'
[3.719s] INFO:colcon.colcon_core.shell:Creating prefix chain script '/home/tkdals/robot_ws/install/setup.bash'
[3.720s] INFO:colcon.colcon_core.shell:Creating prefix script '/home/tkdals/robot_ws/install/local_setup.zsh'
[3.721s] INFO:colcon.colcon_core.shell:Creating prefix chain script '/home/tkdals/robot_ws/install/setup.zsh'
