[0.013s] Invoking command in '/home/tkdals/robot_ws/build/tutorial_interfaces': CMAKE_PREFIX_PATH=${CMAKE_PREFIX_PATH}:/opt/ros/humble /usr/bin/cmake --build /home/tkdals/robot_ws/build/tutorial_interfaces -- -j20 -l20
[0.057s] [  2%] Built target tutorial_interfaces__cpp
[0.058s] [ 12%] Built target tutorial_interfaces__rosidl_generator_c
[0.068s] [ 12%] Built target ament_cmake_python_copy_tutorial_interfaces
[0.077s] [ 23%] Built target tutorial_interfaces__rosidl_typesupport_c
[0.077s] [ 33%] Built target tutorial_interfaces__rosidl_typesupport_introspection_c
[0.078s] [ 43%] Built target tutorial_interfaces__rosidl_typesupport_introspection_cpp
[0.080s] [ 53%] Built target tutorial_interfaces__rosidl_typesupport_fastrtps_cpp
[0.082s] [ 64%] Built target tutorial_interfaces__rosidl_typesupport_cpp
[0.084s] [ 74%] Built target tutorial_interfaces__rosidl_typesupport_fastrtps_c
[0.103s] [ 74%] Built target tutorial_interfaces
[0.123s] [ 76%] Built target tutorial_interfaces__py
[0.143s] [ 84%] Built target tutorial_interfaces__rosidl_generator_py
[0.158s] [ 89%] Built target tutorial_interfaces__rosidl_typesupport_fastrtps_c__pyext
[0.159s] [ 94%] Built target tutorial_interfaces__rosidl_typesupport_c__pyext
[0.165s] [100%] Built target tutorial_interfaces__rosidl_typesupport_introspection_c__pyext
[0.215s] running egg_info
[0.215s] writing tutorial_interfaces.egg-info/PKG-INFO
[0.215s] writing dependency_links to tutorial_interfaces.egg-info/dependency_links.txt
[0.215s] writing top-level names to tutorial_interfaces.egg-info/top_level.txt
[0.217s] reading manifest file 'tutorial_interfaces.egg-info/SOURCES.txt'
[0.217s] writing manifest file 'tutorial_interfaces.egg-info/SOURCES.txt'
[0.236s] [100%] Built target ament_cmake_python_build_tutorial_interfaces_egg
