[0.007s] Invoking command in '/home/tkdals/robot_ws/build/homework3_pkg': CMAKE_PREFIX_PATH=/opt/ros/humble:/home/tkdals/robot_ws/install/dynamixel_sdk:/home/tkdals/robot_ws/install/homework2_2_pkg:/home/tkdals/robot_ws/install/tutorial_interfaces:/home/tkdals/robot_ws/install/homework3_pkg:/home/tkdals/robot_ws/install/homework1_pkg:/home/tkdals/robot_ws/install/ex_client_server_pkg LD_LIBRARY_PATH=/home/tkdals/robot_ws/install/dynamixel_sdk/lib:/home/tkdals/robot_ws/install/tutorial_interfaces/lib:/opt/ros/humble/opt/rviz_ogre_vendor/lib:/opt/ros/humble/lib/x86_64-linux-gnu:/opt/ros/humble/lib /usr/bin/cmake --build /home/tkdals/robot_ws/build/homework3_pkg -- -j20 -l20
[0.031s] -- Found ament_cmake: 1.3.10 (/opt/ros/humble/share/ament_cmake/cmake)
[0.117s] -- Found rclcpp: 16.0.10 (/opt/ros/humble/share/rclcpp/cmake)
[0.134s] -- Found rosidl_generator_c: 3.1.5 (/opt/ros/humble/share/rosidl_generator_c/cmake)
[0.136s] -- Found rosidl_adapter: 3.1.5 (/opt/ros/humble/share/rosidl_adapter/cmake)
[0.142s] -- Found rosidl_generator_cpp: 3.1.5 (/opt/ros/humble/share/rosidl_generator_cpp/cmake)
[0.146s] -- Using all available rosidl_typesupport_c: rosidl_typesupport_fastrtps_c;rosidl_typesupport_introspection_c
[0.154s] -- Using all available rosidl_typesupport_cpp: rosidl_typesupport_fastrtps_cpp;rosidl_typesupport_introspection_cpp
[0.174s] -- Found rmw_implementation_cmake: 6.1.2 (/opt/ros/humble/share/rmw_implementation_cmake/cmake)
[0.175s] -- Found rmw_fastrtps_cpp: 6.2.7 (/opt/ros/humble/share/rmw_fastrtps_cpp/cmake)
[0.240s] -- Using RMW implementation 'rmw_fastrtps_cpp' as default
[0.273s] -- Found dynamixel_sdk: 3.7.60 (/home/tkdals/robot_ws/install/dynamixel_sdk/share/dynamixel_sdk/cmake)
[0.273s] -- Found ament_lint_auto: 0.12.11 (/opt/ros/humble/share/ament_lint_auto/cmake)
[0.344s] -- Added test 'cppcheck' to perform static code analysis on C / C++ code
[0.345s] -- Configured cppcheck include dirs: /home/tkdals/robot_ws/src/homework3_pkg/include
[0.345s] -- Configured cppcheck exclude dirs and/or files: 
[0.345s] -- Added test 'flake8' to check Python code syntax and style conventions
[0.346s] -- Added test 'lint_cmake' to check CMake code style
[0.347s] -- Added test 'pep257' to check Python code against some of the docstring style conventions in PEP 257
[0.351s] -- Added test 'uncrustify' to check C / C++ code style
[0.351s] -- Configured uncrustify additional arguments: 
[0.352s] -- Added test 'xmllint' to check XML markup files
[0.352s] -- Configuring done
[0.357s] -- Generating done
[0.358s] -- Build files have been written to: /home/tkdals/robot_ws/build/homework3_pkg
[0.378s] [35m[1mConsolidate compiler generated dependencies of target dynamixel[0m
[0.391s] [100%] Built target dynamixel
[0.401s] Invoked command in '/home/tkdals/robot_ws/build/homework3_pkg' returned '0': CMAKE_PREFIX_PATH=/opt/ros/humble:/home/tkdals/robot_ws/install/dynamixel_sdk:/home/tkdals/robot_ws/install/homework2_2_pkg:/home/tkdals/robot_ws/install/tutorial_interfaces:/home/tkdals/robot_ws/install/homework3_pkg:/home/tkdals/robot_ws/install/homework1_pkg:/home/tkdals/robot_ws/install/ex_client_server_pkg LD_LIBRARY_PATH=/home/tkdals/robot_ws/install/dynamixel_sdk/lib:/home/tkdals/robot_ws/install/tutorial_interfaces/lib:/opt/ros/humble/opt/rviz_ogre_vendor/lib:/opt/ros/humble/lib/x86_64-linux-gnu:/opt/ros/humble/lib /usr/bin/cmake --build /home/tkdals/robot_ws/build/homework3_pkg -- -j20 -l20
[0.425s] Invoking command in '/home/tkdals/robot_ws/build/homework3_pkg': CMAKE_PREFIX_PATH=/opt/ros/humble:/home/tkdals/robot_ws/install/dynamixel_sdk:/home/tkdals/robot_ws/install/homework2_2_pkg:/home/tkdals/robot_ws/install/tutorial_interfaces:/home/tkdals/robot_ws/install/homework3_pkg:/home/tkdals/robot_ws/install/homework1_pkg:/home/tkdals/robot_ws/install/ex_client_server_pkg LD_LIBRARY_PATH=/home/tkdals/robot_ws/install/dynamixel_sdk/lib:/home/tkdals/robot_ws/install/tutorial_interfaces/lib:/opt/ros/humble/opt/rviz_ogre_vendor/lib:/opt/ros/humble/lib/x86_64-linux-gnu:/opt/ros/humble/lib /usr/bin/cmake --install /home/tkdals/robot_ws/build/homework3_pkg
[0.432s] -- Install configuration: ""
[0.432s] -- Up-to-date: /home/tkdals/robot_ws/install/homework3_pkg/lib/homework3_pkg/dynamixel
[0.433s] -- Up-to-date: /home/tkdals/robot_ws/install/homework3_pkg/share/ament_index/resource_index/package_run_dependencies/homework3_pkg
[0.433s] -- Up-to-date: /home/tkdals/robot_ws/install/homework3_pkg/share/ament_index/resource_index/parent_prefix_path/homework3_pkg
[0.433s] -- Up-to-date: /home/tkdals/robot_ws/install/homework3_pkg/share/homework3_pkg/environment/ament_prefix_path.sh
[0.433s] -- Installing: /home/tkdals/robot_ws/install/homework3_pkg/share/homework3_pkg/environment/ament_prefix_path.dsv
[0.433s] -- Up-to-date: /home/tkdals/robot_ws/install/homework3_pkg/share/homework3_pkg/environment/path.sh
[0.434s] -- Installing: /home/tkdals/robot_ws/install/homework3_pkg/share/homework3_pkg/environment/path.dsv
[0.434s] -- Up-to-date: /home/tkdals/robot_ws/install/homework3_pkg/share/homework3_pkg/local_setup.bash
[0.434s] -- Up-to-date: /home/tkdals/robot_ws/install/homework3_pkg/share/homework3_pkg/local_setup.sh
[0.434s] -- Up-to-date: /home/tkdals/robot_ws/install/homework3_pkg/share/homework3_pkg/local_setup.zsh
[0.434s] -- Installing: /home/tkdals/robot_ws/install/homework3_pkg/share/homework3_pkg/local_setup.dsv
[0.434s] -- Installing: /home/tkdals/robot_ws/install/homework3_pkg/share/homework3_pkg/package.dsv
[0.434s] -- Up-to-date: /home/tkdals/robot_ws/install/homework3_pkg/share/ament_index/resource_index/packages/homework3_pkg
[0.435s] -- Up-to-date: /home/tkdals/robot_ws/install/homework3_pkg/share/homework3_pkg/cmake/homework3_pkgConfig.cmake
[0.435s] -- Up-to-date: /home/tkdals/robot_ws/install/homework3_pkg/share/homework3_pkg/cmake/homework3_pkgConfig-version.cmake
[0.435s] -- Up-to-date: /home/tkdals/robot_ws/install/homework3_pkg/share/homework3_pkg/package.xml
[0.436s] Invoked command in '/home/tkdals/robot_ws/build/homework3_pkg' returned '0': CMAKE_PREFIX_PATH=/opt/ros/humble:/home/tkdals/robot_ws/install/dynamixel_sdk:/home/tkdals/robot_ws/install/homework2_2_pkg:/home/tkdals/robot_ws/install/tutorial_interfaces:/home/tkdals/robot_ws/install/homework3_pkg:/home/tkdals/robot_ws/install/homework1_pkg:/home/tkdals/robot_ws/install/ex_client_server_pkg LD_LIBRARY_PATH=/home/tkdals/robot_ws/install/dynamixel_sdk/lib:/home/tkdals/robot_ws/install/tutorial_interfaces/lib:/opt/ros/humble/opt/rviz_ogre_vendor/lib:/opt/ros/humble/lib/x86_64-linux-gnu:/opt/ros/humble/lib /usr/bin/cmake --install /home/tkdals/robot_ws/build/homework3_pkg
