[0.007s] Invoking command in '/home/tkdals/robot_ws/build/homework2_2_pkg': CMAKE_PREFIX_PATH=/home/tkdals/robot_ws/install/tutorial_interfaces:/home/tkdals/robot_ws/install/homework2_2_pkg:/home/tkdals/robot_ws/install/homework1_pkg:/home/tkdals/robot_ws/install/ex_client_server_pkg:/opt/ros/humble /usr/bin/cmake --build /home/tkdals/robot_ws/build/homework2_2_pkg -- -j20 -l20
[0.056s] [35m[1mConsolidate compiler generated dependencies of target final_server[0m
[0.066s] [ 33%] Built target server
[0.069s] [ 50%] [32mBuilding CXX object CMakeFiles/client.dir/src/homework2_2_pkg_client.cpp.o[0m
[0.073s] [ 83%] Built target final_server
[1.394s] [01m[K/home/tkdals/robot_ws/src/homework2_2_pkg/src/homework2_2_pkg_client.cpp:23:6:[m[K [01;31m[Kerror: [m[Kno declaration matches ‘[01m[Kvoid ClientNode::Request(int64_t)[m[K’
[1.394s]    23 | void [01;31m[KClientNode[m[K::Request(int64_t input)
[1.394s]       |      [01;31m[K^~~~~~~~~~[m[K
[1.394s] [01m[K/home/tkdals/robot_ws/src/homework2_2_pkg/src/homework2_2_pkg_client.cpp:23:6:[m[K [01;36m[Knote: [m[Kno functions named ‘[01m[Kvoid ClientNode::Request(int64_t)[m[K’
[1.394s] In file included from [01m[K/home/tkdals/robot_ws/src/homework2_2_pkg/src/homework2_2_pkg_client.cpp:2[m[K:
[1.394s] [01m[K/home/tkdals/robot_ws/src/homework2_2_pkg/include/homework2_2_pkg/homework2_2_pkg_client.hpp:7:7:[m[K [01;36m[Knote: [m[K‘[01m[Kclass ClientNode[m[K’ defined here
[1.394s]     7 | class [01;36m[KClientNode[m[K : public rclcpp::Node
[1.394s]       |       [01;36m[K^~~~~~~~~~[m[K
[1.395s] [01m[K/home/tkdals/robot_ws/src/homework2_2_pkg/src/homework2_2_pkg_client.cpp:[m[K In function ‘[01m[Kint main(int, char**)[m[K’:
[1.396s] [01m[K/home/tkdals/robot_ws/src/homework2_2_pkg/src/homework2_2_pkg_client.cpp:55:11:[m[K [01;31m[Kerror: [m[K‘[01m[Kusing element_type = class ClientNode[m[K’ {aka ‘[01m[Kclass ClientNode[m[K’} has no member named ‘[01m[KRequest[m[K’
[1.396s]    55 |     node->[01;31m[KRequest[m[K(input_value);
[1.396s]       |           [01;31m[K^~~~~~~[m[K
[1.709s] gmake[2]: *** [CMakeFiles/client.dir/build.make:76: CMakeFiles/client.dir/src/homework2_2_pkg_client.cpp.o] Error 1
[1.709s] gmake[1]: *** [CMakeFiles/Makefile2:167: CMakeFiles/client.dir/all] Error 2
[1.710s] gmake: *** [Makefile:146: all] Error 2
[1.712s] Invoked command in '/home/tkdals/robot_ws/build/homework2_2_pkg' returned '2': CMAKE_PREFIX_PATH=/home/tkdals/robot_ws/install/tutorial_interfaces:/home/tkdals/robot_ws/install/homework2_2_pkg:/home/tkdals/robot_ws/install/homework1_pkg:/home/tkdals/robot_ws/install/ex_client_server_pkg:/opt/ros/humble /usr/bin/cmake --build /home/tkdals/robot_ws/build/homework2_2_pkg -- -j20 -l20
