[0.014s] Invoking command in '/home/tkdals/robot_ws/build/ex_client_server_pkg': CMAKE_PREFIX_PATH=${CMAKE_PREFIX_PATH}:/opt/ros/humble /usr/bin/cmake /home/tkdals/robot_ws/src/ex_cilent_server_pkg -DCMAKE_INSTALL_PREFIX=/home/tkdals/robot_ws/install/ex_client_server_pkg
[0.062s] -- The C compiler identification is GNU 11.4.0
[0.101s] -- The CXX compiler identification is GNU 11.4.0
[0.106s] -- Detecting C compiler ABI info
[0.157s] -- Detecting C compiler ABI info - done
[0.164s] -- Check for working C compiler: /usr/bin/cc - skipped
[0.164s] -- Detecting C compile features
[0.164s] -- Detecting C compile features - done
[0.166s] -- Detecting CXX compiler ABI info
[0.226s] -- Detecting CXX compiler ABI info - done
[0.232s] -- Check for working CXX compiler: /usr/bin/c++ - skipped
[0.232s] -- Detecting CXX compile features
[0.232s] -- Detecting CXX compile features - done
[0.234s] -- Found ament_cmake: 1.3.10 (/opt/ros/humble/share/ament_cmake/cmake)
[0.371s] -- Found Python3: /usr/bin/python3 (found version "3.10.12") found components: Interpreter 
[0.435s] -- Found rclcpp: 16.0.10 (/opt/ros/humble/share/rclcpp/cmake)
[0.460s] -- Found rosidl_generator_c: 3.1.5 (/opt/ros/humble/share/rosidl_generator_c/cmake)
[0.462s] -- Found rosidl_adapter: 3.1.5 (/opt/ros/humble/share/rosidl_adapter/cmake)
[0.467s] -- Found rosidl_generator_cpp: 3.1.5 (/opt/ros/humble/share/rosidl_generator_cpp/cmake)
[0.475s] -- Using all available rosidl_typesupport_c: rosidl_typesupport_fastrtps_c;rosidl_typesupport_introspection_c
[0.484s] -- Using all available rosidl_typesupport_cpp: rosidl_typesupport_fastrtps_cpp;rosidl_typesupport_introspection_cpp
[0.510s] -- Found rmw_implementation_cmake: 6.1.2 (/opt/ros/humble/share/rmw_implementation_cmake/cmake)
[0.512s] -- Found rmw_fastrtps_cpp: 6.2.7 (/opt/ros/humble/share/rmw_fastrtps_cpp/cmake)
[0.577s] -- Found OpenSSL: /usr/lib/x86_64-linux-gnu/libcrypto.so (found version "3.0.2")  
[0.595s] -- Found FastRTPS: /opt/ros/humble/include  
[0.621s] -- Using RMW implementation 'rmw_fastrtps_cpp' as default
[0.626s] -- Looking for pthread.h
[0.688s] -- Looking for pthread.h - found
[0.688s] -- Performing Test CMAKE_HAVE_LIBC_PTHREAD
[0.743s] -- Performing Test CMAKE_HAVE_LIBC_PTHREAD - Success
[0.744s] -- Found Threads: TRUE  
[0.776s] -- Found example_interfaces: 0.9.3 (/opt/ros/humble/share/example_interfaces/cmake)
[0.803s] -- Found ament_lint_auto: 0.12.11 (/opt/ros/humble/share/ament_lint_auto/cmake)
[0.854s] -- Added test 'cppcheck' to perform static code analysis on C / C++ code
[0.855s] -- Configured cppcheck include dirs: 
[0.855s] -- Configured cppcheck exclude dirs and/or files: 
[0.855s] -- Added test 'lint_cmake' to check CMake code style
[0.856s] -- Added test 'uncrustify' to check C / C++ code style
[0.856s] -- Configured uncrustify additional arguments: 
[0.856s] -- Added test 'xmllint' to check XML markup files
[0.856s] -- Configuring done
[0.863s] -- Generating done
[0.864s] -- Build files have been written to: /home/tkdals/robot_ws/build/ex_client_server_pkg
