[0.007s] Invoking command in '/home/tkdals/robot_ws/src/homework3_pkg/build/homework3_pkg': CMAKE_PREFIX_PATH=/home/tkdals/robot_ws/install/homework2_2_pkg:/home/tkdals/robot_ws/install/tutorial_interfaces:/home/tkdals/robot_ws/install/homework3_pkg:/home/tkdals/robot_ws/install/homework1_pkg:/home/tkdals/robot_ws/install/ex_client_server_pkg:/opt/ros/humble:/home/tkdals/robot_ws/install/dynamixel_sdk /usr/bin/cmake /home/tkdals/robot_ws/src/homework3_pkg -DCMAKE_INSTALL_PREFIX=/home/tkdals/robot_ws/src/homework3_pkg/install/homework3_pkg
[0.065s] -- The C compiler identification is GNU 11.4.0
[0.124s] -- The CXX compiler identification is GNU 11.4.0
[0.132s] -- Detecting C compiler ABI info
[0.206s] -- Detecting C compiler ABI info - done
[0.216s] -- Check for working C compiler: /usr/bin/cc - skipped
[0.216s] -- Detecting C compile features
[0.217s] -- Detecting C compile features - done
[0.220s] -- Detecting CXX compiler ABI info
[0.313s] -- Detecting CXX compiler ABI info - done
[0.318s] -- Check for working CXX compiler: /usr/bin/c++ - skipped
[0.318s] -- Detecting CXX compile features
[0.318s] -- Detecting CXX compile features - done
[0.319s] -- Found ament_cmake: 1.3.10 (/opt/ros/humble/share/ament_cmake/cmake)
[0.448s] -- Found Python3: /usr/bin/python3 (found version "3.10.12") found components: Interpreter 
[0.506s] -- Found rclcpp: 16.0.10 (/opt/ros/humble/share/rclcpp/cmake)
[0.531s] -- Found rosidl_generator_c: 3.1.5 (/opt/ros/humble/share/rosidl_generator_c/cmake)
[0.534s] -- Found rosidl_adapter: 3.1.5 (/opt/ros/humble/share/rosidl_adapter/cmake)
[0.539s] -- Found rosidl_generator_cpp: 3.1.5 (/opt/ros/humble/share/rosidl_generator_cpp/cmake)
[0.547s] -- Using all available rosidl_typesupport_c: rosidl_typesupport_fastrtps_c;rosidl_typesupport_introspection_c
[0.557s] -- Using all available rosidl_typesupport_cpp: rosidl_typesupport_fastrtps_cpp;rosidl_typesupport_introspection_cpp
[0.584s] -- Found rmw_implementation_cmake: 6.1.2 (/opt/ros/humble/share/rmw_implementation_cmake/cmake)
[0.585s] -- Found rmw_fastrtps_cpp: 6.2.7 (/opt/ros/humble/share/rmw_fastrtps_cpp/cmake)
[0.654s] -- Found OpenSSL: /usr/lib/x86_64-linux-gnu/libcrypto.so (found version "3.0.2")  
[0.672s] -- Found FastRTPS: /opt/ros/humble/include  
[0.699s] -- Using RMW implementation 'rmw_fastrtps_cpp' as default
[0.704s] -- Looking for pthread.h
[0.762s] -- Looking for pthread.h - found
[0.763s] -- Performing Test CMAKE_HAVE_LIBC_PTHREAD
[0.842s] -- Performing Test CMAKE_HAVE_LIBC_PTHREAD - Success
[0.842s] -- Found Threads: TRUE  
[0.876s] -- Found dynamixel_sdk: 3.7.60 (/home/tkdals/robot_ws/install/dynamixel_sdk/share/dynamixel_sdk/cmake)
[0.877s] -- Found ament_lint_auto: 0.12.11 (/opt/ros/humble/share/ament_lint_auto/cmake)
[0.928s] -- Added test 'cppcheck' to perform static code analysis on C / C++ code
[0.928s] -- Configured cppcheck include dirs: /home/tkdals/robot_ws/src/homework3_pkg/include
[0.928s] -- Configured cppcheck exclude dirs and/or files: 
[0.929s] -- Added test 'lint_cmake' to check CMake code style
[0.931s] -- Added test 'uncrustify' to check C / C++ code style
[0.931s] -- Configured uncrustify additional arguments: 
[0.932s] -- Added test 'xmllint' to check XML markup files
[0.933s] -- Configuring done
[0.937s] -- Generating done
[0.938s] -- Build files have been written to: /home/tkdals/robot_ws/src/homework3_pkg/build/homework3_pkg
[0.945s] Invoked command in '/home/tkdals/robot_ws/src/homework3_pkg/build/homework3_pkg' returned '0': CMAKE_PREFIX_PATH=/home/tkdals/robot_ws/install/homework2_2_pkg:/home/tkdals/robot_ws/install/tutorial_interfaces:/home/tkdals/robot_ws/install/homework3_pkg:/home/tkdals/robot_ws/install/homework1_pkg:/home/tkdals/robot_ws/install/ex_client_server_pkg:/opt/ros/humble:/home/tkdals/robot_ws/install/dynamixel_sdk /usr/bin/cmake /home/tkdals/robot_ws/src/homework3_pkg -DCMAKE_INSTALL_PREFIX=/home/tkdals/robot_ws/src/homework3_pkg/install/homework3_pkg
[0.945s] Invoking command in '/home/tkdals/robot_ws/src/homework3_pkg/build/homework3_pkg': CMAKE_PREFIX_PATH=/home/tkdals/robot_ws/install/homework2_2_pkg:/home/tkdals/robot_ws/install/tutorial_interfaces:/home/tkdals/robot_ws/install/homework3_pkg:/home/tkdals/robot_ws/install/homework1_pkg:/home/tkdals/robot_ws/install/ex_client_server_pkg:/opt/ros/humble:/home/tkdals/robot_ws/install/dynamixel_sdk /usr/bin/cmake --build /home/tkdals/robot_ws/src/homework3_pkg/build/homework3_pkg -- -j20 -l20
[1.003s] [ 50%] [32mBuilding CXX object CMakeFiles/dynamixel.dir/src/homework3_pkg_trydynamixel.cpp.o[0m
[1.134s] [100%] [32m[1mLinking CXX executable dynamixel[0m
[1.199s] [100%] Built target dynamixel
[1.211s] Invoked command in '/home/tkdals/robot_ws/src/homework3_pkg/build/homework3_pkg' returned '0': CMAKE_PREFIX_PATH=/home/tkdals/robot_ws/install/homework2_2_pkg:/home/tkdals/robot_ws/install/tutorial_interfaces:/home/tkdals/robot_ws/install/homework3_pkg:/home/tkdals/robot_ws/install/homework1_pkg:/home/tkdals/robot_ws/install/ex_client_server_pkg:/opt/ros/humble:/home/tkdals/robot_ws/install/dynamixel_sdk /usr/bin/cmake --build /home/tkdals/robot_ws/src/homework3_pkg/build/homework3_pkg -- -j20 -l20
[1.239s] Invoking command in '/home/tkdals/robot_ws/src/homework3_pkg/build/homework3_pkg': CMAKE_PREFIX_PATH=/home/tkdals/robot_ws/install/homework2_2_pkg:/home/tkdals/robot_ws/install/tutorial_interfaces:/home/tkdals/robot_ws/install/homework3_pkg:/home/tkdals/robot_ws/install/homework1_pkg:/home/tkdals/robot_ws/install/ex_client_server_pkg:/opt/ros/humble:/home/tkdals/robot_ws/install/dynamixel_sdk /usr/bin/cmake --install /home/tkdals/robot_ws/src/homework3_pkg/build/homework3_pkg
[1.245s] -- Install configuration: ""
[1.245s] -- Installing: /home/tkdals/robot_ws/src/homework3_pkg/install/homework3_pkg/lib/homework3_pkg/dynamixel
[1.245s] -- Set runtime path of "/home/tkdals/robot_ws/src/homework3_pkg/install/homework3_pkg/lib/homework3_pkg/dynamixel" to ""
[1.245s] -- Installing: /home/tkdals/robot_ws/src/homework3_pkg/install/homework3_pkg/share/ament_index/resource_index/package_run_dependencies/homework3_pkg
[1.245s] -- Installing: /home/tkdals/robot_ws/src/homework3_pkg/install/homework3_pkg/share/ament_index/resource_index/parent_prefix_path/homework3_pkg
[1.245s] -- Installing: /home/tkdals/robot_ws/src/homework3_pkg/install/homework3_pkg/share/homework3_pkg/environment/ament_prefix_path.sh
[1.245s] -- Installing: /home/tkdals/robot_ws/src/homework3_pkg/install/homework3_pkg/share/homework3_pkg/environment/ament_prefix_path.dsv
[1.245s] -- Installing: /home/tkdals/robot_ws/src/homework3_pkg/install/homework3_pkg/share/homework3_pkg/environment/path.sh
[1.245s] -- Installing: /home/tkdals/robot_ws/src/homework3_pkg/install/homework3_pkg/share/homework3_pkg/environment/path.dsv
[1.245s] -- Installing: /home/tkdals/robot_ws/src/homework3_pkg/install/homework3_pkg/share/homework3_pkg/local_setup.bash
[1.245s] -- Installing: /home/tkdals/robot_ws/src/homework3_pkg/install/homework3_pkg/share/homework3_pkg/local_setup.sh
[1.245s] -- Installing: /home/tkdals/robot_ws/src/homework3_pkg/install/homework3_pkg/share/homework3_pkg/local_setup.zsh
[1.245s] -- Installing: /home/tkdals/robot_ws/src/homework3_pkg/install/homework3_pkg/share/homework3_pkg/local_setup.dsv
[1.246s] -- Installing: /home/tkdals/robot_ws/src/homework3_pkg/install/homework3_pkg/share/homework3_pkg/package.dsv
[1.246s] -- Installing: /home/tkdals/robot_ws/src/homework3_pkg/install/homework3_pkg/share/ament_index/resource_index/packages/homework3_pkg
[1.246s] -- Installing: /home/tkdals/robot_ws/src/homework3_pkg/install/homework3_pkg/share/homework3_pkg/cmake/homework3_pkgConfig.cmake
[1.246s] -- Installing: /home/tkdals/robot_ws/src/homework3_pkg/install/homework3_pkg/share/homework3_pkg/cmake/homework3_pkgConfig-version.cmake
[1.246s] -- Installing: /home/tkdals/robot_ws/src/homework3_pkg/install/homework3_pkg/share/homework3_pkg/package.xml
[1.247s] Invoked command in '/home/tkdals/robot_ws/src/homework3_pkg/build/homework3_pkg' returned '0': CMAKE_PREFIX_PATH=/home/tkdals/robot_ws/install/homework2_2_pkg:/home/tkdals/robot_ws/install/tutorial_interfaces:/home/tkdals/robot_ws/install/homework3_pkg:/home/tkdals/robot_ws/install/homework1_pkg:/home/tkdals/robot_ws/install/ex_client_server_pkg:/opt/ros/humble:/home/tkdals/robot_ws/install/dynamixel_sdk /usr/bin/cmake --install /home/tkdals/robot_ws/src/homework3_pkg/build/homework3_pkg
